[2024-09-25T06:57:55.288+0000] {local_task_job_runner.py:123} INFO - ::group::Pre task execution logs
[2024-09-25T06:57:55.334+0000] {taskinstance.py:2612} INFO - Dependencies all met for dep_context=non-requeueable deps ti=<TaskInstance: dbt_dag.dbt_seed manual__2024-09-25T06:57:54.134915+00:00 [queued]>
[2024-09-25T06:57:55.357+0000] {taskinstance.py:2612} INFO - Dependencies all met for dep_context=requeueable deps ti=<TaskInstance: dbt_dag.dbt_seed manual__2024-09-25T06:57:54.134915+00:00 [queued]>
[2024-09-25T06:57:55.358+0000] {taskinstance.py:2865} INFO - Starting attempt 1 of 1
[2024-09-25T06:57:55.398+0000] {taskinstance.py:2888} INFO - Executing <Task(BashOperator): dbt_seed> on 2024-09-25 06:57:54.134915+00:00
[2024-09-25T06:57:55.413+0000] {logging_mixin.py:190} WARNING - /home/***/.local/lib/python3.12/site-packages/***/task/task_runner/standard_task_runner.py:70 DeprecationWarning: This process (pid=504) is multi-threaded, use of fork() may lead to deadlocks in the child.
[2024-09-25T06:57:55.415+0000] {standard_task_runner.py:72} INFO - Started process 505 to run task
[2024-09-25T06:57:55.415+0000] {standard_task_runner.py:104} INFO - Running: ['***', 'tasks', 'run', 'dbt_dag', 'dbt_seed', 'manual__2024-09-25T06:57:54.134915+00:00', '--job-id', '46', '--raw', '--subdir', 'DAGS_FOLDER/dbt_snowflake_dag.py', '--cfg-path', '/tmp/tmpbjmba6im']
[2024-09-25T06:57:55.420+0000] {standard_task_runner.py:105} INFO - Job 46: Subtask dbt_seed
[2024-09-25T06:57:55.447+0000] {logging_mixin.py:190} WARNING - /home/***/.local/lib/python3.12/site-packages/***/settings.py:209 DeprecationWarning: The sql_alchemy_conn option in [core] has been moved to the sql_alchemy_conn option in [database] - the old setting has been used, but please update your config.
[2024-09-25T06:57:55.513+0000] {task_command.py:467} INFO - Running <TaskInstance: dbt_dag.dbt_seed manual__2024-09-25T06:57:54.134915+00:00 [running]> on host cb04601716d3
[2024-09-25T06:57:55.729+0000] {taskinstance.py:3131} INFO - Exporting env vars: AIRFLOW_CTX_DAG_OWNER='Amir' AIRFLOW_CTX_DAG_ID='dbt_dag' AIRFLOW_CTX_TASK_ID='dbt_seed' AIRFLOW_CTX_EXECUTION_DATE='2024-09-25T06:57:54.134915+00:00' AIRFLOW_CTX_TRY_NUMBER='1' AIRFLOW_CTX_DAG_RUN_ID='manual__2024-09-25T06:57:54.134915+00:00'
[2024-09-25T06:57:55.730+0000] {taskinstance.py:731} INFO - ::endgroup::
[2024-09-25T06:57:55.782+0000] {subprocess.py:63} INFO - Tmp dir root location: /tmp
[2024-09-25T06:57:55.783+0000] {subprocess.py:75} INFO - Running command: ['/usr/bin/bash', '-c', 'cd /opt/***/code/sales_dbt && dbt seed']
[2024-09-25T06:57:55.801+0000] {subprocess.py:86} INFO - Output:
[2024-09-25T06:58:01.547+0000] {subprocess.py:93} INFO - [0m06:58:01  Running with dbt=1.8.6
[2024-09-25T06:58:04.128+0000] {subprocess.py:93} INFO - [0m06:58:04  Registered adapter: snowflake=1.8.3
[2024-09-25T06:58:05.279+0000] {subprocess.py:93} INFO - [0m06:58:05  Found 10 models, 1 seed, 1 operation, 12 data tests, 1 source, 656 macros
[2024-09-25T06:58:05.286+0000] {subprocess.py:93} INFO - [0m06:58:05
[2024-09-25T06:58:13.152+0000] {subprocess.py:93} INFO - [0m06:58:13  Concurrency: 1 threads (target='dev')
[2024-09-25T06:58:13.153+0000] {subprocess.py:93} INFO - [0m06:58:13
[2024-09-25T06:58:13.189+0000] {subprocess.py:93} INFO - [0m06:58:13  1 of 1 START seed file RAW_DATA.superStore ..................................... [RUN]
[2024-09-25T06:59:58.540+0000] {subprocess.py:93} INFO - [0m06:59:58  1 of 1 OK loaded seed file RAW_DATA.superStore ................................. [[32mINSERT 9994[0m in 105.35s]
[2024-09-25T06:59:58.544+0000] {subprocess.py:93} INFO - [0m06:59:58
[2024-09-25T06:59:58.546+0000] {subprocess.py:93} INFO - [0m06:59:58  Running 1 on-run-end hook
[2024-09-25T06:59:58.593+0000] {subprocess.py:93} INFO - [0m06:59:58  1 of 1 START hook: dbt_constraints.on-run-end.0 ................................ [RUN]
[2024-09-25T06:59:58.594+0000] {subprocess.py:93} INFO - [0m06:59:58  1 of 1 OK hook: dbt_constraints.on-run-end.0 ................................... [[32mOK[0m in 0.00s]
[2024-09-25T06:59:58.596+0000] {subprocess.py:93} INFO - [0m06:59:58
[2024-09-25T06:59:58.599+0000] {subprocess.py:93} INFO - [0m06:59:58
[2024-09-25T06:59:58.600+0000] {subprocess.py:93} INFO - [0m06:59:58  Finished running 1 seed, 1 project hook in 0 hours 1 minutes and 53.31 seconds (113.31s).
[2024-09-25T06:59:58.704+0000] {subprocess.py:93} INFO - [0m06:59:58
[2024-09-25T06:59:58.706+0000] {subprocess.py:93} INFO - [0m06:59:58  [32mCompleted successfully[0m
[2024-09-25T06:59:58.707+0000] {subprocess.py:93} INFO - [0m06:59:58
[2024-09-25T06:59:58.708+0000] {subprocess.py:93} INFO - [0m06:59:58  Done. PASS=1 WARN=0 ERROR=0 SKIP=0 TOTAL=1
[2024-09-25T07:00:00.185+0000] {subprocess.py:97} INFO - Command exited with return code 0
[2024-09-25T07:00:00.229+0000] {taskinstance.py:340} INFO - ::group::Post task execution logs
[2024-09-25T07:00:00.230+0000] {taskinstance.py:352} INFO - Marking task as SUCCESS. dag_id=dbt_dag, task_id=dbt_seed, run_id=manual__2024-09-25T06:57:54.134915+00:00, execution_date=20240925T065754, start_date=20240925T065755, end_date=20240925T070000
[2024-09-25T07:00:00.268+0000] {local_task_job_runner.py:266} INFO - Task exited with return code 0
[2024-09-25T07:00:00.317+0000] {taskinstance.py:3900} INFO - 1 downstream tasks scheduled from follow-on schedule check
[2024-09-25T07:00:00.319+0000] {local_task_job_runner.py:245} INFO - ::endgroup::
