[2024-09-20 07:05:06,633] {processor.py:153} INFO - Started process (PID=76) to work on /home/airflow/.local/lib/python3.7/site-packages/airflow/example_dags/example_python_operator.py
[2024-09-20 07:05:06,634] {processor.py:641} INFO - Processing file /home/airflow/.local/lib/python3.7/site-packages/airflow/example_dags/example_python_operator.py for tasks to queue
[2024-09-20 07:05:06,635] {logging_mixin.py:115} INFO - [2024-09-20 07:05:06,635] {dagbag.py:507} INFO - Filling up the DagBag from /home/airflow/.local/lib/python3.7/site-packages/airflow/example_dags/example_python_operator.py
[2024-09-20 07:05:06,671] {processor.py:651} INFO - DAG(s) dict_keys(['example_python_operator']) retrieved from /home/airflow/.local/lib/python3.7/site-packages/airflow/example_dags/example_python_operator.py
[2024-09-20 07:05:06,721] {logging_mixin.py:115} INFO - [2024-09-20 07:05:06,721] {dag.py:2371} INFO - Sync 1 DAGs
[2024-09-20 07:05:06,942] {logging_mixin.py:115} INFO - [2024-09-20 07:05:06,942] {dag.py:2919} INFO - Setting next_dagrun for example_python_operator to None, run_after=None
[2024-09-20 07:05:06,976] {processor.py:161} INFO - Processing /home/airflow/.local/lib/python3.7/site-packages/airflow/example_dags/example_python_operator.py took 0.348 seconds
[2024-09-20 07:05:37,431] {processor.py:153} INFO - Started process (PID=128) to work on /home/airflow/.local/lib/python3.7/site-packages/airflow/example_dags/example_python_operator.py
[2024-09-20 07:05:37,432] {processor.py:641} INFO - Processing file /home/airflow/.local/lib/python3.7/site-packages/airflow/example_dags/example_python_operator.py for tasks to queue
[2024-09-20 07:05:37,433] {logging_mixin.py:115} INFO - [2024-09-20 07:05:37,433] {dagbag.py:507} INFO - Filling up the DagBag from /home/airflow/.local/lib/python3.7/site-packages/airflow/example_dags/example_python_operator.py
[2024-09-20 07:05:37,461] {processor.py:651} INFO - DAG(s) dict_keys(['example_python_operator']) retrieved from /home/airflow/.local/lib/python3.7/site-packages/airflow/example_dags/example_python_operator.py
[2024-09-20 07:05:37,503] {logging_mixin.py:115} INFO - [2024-09-20 07:05:37,503] {dag.py:2371} INFO - Sync 1 DAGs
[2024-09-20 07:05:37,706] {logging_mixin.py:115} INFO - [2024-09-20 07:05:37,706] {dag.py:2919} INFO - Setting next_dagrun for example_python_operator to None, run_after=None
[2024-09-20 07:05:37,730] {processor.py:161} INFO - Processing /home/airflow/.local/lib/python3.7/site-packages/airflow/example_dags/example_python_operator.py took 0.303 seconds
[2024-09-20 07:08:21,722] {processor.py:153} INFO - Started process (PID=77) to work on /home/airflow/.local/lib/python3.7/site-packages/airflow/example_dags/example_python_operator.py
[2024-09-20 07:08:21,723] {processor.py:641} INFO - Processing file /home/airflow/.local/lib/python3.7/site-packages/airflow/example_dags/example_python_operator.py for tasks to queue
[2024-09-20 07:08:21,724] {logging_mixin.py:115} INFO - [2024-09-20 07:08:21,724] {dagbag.py:507} INFO - Filling up the DagBag from /home/airflow/.local/lib/python3.7/site-packages/airflow/example_dags/example_python_operator.py
[2024-09-20 07:08:21,755] {processor.py:651} INFO - DAG(s) dict_keys(['example_python_operator']) retrieved from /home/airflow/.local/lib/python3.7/site-packages/airflow/example_dags/example_python_operator.py
[2024-09-20 07:08:21,800] {logging_mixin.py:115} INFO - [2024-09-20 07:08:21,799] {dag.py:2371} INFO - Sync 1 DAGs
[2024-09-20 07:08:22,003] {logging_mixin.py:115} INFO - [2024-09-20 07:08:22,003] {dag.py:2919} INFO - Setting next_dagrun for example_python_operator to None, run_after=None
[2024-09-20 07:08:22,020] {processor.py:161} INFO - Processing /home/airflow/.local/lib/python3.7/site-packages/airflow/example_dags/example_python_operator.py took 0.303 seconds
[2024-09-20 07:10:19,429] {processor.py:153} INFO - Started process (PID=77) to work on /home/airflow/.local/lib/python3.7/site-packages/airflow/example_dags/example_python_operator.py
[2024-09-20 07:10:19,431] {processor.py:641} INFO - Processing file /home/airflow/.local/lib/python3.7/site-packages/airflow/example_dags/example_python_operator.py for tasks to queue
[2024-09-20 07:10:19,432] {logging_mixin.py:115} INFO - [2024-09-20 07:10:19,432] {dagbag.py:507} INFO - Filling up the DagBag from /home/airflow/.local/lib/python3.7/site-packages/airflow/example_dags/example_python_operator.py
[2024-09-20 07:10:19,482] {processor.py:651} INFO - DAG(s) dict_keys(['example_python_operator']) retrieved from /home/airflow/.local/lib/python3.7/site-packages/airflow/example_dags/example_python_operator.py
[2024-09-20 07:10:19,546] {logging_mixin.py:115} INFO - [2024-09-20 07:10:19,546] {dag.py:2371} INFO - Sync 1 DAGs
[2024-09-20 07:10:19,805] {logging_mixin.py:115} INFO - [2024-09-20 07:10:19,804] {dag.py:2919} INFO - Setting next_dagrun for example_python_operator to None, run_after=None
[2024-09-20 07:10:19,836] {processor.py:161} INFO - Processing /home/airflow/.local/lib/python3.7/site-packages/airflow/example_dags/example_python_operator.py took 0.414 seconds
[2024-09-20 07:10:50,002] {processor.py:153} INFO - Started process (PID=129) to work on /home/airflow/.local/lib/python3.7/site-packages/airflow/example_dags/example_python_operator.py
[2024-09-20 07:10:50,003] {processor.py:641} INFO - Processing file /home/airflow/.local/lib/python3.7/site-packages/airflow/example_dags/example_python_operator.py for tasks to queue
[2024-09-20 07:10:50,004] {logging_mixin.py:115} INFO - [2024-09-20 07:10:50,004] {dagbag.py:507} INFO - Filling up the DagBag from /home/airflow/.local/lib/python3.7/site-packages/airflow/example_dags/example_python_operator.py
[2024-09-20 07:10:50,044] {processor.py:651} INFO - DAG(s) dict_keys(['example_python_operator']) retrieved from /home/airflow/.local/lib/python3.7/site-packages/airflow/example_dags/example_python_operator.py
[2024-09-20 07:10:50,111] {logging_mixin.py:115} INFO - [2024-09-20 07:10:50,111] {dag.py:2371} INFO - Sync 1 DAGs
[2024-09-20 07:10:50,401] {logging_mixin.py:115} INFO - [2024-09-20 07:10:50,401] {dag.py:2919} INFO - Setting next_dagrun for example_python_operator to None, run_after=None
[2024-09-20 07:10:50,437] {processor.py:161} INFO - Processing /home/airflow/.local/lib/python3.7/site-packages/airflow/example_dags/example_python_operator.py took 0.441 seconds
[2024-09-20 07:11:20,503] {processor.py:153} INFO - Started process (PID=181) to work on /home/airflow/.local/lib/python3.7/site-packages/airflow/example_dags/example_python_operator.py
[2024-09-20 07:11:20,504] {processor.py:641} INFO - Processing file /home/airflow/.local/lib/python3.7/site-packages/airflow/example_dags/example_python_operator.py for tasks to queue
[2024-09-20 07:11:20,505] {logging_mixin.py:115} INFO - [2024-09-20 07:11:20,505] {dagbag.py:507} INFO - Filling up the DagBag from /home/airflow/.local/lib/python3.7/site-packages/airflow/example_dags/example_python_operator.py
[2024-09-20 07:11:20,534] {processor.py:651} INFO - DAG(s) dict_keys(['example_python_operator']) retrieved from /home/airflow/.local/lib/python3.7/site-packages/airflow/example_dags/example_python_operator.py
[2024-09-20 07:11:20,573] {logging_mixin.py:115} INFO - [2024-09-20 07:11:20,572] {dag.py:2371} INFO - Sync 1 DAGs
[2024-09-20 07:11:20,781] {logging_mixin.py:115} INFO - [2024-09-20 07:11:20,781] {dag.py:2919} INFO - Setting next_dagrun for example_python_operator to None, run_after=None
[2024-09-20 07:11:20,799] {processor.py:161} INFO - Processing /home/airflow/.local/lib/python3.7/site-packages/airflow/example_dags/example_python_operator.py took 0.301 seconds
[2024-09-20 07:14:10,878] {processor.py:153} INFO - Started process (PID=78) to work on /home/airflow/.local/lib/python3.7/site-packages/airflow/example_dags/example_python_operator.py
[2024-09-20 07:14:10,879] {processor.py:641} INFO - Processing file /home/airflow/.local/lib/python3.7/site-packages/airflow/example_dags/example_python_operator.py for tasks to queue
[2024-09-20 07:14:10,880] {logging_mixin.py:115} INFO - [2024-09-20 07:14:10,880] {dagbag.py:507} INFO - Filling up the DagBag from /home/airflow/.local/lib/python3.7/site-packages/airflow/example_dags/example_python_operator.py
[2024-09-20 07:14:10,984] {processor.py:651} INFO - DAG(s) dict_keys(['example_python_operator']) retrieved from /home/airflow/.local/lib/python3.7/site-packages/airflow/example_dags/example_python_operator.py
[2024-09-20 07:14:11,061] {logging_mixin.py:115} INFO - [2024-09-20 07:14:11,061] {dag.py:2371} INFO - Sync 1 DAGs
[2024-09-20 07:14:11,306] {logging_mixin.py:115} INFO - [2024-09-20 07:14:11,306] {dag.py:2919} INFO - Setting next_dagrun for example_python_operator to None, run_after=None
[2024-09-20 07:14:11,332] {processor.py:161} INFO - Processing /home/airflow/.local/lib/python3.7/site-packages/airflow/example_dags/example_python_operator.py took 0.461 seconds
[2024-09-20 07:14:41,832] {processor.py:153} INFO - Started process (PID=130) to work on /home/airflow/.local/lib/python3.7/site-packages/airflow/example_dags/example_python_operator.py
[2024-09-20 07:14:41,833] {processor.py:641} INFO - Processing file /home/airflow/.local/lib/python3.7/site-packages/airflow/example_dags/example_python_operator.py for tasks to queue
[2024-09-20 07:14:41,834] {logging_mixin.py:115} INFO - [2024-09-20 07:14:41,833] {dagbag.py:507} INFO - Filling up the DagBag from /home/airflow/.local/lib/python3.7/site-packages/airflow/example_dags/example_python_operator.py
[2024-09-20 07:14:41,863] {processor.py:651} INFO - DAG(s) dict_keys(['example_python_operator']) retrieved from /home/airflow/.local/lib/python3.7/site-packages/airflow/example_dags/example_python_operator.py
[2024-09-20 07:14:41,908] {logging_mixin.py:115} INFO - [2024-09-20 07:14:41,908] {dag.py:2371} INFO - Sync 1 DAGs
[2024-09-20 07:14:42,105] {logging_mixin.py:115} INFO - [2024-09-20 07:14:42,105] {dag.py:2919} INFO - Setting next_dagrun for example_python_operator to None, run_after=None
[2024-09-20 07:14:42,128] {processor.py:161} INFO - Processing /home/airflow/.local/lib/python3.7/site-packages/airflow/example_dags/example_python_operator.py took 0.301 seconds
