[2024-09-20 07:05:03,089] {processor.py:153} INFO - Started process (PID=63) to work on /home/airflow/.local/lib/python3.7/site-packages/airflow/example_dags/example_skip_dag.py
[2024-09-20 07:05:03,090] {processor.py:641} INFO - Processing file /home/airflow/.local/lib/python3.7/site-packages/airflow/example_dags/example_skip_dag.py for tasks to queue
[2024-09-20 07:05:03,091] {logging_mixin.py:115} INFO - [2024-09-20 07:05:03,091] {dagbag.py:507} INFO - Filling up the DagBag from /home/airflow/.local/lib/python3.7/site-packages/airflow/example_dags/example_skip_dag.py
[2024-09-20 07:05:03,104] {processor.py:651} INFO - DAG(s) dict_keys(['example_skip_dag']) retrieved from /home/airflow/.local/lib/python3.7/site-packages/airflow/example_dags/example_skip_dag.py
[2024-09-20 07:05:03,157] {logging_mixin.py:115} INFO - [2024-09-20 07:05:03,157] {dag.py:2371} INFO - Sync 1 DAGs
[2024-09-20 07:05:03,410] {logging_mixin.py:115} INFO - [2024-09-20 07:05:03,410] {dag.py:2919} INFO - Setting next_dagrun for example_skip_dag to 2024-09-19T07:05:03.410238+00:00, run_after=2024-09-20T07:05:03.410238+00:00
[2024-09-20 07:05:03,442] {processor.py:161} INFO - Processing /home/airflow/.local/lib/python3.7/site-packages/airflow/example_dags/example_skip_dag.py took 0.359 seconds
[2024-09-20 07:05:34,189] {processor.py:153} INFO - Started process (PID=115) to work on /home/airflow/.local/lib/python3.7/site-packages/airflow/example_dags/example_skip_dag.py
[2024-09-20 07:05:34,189] {processor.py:641} INFO - Processing file /home/airflow/.local/lib/python3.7/site-packages/airflow/example_dags/example_skip_dag.py for tasks to queue
[2024-09-20 07:05:34,190] {logging_mixin.py:115} INFO - [2024-09-20 07:05:34,190] {dagbag.py:507} INFO - Filling up the DagBag from /home/airflow/.local/lib/python3.7/site-packages/airflow/example_dags/example_skip_dag.py
[2024-09-20 07:05:34,198] {processor.py:651} INFO - DAG(s) dict_keys(['example_skip_dag']) retrieved from /home/airflow/.local/lib/python3.7/site-packages/airflow/example_dags/example_skip_dag.py
[2024-09-20 07:05:34,248] {logging_mixin.py:115} INFO - [2024-09-20 07:05:34,247] {dag.py:2371} INFO - Sync 1 DAGs
[2024-09-20 07:05:34,467] {logging_mixin.py:115} INFO - [2024-09-20 07:05:34,466] {dag.py:2919} INFO - Setting next_dagrun for example_skip_dag to 2024-09-19T07:05:34.466550+00:00, run_after=2024-09-20T07:05:34.466550+00:00
[2024-09-20 07:05:34,489] {processor.py:161} INFO - Processing /home/airflow/.local/lib/python3.7/site-packages/airflow/example_dags/example_skip_dag.py took 0.305 seconds
[2024-09-20 07:08:18,269] {processor.py:153} INFO - Started process (PID=64) to work on /home/airflow/.local/lib/python3.7/site-packages/airflow/example_dags/example_skip_dag.py
[2024-09-20 07:08:18,270] {processor.py:641} INFO - Processing file /home/airflow/.local/lib/python3.7/site-packages/airflow/example_dags/example_skip_dag.py for tasks to queue
[2024-09-20 07:08:18,281] {logging_mixin.py:115} INFO - [2024-09-20 07:08:18,275] {dagbag.py:507} INFO - Filling up the DagBag from /home/airflow/.local/lib/python3.7/site-packages/airflow/example_dags/example_skip_dag.py
[2024-09-20 07:08:18,304] {processor.py:651} INFO - DAG(s) dict_keys(['example_skip_dag']) retrieved from /home/airflow/.local/lib/python3.7/site-packages/airflow/example_dags/example_skip_dag.py
[2024-09-20 07:08:18,357] {logging_mixin.py:115} INFO - [2024-09-20 07:08:18,357] {dag.py:2371} INFO - Sync 1 DAGs
[2024-09-20 07:08:18,634] {logging_mixin.py:115} INFO - [2024-09-20 07:08:18,634] {dag.py:2919} INFO - Setting next_dagrun for example_skip_dag to 2024-09-19T07:08:18.633997+00:00, run_after=2024-09-20T07:08:18.633997+00:00
[2024-09-20 07:08:18,665] {processor.py:161} INFO - Processing /home/airflow/.local/lib/python3.7/site-packages/airflow/example_dags/example_skip_dag.py took 0.417 seconds
[2024-09-20 07:10:16,316] {processor.py:153} INFO - Started process (PID=55) to work on /home/airflow/.local/lib/python3.7/site-packages/airflow/example_dags/example_skip_dag.py
[2024-09-20 07:10:16,317] {processor.py:641} INFO - Processing file /home/airflow/.local/lib/python3.7/site-packages/airflow/example_dags/example_skip_dag.py for tasks to queue
[2024-09-20 07:10:16,318] {logging_mixin.py:115} INFO - [2024-09-20 07:10:16,318] {dagbag.py:507} INFO - Filling up the DagBag from /home/airflow/.local/lib/python3.7/site-packages/airflow/example_dags/example_skip_dag.py
[2024-09-20 07:10:16,327] {processor.py:651} INFO - DAG(s) dict_keys(['example_skip_dag']) retrieved from /home/airflow/.local/lib/python3.7/site-packages/airflow/example_dags/example_skip_dag.py
[2024-09-20 07:10:16,371] {logging_mixin.py:115} INFO - [2024-09-20 07:10:16,371] {dag.py:2371} INFO - Sync 1 DAGs
[2024-09-20 07:10:16,616] {logging_mixin.py:115} INFO - [2024-09-20 07:10:16,615] {dag.py:2919} INFO - Setting next_dagrun for example_skip_dag to 2024-09-19T07:10:16.615389+00:00, run_after=2024-09-20T07:10:16.615389+00:00
[2024-09-20 07:10:16,641] {processor.py:161} INFO - Processing /home/airflow/.local/lib/python3.7/site-packages/airflow/example_dags/example_skip_dag.py took 0.330 seconds
[2024-09-20 07:10:47,543] {processor.py:153} INFO - Started process (PID=116) to work on /home/airflow/.local/lib/python3.7/site-packages/airflow/example_dags/example_skip_dag.py
[2024-09-20 07:10:47,544] {processor.py:641} INFO - Processing file /home/airflow/.local/lib/python3.7/site-packages/airflow/example_dags/example_skip_dag.py for tasks to queue
[2024-09-20 07:10:47,545] {logging_mixin.py:115} INFO - [2024-09-20 07:10:47,544] {dagbag.py:507} INFO - Filling up the DagBag from /home/airflow/.local/lib/python3.7/site-packages/airflow/example_dags/example_skip_dag.py
[2024-09-20 07:10:47,554] {processor.py:651} INFO - DAG(s) dict_keys(['example_skip_dag']) retrieved from /home/airflow/.local/lib/python3.7/site-packages/airflow/example_dags/example_skip_dag.py
[2024-09-20 07:10:47,610] {logging_mixin.py:115} INFO - [2024-09-20 07:10:47,610] {dag.py:2371} INFO - Sync 1 DAGs
[2024-09-20 07:10:47,851] {logging_mixin.py:115} INFO - [2024-09-20 07:10:47,851] {dag.py:2919} INFO - Setting next_dagrun for example_skip_dag to 2024-09-19T07:10:47.851075+00:00, run_after=2024-09-20T07:10:47.851075+00:00
[2024-09-20 07:10:47,869] {processor.py:161} INFO - Processing /home/airflow/.local/lib/python3.7/site-packages/airflow/example_dags/example_skip_dag.py took 0.331 seconds
[2024-09-20 07:11:18,240] {processor.py:153} INFO - Started process (PID=168) to work on /home/airflow/.local/lib/python3.7/site-packages/airflow/example_dags/example_skip_dag.py
[2024-09-20 07:11:18,241] {processor.py:641} INFO - Processing file /home/airflow/.local/lib/python3.7/site-packages/airflow/example_dags/example_skip_dag.py for tasks to queue
[2024-09-20 07:11:18,242] {logging_mixin.py:115} INFO - [2024-09-20 07:11:18,242] {dagbag.py:507} INFO - Filling up the DagBag from /home/airflow/.local/lib/python3.7/site-packages/airflow/example_dags/example_skip_dag.py
[2024-09-20 07:11:18,250] {processor.py:651} INFO - DAG(s) dict_keys(['example_skip_dag']) retrieved from /home/airflow/.local/lib/python3.7/site-packages/airflow/example_dags/example_skip_dag.py
[2024-09-20 07:11:18,289] {logging_mixin.py:115} INFO - [2024-09-20 07:11:18,289] {dag.py:2371} INFO - Sync 1 DAGs
[2024-09-20 07:11:18,499] {logging_mixin.py:115} INFO - [2024-09-20 07:11:18,499] {dag.py:2919} INFO - Setting next_dagrun for example_skip_dag to 2024-09-19T07:11:18.499083+00:00, run_after=2024-09-20T07:11:18.499083+00:00
[2024-09-20 07:11:18,525] {processor.py:161} INFO - Processing /home/airflow/.local/lib/python3.7/site-packages/airflow/example_dags/example_skip_dag.py took 0.289 seconds
[2024-09-20 07:14:06,533] {processor.py:153} INFO - Started process (PID=65) to work on /home/airflow/.local/lib/python3.7/site-packages/airflow/example_dags/example_skip_dag.py
[2024-09-20 07:14:06,535] {processor.py:641} INFO - Processing file /home/airflow/.local/lib/python3.7/site-packages/airflow/example_dags/example_skip_dag.py for tasks to queue
[2024-09-20 07:14:06,536] {logging_mixin.py:115} INFO - [2024-09-20 07:14:06,536] {dagbag.py:507} INFO - Filling up the DagBag from /home/airflow/.local/lib/python3.7/site-packages/airflow/example_dags/example_skip_dag.py
[2024-09-20 07:14:06,551] {processor.py:651} INFO - DAG(s) dict_keys(['example_skip_dag']) retrieved from /home/airflow/.local/lib/python3.7/site-packages/airflow/example_dags/example_skip_dag.py
[2024-09-20 07:14:06,621] {logging_mixin.py:115} INFO - [2024-09-20 07:14:06,620] {dag.py:2371} INFO - Sync 1 DAGs
[2024-09-20 07:14:07,002] {logging_mixin.py:115} INFO - [2024-09-20 07:14:07,002] {dag.py:2919} INFO - Setting next_dagrun for example_skip_dag to 2024-09-19T07:14:07.001744+00:00, run_after=2024-09-20T07:14:07.001744+00:00
[2024-09-20 07:14:07,031] {processor.py:161} INFO - Processing /home/airflow/.local/lib/python3.7/site-packages/airflow/example_dags/example_skip_dag.py took 0.508 seconds
[2024-09-20 07:14:37,314] {processor.py:153} INFO - Started process (PID=117) to work on /home/airflow/.local/lib/python3.7/site-packages/airflow/example_dags/example_skip_dag.py
[2024-09-20 07:14:37,315] {processor.py:641} INFO - Processing file /home/airflow/.local/lib/python3.7/site-packages/airflow/example_dags/example_skip_dag.py for tasks to queue
[2024-09-20 07:14:37,316] {logging_mixin.py:115} INFO - [2024-09-20 07:14:37,316] {dagbag.py:507} INFO - Filling up the DagBag from /home/airflow/.local/lib/python3.7/site-packages/airflow/example_dags/example_skip_dag.py
[2024-09-20 07:14:37,327] {processor.py:651} INFO - DAG(s) dict_keys(['example_skip_dag']) retrieved from /home/airflow/.local/lib/python3.7/site-packages/airflow/example_dags/example_skip_dag.py
[2024-09-20 07:14:37,383] {logging_mixin.py:115} INFO - [2024-09-20 07:14:37,382] {dag.py:2371} INFO - Sync 1 DAGs
[2024-09-20 07:14:37,655] {logging_mixin.py:115} INFO - [2024-09-20 07:14:37,655] {dag.py:2919} INFO - Setting next_dagrun for example_skip_dag to 2024-09-19T07:14:37.654911+00:00, run_after=2024-09-20T07:14:37.654911+00:00
[2024-09-20 07:14:37,720] {processor.py:161} INFO - Processing /home/airflow/.local/lib/python3.7/site-packages/airflow/example_dags/example_skip_dag.py took 0.411 seconds
