[2024-09-20 07:05:06,718] {processor.py:153} INFO - Started process (PID=77) to work on /home/airflow/.local/lib/python3.7/site-packages/airflow/example_dags/example_branch_datetime_operator.py
[2024-09-20 07:05:06,718] {processor.py:641} INFO - Processing file /home/airflow/.local/lib/python3.7/site-packages/airflow/example_dags/example_branch_datetime_operator.py for tasks to queue
[2024-09-20 07:05:06,719] {logging_mixin.py:115} INFO - [2024-09-20 07:05:06,719] {dagbag.py:507} INFO - Filling up the DagBag from /home/airflow/.local/lib/python3.7/site-packages/airflow/example_dags/example_branch_datetime_operator.py
[2024-09-20 07:05:06,739] {processor.py:651} INFO - DAG(s) dict_keys(['example_branch_datetime_operator_2']) retrieved from /home/airflow/.local/lib/python3.7/site-packages/airflow/example_dags/example_branch_datetime_operator.py
[2024-09-20 07:05:06,779] {logging_mixin.py:115} INFO - [2024-09-20 07:05:06,779] {dag.py:2371} INFO - Sync 1 DAGs
[2024-09-20 07:05:07,062] {logging_mixin.py:115} INFO - [2024-09-20 07:05:07,062] {dag.py:2919} INFO - Setting next_dagrun for example_branch_datetime_operator_2 to 2024-09-19T00:00:00+00:00, run_after=2024-09-20T00:00:00+00:00
[2024-09-20 07:05:07,097] {processor.py:161} INFO - Processing /home/airflow/.local/lib/python3.7/site-packages/airflow/example_dags/example_branch_datetime_operator.py took 0.385 seconds
[2024-09-20 07:05:37,446] {processor.py:153} INFO - Started process (PID=129) to work on /home/airflow/.local/lib/python3.7/site-packages/airflow/example_dags/example_branch_datetime_operator.py
[2024-09-20 07:05:37,446] {processor.py:641} INFO - Processing file /home/airflow/.local/lib/python3.7/site-packages/airflow/example_dags/example_branch_datetime_operator.py for tasks to queue
[2024-09-20 07:05:37,447] {logging_mixin.py:115} INFO - [2024-09-20 07:05:37,447] {dagbag.py:507} INFO - Filling up the DagBag from /home/airflow/.local/lib/python3.7/site-packages/airflow/example_dags/example_branch_datetime_operator.py
[2024-09-20 07:05:37,459] {processor.py:651} INFO - DAG(s) dict_keys(['example_branch_datetime_operator_2']) retrieved from /home/airflow/.local/lib/python3.7/site-packages/airflow/example_dags/example_branch_datetime_operator.py
[2024-09-20 07:05:37,498] {logging_mixin.py:115} INFO - [2024-09-20 07:05:37,497] {dag.py:2371} INFO - Sync 1 DAGs
[2024-09-20 07:05:37,708] {logging_mixin.py:115} INFO - [2024-09-20 07:05:37,707] {dag.py:2919} INFO - Setting next_dagrun for example_branch_datetime_operator_2 to 2024-09-19T00:00:00+00:00, run_after=2024-09-20T00:00:00+00:00
[2024-09-20 07:05:37,730] {processor.py:161} INFO - Processing /home/airflow/.local/lib/python3.7/site-packages/airflow/example_dags/example_branch_datetime_operator.py took 0.289 seconds
[2024-09-20 07:08:21,907] {processor.py:153} INFO - Started process (PID=78) to work on /home/airflow/.local/lib/python3.7/site-packages/airflow/example_dags/example_branch_datetime_operator.py
[2024-09-20 07:08:21,908] {processor.py:641} INFO - Processing file /home/airflow/.local/lib/python3.7/site-packages/airflow/example_dags/example_branch_datetime_operator.py for tasks to queue
[2024-09-20 07:08:21,909] {logging_mixin.py:115} INFO - [2024-09-20 07:08:21,909] {dagbag.py:507} INFO - Filling up the DagBag from /home/airflow/.local/lib/python3.7/site-packages/airflow/example_dags/example_branch_datetime_operator.py
[2024-09-20 07:08:21,924] {processor.py:651} INFO - DAG(s) dict_keys(['example_branch_datetime_operator_2']) retrieved from /home/airflow/.local/lib/python3.7/site-packages/airflow/example_dags/example_branch_datetime_operator.py
[2024-09-20 07:08:21,973] {logging_mixin.py:115} INFO - [2024-09-20 07:08:21,973] {dag.py:2371} INFO - Sync 1 DAGs
[2024-09-20 07:08:22,197] {logging_mixin.py:115} INFO - [2024-09-20 07:08:22,197] {dag.py:2919} INFO - Setting next_dagrun for example_branch_datetime_operator_2 to 2024-09-19T00:00:00+00:00, run_after=2024-09-20T00:00:00+00:00
[2024-09-20 07:08:22,220] {processor.py:161} INFO - Processing /home/airflow/.local/lib/python3.7/site-packages/airflow/example_dags/example_branch_datetime_operator.py took 0.318 seconds
[2024-09-20 07:10:19,549] {processor.py:153} INFO - Started process (PID=78) to work on /home/airflow/.local/lib/python3.7/site-packages/airflow/example_dags/example_branch_datetime_operator.py
[2024-09-20 07:10:19,550] {processor.py:641} INFO - Processing file /home/airflow/.local/lib/python3.7/site-packages/airflow/example_dags/example_branch_datetime_operator.py for tasks to queue
[2024-09-20 07:10:19,552] {logging_mixin.py:115} INFO - [2024-09-20 07:10:19,551] {dagbag.py:507} INFO - Filling up the DagBag from /home/airflow/.local/lib/python3.7/site-packages/airflow/example_dags/example_branch_datetime_operator.py
[2024-09-20 07:10:19,574] {processor.py:651} INFO - DAG(s) dict_keys(['example_branch_datetime_operator_2']) retrieved from /home/airflow/.local/lib/python3.7/site-packages/airflow/example_dags/example_branch_datetime_operator.py
[2024-09-20 07:10:19,633] {logging_mixin.py:115} INFO - [2024-09-20 07:10:19,633] {dag.py:2371} INFO - Sync 1 DAGs
[2024-09-20 07:10:19,918] {logging_mixin.py:115} INFO - [2024-09-20 07:10:19,918] {dag.py:2919} INFO - Setting next_dagrun for example_branch_datetime_operator_2 to 2024-09-19T00:00:00+00:00, run_after=2024-09-20T00:00:00+00:00
[2024-09-20 07:10:19,943] {processor.py:161} INFO - Processing /home/airflow/.local/lib/python3.7/site-packages/airflow/example_dags/example_branch_datetime_operator.py took 0.401 seconds
[2024-09-20 07:10:50,147] {processor.py:153} INFO - Started process (PID=130) to work on /home/airflow/.local/lib/python3.7/site-packages/airflow/example_dags/example_branch_datetime_operator.py
[2024-09-20 07:10:50,148] {processor.py:641} INFO - Processing file /home/airflow/.local/lib/python3.7/site-packages/airflow/example_dags/example_branch_datetime_operator.py for tasks to queue
[2024-09-20 07:10:50,149] {logging_mixin.py:115} INFO - [2024-09-20 07:10:50,149] {dagbag.py:507} INFO - Filling up the DagBag from /home/airflow/.local/lib/python3.7/site-packages/airflow/example_dags/example_branch_datetime_operator.py
[2024-09-20 07:10:50,166] {processor.py:651} INFO - DAG(s) dict_keys(['example_branch_datetime_operator_2']) retrieved from /home/airflow/.local/lib/python3.7/site-packages/airflow/example_dags/example_branch_datetime_operator.py
[2024-09-20 07:10:50,205] {logging_mixin.py:115} INFO - [2024-09-20 07:10:50,205] {dag.py:2371} INFO - Sync 1 DAGs
[2024-09-20 07:10:50,505] {logging_mixin.py:115} INFO - [2024-09-20 07:10:50,505] {dag.py:2919} INFO - Setting next_dagrun for example_branch_datetime_operator_2 to 2024-09-19T00:00:00+00:00, run_after=2024-09-20T00:00:00+00:00
[2024-09-20 07:10:50,527] {processor.py:161} INFO - Processing /home/airflow/.local/lib/python3.7/site-packages/airflow/example_dags/example_branch_datetime_operator.py took 0.388 seconds
[2024-09-20 07:11:20,830] {processor.py:153} INFO - Started process (PID=182) to work on /home/airflow/.local/lib/python3.7/site-packages/airflow/example_dags/example_branch_datetime_operator.py
[2024-09-20 07:11:20,831] {processor.py:641} INFO - Processing file /home/airflow/.local/lib/python3.7/site-packages/airflow/example_dags/example_branch_datetime_operator.py for tasks to queue
[2024-09-20 07:11:20,831] {logging_mixin.py:115} INFO - [2024-09-20 07:11:20,831] {dagbag.py:507} INFO - Filling up the DagBag from /home/airflow/.local/lib/python3.7/site-packages/airflow/example_dags/example_branch_datetime_operator.py
[2024-09-20 07:11:20,845] {processor.py:651} INFO - DAG(s) dict_keys(['example_branch_datetime_operator_2']) retrieved from /home/airflow/.local/lib/python3.7/site-packages/airflow/example_dags/example_branch_datetime_operator.py
[2024-09-20 07:11:20,890] {logging_mixin.py:115} INFO - [2024-09-20 07:11:20,890] {dag.py:2371} INFO - Sync 1 DAGs
[2024-09-20 07:11:21,102] {logging_mixin.py:115} INFO - [2024-09-20 07:11:21,101] {dag.py:2919} INFO - Setting next_dagrun for example_branch_datetime_operator_2 to 2024-09-19T00:00:00+00:00, run_after=2024-09-20T00:00:00+00:00
[2024-09-20 07:11:21,124] {processor.py:161} INFO - Processing /home/airflow/.local/lib/python3.7/site-packages/airflow/example_dags/example_branch_datetime_operator.py took 0.299 seconds
[2024-09-20 07:14:11,004] {processor.py:153} INFO - Started process (PID=79) to work on /home/airflow/.local/lib/python3.7/site-packages/airflow/example_dags/example_branch_datetime_operator.py
[2024-09-20 07:14:11,006] {processor.py:641} INFO - Processing file /home/airflow/.local/lib/python3.7/site-packages/airflow/example_dags/example_branch_datetime_operator.py for tasks to queue
[2024-09-20 07:14:11,007] {logging_mixin.py:115} INFO - [2024-09-20 07:14:11,007] {dagbag.py:507} INFO - Filling up the DagBag from /home/airflow/.local/lib/python3.7/site-packages/airflow/example_dags/example_branch_datetime_operator.py
[2024-09-20 07:14:11,034] {processor.py:651} INFO - DAG(s) dict_keys(['example_branch_datetime_operator_2']) retrieved from /home/airflow/.local/lib/python3.7/site-packages/airflow/example_dags/example_branch_datetime_operator.py
[2024-09-20 07:14:11,086] {logging_mixin.py:115} INFO - [2024-09-20 07:14:11,085] {dag.py:2371} INFO - Sync 1 DAGs
[2024-09-20 07:14:11,370] {logging_mixin.py:115} INFO - [2024-09-20 07:14:11,369] {dag.py:2919} INFO - Setting next_dagrun for example_branch_datetime_operator_2 to 2024-09-19T00:00:00+00:00, run_after=2024-09-20T00:00:00+00:00
[2024-09-20 07:14:11,393] {processor.py:161} INFO - Processing /home/airflow/.local/lib/python3.7/site-packages/airflow/example_dags/example_branch_datetime_operator.py took 0.397 seconds
[2024-09-20 07:14:41,949] {processor.py:153} INFO - Started process (PID=131) to work on /home/airflow/.local/lib/python3.7/site-packages/airflow/example_dags/example_branch_datetime_operator.py
[2024-09-20 07:14:41,950] {processor.py:641} INFO - Processing file /home/airflow/.local/lib/python3.7/site-packages/airflow/example_dags/example_branch_datetime_operator.py for tasks to queue
[2024-09-20 07:14:41,950] {logging_mixin.py:115} INFO - [2024-09-20 07:14:41,950] {dagbag.py:507} INFO - Filling up the DagBag from /home/airflow/.local/lib/python3.7/site-packages/airflow/example_dags/example_branch_datetime_operator.py
[2024-09-20 07:14:41,962] {processor.py:651} INFO - DAG(s) dict_keys(['example_branch_datetime_operator_2']) retrieved from /home/airflow/.local/lib/python3.7/site-packages/airflow/example_dags/example_branch_datetime_operator.py
[2024-09-20 07:14:42,001] {logging_mixin.py:115} INFO - [2024-09-20 07:14:42,001] {dag.py:2371} INFO - Sync 1 DAGs
[2024-09-20 07:14:42,208] {logging_mixin.py:115} INFO - [2024-09-20 07:14:42,208] {dag.py:2919} INFO - Setting next_dagrun for example_branch_datetime_operator_2 to 2024-09-19T00:00:00+00:00, run_after=2024-09-20T00:00:00+00:00
[2024-09-20 07:14:42,224] {processor.py:161} INFO - Processing /home/airflow/.local/lib/python3.7/site-packages/airflow/example_dags/example_branch_datetime_operator.py took 0.280 seconds
