[2024-09-20 07:05:05,396] {processor.py:153} INFO - Started process (PID=70) to work on /home/airflow/.local/lib/python3.7/site-packages/airflow/example_dags/example_kubernetes_executor.py
[2024-09-20 07:05:05,397] {processor.py:641} INFO - Processing file /home/airflow/.local/lib/python3.7/site-packages/airflow/example_dags/example_kubernetes_executor.py for tasks to queue
[2024-09-20 07:05:05,398] {logging_mixin.py:115} INFO - [2024-09-20 07:05:05,397] {dagbag.py:507} INFO - Filling up the DagBag from /home/airflow/.local/lib/python3.7/site-packages/airflow/example_dags/example_kubernetes_executor.py
[2024-09-20 07:05:05,459] {processor.py:651} INFO - DAG(s) dict_keys(['example_kubernetes_executor']) retrieved from /home/airflow/.local/lib/python3.7/site-packages/airflow/example_dags/example_kubernetes_executor.py
[2024-09-20 07:05:05,739] {logging_mixin.py:115} INFO - [2024-09-20 07:05:05,739] {dag.py:2371} INFO - Sync 1 DAGs
[2024-09-20 07:05:05,783] {logging_mixin.py:115} INFO - [2024-09-20 07:05:05,782] {dag.py:2919} INFO - Setting next_dagrun for example_kubernetes_executor to None, run_after=None
[2024-09-20 07:05:05,811] {processor.py:161} INFO - Processing /home/airflow/.local/lib/python3.7/site-packages/airflow/example_dags/example_kubernetes_executor.py took 0.422 seconds
[2024-09-20 07:05:36,114] {processor.py:153} INFO - Started process (PID=122) to work on /home/airflow/.local/lib/python3.7/site-packages/airflow/example_dags/example_kubernetes_executor.py
[2024-09-20 07:05:36,115] {processor.py:641} INFO - Processing file /home/airflow/.local/lib/python3.7/site-packages/airflow/example_dags/example_kubernetes_executor.py for tasks to queue
[2024-09-20 07:05:36,116] {logging_mixin.py:115} INFO - [2024-09-20 07:05:36,115] {dagbag.py:507} INFO - Filling up the DagBag from /home/airflow/.local/lib/python3.7/site-packages/airflow/example_dags/example_kubernetes_executor.py
[2024-09-20 07:05:36,152] {processor.py:651} INFO - DAG(s) dict_keys(['example_kubernetes_executor']) retrieved from /home/airflow/.local/lib/python3.7/site-packages/airflow/example_dags/example_kubernetes_executor.py
[2024-09-20 07:05:36,360] {logging_mixin.py:115} INFO - [2024-09-20 07:05:36,360] {dag.py:2371} INFO - Sync 1 DAGs
[2024-09-20 07:05:36,395] {logging_mixin.py:115} INFO - [2024-09-20 07:05:36,395] {dag.py:2919} INFO - Setting next_dagrun for example_kubernetes_executor to None, run_after=None
[2024-09-20 07:05:36,419] {processor.py:161} INFO - Processing /home/airflow/.local/lib/python3.7/site-packages/airflow/example_dags/example_kubernetes_executor.py took 0.308 seconds
[2024-09-20 07:08:20,228] {processor.py:153} INFO - Started process (PID=71) to work on /home/airflow/.local/lib/python3.7/site-packages/airflow/example_dags/example_kubernetes_executor.py
[2024-09-20 07:08:20,230] {processor.py:641} INFO - Processing file /home/airflow/.local/lib/python3.7/site-packages/airflow/example_dags/example_kubernetes_executor.py for tasks to queue
[2024-09-20 07:08:20,231] {logging_mixin.py:115} INFO - [2024-09-20 07:08:20,231] {dagbag.py:507} INFO - Filling up the DagBag from /home/airflow/.local/lib/python3.7/site-packages/airflow/example_dags/example_kubernetes_executor.py
[2024-09-20 07:08:20,299] {processor.py:651} INFO - DAG(s) dict_keys(['example_kubernetes_executor']) retrieved from /home/airflow/.local/lib/python3.7/site-packages/airflow/example_dags/example_kubernetes_executor.py
[2024-09-20 07:08:20,583] {logging_mixin.py:115} INFO - [2024-09-20 07:08:20,583] {dag.py:2371} INFO - Sync 1 DAGs
[2024-09-20 07:08:20,623] {logging_mixin.py:115} INFO - [2024-09-20 07:08:20,623] {dag.py:2919} INFO - Setting next_dagrun for example_kubernetes_executor to None, run_after=None
[2024-09-20 07:08:20,684] {processor.py:161} INFO - Processing /home/airflow/.local/lib/python3.7/site-packages/airflow/example_dags/example_kubernetes_executor.py took 0.462 seconds
[2024-09-20 07:10:17,897] {processor.py:153} INFO - Started process (PID=69) to work on /home/airflow/.local/lib/python3.7/site-packages/airflow/example_dags/example_kubernetes_executor.py
[2024-09-20 07:10:17,898] {processor.py:641} INFO - Processing file /home/airflow/.local/lib/python3.7/site-packages/airflow/example_dags/example_kubernetes_executor.py for tasks to queue
[2024-09-20 07:10:17,900] {logging_mixin.py:115} INFO - [2024-09-20 07:10:17,899] {dagbag.py:507} INFO - Filling up the DagBag from /home/airflow/.local/lib/python3.7/site-packages/airflow/example_dags/example_kubernetes_executor.py
[2024-09-20 07:10:17,972] {processor.py:651} INFO - DAG(s) dict_keys(['example_kubernetes_executor']) retrieved from /home/airflow/.local/lib/python3.7/site-packages/airflow/example_dags/example_kubernetes_executor.py
[2024-09-20 07:10:18,243] {logging_mixin.py:115} INFO - [2024-09-20 07:10:18,243] {dag.py:2371} INFO - Sync 1 DAGs
[2024-09-20 07:10:18,309] {logging_mixin.py:115} INFO - [2024-09-20 07:10:18,309] {dag.py:2919} INFO - Setting next_dagrun for example_kubernetes_executor to None, run_after=None
[2024-09-20 07:10:18,342] {processor.py:161} INFO - Processing /home/airflow/.local/lib/python3.7/site-packages/airflow/example_dags/example_kubernetes_executor.py took 0.460 seconds
[2024-09-20 07:10:48,787] {processor.py:153} INFO - Started process (PID=123) to work on /home/airflow/.local/lib/python3.7/site-packages/airflow/example_dags/example_kubernetes_executor.py
[2024-09-20 07:10:48,788] {processor.py:641} INFO - Processing file /home/airflow/.local/lib/python3.7/site-packages/airflow/example_dags/example_kubernetes_executor.py for tasks to queue
[2024-09-20 07:10:48,788] {logging_mixin.py:115} INFO - [2024-09-20 07:10:48,788] {dagbag.py:507} INFO - Filling up the DagBag from /home/airflow/.local/lib/python3.7/site-packages/airflow/example_dags/example_kubernetes_executor.py
[2024-09-20 07:10:48,825] {processor.py:651} INFO - DAG(s) dict_keys(['example_kubernetes_executor']) retrieved from /home/airflow/.local/lib/python3.7/site-packages/airflow/example_dags/example_kubernetes_executor.py
[2024-09-20 07:10:49,043] {logging_mixin.py:115} INFO - [2024-09-20 07:10:49,043] {dag.py:2371} INFO - Sync 1 DAGs
[2024-09-20 07:10:49,077] {logging_mixin.py:115} INFO - [2024-09-20 07:10:49,077] {dag.py:2919} INFO - Setting next_dagrun for example_kubernetes_executor to None, run_after=None
[2024-09-20 07:10:49,092] {processor.py:161} INFO - Processing /home/airflow/.local/lib/python3.7/site-packages/airflow/example_dags/example_kubernetes_executor.py took 0.309 seconds
[2024-09-20 07:11:19,286] {processor.py:153} INFO - Started process (PID=175) to work on /home/airflow/.local/lib/python3.7/site-packages/airflow/example_dags/example_kubernetes_executor.py
[2024-09-20 07:11:19,286] {processor.py:641} INFO - Processing file /home/airflow/.local/lib/python3.7/site-packages/airflow/example_dags/example_kubernetes_executor.py for tasks to queue
[2024-09-20 07:11:19,287] {logging_mixin.py:115} INFO - [2024-09-20 07:11:19,287] {dagbag.py:507} INFO - Filling up the DagBag from /home/airflow/.local/lib/python3.7/site-packages/airflow/example_dags/example_kubernetes_executor.py
[2024-09-20 07:11:19,321] {processor.py:651} INFO - DAG(s) dict_keys(['example_kubernetes_executor']) retrieved from /home/airflow/.local/lib/python3.7/site-packages/airflow/example_dags/example_kubernetes_executor.py
[2024-09-20 07:11:19,544] {logging_mixin.py:115} INFO - [2024-09-20 07:11:19,544] {dag.py:2371} INFO - Sync 1 DAGs
[2024-09-20 07:11:19,577] {logging_mixin.py:115} INFO - [2024-09-20 07:11:19,577] {dag.py:2919} INFO - Setting next_dagrun for example_kubernetes_executor to None, run_after=None
[2024-09-20 07:11:19,594] {processor.py:161} INFO - Processing /home/airflow/.local/lib/python3.7/site-packages/airflow/example_dags/example_kubernetes_executor.py took 0.313 seconds
[2024-09-20 07:14:09,078] {processor.py:153} INFO - Started process (PID=72) to work on /home/airflow/.local/lib/python3.7/site-packages/airflow/example_dags/example_kubernetes_executor.py
[2024-09-20 07:14:09,084] {processor.py:641} INFO - Processing file /home/airflow/.local/lib/python3.7/site-packages/airflow/example_dags/example_kubernetes_executor.py for tasks to queue
[2024-09-20 07:14:09,085] {logging_mixin.py:115} INFO - [2024-09-20 07:14:09,085] {dagbag.py:507} INFO - Filling up the DagBag from /home/airflow/.local/lib/python3.7/site-packages/airflow/example_dags/example_kubernetes_executor.py
[2024-09-20 07:14:09,185] {processor.py:651} INFO - DAG(s) dict_keys(['example_kubernetes_executor']) retrieved from /home/airflow/.local/lib/python3.7/site-packages/airflow/example_dags/example_kubernetes_executor.py
[2024-09-20 07:14:09,479] {logging_mixin.py:115} INFO - [2024-09-20 07:14:09,479] {dag.py:2371} INFO - Sync 1 DAGs
[2024-09-20 07:14:09,549] {logging_mixin.py:115} INFO - [2024-09-20 07:14:09,548] {dag.py:2919} INFO - Setting next_dagrun for example_kubernetes_executor to None, run_after=None
[2024-09-20 07:14:09,600] {processor.py:161} INFO - Processing /home/airflow/.local/lib/python3.7/site-packages/airflow/example_dags/example_kubernetes_executor.py took 0.534 seconds
[2024-09-20 07:14:39,862] {processor.py:153} INFO - Started process (PID=124) to work on /home/airflow/.local/lib/python3.7/site-packages/airflow/example_dags/example_kubernetes_executor.py
[2024-09-20 07:14:39,863] {processor.py:641} INFO - Processing file /home/airflow/.local/lib/python3.7/site-packages/airflow/example_dags/example_kubernetes_executor.py for tasks to queue
[2024-09-20 07:14:39,863] {logging_mixin.py:115} INFO - [2024-09-20 07:14:39,863] {dagbag.py:507} INFO - Filling up the DagBag from /home/airflow/.local/lib/python3.7/site-packages/airflow/example_dags/example_kubernetes_executor.py
[2024-09-20 07:14:39,902] {processor.py:651} INFO - DAG(s) dict_keys(['example_kubernetes_executor']) retrieved from /home/airflow/.local/lib/python3.7/site-packages/airflow/example_dags/example_kubernetes_executor.py
[2024-09-20 07:14:40,112] {logging_mixin.py:115} INFO - [2024-09-20 07:14:40,112] {dag.py:2371} INFO - Sync 1 DAGs
[2024-09-20 07:14:40,148] {logging_mixin.py:115} INFO - [2024-09-20 07:14:40,148] {dag.py:2919} INFO - Setting next_dagrun for example_kubernetes_executor to None, run_after=None
[2024-09-20 07:14:40,173] {processor.py:161} INFO - Processing /home/airflow/.local/lib/python3.7/site-packages/airflow/example_dags/example_kubernetes_executor.py took 0.316 seconds
