[2024-09-20 07:05:05,890] {processor.py:153} INFO - Started process (PID=73) to work on /home/airflow/.local/lib/python3.7/site-packages/airflow/example_dags/example_branch_labels.py
[2024-09-20 07:05:05,891] {processor.py:641} INFO - Processing file /home/airflow/.local/lib/python3.7/site-packages/airflow/example_dags/example_branch_labels.py for tasks to queue
[2024-09-20 07:05:05,892] {logging_mixin.py:115} INFO - [2024-09-20 07:05:05,892] {dagbag.py:507} INFO - Filling up the DagBag from /home/airflow/.local/lib/python3.7/site-packages/airflow/example_dags/example_branch_labels.py
[2024-09-20 07:05:05,906] {processor.py:651} INFO - DAG(s) dict_keys(['example_branch_labels']) retrieved from /home/airflow/.local/lib/python3.7/site-packages/airflow/example_dags/example_branch_labels.py
[2024-09-20 07:05:05,948] {logging_mixin.py:115} INFO - [2024-09-20 07:05:05,948] {dag.py:2371} INFO - Sync 1 DAGs
[2024-09-20 07:05:06,211] {logging_mixin.py:115} INFO - [2024-09-20 07:05:06,211] {dag.py:2919} INFO - Setting next_dagrun for example_branch_labels to 2024-09-19T00:00:00+00:00, run_after=2024-09-20T00:00:00+00:00
[2024-09-20 07:05:06,234] {processor.py:161} INFO - Processing /home/airflow/.local/lib/python3.7/site-packages/airflow/example_dags/example_branch_labels.py took 0.350 seconds
[2024-09-20 07:05:36,821] {processor.py:153} INFO - Started process (PID=125) to work on /home/airflow/.local/lib/python3.7/site-packages/airflow/example_dags/example_branch_labels.py
[2024-09-20 07:05:36,821] {processor.py:641} INFO - Processing file /home/airflow/.local/lib/python3.7/site-packages/airflow/example_dags/example_branch_labels.py for tasks to queue
[2024-09-20 07:05:36,822] {logging_mixin.py:115} INFO - [2024-09-20 07:05:36,822] {dagbag.py:507} INFO - Filling up the DagBag from /home/airflow/.local/lib/python3.7/site-packages/airflow/example_dags/example_branch_labels.py
[2024-09-20 07:05:36,831] {processor.py:651} INFO - DAG(s) dict_keys(['example_branch_labels']) retrieved from /home/airflow/.local/lib/python3.7/site-packages/airflow/example_dags/example_branch_labels.py
[2024-09-20 07:05:36,867] {logging_mixin.py:115} INFO - [2024-09-20 07:05:36,867] {dag.py:2371} INFO - Sync 1 DAGs
[2024-09-20 07:05:37,076] {logging_mixin.py:115} INFO - [2024-09-20 07:05:37,076] {dag.py:2919} INFO - Setting next_dagrun for example_branch_labels to 2024-09-19T00:00:00+00:00, run_after=2024-09-20T00:00:00+00:00
[2024-09-20 07:05:37,099] {processor.py:161} INFO - Processing /home/airflow/.local/lib/python3.7/site-packages/airflow/example_dags/example_branch_labels.py took 0.282 seconds
[2024-09-20 07:08:21,218] {processor.py:153} INFO - Started process (PID=74) to work on /home/airflow/.local/lib/python3.7/site-packages/airflow/example_dags/example_branch_labels.py
[2024-09-20 07:08:21,219] {processor.py:641} INFO - Processing file /home/airflow/.local/lib/python3.7/site-packages/airflow/example_dags/example_branch_labels.py for tasks to queue
[2024-09-20 07:08:21,220] {logging_mixin.py:115} INFO - [2024-09-20 07:08:21,220] {dagbag.py:507} INFO - Filling up the DagBag from /home/airflow/.local/lib/python3.7/site-packages/airflow/example_dags/example_branch_labels.py
[2024-09-20 07:08:21,232] {processor.py:651} INFO - DAG(s) dict_keys(['example_branch_labels']) retrieved from /home/airflow/.local/lib/python3.7/site-packages/airflow/example_dags/example_branch_labels.py
[2024-09-20 07:08:21,280] {logging_mixin.py:115} INFO - [2024-09-20 07:08:21,280] {dag.py:2371} INFO - Sync 1 DAGs
[2024-09-20 07:08:21,510] {logging_mixin.py:115} INFO - [2024-09-20 07:08:21,510] {dag.py:2919} INFO - Setting next_dagrun for example_branch_labels to 2024-09-19T00:00:00+00:00, run_after=2024-09-20T00:00:00+00:00
[2024-09-20 07:08:21,532] {processor.py:161} INFO - Processing /home/airflow/.local/lib/python3.7/site-packages/airflow/example_dags/example_branch_labels.py took 0.319 seconds
[2024-09-20 07:10:18,673] {processor.py:153} INFO - Started process (PID=74) to work on /home/airflow/.local/lib/python3.7/site-packages/airflow/example_dags/example_branch_labels.py
[2024-09-20 07:10:18,675] {processor.py:641} INFO - Processing file /home/airflow/.local/lib/python3.7/site-packages/airflow/example_dags/example_branch_labels.py for tasks to queue
[2024-09-20 07:10:18,676] {logging_mixin.py:115} INFO - [2024-09-20 07:10:18,676] {dagbag.py:507} INFO - Filling up the DagBag from /home/airflow/.local/lib/python3.7/site-packages/airflow/example_dags/example_branch_labels.py
[2024-09-20 07:10:18,693] {processor.py:651} INFO - DAG(s) dict_keys(['example_branch_labels']) retrieved from /home/airflow/.local/lib/python3.7/site-packages/airflow/example_dags/example_branch_labels.py
[2024-09-20 07:10:18,758] {logging_mixin.py:115} INFO - [2024-09-20 07:10:18,758] {dag.py:2371} INFO - Sync 1 DAGs
[2024-09-20 07:10:19,033] {logging_mixin.py:115} INFO - [2024-09-20 07:10:19,033] {dag.py:2919} INFO - Setting next_dagrun for example_branch_labels to 2024-09-19T00:00:00+00:00, run_after=2024-09-20T00:00:00+00:00
[2024-09-20 07:10:19,055] {processor.py:161} INFO - Processing /home/airflow/.local/lib/python3.7/site-packages/airflow/example_dags/example_branch_labels.py took 0.389 seconds
[2024-09-20 07:10:49,290] {processor.py:153} INFO - Started process (PID=126) to work on /home/airflow/.local/lib/python3.7/site-packages/airflow/example_dags/example_branch_labels.py
[2024-09-20 07:10:49,290] {processor.py:641} INFO - Processing file /home/airflow/.local/lib/python3.7/site-packages/airflow/example_dags/example_branch_labels.py for tasks to queue
[2024-09-20 07:10:49,291] {logging_mixin.py:115} INFO - [2024-09-20 07:10:49,291] {dagbag.py:507} INFO - Filling up the DagBag from /home/airflow/.local/lib/python3.7/site-packages/airflow/example_dags/example_branch_labels.py
[2024-09-20 07:10:49,304] {processor.py:651} INFO - DAG(s) dict_keys(['example_branch_labels']) retrieved from /home/airflow/.local/lib/python3.7/site-packages/airflow/example_dags/example_branch_labels.py
[2024-09-20 07:10:49,361] {logging_mixin.py:115} INFO - [2024-09-20 07:10:49,361] {dag.py:2371} INFO - Sync 1 DAGs
[2024-09-20 07:10:49,617] {logging_mixin.py:115} INFO - [2024-09-20 07:10:49,617] {dag.py:2919} INFO - Setting next_dagrun for example_branch_labels to 2024-09-19T00:00:00+00:00, run_after=2024-09-20T00:00:00+00:00
[2024-09-20 07:10:49,645] {processor.py:161} INFO - Processing /home/airflow/.local/lib/python3.7/site-packages/airflow/example_dags/example_branch_labels.py took 0.360 seconds
[2024-09-20 07:11:19,844] {processor.py:153} INFO - Started process (PID=178) to work on /home/airflow/.local/lib/python3.7/site-packages/airflow/example_dags/example_branch_labels.py
[2024-09-20 07:11:19,845] {processor.py:641} INFO - Processing file /home/airflow/.local/lib/python3.7/site-packages/airflow/example_dags/example_branch_labels.py for tasks to queue
[2024-09-20 07:11:19,845] {logging_mixin.py:115} INFO - [2024-09-20 07:11:19,845] {dagbag.py:507} INFO - Filling up the DagBag from /home/airflow/.local/lib/python3.7/site-packages/airflow/example_dags/example_branch_labels.py
[2024-09-20 07:11:19,856] {processor.py:651} INFO - DAG(s) dict_keys(['example_branch_labels']) retrieved from /home/airflow/.local/lib/python3.7/site-packages/airflow/example_dags/example_branch_labels.py
[2024-09-20 07:11:19,905] {logging_mixin.py:115} INFO - [2024-09-20 07:11:19,905] {dag.py:2371} INFO - Sync 1 DAGs
[2024-09-20 07:11:20,105] {logging_mixin.py:115} INFO - [2024-09-20 07:11:20,105] {dag.py:2919} INFO - Setting next_dagrun for example_branch_labels to 2024-09-19T00:00:00+00:00, run_after=2024-09-20T00:00:00+00:00
[2024-09-20 07:11:20,122] {processor.py:161} INFO - Processing /home/airflow/.local/lib/python3.7/site-packages/airflow/example_dags/example_branch_labels.py took 0.284 seconds
[2024-09-20 07:14:09,850] {processor.py:153} INFO - Started process (PID=75) to work on /home/airflow/.local/lib/python3.7/site-packages/airflow/example_dags/example_branch_labels.py
[2024-09-20 07:14:09,851] {processor.py:641} INFO - Processing file /home/airflow/.local/lib/python3.7/site-packages/airflow/example_dags/example_branch_labels.py for tasks to queue
[2024-09-20 07:14:09,852] {logging_mixin.py:115} INFO - [2024-09-20 07:14:09,852] {dagbag.py:507} INFO - Filling up the DagBag from /home/airflow/.local/lib/python3.7/site-packages/airflow/example_dags/example_branch_labels.py
[2024-09-20 07:14:09,870] {processor.py:651} INFO - DAG(s) dict_keys(['example_branch_labels']) retrieved from /home/airflow/.local/lib/python3.7/site-packages/airflow/example_dags/example_branch_labels.py
[2024-09-20 07:14:09,931] {logging_mixin.py:115} INFO - [2024-09-20 07:14:09,930] {dag.py:2371} INFO - Sync 1 DAGs
[2024-09-20 07:14:10,318] {logging_mixin.py:115} INFO - [2024-09-20 07:14:10,317] {dag.py:2919} INFO - Setting next_dagrun for example_branch_labels to 2024-09-19T00:00:00+00:00, run_after=2024-09-20T00:00:00+00:00
[2024-09-20 07:14:10,365] {processor.py:161} INFO - Processing /home/airflow/.local/lib/python3.7/site-packages/airflow/example_dags/example_branch_labels.py took 0.524 seconds
[2024-09-20 07:14:41,213] {processor.py:153} INFO - Started process (PID=127) to work on /home/airflow/.local/lib/python3.7/site-packages/airflow/example_dags/example_branch_labels.py
[2024-09-20 07:14:41,214] {processor.py:641} INFO - Processing file /home/airflow/.local/lib/python3.7/site-packages/airflow/example_dags/example_branch_labels.py for tasks to queue
[2024-09-20 07:14:41,215] {logging_mixin.py:115} INFO - [2024-09-20 07:14:41,214] {dagbag.py:507} INFO - Filling up the DagBag from /home/airflow/.local/lib/python3.7/site-packages/airflow/example_dags/example_branch_labels.py
[2024-09-20 07:14:41,224] {processor.py:651} INFO - DAG(s) dict_keys(['example_branch_labels']) retrieved from /home/airflow/.local/lib/python3.7/site-packages/airflow/example_dags/example_branch_labels.py
[2024-09-20 07:14:41,263] {logging_mixin.py:115} INFO - [2024-09-20 07:14:41,262] {dag.py:2371} INFO - Sync 1 DAGs
[2024-09-20 07:14:41,470] {logging_mixin.py:115} INFO - [2024-09-20 07:14:41,469] {dag.py:2919} INFO - Setting next_dagrun for example_branch_labels to 2024-09-19T00:00:00+00:00, run_after=2024-09-20T00:00:00+00:00
[2024-09-20 07:14:41,494] {processor.py:161} INFO - Processing /home/airflow/.local/lib/python3.7/site-packages/airflow/example_dags/example_branch_labels.py took 0.285 seconds
