[2024-09-20 07:05:00,409] {processor.py:153} INFO - Started process (PID=53) to work on /home/airflow/.local/lib/python3.7/site-packages/airflow/example_dags/example_nested_branch_dag.py
[2024-09-20 07:05:00,410] {processor.py:641} INFO - Processing file /home/airflow/.local/lib/python3.7/site-packages/airflow/example_dags/example_nested_branch_dag.py for tasks to queue
[2024-09-20 07:05:00,413] {logging_mixin.py:115} INFO - [2024-09-20 07:05:00,412] {dagbag.py:507} INFO - Filling up the DagBag from /home/airflow/.local/lib/python3.7/site-packages/airflow/example_dags/example_nested_branch_dag.py
[2024-09-20 07:05:00,495] {processor.py:651} INFO - DAG(s) dict_keys(['example_nested_branch_dag']) retrieved from /home/airflow/.local/lib/python3.7/site-packages/airflow/example_dags/example_nested_branch_dag.py
[2024-09-20 07:05:00,630] {logging_mixin.py:115} INFO - [2024-09-20 07:05:00,630] {dag.py:2371} INFO - Sync 1 DAGs
[2024-09-20 07:05:00,984] {logging_mixin.py:115} INFO - [2024-09-20 07:05:00,984] {dag.py:2919} INFO - Setting next_dagrun for example_nested_branch_dag to 2024-09-19T00:00:00+00:00, run_after=2024-09-20T00:00:00+00:00
[2024-09-20 07:05:01,030] {processor.py:161} INFO - Processing /home/airflow/.local/lib/python3.7/site-packages/airflow/example_dags/example_nested_branch_dag.py took 0.634 seconds
[2024-09-20 07:05:31,142] {processor.py:153} INFO - Started process (PID=107) to work on /home/airflow/.local/lib/python3.7/site-packages/airflow/example_dags/example_nested_branch_dag.py
[2024-09-20 07:05:31,143] {processor.py:641} INFO - Processing file /home/airflow/.local/lib/python3.7/site-packages/airflow/example_dags/example_nested_branch_dag.py for tasks to queue
[2024-09-20 07:05:31,144] {logging_mixin.py:115} INFO - [2024-09-20 07:05:31,144] {dagbag.py:507} INFO - Filling up the DagBag from /home/airflow/.local/lib/python3.7/site-packages/airflow/example_dags/example_nested_branch_dag.py
[2024-09-20 07:05:31,165] {processor.py:651} INFO - DAG(s) dict_keys(['example_nested_branch_dag']) retrieved from /home/airflow/.local/lib/python3.7/site-packages/airflow/example_dags/example_nested_branch_dag.py
[2024-09-20 07:05:31,216] {logging_mixin.py:115} INFO - [2024-09-20 07:05:31,216] {dag.py:2371} INFO - Sync 1 DAGs
[2024-09-20 07:05:31,484] {logging_mixin.py:115} INFO - [2024-09-20 07:05:31,484] {dag.py:2919} INFO - Setting next_dagrun for example_nested_branch_dag to 2024-09-19T00:00:00+00:00, run_after=2024-09-20T00:00:00+00:00
[2024-09-20 07:05:31,502] {processor.py:161} INFO - Processing /home/airflow/.local/lib/python3.7/site-packages/airflow/example_dags/example_nested_branch_dag.py took 0.366 seconds
[2024-09-20 07:06:01,763] {processor.py:153} INFO - Started process (PID=159) to work on /home/airflow/.local/lib/python3.7/site-packages/airflow/example_dags/example_nested_branch_dag.py
[2024-09-20 07:06:01,764] {processor.py:641} INFO - Processing file /home/airflow/.local/lib/python3.7/site-packages/airflow/example_dags/example_nested_branch_dag.py for tasks to queue
[2024-09-20 07:06:01,765] {logging_mixin.py:115} INFO - [2024-09-20 07:06:01,765] {dagbag.py:507} INFO - Filling up the DagBag from /home/airflow/.local/lib/python3.7/site-packages/airflow/example_dags/example_nested_branch_dag.py
[2024-09-20 07:06:01,784] {processor.py:651} INFO - DAG(s) dict_keys(['example_nested_branch_dag']) retrieved from /home/airflow/.local/lib/python3.7/site-packages/airflow/example_dags/example_nested_branch_dag.py
[2024-09-20 07:06:01,855] {logging_mixin.py:115} INFO - [2024-09-20 07:06:01,855] {dag.py:2371} INFO - Sync 1 DAGs
[2024-09-20 07:06:02,105] {logging_mixin.py:115} INFO - [2024-09-20 07:06:02,104] {dag.py:2919} INFO - Setting next_dagrun for example_nested_branch_dag to 2024-09-19T00:00:00+00:00, run_after=2024-09-20T00:00:00+00:00
[2024-09-20 07:06:02,140] {processor.py:161} INFO - Processing /home/airflow/.local/lib/python3.7/site-packages/airflow/example_dags/example_nested_branch_dag.py took 0.382 seconds
[2024-09-20 07:08:15,883] {processor.py:153} INFO - Started process (PID=47) to work on /home/airflow/.local/lib/python3.7/site-packages/airflow/example_dags/example_nested_branch_dag.py
[2024-09-20 07:08:15,886] {processor.py:641} INFO - Processing file /home/airflow/.local/lib/python3.7/site-packages/airflow/example_dags/example_nested_branch_dag.py for tasks to queue
[2024-09-20 07:08:15,890] {logging_mixin.py:115} INFO - [2024-09-20 07:08:15,890] {dagbag.py:507} INFO - Filling up the DagBag from /home/airflow/.local/lib/python3.7/site-packages/airflow/example_dags/example_nested_branch_dag.py
[2024-09-20 07:08:15,937] {processor.py:651} INFO - DAG(s) dict_keys(['example_nested_branch_dag']) retrieved from /home/airflow/.local/lib/python3.7/site-packages/airflow/example_dags/example_nested_branch_dag.py
[2024-09-20 07:08:15,998] {logging_mixin.py:115} INFO - [2024-09-20 07:08:15,998] {dag.py:2371} INFO - Sync 1 DAGs
[2024-09-20 07:08:16,259] {logging_mixin.py:115} INFO - [2024-09-20 07:08:16,259] {dag.py:2919} INFO - Setting next_dagrun for example_nested_branch_dag to 2024-09-19T00:00:00+00:00, run_after=2024-09-20T00:00:00+00:00
[2024-09-20 07:08:16,279] {processor.py:161} INFO - Processing /home/airflow/.local/lib/python3.7/site-packages/airflow/example_dags/example_nested_branch_dag.py took 0.402 seconds
[2024-09-20 07:08:46,678] {processor.py:153} INFO - Started process (PID=109) to work on /home/airflow/.local/lib/python3.7/site-packages/airflow/example_dags/example_nested_branch_dag.py
[2024-09-20 07:08:46,679] {processor.py:641} INFO - Processing file /home/airflow/.local/lib/python3.7/site-packages/airflow/example_dags/example_nested_branch_dag.py for tasks to queue
[2024-09-20 07:08:46,680] {logging_mixin.py:115} INFO - [2024-09-20 07:08:46,680] {dagbag.py:507} INFO - Filling up the DagBag from /home/airflow/.local/lib/python3.7/site-packages/airflow/example_dags/example_nested_branch_dag.py
[2024-09-20 07:08:46,706] {processor.py:651} INFO - DAG(s) dict_keys(['example_nested_branch_dag']) retrieved from /home/airflow/.local/lib/python3.7/site-packages/airflow/example_dags/example_nested_branch_dag.py
[2024-09-20 07:08:46,768] {logging_mixin.py:115} INFO - [2024-09-20 07:08:46,768] {dag.py:2371} INFO - Sync 1 DAGs
[2024-09-20 07:08:47,022] {logging_mixin.py:115} INFO - [2024-09-20 07:08:47,022] {dag.py:2919} INFO - Setting next_dagrun for example_nested_branch_dag to 2024-09-19T00:00:00+00:00, run_after=2024-09-20T00:00:00+00:00
[2024-09-20 07:08:47,051] {processor.py:161} INFO - Processing /home/airflow/.local/lib/python3.7/site-packages/airflow/example_dags/example_nested_branch_dag.py took 0.380 seconds
[2024-09-20 07:10:14,339] {processor.py:153} INFO - Started process (PID=47) to work on /home/airflow/.local/lib/python3.7/site-packages/airflow/example_dags/example_nested_branch_dag.py
[2024-09-20 07:10:14,340] {processor.py:641} INFO - Processing file /home/airflow/.local/lib/python3.7/site-packages/airflow/example_dags/example_nested_branch_dag.py for tasks to queue
[2024-09-20 07:10:14,341] {logging_mixin.py:115} INFO - [2024-09-20 07:10:14,340] {dagbag.py:507} INFO - Filling up the DagBag from /home/airflow/.local/lib/python3.7/site-packages/airflow/example_dags/example_nested_branch_dag.py
[2024-09-20 07:10:14,372] {processor.py:651} INFO - DAG(s) dict_keys(['example_nested_branch_dag']) retrieved from /home/airflow/.local/lib/python3.7/site-packages/airflow/example_dags/example_nested_branch_dag.py
[2024-09-20 07:10:14,446] {logging_mixin.py:115} INFO - [2024-09-20 07:10:14,446] {dag.py:2371} INFO - Sync 1 DAGs
[2024-09-20 07:10:14,714] {logging_mixin.py:115} INFO - [2024-09-20 07:10:14,714] {dag.py:2919} INFO - Setting next_dagrun for example_nested_branch_dag to 2024-09-19T00:00:00+00:00, run_after=2024-09-20T00:00:00+00:00
[2024-09-20 07:10:14,736] {processor.py:161} INFO - Processing /home/airflow/.local/lib/python3.7/site-packages/airflow/example_dags/example_nested_branch_dag.py took 0.403 seconds
[2024-09-20 07:10:44,879] {processor.py:153} INFO - Started process (PID=108) to work on /home/airflow/.local/lib/python3.7/site-packages/airflow/example_dags/example_nested_branch_dag.py
[2024-09-20 07:10:44,880] {processor.py:641} INFO - Processing file /home/airflow/.local/lib/python3.7/site-packages/airflow/example_dags/example_nested_branch_dag.py for tasks to queue
[2024-09-20 07:10:44,880] {logging_mixin.py:115} INFO - [2024-09-20 07:10:44,880] {dagbag.py:507} INFO - Filling up the DagBag from /home/airflow/.local/lib/python3.7/site-packages/airflow/example_dags/example_nested_branch_dag.py
[2024-09-20 07:10:44,898] {processor.py:651} INFO - DAG(s) dict_keys(['example_nested_branch_dag']) retrieved from /home/airflow/.local/lib/python3.7/site-packages/airflow/example_dags/example_nested_branch_dag.py
[2024-09-20 07:10:44,950] {logging_mixin.py:115} INFO - [2024-09-20 07:10:44,949] {dag.py:2371} INFO - Sync 1 DAGs
[2024-09-20 07:10:45,174] {logging_mixin.py:115} INFO - [2024-09-20 07:10:45,174] {dag.py:2919} INFO - Setting next_dagrun for example_nested_branch_dag to 2024-09-19T00:00:00+00:00, run_after=2024-09-20T00:00:00+00:00
[2024-09-20 07:10:45,193] {processor.py:161} INFO - Processing /home/airflow/.local/lib/python3.7/site-packages/airflow/example_dags/example_nested_branch_dag.py took 0.320 seconds
[2024-09-20 07:11:15,521] {processor.py:153} INFO - Started process (PID=160) to work on /home/airflow/.local/lib/python3.7/site-packages/airflow/example_dags/example_nested_branch_dag.py
[2024-09-20 07:11:15,521] {processor.py:641} INFO - Processing file /home/airflow/.local/lib/python3.7/site-packages/airflow/example_dags/example_nested_branch_dag.py for tasks to queue
[2024-09-20 07:11:15,522] {logging_mixin.py:115} INFO - [2024-09-20 07:11:15,522] {dagbag.py:507} INFO - Filling up the DagBag from /home/airflow/.local/lib/python3.7/site-packages/airflow/example_dags/example_nested_branch_dag.py
[2024-09-20 07:11:15,536] {processor.py:651} INFO - DAG(s) dict_keys(['example_nested_branch_dag']) retrieved from /home/airflow/.local/lib/python3.7/site-packages/airflow/example_dags/example_nested_branch_dag.py
[2024-09-20 07:11:15,581] {logging_mixin.py:115} INFO - [2024-09-20 07:11:15,581] {dag.py:2371} INFO - Sync 1 DAGs
[2024-09-20 07:11:15,783] {logging_mixin.py:115} INFO - [2024-09-20 07:11:15,783] {dag.py:2919} INFO - Setting next_dagrun for example_nested_branch_dag to 2024-09-19T00:00:00+00:00, run_after=2024-09-20T00:00:00+00:00
[2024-09-20 07:11:15,806] {processor.py:161} INFO - Processing /home/airflow/.local/lib/python3.7/site-packages/airflow/example_dags/example_nested_branch_dag.py took 0.289 seconds
[2024-09-20 07:14:03,912] {processor.py:153} INFO - Started process (PID=48) to work on /home/airflow/.local/lib/python3.7/site-packages/airflow/example_dags/example_nested_branch_dag.py
[2024-09-20 07:14:03,914] {processor.py:641} INFO - Processing file /home/airflow/.local/lib/python3.7/site-packages/airflow/example_dags/example_nested_branch_dag.py for tasks to queue
[2024-09-20 07:14:03,918] {logging_mixin.py:115} INFO - [2024-09-20 07:14:03,918] {dagbag.py:507} INFO - Filling up the DagBag from /home/airflow/.local/lib/python3.7/site-packages/airflow/example_dags/example_nested_branch_dag.py
[2024-09-20 07:14:03,972] {processor.py:651} INFO - DAG(s) dict_keys(['example_nested_branch_dag']) retrieved from /home/airflow/.local/lib/python3.7/site-packages/airflow/example_dags/example_nested_branch_dag.py
[2024-09-20 07:14:04,048] {logging_mixin.py:115} INFO - [2024-09-20 07:14:04,047] {dag.py:2371} INFO - Sync 1 DAGs
[2024-09-20 07:14:04,361] {logging_mixin.py:115} INFO - [2024-09-20 07:14:04,360] {dag.py:2919} INFO - Setting next_dagrun for example_nested_branch_dag to 2024-09-19T00:00:00+00:00, run_after=2024-09-20T00:00:00+00:00
[2024-09-20 07:14:04,388] {processor.py:161} INFO - Processing /home/airflow/.local/lib/python3.7/site-packages/airflow/example_dags/example_nested_branch_dag.py took 0.486 seconds
[2024-09-20 07:14:35,150] {processor.py:153} INFO - Started process (PID=109) to work on /home/airflow/.local/lib/python3.7/site-packages/airflow/example_dags/example_nested_branch_dag.py
[2024-09-20 07:14:35,151] {processor.py:641} INFO - Processing file /home/airflow/.local/lib/python3.7/site-packages/airflow/example_dags/example_nested_branch_dag.py for tasks to queue
[2024-09-20 07:14:35,152] {logging_mixin.py:115} INFO - [2024-09-20 07:14:35,152] {dagbag.py:507} INFO - Filling up the DagBag from /home/airflow/.local/lib/python3.7/site-packages/airflow/example_dags/example_nested_branch_dag.py
[2024-09-20 07:14:35,174] {processor.py:651} INFO - DAG(s) dict_keys(['example_nested_branch_dag']) retrieved from /home/airflow/.local/lib/python3.7/site-packages/airflow/example_dags/example_nested_branch_dag.py
[2024-09-20 07:14:35,230] {logging_mixin.py:115} INFO - [2024-09-20 07:14:35,229] {dag.py:2371} INFO - Sync 1 DAGs
[2024-09-20 07:14:35,535] {logging_mixin.py:115} INFO - [2024-09-20 07:14:35,535] {dag.py:2919} INFO - Setting next_dagrun for example_nested_branch_dag to 2024-09-19T00:00:00+00:00, run_after=2024-09-20T00:00:00+00:00
[2024-09-20 07:14:35,573] {processor.py:161} INFO - Processing /home/airflow/.local/lib/python3.7/site-packages/airflow/example_dags/example_nested_branch_dag.py took 0.430 seconds
