[2024-09-20 07:05:02,523] {processor.py:153} INFO - Started process (PID=61) to work on /home/airflow/.local/lib/python3.7/site-packages/airflow/example_dags/example_branch_operator_decorator.py
[2024-09-20 07:05:02,525] {processor.py:641} INFO - Processing file /home/airflow/.local/lib/python3.7/site-packages/airflow/example_dags/example_branch_operator_decorator.py for tasks to queue
[2024-09-20 07:05:02,526] {logging_mixin.py:115} INFO - [2024-09-20 07:05:02,525] {dagbag.py:507} INFO - Filling up the DagBag from /home/airflow/.local/lib/python3.7/site-packages/airflow/example_dags/example_branch_operator_decorator.py
[2024-09-20 07:05:02,562] {processor.py:651} INFO - DAG(s) dict_keys(['example_branch_python_operator_decorator']) retrieved from /home/airflow/.local/lib/python3.7/site-packages/airflow/example_dags/example_branch_operator_decorator.py
[2024-09-20 07:05:02,622] {logging_mixin.py:115} INFO - [2024-09-20 07:05:02,622] {dag.py:2371} INFO - Sync 1 DAGs
[2024-09-20 07:05:02,913] {logging_mixin.py:115} INFO - [2024-09-20 07:05:02,912] {dag.py:2919} INFO - Setting next_dagrun for example_branch_python_operator_decorator to 2024-09-19T00:00:00+00:00, run_after=2024-09-20T00:00:00+00:00
[2024-09-20 07:05:02,959] {processor.py:161} INFO - Processing /home/airflow/.local/lib/python3.7/site-packages/airflow/example_dags/example_branch_operator_decorator.py took 0.442 seconds
[2024-09-20 07:05:33,878] {processor.py:153} INFO - Started process (PID=113) to work on /home/airflow/.local/lib/python3.7/site-packages/airflow/example_dags/example_branch_operator_decorator.py
[2024-09-20 07:05:33,879] {processor.py:641} INFO - Processing file /home/airflow/.local/lib/python3.7/site-packages/airflow/example_dags/example_branch_operator_decorator.py for tasks to queue
[2024-09-20 07:05:33,880] {logging_mixin.py:115} INFO - [2024-09-20 07:05:33,880] {dagbag.py:507} INFO - Filling up the DagBag from /home/airflow/.local/lib/python3.7/site-packages/airflow/example_dags/example_branch_operator_decorator.py
[2024-09-20 07:05:33,908] {processor.py:651} INFO - DAG(s) dict_keys(['example_branch_python_operator_decorator']) retrieved from /home/airflow/.local/lib/python3.7/site-packages/airflow/example_dags/example_branch_operator_decorator.py
[2024-09-20 07:05:33,946] {logging_mixin.py:115} INFO - [2024-09-20 07:05:33,945] {dag.py:2371} INFO - Sync 1 DAGs
[2024-09-20 07:05:34,139] {logging_mixin.py:115} INFO - [2024-09-20 07:05:34,138] {dag.py:2919} INFO - Setting next_dagrun for example_branch_python_operator_decorator to 2024-09-19T00:00:00+00:00, run_after=2024-09-20T00:00:00+00:00
[2024-09-20 07:05:34,157] {processor.py:161} INFO - Processing /home/airflow/.local/lib/python3.7/site-packages/airflow/example_dags/example_branch_operator_decorator.py took 0.283 seconds
[2024-09-20 07:08:17,267] {processor.py:153} INFO - Started process (PID=53) to work on /home/airflow/.local/lib/python3.7/site-packages/airflow/example_dags/example_branch_operator_decorator.py
[2024-09-20 07:08:17,271] {processor.py:641} INFO - Processing file /home/airflow/.local/lib/python3.7/site-packages/airflow/example_dags/example_branch_operator_decorator.py for tasks to queue
[2024-09-20 07:08:17,273] {logging_mixin.py:115} INFO - [2024-09-20 07:08:17,272] {dagbag.py:507} INFO - Filling up the DagBag from /home/airflow/.local/lib/python3.7/site-packages/airflow/example_dags/example_branch_operator_decorator.py
[2024-09-20 07:08:17,316] {processor.py:651} INFO - DAG(s) dict_keys(['example_branch_python_operator_decorator']) retrieved from /home/airflow/.local/lib/python3.7/site-packages/airflow/example_dags/example_branch_operator_decorator.py
[2024-09-20 07:08:17,397] {logging_mixin.py:115} INFO - [2024-09-20 07:08:17,397] {dag.py:2371} INFO - Sync 1 DAGs
[2024-09-20 07:08:17,638] {logging_mixin.py:115} INFO - [2024-09-20 07:08:17,638] {dag.py:2919} INFO - Setting next_dagrun for example_branch_python_operator_decorator to 2024-09-19T00:00:00+00:00, run_after=2024-09-20T00:00:00+00:00
[2024-09-20 07:08:17,668] {processor.py:161} INFO - Processing /home/airflow/.local/lib/python3.7/site-packages/airflow/example_dags/example_branch_operator_decorator.py took 0.407 seconds
[2024-09-20 07:10:15,919] {processor.py:153} INFO - Started process (PID=53) to work on /home/airflow/.local/lib/python3.7/site-packages/airflow/example_dags/example_branch_operator_decorator.py
[2024-09-20 07:10:15,920] {processor.py:641} INFO - Processing file /home/airflow/.local/lib/python3.7/site-packages/airflow/example_dags/example_branch_operator_decorator.py for tasks to queue
[2024-09-20 07:10:15,920] {logging_mixin.py:115} INFO - [2024-09-20 07:10:15,920] {dagbag.py:507} INFO - Filling up the DagBag from /home/airflow/.local/lib/python3.7/site-packages/airflow/example_dags/example_branch_operator_decorator.py
[2024-09-20 07:10:15,952] {processor.py:651} INFO - DAG(s) dict_keys(['example_branch_python_operator_decorator']) retrieved from /home/airflow/.local/lib/python3.7/site-packages/airflow/example_dags/example_branch_operator_decorator.py
[2024-09-20 07:10:16,010] {logging_mixin.py:115} INFO - [2024-09-20 07:10:16,010] {dag.py:2371} INFO - Sync 1 DAGs
[2024-09-20 07:10:16,260] {logging_mixin.py:115} INFO - [2024-09-20 07:10:16,259] {dag.py:2919} INFO - Setting next_dagrun for example_branch_python_operator_decorator to 2024-09-19T00:00:00+00:00, run_after=2024-09-20T00:00:00+00:00
[2024-09-20 07:10:16,284] {processor.py:161} INFO - Processing /home/airflow/.local/lib/python3.7/site-packages/airflow/example_dags/example_branch_operator_decorator.py took 0.370 seconds
[2024-09-20 07:10:47,206] {processor.py:153} INFO - Started process (PID=114) to work on /home/airflow/.local/lib/python3.7/site-packages/airflow/example_dags/example_branch_operator_decorator.py
[2024-09-20 07:10:47,207] {processor.py:641} INFO - Processing file /home/airflow/.local/lib/python3.7/site-packages/airflow/example_dags/example_branch_operator_decorator.py for tasks to queue
[2024-09-20 07:10:47,207] {logging_mixin.py:115} INFO - [2024-09-20 07:10:47,207] {dagbag.py:507} INFO - Filling up the DagBag from /home/airflow/.local/lib/python3.7/site-packages/airflow/example_dags/example_branch_operator_decorator.py
[2024-09-20 07:10:47,238] {processor.py:651} INFO - DAG(s) dict_keys(['example_branch_python_operator_decorator']) retrieved from /home/airflow/.local/lib/python3.7/site-packages/airflow/example_dags/example_branch_operator_decorator.py
[2024-09-20 07:10:47,283] {logging_mixin.py:115} INFO - [2024-09-20 07:10:47,283] {dag.py:2371} INFO - Sync 1 DAGs
[2024-09-20 07:10:47,490] {logging_mixin.py:115} INFO - [2024-09-20 07:10:47,490] {dag.py:2919} INFO - Setting next_dagrun for example_branch_python_operator_decorator to 2024-09-19T00:00:00+00:00, run_after=2024-09-20T00:00:00+00:00
[2024-09-20 07:10:47,514] {processor.py:161} INFO - Processing /home/airflow/.local/lib/python3.7/site-packages/airflow/example_dags/example_branch_operator_decorator.py took 0.313 seconds
[2024-09-20 07:11:17,576] {processor.py:153} INFO - Started process (PID=166) to work on /home/airflow/.local/lib/python3.7/site-packages/airflow/example_dags/example_branch_operator_decorator.py
[2024-09-20 07:11:17,576] {processor.py:641} INFO - Processing file /home/airflow/.local/lib/python3.7/site-packages/airflow/example_dags/example_branch_operator_decorator.py for tasks to queue
[2024-09-20 07:11:17,577] {logging_mixin.py:115} INFO - [2024-09-20 07:11:17,577] {dagbag.py:507} INFO - Filling up the DagBag from /home/airflow/.local/lib/python3.7/site-packages/airflow/example_dags/example_branch_operator_decorator.py
[2024-09-20 07:11:17,611] {processor.py:651} INFO - DAG(s) dict_keys(['example_branch_python_operator_decorator']) retrieved from /home/airflow/.local/lib/python3.7/site-packages/airflow/example_dags/example_branch_operator_decorator.py
[2024-09-20 07:11:17,656] {logging_mixin.py:115} INFO - [2024-09-20 07:11:17,656] {dag.py:2371} INFO - Sync 1 DAGs
[2024-09-20 07:11:17,872] {logging_mixin.py:115} INFO - [2024-09-20 07:11:17,872] {dag.py:2919} INFO - Setting next_dagrun for example_branch_python_operator_decorator to 2024-09-19T00:00:00+00:00, run_after=2024-09-20T00:00:00+00:00
[2024-09-20 07:11:17,890] {processor.py:161} INFO - Processing /home/airflow/.local/lib/python3.7/site-packages/airflow/example_dags/example_branch_operator_decorator.py took 0.320 seconds
[2024-09-20 07:14:05,814] {processor.py:153} INFO - Started process (PID=61) to work on /home/airflow/.local/lib/python3.7/site-packages/airflow/example_dags/example_branch_operator_decorator.py
[2024-09-20 07:14:05,815] {processor.py:641} INFO - Processing file /home/airflow/.local/lib/python3.7/site-packages/airflow/example_dags/example_branch_operator_decorator.py for tasks to queue
[2024-09-20 07:14:05,816] {logging_mixin.py:115} INFO - [2024-09-20 07:14:05,816] {dagbag.py:507} INFO - Filling up the DagBag from /home/airflow/.local/lib/python3.7/site-packages/airflow/example_dags/example_branch_operator_decorator.py
[2024-09-20 07:14:05,859] {processor.py:651} INFO - DAG(s) dict_keys(['example_branch_python_operator_decorator']) retrieved from /home/airflow/.local/lib/python3.7/site-packages/airflow/example_dags/example_branch_operator_decorator.py
[2024-09-20 07:14:05,933] {logging_mixin.py:115} INFO - [2024-09-20 07:14:05,933] {dag.py:2371} INFO - Sync 1 DAGs
[2024-09-20 07:14:06,249] {logging_mixin.py:115} INFO - [2024-09-20 07:14:06,249] {dag.py:2919} INFO - Setting next_dagrun for example_branch_python_operator_decorator to 2024-09-19T00:00:00+00:00, run_after=2024-09-20T00:00:00+00:00
[2024-09-20 07:14:06,290] {processor.py:161} INFO - Processing /home/airflow/.local/lib/python3.7/site-packages/airflow/example_dags/example_branch_operator_decorator.py took 0.489 seconds
[2024-09-20 07:14:36,872] {processor.py:153} INFO - Started process (PID=115) to work on /home/airflow/.local/lib/python3.7/site-packages/airflow/example_dags/example_branch_operator_decorator.py
[2024-09-20 07:14:36,873] {processor.py:641} INFO - Processing file /home/airflow/.local/lib/python3.7/site-packages/airflow/example_dags/example_branch_operator_decorator.py for tasks to queue
[2024-09-20 07:14:36,874] {logging_mixin.py:115} INFO - [2024-09-20 07:14:36,873] {dagbag.py:507} INFO - Filling up the DagBag from /home/airflow/.local/lib/python3.7/site-packages/airflow/example_dags/example_branch_operator_decorator.py
[2024-09-20 07:14:36,922] {processor.py:651} INFO - DAG(s) dict_keys(['example_branch_python_operator_decorator']) retrieved from /home/airflow/.local/lib/python3.7/site-packages/airflow/example_dags/example_branch_operator_decorator.py
[2024-09-20 07:14:36,978] {logging_mixin.py:115} INFO - [2024-09-20 07:14:36,978] {dag.py:2371} INFO - Sync 1 DAGs
[2024-09-20 07:14:37,253] {logging_mixin.py:115} INFO - [2024-09-20 07:14:37,252] {dag.py:2919} INFO - Setting next_dagrun for example_branch_python_operator_decorator to 2024-09-19T00:00:00+00:00, run_after=2024-09-20T00:00:00+00:00
[2024-09-20 07:14:37,278] {processor.py:161} INFO - Processing /home/airflow/.local/lib/python3.7/site-packages/airflow/example_dags/example_branch_operator_decorator.py took 0.411 seconds
