[2024-09-20 07:05:03,932] {processor.py:153} INFO - Started process (PID=66) to work on /home/airflow/.local/lib/python3.7/site-packages/airflow/example_dags/example_external_task_marker_dag.py
[2024-09-20 07:05:03,933] {processor.py:641} INFO - Processing file /home/airflow/.local/lib/python3.7/site-packages/airflow/example_dags/example_external_task_marker_dag.py for tasks to queue
[2024-09-20 07:05:03,935] {logging_mixin.py:115} INFO - [2024-09-20 07:05:03,935] {dagbag.py:507} INFO - Filling up the DagBag from /home/airflow/.local/lib/python3.7/site-packages/airflow/example_dags/example_external_task_marker_dag.py
[2024-09-20 07:05:03,946] {processor.py:651} INFO - DAG(s) dict_keys(['example_external_task_marker_parent', 'example_external_task_marker_child']) retrieved from /home/airflow/.local/lib/python3.7/site-packages/airflow/example_dags/example_external_task_marker_dag.py
[2024-09-20 07:05:04,043] {logging_mixin.py:115} INFO - [2024-09-20 07:05:04,043] {dag.py:2371} INFO - Sync 2 DAGs
[2024-09-20 07:05:04,484] {logging_mixin.py:115} INFO - [2024-09-20 07:05:04,484] {dag.py:2919} INFO - Setting next_dagrun for example_external_task_marker_child to None, run_after=None
[2024-09-20 07:05:04,487] {logging_mixin.py:115} INFO - [2024-09-20 07:05:04,487] {dag.py:2919} INFO - Setting next_dagrun for example_external_task_marker_parent to None, run_after=None
[2024-09-20 07:05:04,532] {processor.py:161} INFO - Processing /home/airflow/.local/lib/python3.7/site-packages/airflow/example_dags/example_external_task_marker_dag.py took 0.610 seconds
[2024-09-20 07:05:34,806] {processor.py:153} INFO - Started process (PID=118) to work on /home/airflow/.local/lib/python3.7/site-packages/airflow/example_dags/example_external_task_marker_dag.py
[2024-09-20 07:05:34,806] {processor.py:641} INFO - Processing file /home/airflow/.local/lib/python3.7/site-packages/airflow/example_dags/example_external_task_marker_dag.py for tasks to queue
[2024-09-20 07:05:34,807] {logging_mixin.py:115} INFO - [2024-09-20 07:05:34,807] {dagbag.py:507} INFO - Filling up the DagBag from /home/airflow/.local/lib/python3.7/site-packages/airflow/example_dags/example_external_task_marker_dag.py
[2024-09-20 07:05:34,814] {processor.py:651} INFO - DAG(s) dict_keys(['example_external_task_marker_parent', 'example_external_task_marker_child']) retrieved from /home/airflow/.local/lib/python3.7/site-packages/airflow/example_dags/example_external_task_marker_dag.py
[2024-09-20 07:05:34,884] {logging_mixin.py:115} INFO - [2024-09-20 07:05:34,883] {dag.py:2371} INFO - Sync 2 DAGs
[2024-09-20 07:05:35,123] {logging_mixin.py:115} INFO - [2024-09-20 07:05:35,123] {dag.py:2919} INFO - Setting next_dagrun for example_external_task_marker_child to None, run_after=None
[2024-09-20 07:05:35,123] {logging_mixin.py:115} INFO - [2024-09-20 07:05:35,123] {dag.py:2919} INFO - Setting next_dagrun for example_external_task_marker_parent to None, run_after=None
[2024-09-20 07:05:35,140] {processor.py:161} INFO - Processing /home/airflow/.local/lib/python3.7/site-packages/airflow/example_dags/example_external_task_marker_dag.py took 0.340 seconds
[2024-09-20 07:08:19,135] {processor.py:153} INFO - Started process (PID=67) to work on /home/airflow/.local/lib/python3.7/site-packages/airflow/example_dags/example_external_task_marker_dag.py
[2024-09-20 07:08:19,136] {processor.py:641} INFO - Processing file /home/airflow/.local/lib/python3.7/site-packages/airflow/example_dags/example_external_task_marker_dag.py for tasks to queue
[2024-09-20 07:08:19,137] {logging_mixin.py:115} INFO - [2024-09-20 07:08:19,137] {dagbag.py:507} INFO - Filling up the DagBag from /home/airflow/.local/lib/python3.7/site-packages/airflow/example_dags/example_external_task_marker_dag.py
[2024-09-20 07:08:19,148] {processor.py:651} INFO - DAG(s) dict_keys(['example_external_task_marker_parent', 'example_external_task_marker_child']) retrieved from /home/airflow/.local/lib/python3.7/site-packages/airflow/example_dags/example_external_task_marker_dag.py
[2024-09-20 07:08:19,258] {logging_mixin.py:115} INFO - [2024-09-20 07:08:19,258] {dag.py:2371} INFO - Sync 2 DAGs
[2024-09-20 07:08:19,535] {logging_mixin.py:115} INFO - [2024-09-20 07:08:19,535] {dag.py:2919} INFO - Setting next_dagrun for example_external_task_marker_child to None, run_after=None
[2024-09-20 07:08:19,536] {logging_mixin.py:115} INFO - [2024-09-20 07:08:19,535] {dag.py:2919} INFO - Setting next_dagrun for example_external_task_marker_parent to None, run_after=None
[2024-09-20 07:08:19,562] {processor.py:161} INFO - Processing /home/airflow/.local/lib/python3.7/site-packages/airflow/example_dags/example_external_task_marker_dag.py took 0.433 seconds
[2024-09-20 07:10:16,865] {processor.py:153} INFO - Started process (PID=58) to work on /home/airflow/.local/lib/python3.7/site-packages/airflow/example_dags/example_external_task_marker_dag.py
[2024-09-20 07:10:16,866] {processor.py:641} INFO - Processing file /home/airflow/.local/lib/python3.7/site-packages/airflow/example_dags/example_external_task_marker_dag.py for tasks to queue
[2024-09-20 07:10:16,867] {logging_mixin.py:115} INFO - [2024-09-20 07:10:16,867] {dagbag.py:507} INFO - Filling up the DagBag from /home/airflow/.local/lib/python3.7/site-packages/airflow/example_dags/example_external_task_marker_dag.py
[2024-09-20 07:10:16,875] {processor.py:651} INFO - DAG(s) dict_keys(['example_external_task_marker_parent', 'example_external_task_marker_child']) retrieved from /home/airflow/.local/lib/python3.7/site-packages/airflow/example_dags/example_external_task_marker_dag.py
[2024-09-20 07:10:16,957] {logging_mixin.py:115} INFO - [2024-09-20 07:10:16,957] {dag.py:2371} INFO - Sync 2 DAGs
[2024-09-20 07:10:17,200] {logging_mixin.py:115} INFO - [2024-09-20 07:10:17,200] {dag.py:2919} INFO - Setting next_dagrun for example_external_task_marker_child to None, run_after=None
[2024-09-20 07:10:17,201] {logging_mixin.py:115} INFO - [2024-09-20 07:10:17,201] {dag.py:2919} INFO - Setting next_dagrun for example_external_task_marker_parent to None, run_after=None
[2024-09-20 07:10:17,220] {processor.py:161} INFO - Processing /home/airflow/.local/lib/python3.7/site-packages/airflow/example_dags/example_external_task_marker_dag.py took 0.359 seconds
[2024-09-20 07:10:47,942] {processor.py:153} INFO - Started process (PID=119) to work on /home/airflow/.local/lib/python3.7/site-packages/airflow/example_dags/example_external_task_marker_dag.py
[2024-09-20 07:10:47,943] {processor.py:641} INFO - Processing file /home/airflow/.local/lib/python3.7/site-packages/airflow/example_dags/example_external_task_marker_dag.py for tasks to queue
[2024-09-20 07:10:47,944] {logging_mixin.py:115} INFO - [2024-09-20 07:10:47,944] {dagbag.py:507} INFO - Filling up the DagBag from /home/airflow/.local/lib/python3.7/site-packages/airflow/example_dags/example_external_task_marker_dag.py
[2024-09-20 07:10:47,951] {processor.py:651} INFO - DAG(s) dict_keys(['example_external_task_marker_parent', 'example_external_task_marker_child']) retrieved from /home/airflow/.local/lib/python3.7/site-packages/airflow/example_dags/example_external_task_marker_dag.py
[2024-09-20 07:10:48,047] {logging_mixin.py:115} INFO - [2024-09-20 07:10:48,047] {dag.py:2371} INFO - Sync 2 DAGs
[2024-09-20 07:10:48,306] {logging_mixin.py:115} INFO - [2024-09-20 07:10:48,306] {dag.py:2919} INFO - Setting next_dagrun for example_external_task_marker_child to None, run_after=None
[2024-09-20 07:10:48,306] {logging_mixin.py:115} INFO - [2024-09-20 07:10:48,306] {dag.py:2919} INFO - Setting next_dagrun for example_external_task_marker_parent to None, run_after=None
[2024-09-20 07:10:48,328] {processor.py:161} INFO - Processing /home/airflow/.local/lib/python3.7/site-packages/airflow/example_dags/example_external_task_marker_dag.py took 0.392 seconds
[2024-09-20 07:11:18,566] {processor.py:153} INFO - Started process (PID=171) to work on /home/airflow/.local/lib/python3.7/site-packages/airflow/example_dags/example_external_task_marker_dag.py
[2024-09-20 07:11:18,567] {processor.py:641} INFO - Processing file /home/airflow/.local/lib/python3.7/site-packages/airflow/example_dags/example_external_task_marker_dag.py for tasks to queue
[2024-09-20 07:11:18,567] {logging_mixin.py:115} INFO - [2024-09-20 07:11:18,567] {dagbag.py:507} INFO - Filling up the DagBag from /home/airflow/.local/lib/python3.7/site-packages/airflow/example_dags/example_external_task_marker_dag.py
[2024-09-20 07:11:18,574] {processor.py:651} INFO - DAG(s) dict_keys(['example_external_task_marker_parent', 'example_external_task_marker_child']) retrieved from /home/airflow/.local/lib/python3.7/site-packages/airflow/example_dags/example_external_task_marker_dag.py
[2024-09-20 07:11:18,648] {logging_mixin.py:115} INFO - [2024-09-20 07:11:18,648] {dag.py:2371} INFO - Sync 2 DAGs
[2024-09-20 07:11:18,848] {logging_mixin.py:115} INFO - [2024-09-20 07:11:18,848] {dag.py:2919} INFO - Setting next_dagrun for example_external_task_marker_child to None, run_after=None
[2024-09-20 07:11:18,849] {logging_mixin.py:115} INFO - [2024-09-20 07:11:18,849] {dag.py:2919} INFO - Setting next_dagrun for example_external_task_marker_parent to None, run_after=None
[2024-09-20 07:11:18,866] {processor.py:161} INFO - Processing /home/airflow/.local/lib/python3.7/site-packages/airflow/example_dags/example_external_task_marker_dag.py took 0.305 seconds
[2024-09-20 07:14:07,604] {processor.py:153} INFO - Started process (PID=68) to work on /home/airflow/.local/lib/python3.7/site-packages/airflow/example_dags/example_external_task_marker_dag.py
[2024-09-20 07:14:07,609] {processor.py:641} INFO - Processing file /home/airflow/.local/lib/python3.7/site-packages/airflow/example_dags/example_external_task_marker_dag.py for tasks to queue
[2024-09-20 07:14:07,612] {logging_mixin.py:115} INFO - [2024-09-20 07:14:07,611] {dagbag.py:507} INFO - Filling up the DagBag from /home/airflow/.local/lib/python3.7/site-packages/airflow/example_dags/example_external_task_marker_dag.py
[2024-09-20 07:14:07,663] {processor.py:651} INFO - DAG(s) dict_keys(['example_external_task_marker_parent', 'example_external_task_marker_child']) retrieved from /home/airflow/.local/lib/python3.7/site-packages/airflow/example_dags/example_external_task_marker_dag.py
[2024-09-20 07:14:07,987] {logging_mixin.py:115} INFO - [2024-09-20 07:14:07,987] {dag.py:2371} INFO - Sync 2 DAGs
[2024-09-20 07:14:08,330] {logging_mixin.py:115} INFO - [2024-09-20 07:14:08,330] {dag.py:2919} INFO - Setting next_dagrun for example_external_task_marker_child to None, run_after=None
[2024-09-20 07:14:08,331] {logging_mixin.py:115} INFO - [2024-09-20 07:14:08,330] {dag.py:2919} INFO - Setting next_dagrun for example_external_task_marker_parent to None, run_after=None
[2024-09-20 07:14:08,390] {processor.py:161} INFO - Processing /home/airflow/.local/lib/python3.7/site-packages/airflow/example_dags/example_external_task_marker_dag.py took 0.793 seconds
[2024-09-20 07:14:39,178] {processor.py:153} INFO - Started process (PID=120) to work on /home/airflow/.local/lib/python3.7/site-packages/airflow/example_dags/example_external_task_marker_dag.py
[2024-09-20 07:14:39,179] {processor.py:641} INFO - Processing file /home/airflow/.local/lib/python3.7/site-packages/airflow/example_dags/example_external_task_marker_dag.py for tasks to queue
[2024-09-20 07:14:39,180] {logging_mixin.py:115} INFO - [2024-09-20 07:14:39,179] {dagbag.py:507} INFO - Filling up the DagBag from /home/airflow/.local/lib/python3.7/site-packages/airflow/example_dags/example_external_task_marker_dag.py
[2024-09-20 07:14:39,185] {processor.py:651} INFO - DAG(s) dict_keys(['example_external_task_marker_parent', 'example_external_task_marker_child']) retrieved from /home/airflow/.local/lib/python3.7/site-packages/airflow/example_dags/example_external_task_marker_dag.py
[2024-09-20 07:14:39,255] {logging_mixin.py:115} INFO - [2024-09-20 07:14:39,255] {dag.py:2371} INFO - Sync 2 DAGs
[2024-09-20 07:14:39,470] {logging_mixin.py:115} INFO - [2024-09-20 07:14:39,470] {dag.py:2919} INFO - Setting next_dagrun for example_external_task_marker_child to None, run_after=None
[2024-09-20 07:14:39,470] {logging_mixin.py:115} INFO - [2024-09-20 07:14:39,470] {dag.py:2919} INFO - Setting next_dagrun for example_external_task_marker_parent to None, run_after=None
[2024-09-20 07:14:39,493] {processor.py:161} INFO - Processing /home/airflow/.local/lib/python3.7/site-packages/airflow/example_dags/example_external_task_marker_dag.py took 0.319 seconds
