[2024-09-20 07:05:08,761] {processor.py:153} INFO - Started process (PID=85) to work on /home/airflow/.local/lib/python3.7/site-packages/airflow/example_dags/example_subdag_operator.py
[2024-09-20 07:05:08,762] {processor.py:641} INFO - Processing file /home/airflow/.local/lib/python3.7/site-packages/airflow/example_dags/example_subdag_operator.py for tasks to queue
[2024-09-20 07:05:08,763] {logging_mixin.py:115} INFO - [2024-09-20 07:05:08,763] {dagbag.py:507} INFO - Filling up the DagBag from /home/airflow/.local/lib/python3.7/site-packages/airflow/example_dags/example_subdag_operator.py
[2024-09-20 07:05:08,825] {processor.py:651} INFO - DAG(s) dict_keys(['example_subdag_operator.section-1', 'example_subdag_operator.section-2', 'example_subdag_operator']) retrieved from /home/airflow/.local/lib/python3.7/site-packages/airflow/example_dags/example_subdag_operator.py
[2024-09-20 07:05:09,169] {logging_mixin.py:115} INFO - [2024-09-20 07:05:09,169] {dag.py:2371} INFO - Sync 3 DAGs
[2024-09-20 07:05:09,213] {logging_mixin.py:115} INFO - [2024-09-20 07:05:09,213] {dag.py:2919} INFO - Setting next_dagrun for example_subdag_operator to 2024-09-18T00:00:00+00:00, run_after=2024-09-18T00:00:00+00:00
[2024-09-20 07:05:09,213] {logging_mixin.py:115} INFO - [2024-09-20 07:05:09,213] {dag.py:2919} INFO - Setting next_dagrun for example_subdag_operator.section-1 to None, run_after=None
[2024-09-20 07:05:09,214] {logging_mixin.py:115} INFO - [2024-09-20 07:05:09,213] {dag.py:2919} INFO - Setting next_dagrun for example_subdag_operator.section-2 to None, run_after=None
[2024-09-20 07:05:09,235] {logging_mixin.py:115} INFO - [2024-09-20 07:05:09,235] {dag.py:2371} INFO - Sync 2 DAGs
[2024-09-20 07:05:09,246] {logging_mixin.py:115} INFO - [2024-09-20 07:05:09,246] {dag.py:2919} INFO - Setting next_dagrun for example_subdag_operator.section-1 to None, run_after=None
[2024-09-20 07:05:09,247] {logging_mixin.py:115} INFO - [2024-09-20 07:05:09,247] {dag.py:2919} INFO - Setting next_dagrun for example_subdag_operator.section-2 to None, run_after=None
[2024-09-20 07:05:09,261] {processor.py:161} INFO - Processing /home/airflow/.local/lib/python3.7/site-packages/airflow/example_dags/example_subdag_operator.py took 0.508 seconds
[2024-09-20 07:05:39,300] {processor.py:153} INFO - Started process (PID=139) to work on /home/airflow/.local/lib/python3.7/site-packages/airflow/example_dags/example_subdag_operator.py
[2024-09-20 07:05:39,301] {processor.py:641} INFO - Processing file /home/airflow/.local/lib/python3.7/site-packages/airflow/example_dags/example_subdag_operator.py for tasks to queue
[2024-09-20 07:05:39,302] {logging_mixin.py:115} INFO - [2024-09-20 07:05:39,301] {dagbag.py:507} INFO - Filling up the DagBag from /home/airflow/.local/lib/python3.7/site-packages/airflow/example_dags/example_subdag_operator.py
[2024-09-20 07:05:39,342] {processor.py:651} INFO - DAG(s) dict_keys(['example_subdag_operator.section-1', 'example_subdag_operator.section-2', 'example_subdag_operator']) retrieved from /home/airflow/.local/lib/python3.7/site-packages/airflow/example_dags/example_subdag_operator.py
[2024-09-20 07:05:39,403] {logging_mixin.py:115} INFO - [2024-09-20 07:05:39,403] {dag.py:2371} INFO - Sync 3 DAGs
[2024-09-20 07:05:39,621] {logging_mixin.py:115} INFO - [2024-09-20 07:05:39,620] {dag.py:2919} INFO - Setting next_dagrun for example_subdag_operator to 2024-09-18T00:00:00+00:00, run_after=2024-09-18T00:00:00+00:00
[2024-09-20 07:05:39,621] {logging_mixin.py:115} INFO - [2024-09-20 07:05:39,621] {dag.py:2919} INFO - Setting next_dagrun for example_subdag_operator.section-1 to None, run_after=None
[2024-09-20 07:05:39,622] {logging_mixin.py:115} INFO - [2024-09-20 07:05:39,622] {dag.py:2919} INFO - Setting next_dagrun for example_subdag_operator.section-2 to None, run_after=None
[2024-09-20 07:05:39,635] {logging_mixin.py:115} INFO - [2024-09-20 07:05:39,635] {dag.py:2371} INFO - Sync 2 DAGs
[2024-09-20 07:05:39,648] {logging_mixin.py:115} INFO - [2024-09-20 07:05:39,648] {dag.py:2919} INFO - Setting next_dagrun for example_subdag_operator.section-1 to None, run_after=None
[2024-09-20 07:05:39,648] {logging_mixin.py:115} INFO - [2024-09-20 07:05:39,648] {dag.py:2919} INFO - Setting next_dagrun for example_subdag_operator.section-2 to None, run_after=None
[2024-09-20 07:05:39,668] {processor.py:161} INFO - Processing /home/airflow/.local/lib/python3.7/site-packages/airflow/example_dags/example_subdag_operator.py took 0.372 seconds
[2024-09-20 07:08:23,391] {processor.py:153} INFO - Started process (PID=86) to work on /home/airflow/.local/lib/python3.7/site-packages/airflow/example_dags/example_subdag_operator.py
[2024-09-20 07:08:23,392] {processor.py:641} INFO - Processing file /home/airflow/.local/lib/python3.7/site-packages/airflow/example_dags/example_subdag_operator.py for tasks to queue
[2024-09-20 07:08:23,392] {logging_mixin.py:115} INFO - [2024-09-20 07:08:23,392] {dagbag.py:507} INFO - Filling up the DagBag from /home/airflow/.local/lib/python3.7/site-packages/airflow/example_dags/example_subdag_operator.py
[2024-09-20 07:08:23,441] {processor.py:651} INFO - DAG(s) dict_keys(['example_subdag_operator.section-1', 'example_subdag_operator.section-2', 'example_subdag_operator']) retrieved from /home/airflow/.local/lib/python3.7/site-packages/airflow/example_dags/example_subdag_operator.py
[2024-09-20 07:08:23,496] {logging_mixin.py:115} INFO - [2024-09-20 07:08:23,496] {dag.py:2371} INFO - Sync 3 DAGs
[2024-09-20 07:08:23,755] {logging_mixin.py:115} INFO - [2024-09-20 07:08:23,755] {dag.py:2919} INFO - Setting next_dagrun for example_subdag_operator to 2024-09-18T00:00:00+00:00, run_after=2024-09-18T00:00:00+00:00
[2024-09-20 07:08:23,756] {logging_mixin.py:115} INFO - [2024-09-20 07:08:23,756] {dag.py:2919} INFO - Setting next_dagrun for example_subdag_operator.section-1 to None, run_after=None
[2024-09-20 07:08:23,756] {logging_mixin.py:115} INFO - [2024-09-20 07:08:23,756] {dag.py:2919} INFO - Setting next_dagrun for example_subdag_operator.section-2 to None, run_after=None
[2024-09-20 07:08:23,774] {logging_mixin.py:115} INFO - [2024-09-20 07:08:23,774] {dag.py:2371} INFO - Sync 2 DAGs
[2024-09-20 07:08:23,788] {logging_mixin.py:115} INFO - [2024-09-20 07:08:23,788] {dag.py:2919} INFO - Setting next_dagrun for example_subdag_operator.section-1 to None, run_after=None
[2024-09-20 07:08:23,788] {logging_mixin.py:115} INFO - [2024-09-20 07:08:23,788] {dag.py:2919} INFO - Setting next_dagrun for example_subdag_operator.section-2 to None, run_after=None
[2024-09-20 07:08:23,802] {processor.py:161} INFO - Processing /home/airflow/.local/lib/python3.7/site-packages/airflow/example_dags/example_subdag_operator.py took 0.416 seconds
[2024-09-20 07:10:21,507] {processor.py:153} INFO - Started process (PID=86) to work on /home/airflow/.local/lib/python3.7/site-packages/airflow/example_dags/example_subdag_operator.py
[2024-09-20 07:10:21,512] {processor.py:641} INFO - Processing file /home/airflow/.local/lib/python3.7/site-packages/airflow/example_dags/example_subdag_operator.py for tasks to queue
[2024-09-20 07:10:21,514] {logging_mixin.py:115} INFO - [2024-09-20 07:10:21,513] {dagbag.py:507} INFO - Filling up the DagBag from /home/airflow/.local/lib/python3.7/site-packages/airflow/example_dags/example_subdag_operator.py
[2024-09-20 07:10:21,614] {processor.py:651} INFO - DAG(s) dict_keys(['example_subdag_operator.section-1', 'example_subdag_operator.section-2', 'example_subdag_operator']) retrieved from /home/airflow/.local/lib/python3.7/site-packages/airflow/example_dags/example_subdag_operator.py
[2024-09-20 07:10:21,702] {logging_mixin.py:115} INFO - [2024-09-20 07:10:21,702] {dag.py:2371} INFO - Sync 3 DAGs
[2024-09-20 07:10:21,950] {logging_mixin.py:115} INFO - [2024-09-20 07:10:21,950] {dag.py:2919} INFO - Setting next_dagrun for example_subdag_operator to 2024-09-18T00:00:00+00:00, run_after=2024-09-18T00:00:00+00:00
[2024-09-20 07:10:21,951] {logging_mixin.py:115} INFO - [2024-09-20 07:10:21,951] {dag.py:2919} INFO - Setting next_dagrun for example_subdag_operator.section-1 to None, run_after=None
[2024-09-20 07:10:21,951] {logging_mixin.py:115} INFO - [2024-09-20 07:10:21,951] {dag.py:2919} INFO - Setting next_dagrun for example_subdag_operator.section-2 to None, run_after=None
[2024-09-20 07:10:21,966] {logging_mixin.py:115} INFO - [2024-09-20 07:10:21,966] {dag.py:2371} INFO - Sync 2 DAGs
[2024-09-20 07:10:21,980] {logging_mixin.py:115} INFO - [2024-09-20 07:10:21,979] {dag.py:2919} INFO - Setting next_dagrun for example_subdag_operator.section-1 to None, run_after=None
[2024-09-20 07:10:21,980] {logging_mixin.py:115} INFO - [2024-09-20 07:10:21,980] {dag.py:2919} INFO - Setting next_dagrun for example_subdag_operator.section-2 to None, run_after=None
[2024-09-20 07:10:21,999] {processor.py:161} INFO - Processing /home/airflow/.local/lib/python3.7/site-packages/airflow/example_dags/example_subdag_operator.py took 0.508 seconds
[2024-09-20 07:10:52,110] {processor.py:153} INFO - Started process (PID=140) to work on /home/airflow/.local/lib/python3.7/site-packages/airflow/example_dags/example_subdag_operator.py
[2024-09-20 07:10:52,110] {processor.py:641} INFO - Processing file /home/airflow/.local/lib/python3.7/site-packages/airflow/example_dags/example_subdag_operator.py for tasks to queue
[2024-09-20 07:10:52,111] {logging_mixin.py:115} INFO - [2024-09-20 07:10:52,111] {dagbag.py:507} INFO - Filling up the DagBag from /home/airflow/.local/lib/python3.7/site-packages/airflow/example_dags/example_subdag_operator.py
[2024-09-20 07:10:52,145] {processor.py:651} INFO - DAG(s) dict_keys(['example_subdag_operator.section-1', 'example_subdag_operator.section-2', 'example_subdag_operator']) retrieved from /home/airflow/.local/lib/python3.7/site-packages/airflow/example_dags/example_subdag_operator.py
[2024-09-20 07:10:52,190] {logging_mixin.py:115} INFO - [2024-09-20 07:10:52,190] {dag.py:2371} INFO - Sync 3 DAGs
[2024-09-20 07:10:52,389] {logging_mixin.py:115} INFO - [2024-09-20 07:10:52,389] {dag.py:2919} INFO - Setting next_dagrun for example_subdag_operator to 2024-09-18T00:00:00+00:00, run_after=2024-09-18T00:00:00+00:00
[2024-09-20 07:10:52,390] {logging_mixin.py:115} INFO - [2024-09-20 07:10:52,390] {dag.py:2919} INFO - Setting next_dagrun for example_subdag_operator.section-1 to None, run_after=None
[2024-09-20 07:10:52,390] {logging_mixin.py:115} INFO - [2024-09-20 07:10:52,390] {dag.py:2919} INFO - Setting next_dagrun for example_subdag_operator.section-2 to None, run_after=None
[2024-09-20 07:10:52,400] {logging_mixin.py:115} INFO - [2024-09-20 07:10:52,400] {dag.py:2371} INFO - Sync 2 DAGs
[2024-09-20 07:10:52,409] {logging_mixin.py:115} INFO - [2024-09-20 07:10:52,409] {dag.py:2919} INFO - Setting next_dagrun for example_subdag_operator.section-1 to None, run_after=None
[2024-09-20 07:10:52,410] {logging_mixin.py:115} INFO - [2024-09-20 07:10:52,410] {dag.py:2919} INFO - Setting next_dagrun for example_subdag_operator.section-2 to None, run_after=None
[2024-09-20 07:10:52,425] {processor.py:161} INFO - Processing /home/airflow/.local/lib/python3.7/site-packages/airflow/example_dags/example_subdag_operator.py took 0.320 seconds
[2024-09-20 07:11:22,581] {processor.py:153} INFO - Started process (PID=201) to work on /home/airflow/.local/lib/python3.7/site-packages/airflow/example_dags/example_subdag_operator.py
[2024-09-20 07:11:22,582] {processor.py:641} INFO - Processing file /home/airflow/.local/lib/python3.7/site-packages/airflow/example_dags/example_subdag_operator.py for tasks to queue
[2024-09-20 07:11:22,583] {logging_mixin.py:115} INFO - [2024-09-20 07:11:22,582] {dagbag.py:507} INFO - Filling up the DagBag from /home/airflow/.local/lib/python3.7/site-packages/airflow/example_dags/example_subdag_operator.py
[2024-09-20 07:11:22,627] {processor.py:651} INFO - DAG(s) dict_keys(['example_subdag_operator.section-1', 'example_subdag_operator.section-2', 'example_subdag_operator']) retrieved from /home/airflow/.local/lib/python3.7/site-packages/airflow/example_dags/example_subdag_operator.py
[2024-09-20 07:11:22,677] {logging_mixin.py:115} INFO - [2024-09-20 07:11:22,677] {dag.py:2371} INFO - Sync 3 DAGs
[2024-09-20 07:11:22,862] {logging_mixin.py:115} INFO - [2024-09-20 07:11:22,861] {dag.py:2919} INFO - Setting next_dagrun for example_subdag_operator to 2024-09-18T00:00:00+00:00, run_after=2024-09-18T00:00:00+00:00
[2024-09-20 07:11:22,862] {logging_mixin.py:115} INFO - [2024-09-20 07:11:22,862] {dag.py:2919} INFO - Setting next_dagrun for example_subdag_operator.section-1 to None, run_after=None
[2024-09-20 07:11:22,862] {logging_mixin.py:115} INFO - [2024-09-20 07:11:22,862] {dag.py:2919} INFO - Setting next_dagrun for example_subdag_operator.section-2 to None, run_after=None
[2024-09-20 07:11:22,873] {logging_mixin.py:115} INFO - [2024-09-20 07:11:22,873] {dag.py:2371} INFO - Sync 2 DAGs
[2024-09-20 07:11:22,884] {logging_mixin.py:115} INFO - [2024-09-20 07:11:22,884] {dag.py:2919} INFO - Setting next_dagrun for example_subdag_operator.section-1 to None, run_after=None
[2024-09-20 07:11:22,884] {logging_mixin.py:115} INFO - [2024-09-20 07:11:22,884] {dag.py:2919} INFO - Setting next_dagrun for example_subdag_operator.section-2 to None, run_after=None
[2024-09-20 07:11:22,896] {processor.py:161} INFO - Processing /home/airflow/.local/lib/python3.7/site-packages/airflow/example_dags/example_subdag_operator.py took 0.319 seconds
[2024-09-20 07:14:12,587] {processor.py:153} INFO - Started process (PID=87) to work on /home/airflow/.local/lib/python3.7/site-packages/airflow/example_dags/example_subdag_operator.py
[2024-09-20 07:14:12,588] {processor.py:641} INFO - Processing file /home/airflow/.local/lib/python3.7/site-packages/airflow/example_dags/example_subdag_operator.py for tasks to queue
[2024-09-20 07:14:12,589] {logging_mixin.py:115} INFO - [2024-09-20 07:14:12,589] {dagbag.py:507} INFO - Filling up the DagBag from /home/airflow/.local/lib/python3.7/site-packages/airflow/example_dags/example_subdag_operator.py
[2024-09-20 07:14:12,641] {processor.py:651} INFO - DAG(s) dict_keys(['example_subdag_operator.section-1', 'example_subdag_operator.section-2', 'example_subdag_operator']) retrieved from /home/airflow/.local/lib/python3.7/site-packages/airflow/example_dags/example_subdag_operator.py
[2024-09-20 07:14:12,701] {logging_mixin.py:115} INFO - [2024-09-20 07:14:12,701] {dag.py:2371} INFO - Sync 3 DAGs
[2024-09-20 07:14:12,970] {logging_mixin.py:115} INFO - [2024-09-20 07:14:12,970] {dag.py:2919} INFO - Setting next_dagrun for example_subdag_operator to 2024-09-18T00:00:00+00:00, run_after=2024-09-18T00:00:00+00:00
[2024-09-20 07:14:12,971] {logging_mixin.py:115} INFO - [2024-09-20 07:14:12,971] {dag.py:2919} INFO - Setting next_dagrun for example_subdag_operator.section-1 to None, run_after=None
[2024-09-20 07:14:12,971] {logging_mixin.py:115} INFO - [2024-09-20 07:14:12,971] {dag.py:2919} INFO - Setting next_dagrun for example_subdag_operator.section-2 to None, run_after=None
[2024-09-20 07:14:12,984] {logging_mixin.py:115} INFO - [2024-09-20 07:14:12,984] {dag.py:2371} INFO - Sync 2 DAGs
[2024-09-20 07:14:12,997] {logging_mixin.py:115} INFO - [2024-09-20 07:14:12,997] {dag.py:2919} INFO - Setting next_dagrun for example_subdag_operator.section-1 to None, run_after=None
[2024-09-20 07:14:12,997] {logging_mixin.py:115} INFO - [2024-09-20 07:14:12,997] {dag.py:2919} INFO - Setting next_dagrun for example_subdag_operator.section-2 to None, run_after=None
[2024-09-20 07:14:13,010] {processor.py:161} INFO - Processing /home/airflow/.local/lib/python3.7/site-packages/airflow/example_dags/example_subdag_operator.py took 0.427 seconds
[2024-09-20 07:14:43,246] {processor.py:153} INFO - Started process (PID=139) to work on /home/airflow/.local/lib/python3.7/site-packages/airflow/example_dags/example_subdag_operator.py
[2024-09-20 07:14:43,247] {processor.py:641} INFO - Processing file /home/airflow/.local/lib/python3.7/site-packages/airflow/example_dags/example_subdag_operator.py for tasks to queue
[2024-09-20 07:14:43,248] {logging_mixin.py:115} INFO - [2024-09-20 07:14:43,247] {dagbag.py:507} INFO - Filling up the DagBag from /home/airflow/.local/lib/python3.7/site-packages/airflow/example_dags/example_subdag_operator.py
[2024-09-20 07:14:43,289] {processor.py:651} INFO - DAG(s) dict_keys(['example_subdag_operator.section-1', 'example_subdag_operator.section-2', 'example_subdag_operator']) retrieved from /home/airflow/.local/lib/python3.7/site-packages/airflow/example_dags/example_subdag_operator.py
[2024-09-20 07:14:43,355] {logging_mixin.py:115} INFO - [2024-09-20 07:14:43,355] {dag.py:2371} INFO - Sync 3 DAGs
[2024-09-20 07:14:43,581] {logging_mixin.py:115} INFO - [2024-09-20 07:14:43,581] {dag.py:2919} INFO - Setting next_dagrun for example_subdag_operator to 2024-09-18T00:00:00+00:00, run_after=2024-09-18T00:00:00+00:00
[2024-09-20 07:14:43,581] {logging_mixin.py:115} INFO - [2024-09-20 07:14:43,581] {dag.py:2919} INFO - Setting next_dagrun for example_subdag_operator.section-1 to None, run_after=None
[2024-09-20 07:14:43,581] {logging_mixin.py:115} INFO - [2024-09-20 07:14:43,581] {dag.py:2919} INFO - Setting next_dagrun for example_subdag_operator.section-2 to None, run_after=None
[2024-09-20 07:14:43,592] {logging_mixin.py:115} INFO - [2024-09-20 07:14:43,592] {dag.py:2371} INFO - Sync 2 DAGs
[2024-09-20 07:14:43,601] {logging_mixin.py:115} INFO - [2024-09-20 07:14:43,601] {dag.py:2919} INFO - Setting next_dagrun for example_subdag_operator.section-1 to None, run_after=None
[2024-09-20 07:14:43,601] {logging_mixin.py:115} INFO - [2024-09-20 07:14:43,601] {dag.py:2919} INFO - Setting next_dagrun for example_subdag_operator.section-2 to None, run_after=None
[2024-09-20 07:14:43,612] {processor.py:161} INFO - Processing /home/airflow/.local/lib/python3.7/site-packages/airflow/example_dags/example_subdag_operator.py took 0.372 seconds
