[2024-09-20 07:05:03,917] {processor.py:153} INFO - Started process (PID=65) to work on /home/airflow/.local/lib/python3.7/site-packages/airflow/example_dags/example_task_group.py
[2024-09-20 07:05:03,919] {processor.py:641} INFO - Processing file /home/airflow/.local/lib/python3.7/site-packages/airflow/example_dags/example_task_group.py for tasks to queue
[2024-09-20 07:05:03,920] {logging_mixin.py:115} INFO - [2024-09-20 07:05:03,920] {dagbag.py:507} INFO - Filling up the DagBag from /home/airflow/.local/lib/python3.7/site-packages/airflow/example_dags/example_task_group.py
[2024-09-20 07:05:03,948] {processor.py:651} INFO - DAG(s) dict_keys(['example_task_group']) retrieved from /home/airflow/.local/lib/python3.7/site-packages/airflow/example_dags/example_task_group.py
[2024-09-20 07:05:04,013] {logging_mixin.py:115} INFO - [2024-09-20 07:05:04,013] {dag.py:2371} INFO - Sync 1 DAGs
[2024-09-20 07:05:04,505] {logging_mixin.py:115} INFO - [2024-09-20 07:05:04,505] {dag.py:2919} INFO - Setting next_dagrun for example_task_group to 2024-09-19T07:05:04.504962+00:00, run_after=2024-09-20T07:05:04.504962+00:00
[2024-09-20 07:05:04,536] {processor.py:161} INFO - Processing /home/airflow/.local/lib/python3.7/site-packages/airflow/example_dags/example_task_group.py took 0.625 seconds
[2024-09-20 07:05:34,799] {processor.py:153} INFO - Started process (PID=117) to work on /home/airflow/.local/lib/python3.7/site-packages/airflow/example_dags/example_task_group.py
[2024-09-20 07:05:34,800] {processor.py:641} INFO - Processing file /home/airflow/.local/lib/python3.7/site-packages/airflow/example_dags/example_task_group.py for tasks to queue
[2024-09-20 07:05:34,801] {logging_mixin.py:115} INFO - [2024-09-20 07:05:34,800] {dagbag.py:507} INFO - Filling up the DagBag from /home/airflow/.local/lib/python3.7/site-packages/airflow/example_dags/example_task_group.py
[2024-09-20 07:05:34,812] {processor.py:651} INFO - DAG(s) dict_keys(['example_task_group']) retrieved from /home/airflow/.local/lib/python3.7/site-packages/airflow/example_dags/example_task_group.py
[2024-09-20 07:05:34,853] {logging_mixin.py:115} INFO - [2024-09-20 07:05:34,853] {dag.py:2371} INFO - Sync 1 DAGs
[2024-09-20 07:05:35,084] {logging_mixin.py:115} INFO - [2024-09-20 07:05:35,084] {dag.py:2919} INFO - Setting next_dagrun for example_task_group to 2024-09-19T07:05:35.084286+00:00, run_after=2024-09-20T07:05:35.084286+00:00
[2024-09-20 07:05:35,102] {processor.py:161} INFO - Processing /home/airflow/.local/lib/python3.7/site-packages/airflow/example_dags/example_task_group.py took 0.307 seconds
[2024-09-20 07:08:18,735] {processor.py:153} INFO - Started process (PID=66) to work on /home/airflow/.local/lib/python3.7/site-packages/airflow/example_dags/example_task_group.py
[2024-09-20 07:08:18,736] {processor.py:641} INFO - Processing file /home/airflow/.local/lib/python3.7/site-packages/airflow/example_dags/example_task_group.py for tasks to queue
[2024-09-20 07:08:18,738] {logging_mixin.py:115} INFO - [2024-09-20 07:08:18,737] {dagbag.py:507} INFO - Filling up the DagBag from /home/airflow/.local/lib/python3.7/site-packages/airflow/example_dags/example_task_group.py
[2024-09-20 07:08:18,757] {processor.py:651} INFO - DAG(s) dict_keys(['example_task_group']) retrieved from /home/airflow/.local/lib/python3.7/site-packages/airflow/example_dags/example_task_group.py
[2024-09-20 07:08:18,816] {logging_mixin.py:115} INFO - [2024-09-20 07:08:18,816] {dag.py:2371} INFO - Sync 1 DAGs
[2024-09-20 07:08:19,063] {logging_mixin.py:115} INFO - [2024-09-20 07:08:19,062] {dag.py:2919} INFO - Setting next_dagrun for example_task_group to 2024-09-19T07:08:19.062211+00:00, run_after=2024-09-20T07:08:19.062211+00:00
[2024-09-20 07:08:19,093] {processor.py:161} INFO - Processing /home/airflow/.local/lib/python3.7/site-packages/airflow/example_dags/example_task_group.py took 0.364 seconds
[2024-09-20 07:10:16,692] {processor.py:153} INFO - Started process (PID=57) to work on /home/airflow/.local/lib/python3.7/site-packages/airflow/example_dags/example_task_group.py
[2024-09-20 07:10:16,695] {processor.py:641} INFO - Processing file /home/airflow/.local/lib/python3.7/site-packages/airflow/example_dags/example_task_group.py for tasks to queue
[2024-09-20 07:10:16,696] {logging_mixin.py:115} INFO - [2024-09-20 07:10:16,696] {dagbag.py:507} INFO - Filling up the DagBag from /home/airflow/.local/lib/python3.7/site-packages/airflow/example_dags/example_task_group.py
[2024-09-20 07:10:16,722] {processor.py:651} INFO - DAG(s) dict_keys(['example_task_group']) retrieved from /home/airflow/.local/lib/python3.7/site-packages/airflow/example_dags/example_task_group.py
[2024-09-20 07:10:16,789] {logging_mixin.py:115} INFO - [2024-09-20 07:10:16,789] {dag.py:2371} INFO - Sync 1 DAGs
[2024-09-20 07:10:17,059] {logging_mixin.py:115} INFO - [2024-09-20 07:10:17,059] {dag.py:2919} INFO - Setting next_dagrun for example_task_group to 2024-09-19T07:10:17.058660+00:00, run_after=2024-09-20T07:10:17.058660+00:00
[2024-09-20 07:10:17,096] {processor.py:161} INFO - Processing /home/airflow/.local/lib/python3.7/site-packages/airflow/example_dags/example_task_group.py took 0.415 seconds
[2024-09-20 07:10:47,899] {processor.py:153} INFO - Started process (PID=118) to work on /home/airflow/.local/lib/python3.7/site-packages/airflow/example_dags/example_task_group.py
[2024-09-20 07:10:47,900] {processor.py:641} INFO - Processing file /home/airflow/.local/lib/python3.7/site-packages/airflow/example_dags/example_task_group.py for tasks to queue
[2024-09-20 07:10:47,901] {logging_mixin.py:115} INFO - [2024-09-20 07:10:47,901] {dagbag.py:507} INFO - Filling up the DagBag from /home/airflow/.local/lib/python3.7/site-packages/airflow/example_dags/example_task_group.py
[2024-09-20 07:10:47,913] {processor.py:651} INFO - DAG(s) dict_keys(['example_task_group']) retrieved from /home/airflow/.local/lib/python3.7/site-packages/airflow/example_dags/example_task_group.py
[2024-09-20 07:10:47,965] {logging_mixin.py:115} INFO - [2024-09-20 07:10:47,965] {dag.py:2371} INFO - Sync 1 DAGs
[2024-09-20 07:10:48,237] {logging_mixin.py:115} INFO - [2024-09-20 07:10:48,237] {dag.py:2919} INFO - Setting next_dagrun for example_task_group to 2024-09-19T07:10:48.236700+00:00, run_after=2024-09-20T07:10:48.236700+00:00
[2024-09-20 07:10:48,260] {processor.py:161} INFO - Processing /home/airflow/.local/lib/python3.7/site-packages/airflow/example_dags/example_task_group.py took 0.365 seconds
[2024-09-20 07:11:18,556] {processor.py:153} INFO - Started process (PID=170) to work on /home/airflow/.local/lib/python3.7/site-packages/airflow/example_dags/example_task_group.py
[2024-09-20 07:11:18,557] {processor.py:641} INFO - Processing file /home/airflow/.local/lib/python3.7/site-packages/airflow/example_dags/example_task_group.py for tasks to queue
[2024-09-20 07:11:18,557] {logging_mixin.py:115} INFO - [2024-09-20 07:11:18,557] {dagbag.py:507} INFO - Filling up the DagBag from /home/airflow/.local/lib/python3.7/site-packages/airflow/example_dags/example_task_group.py
[2024-09-20 07:11:18,568] {processor.py:651} INFO - DAG(s) dict_keys(['example_task_group']) retrieved from /home/airflow/.local/lib/python3.7/site-packages/airflow/example_dags/example_task_group.py
[2024-09-20 07:11:18,608] {logging_mixin.py:115} INFO - [2024-09-20 07:11:18,608] {dag.py:2371} INFO - Sync 1 DAGs
[2024-09-20 07:11:18,810] {logging_mixin.py:115} INFO - [2024-09-20 07:11:18,810] {dag.py:2919} INFO - Setting next_dagrun for example_task_group to 2024-09-19T07:11:18.810011+00:00, run_after=2024-09-20T07:11:18.810011+00:00
[2024-09-20 07:11:18,831] {processor.py:161} INFO - Processing /home/airflow/.local/lib/python3.7/site-packages/airflow/example_dags/example_task_group.py took 0.280 seconds
[2024-09-20 07:14:07,083] {processor.py:153} INFO - Started process (PID=67) to work on /home/airflow/.local/lib/python3.7/site-packages/airflow/example_dags/example_task_group.py
[2024-09-20 07:14:07,084] {processor.py:641} INFO - Processing file /home/airflow/.local/lib/python3.7/site-packages/airflow/example_dags/example_task_group.py for tasks to queue
[2024-09-20 07:14:07,092] {logging_mixin.py:115} INFO - [2024-09-20 07:14:07,092] {dagbag.py:507} INFO - Filling up the DagBag from /home/airflow/.local/lib/python3.7/site-packages/airflow/example_dags/example_task_group.py
[2024-09-20 07:14:07,127] {processor.py:651} INFO - DAG(s) dict_keys(['example_task_group']) retrieved from /home/airflow/.local/lib/python3.7/site-packages/airflow/example_dags/example_task_group.py
[2024-09-20 07:14:07,272] {logging_mixin.py:115} INFO - [2024-09-20 07:14:07,272] {dag.py:2371} INFO - Sync 1 DAGs
[2024-09-20 07:14:07,625] {logging_mixin.py:115} INFO - [2024-09-20 07:14:07,624] {dag.py:2919} INFO - Setting next_dagrun for example_task_group to 2024-09-19T07:14:07.624368+00:00, run_after=2024-09-20T07:14:07.624368+00:00
[2024-09-20 07:14:07,704] {processor.py:161} INFO - Processing /home/airflow/.local/lib/python3.7/site-packages/airflow/example_dags/example_task_group.py took 0.627 seconds
[2024-09-20 07:14:37,779] {processor.py:153} INFO - Started process (PID=119) to work on /home/airflow/.local/lib/python3.7/site-packages/airflow/example_dags/example_task_group.py
[2024-09-20 07:14:37,780] {processor.py:641} INFO - Processing file /home/airflow/.local/lib/python3.7/site-packages/airflow/example_dags/example_task_group.py for tasks to queue
[2024-09-20 07:14:37,781] {logging_mixin.py:115} INFO - [2024-09-20 07:14:37,780] {dagbag.py:507} INFO - Filling up the DagBag from /home/airflow/.local/lib/python3.7/site-packages/airflow/example_dags/example_task_group.py
[2024-09-20 07:14:37,796] {processor.py:651} INFO - DAG(s) dict_keys(['example_task_group']) retrieved from /home/airflow/.local/lib/python3.7/site-packages/airflow/example_dags/example_task_group.py
[2024-09-20 07:14:37,848] {logging_mixin.py:115} INFO - [2024-09-20 07:14:37,848] {dag.py:2371} INFO - Sync 1 DAGs
[2024-09-20 07:14:38,121] {logging_mixin.py:115} INFO - [2024-09-20 07:14:38,121] {dag.py:2919} INFO - Setting next_dagrun for example_task_group to 2024-09-19T07:14:38.120620+00:00, run_after=2024-09-20T07:14:38.120620+00:00
[2024-09-20 07:14:38,147] {processor.py:161} INFO - Processing /home/airflow/.local/lib/python3.7/site-packages/airflow/example_dags/example_task_group.py took 0.375 seconds
