[2024-09-20 07:05:08,018] {processor.py:153} INFO - Started process (PID=82) to work on /home/airflow/.local/lib/python3.7/site-packages/airflow/example_dags/example_branch_python_dop_operator_3.py
[2024-09-20 07:05:08,019] {processor.py:641} INFO - Processing file /home/airflow/.local/lib/python3.7/site-packages/airflow/example_dags/example_branch_python_dop_operator_3.py for tasks to queue
[2024-09-20 07:05:08,020] {logging_mixin.py:115} INFO - [2024-09-20 07:05:08,019] {dagbag.py:507} INFO - Filling up the DagBag from /home/airflow/.local/lib/python3.7/site-packages/airflow/example_dags/example_branch_python_dop_operator_3.py
[2024-09-20 07:05:08,047] {processor.py:651} INFO - DAG(s) dict_keys(['example_branch_dop_operator_v3']) retrieved from /home/airflow/.local/lib/python3.7/site-packages/airflow/example_dags/example_branch_python_dop_operator_3.py
[2024-09-20 07:05:08,108] {logging_mixin.py:115} INFO - [2024-09-20 07:05:08,108] {dag.py:2371} INFO - Sync 1 DAGs
[2024-09-20 07:05:08,411] {logging_mixin.py:115} INFO - [2024-09-20 07:05:08,411] {dag.py:2919} INFO - Setting next_dagrun for example_branch_dop_operator_v3 to 2024-09-20T07:04:00+00:00, run_after=2024-09-20T07:05:00+00:00
[2024-09-20 07:05:08,470] {processor.py:161} INFO - Processing /home/airflow/.local/lib/python3.7/site-packages/airflow/example_dags/example_branch_python_dop_operator_3.py took 0.459 seconds
[2024-09-20 07:05:38,743] {processor.py:153} INFO - Started process (PID=134) to work on /home/airflow/.local/lib/python3.7/site-packages/airflow/example_dags/example_branch_python_dop_operator_3.py
[2024-09-20 07:05:38,744] {processor.py:641} INFO - Processing file /home/airflow/.local/lib/python3.7/site-packages/airflow/example_dags/example_branch_python_dop_operator_3.py for tasks to queue
[2024-09-20 07:05:38,745] {logging_mixin.py:115} INFO - [2024-09-20 07:05:38,745] {dagbag.py:507} INFO - Filling up the DagBag from /home/airflow/.local/lib/python3.7/site-packages/airflow/example_dags/example_branch_python_dop_operator_3.py
[2024-09-20 07:05:38,763] {processor.py:651} INFO - DAG(s) dict_keys(['example_branch_dop_operator_v3']) retrieved from /home/airflow/.local/lib/python3.7/site-packages/airflow/example_dags/example_branch_python_dop_operator_3.py
[2024-09-20 07:05:38,807] {logging_mixin.py:115} INFO - [2024-09-20 07:05:38,807] {dag.py:2371} INFO - Sync 1 DAGs
[2024-09-20 07:05:39,048] {logging_mixin.py:115} INFO - [2024-09-20 07:05:39,047] {dag.py:2919} INFO - Setting next_dagrun for example_branch_dop_operator_v3 to 2024-09-20T07:04:00+00:00, run_after=2024-09-20T07:05:00+00:00
[2024-09-20 07:05:39,072] {processor.py:161} INFO - Processing /home/airflow/.local/lib/python3.7/site-packages/airflow/example_dags/example_branch_python_dop_operator_3.py took 0.334 seconds
[2024-09-20 07:08:22,758] {processor.py:153} INFO - Started process (PID=83) to work on /home/airflow/.local/lib/python3.7/site-packages/airflow/example_dags/example_branch_python_dop_operator_3.py
[2024-09-20 07:08:22,759] {processor.py:641} INFO - Processing file /home/airflow/.local/lib/python3.7/site-packages/airflow/example_dags/example_branch_python_dop_operator_3.py for tasks to queue
[2024-09-20 07:08:22,760] {logging_mixin.py:115} INFO - [2024-09-20 07:08:22,760] {dagbag.py:507} INFO - Filling up the DagBag from /home/airflow/.local/lib/python3.7/site-packages/airflow/example_dags/example_branch_python_dop_operator_3.py
[2024-09-20 07:08:22,777] {processor.py:651} INFO - DAG(s) dict_keys(['example_branch_dop_operator_v3']) retrieved from /home/airflow/.local/lib/python3.7/site-packages/airflow/example_dags/example_branch_python_dop_operator_3.py
[2024-09-20 07:08:22,816] {logging_mixin.py:115} INFO - [2024-09-20 07:08:22,816] {dag.py:2371} INFO - Sync 1 DAGs
[2024-09-20 07:08:23,032] {logging_mixin.py:115} INFO - [2024-09-20 07:08:23,032] {dag.py:2919} INFO - Setting next_dagrun for example_branch_dop_operator_v3 to 2024-09-20T07:07:00+00:00, run_after=2024-09-20T07:08:00+00:00
[2024-09-20 07:08:23,054] {processor.py:161} INFO - Processing /home/airflow/.local/lib/python3.7/site-packages/airflow/example_dags/example_branch_python_dop_operator_3.py took 0.300 seconds
[2024-09-20 07:10:20,706] {processor.py:153} INFO - Started process (PID=83) to work on /home/airflow/.local/lib/python3.7/site-packages/airflow/example_dags/example_branch_python_dop_operator_3.py
[2024-09-20 07:10:20,707] {processor.py:641} INFO - Processing file /home/airflow/.local/lib/python3.7/site-packages/airflow/example_dags/example_branch_python_dop_operator_3.py for tasks to queue
[2024-09-20 07:10:20,707] {logging_mixin.py:115} INFO - [2024-09-20 07:10:20,707] {dagbag.py:507} INFO - Filling up the DagBag from /home/airflow/.local/lib/python3.7/site-packages/airflow/example_dags/example_branch_python_dop_operator_3.py
[2024-09-20 07:10:20,725] {processor.py:651} INFO - DAG(s) dict_keys(['example_branch_dop_operator_v3']) retrieved from /home/airflow/.local/lib/python3.7/site-packages/airflow/example_dags/example_branch_python_dop_operator_3.py
[2024-09-20 07:10:20,767] {logging_mixin.py:115} INFO - [2024-09-20 07:10:20,767] {dag.py:2371} INFO - Sync 1 DAGs
[2024-09-20 07:10:20,995] {logging_mixin.py:115} INFO - [2024-09-20 07:10:20,995] {dag.py:2919} INFO - Setting next_dagrun for example_branch_dop_operator_v3 to 2024-09-20T07:09:00+00:00, run_after=2024-09-20T07:10:00+00:00
[2024-09-20 07:10:21,027] {processor.py:161} INFO - Processing /home/airflow/.local/lib/python3.7/site-packages/airflow/example_dags/example_branch_python_dop_operator_3.py took 0.326 seconds
[2024-09-20 07:10:51,375] {processor.py:153} INFO - Started process (PID=135) to work on /home/airflow/.local/lib/python3.7/site-packages/airflow/example_dags/example_branch_python_dop_operator_3.py
[2024-09-20 07:10:51,376] {processor.py:641} INFO - Processing file /home/airflow/.local/lib/python3.7/site-packages/airflow/example_dags/example_branch_python_dop_operator_3.py for tasks to queue
[2024-09-20 07:10:51,377] {logging_mixin.py:115} INFO - [2024-09-20 07:10:51,377] {dagbag.py:507} INFO - Filling up the DagBag from /home/airflow/.local/lib/python3.7/site-packages/airflow/example_dags/example_branch_python_dop_operator_3.py
[2024-09-20 07:10:51,391] {processor.py:651} INFO - DAG(s) dict_keys(['example_branch_dop_operator_v3']) retrieved from /home/airflow/.local/lib/python3.7/site-packages/airflow/example_dags/example_branch_python_dop_operator_3.py
[2024-09-20 07:10:51,428] {logging_mixin.py:115} INFO - [2024-09-20 07:10:51,427] {dag.py:2371} INFO - Sync 1 DAGs
[2024-09-20 07:10:51,642] {logging_mixin.py:115} INFO - [2024-09-20 07:10:51,642] {dag.py:2919} INFO - Setting next_dagrun for example_branch_dop_operator_v3 to 2024-09-20T07:09:00+00:00, run_after=2024-09-20T07:10:00+00:00
[2024-09-20 07:10:51,665] {processor.py:161} INFO - Processing /home/airflow/.local/lib/python3.7/site-packages/airflow/example_dags/example_branch_python_dop_operator_3.py took 0.295 seconds
[2024-09-20 07:11:21,815] {processor.py:153} INFO - Started process (PID=194) to work on /home/airflow/.local/lib/python3.7/site-packages/airflow/example_dags/example_branch_python_dop_operator_3.py
[2024-09-20 07:11:21,816] {processor.py:641} INFO - Processing file /home/airflow/.local/lib/python3.7/site-packages/airflow/example_dags/example_branch_python_dop_operator_3.py for tasks to queue
[2024-09-20 07:11:21,817] {logging_mixin.py:115} INFO - [2024-09-20 07:11:21,817] {dagbag.py:507} INFO - Filling up the DagBag from /home/airflow/.local/lib/python3.7/site-packages/airflow/example_dags/example_branch_python_dop_operator_3.py
[2024-09-20 07:11:21,830] {processor.py:651} INFO - DAG(s) dict_keys(['example_branch_dop_operator_v3']) retrieved from /home/airflow/.local/lib/python3.7/site-packages/airflow/example_dags/example_branch_python_dop_operator_3.py
[2024-09-20 07:11:21,866] {logging_mixin.py:115} INFO - [2024-09-20 07:11:21,866] {dag.py:2371} INFO - Sync 1 DAGs
[2024-09-20 07:11:22,092] {logging_mixin.py:115} INFO - [2024-09-20 07:11:22,092] {dag.py:2919} INFO - Setting next_dagrun for example_branch_dop_operator_v3 to 2024-09-20T07:10:00+00:00, run_after=2024-09-20T07:11:00+00:00
[2024-09-20 07:11:22,117] {processor.py:161} INFO - Processing /home/airflow/.local/lib/python3.7/site-packages/airflow/example_dags/example_branch_python_dop_operator_3.py took 0.306 seconds
[2024-09-20 07:14:12,117] {processor.py:153} INFO - Started process (PID=84) to work on /home/airflow/.local/lib/python3.7/site-packages/airflow/example_dags/example_branch_python_dop_operator_3.py
[2024-09-20 07:14:12,118] {processor.py:641} INFO - Processing file /home/airflow/.local/lib/python3.7/site-packages/airflow/example_dags/example_branch_python_dop_operator_3.py for tasks to queue
[2024-09-20 07:14:12,119] {logging_mixin.py:115} INFO - [2024-09-20 07:14:12,119] {dagbag.py:507} INFO - Filling up the DagBag from /home/airflow/.local/lib/python3.7/site-packages/airflow/example_dags/example_branch_python_dop_operator_3.py
[2024-09-20 07:14:12,142] {processor.py:651} INFO - DAG(s) dict_keys(['example_branch_dop_operator_v3']) retrieved from /home/airflow/.local/lib/python3.7/site-packages/airflow/example_dags/example_branch_python_dop_operator_3.py
[2024-09-20 07:14:12,184] {logging_mixin.py:115} INFO - [2024-09-20 07:14:12,183] {dag.py:2371} INFO - Sync 1 DAGs
[2024-09-20 07:14:12,424] {logging_mixin.py:115} INFO - [2024-09-20 07:14:12,423] {dag.py:2919} INFO - Setting next_dagrun for example_branch_dop_operator_v3 to 2024-09-20T07:13:00+00:00, run_after=2024-09-20T07:14:00+00:00
[2024-09-20 07:14:12,444] {processor.py:161} INFO - Processing /home/airflow/.local/lib/python3.7/site-packages/airflow/example_dags/example_branch_python_dop_operator_3.py took 0.333 seconds
[2024-09-20 07:14:42,795] {processor.py:153} INFO - Started process (PID=136) to work on /home/airflow/.local/lib/python3.7/site-packages/airflow/example_dags/example_branch_python_dop_operator_3.py
[2024-09-20 07:14:42,795] {processor.py:641} INFO - Processing file /home/airflow/.local/lib/python3.7/site-packages/airflow/example_dags/example_branch_python_dop_operator_3.py for tasks to queue
[2024-09-20 07:14:42,796] {logging_mixin.py:115} INFO - [2024-09-20 07:14:42,796] {dagbag.py:507} INFO - Filling up the DagBag from /home/airflow/.local/lib/python3.7/site-packages/airflow/example_dags/example_branch_python_dop_operator_3.py
[2024-09-20 07:14:42,812] {processor.py:651} INFO - DAG(s) dict_keys(['example_branch_dop_operator_v3']) retrieved from /home/airflow/.local/lib/python3.7/site-packages/airflow/example_dags/example_branch_python_dop_operator_3.py
[2024-09-20 07:14:42,850] {logging_mixin.py:115} INFO - [2024-09-20 07:14:42,849] {dag.py:2371} INFO - Sync 1 DAGs
[2024-09-20 07:14:43,051] {logging_mixin.py:115} INFO - [2024-09-20 07:14:43,051] {dag.py:2919} INFO - Setting next_dagrun for example_branch_dop_operator_v3 to 2024-09-20T07:13:00+00:00, run_after=2024-09-20T07:14:00+00:00
[2024-09-20 07:14:43,073] {processor.py:161} INFO - Processing /home/airflow/.local/lib/python3.7/site-packages/airflow/example_dags/example_branch_python_dop_operator_3.py took 0.284 seconds
