[2024-09-20 07:05:02,504] {processor.py:153} INFO - Started process (PID=60) to work on /home/airflow/.local/lib/python3.7/site-packages/airflow/example_dags/example_complex.py
[2024-09-20 07:05:02,505] {processor.py:641} INFO - Processing file /home/airflow/.local/lib/python3.7/site-packages/airflow/example_dags/example_complex.py for tasks to queue
[2024-09-20 07:05:02,506] {logging_mixin.py:115} INFO - [2024-09-20 07:05:02,506] {dagbag.py:507} INFO - Filling up the DagBag from /home/airflow/.local/lib/python3.7/site-packages/airflow/example_dags/example_complex.py
[2024-09-20 07:05:02,547] {processor.py:651} INFO - DAG(s) dict_keys(['example_complex']) retrieved from /home/airflow/.local/lib/python3.7/site-packages/airflow/example_dags/example_complex.py
[2024-09-20 07:05:02,629] {logging_mixin.py:115} INFO - [2024-09-20 07:05:02,629] {dag.py:2371} INFO - Sync 1 DAGs
[2024-09-20 07:05:02,985] {logging_mixin.py:115} INFO - [2024-09-20 07:05:02,985] {dag.py:2919} INFO - Setting next_dagrun for example_complex to None, run_after=None
[2024-09-20 07:05:03,044] {processor.py:161} INFO - Processing /home/airflow/.local/lib/python3.7/site-packages/airflow/example_dags/example_complex.py took 0.550 seconds
[2024-09-20 07:05:33,525] {processor.py:153} INFO - Started process (PID=112) to work on /home/airflow/.local/lib/python3.7/site-packages/airflow/example_dags/example_complex.py
[2024-09-20 07:05:33,526] {processor.py:641} INFO - Processing file /home/airflow/.local/lib/python3.7/site-packages/airflow/example_dags/example_complex.py for tasks to queue
[2024-09-20 07:05:33,527] {logging_mixin.py:115} INFO - [2024-09-20 07:05:33,527] {dagbag.py:507} INFO - Filling up the DagBag from /home/airflow/.local/lib/python3.7/site-packages/airflow/example_dags/example_complex.py
[2024-09-20 07:05:33,555] {processor.py:651} INFO - DAG(s) dict_keys(['example_complex']) retrieved from /home/airflow/.local/lib/python3.7/site-packages/airflow/example_dags/example_complex.py
[2024-09-20 07:05:33,610] {logging_mixin.py:115} INFO - [2024-09-20 07:05:33,610] {dag.py:2371} INFO - Sync 1 DAGs
[2024-09-20 07:05:33,826] {logging_mixin.py:115} INFO - [2024-09-20 07:05:33,826] {dag.py:2919} INFO - Setting next_dagrun for example_complex to None, run_after=None
[2024-09-20 07:05:33,851] {processor.py:161} INFO - Processing /home/airflow/.local/lib/python3.7/site-packages/airflow/example_dags/example_complex.py took 0.332 seconds
[2024-09-20 07:08:17,234] {processor.py:153} INFO - Started process (PID=52) to work on /home/airflow/.local/lib/python3.7/site-packages/airflow/example_dags/example_complex.py
[2024-09-20 07:08:17,235] {processor.py:641} INFO - Processing file /home/airflow/.local/lib/python3.7/site-packages/airflow/example_dags/example_complex.py for tasks to queue
[2024-09-20 07:08:17,236] {logging_mixin.py:115} INFO - [2024-09-20 07:08:17,236] {dagbag.py:507} INFO - Filling up the DagBag from /home/airflow/.local/lib/python3.7/site-packages/airflow/example_dags/example_complex.py
[2024-09-20 07:08:17,273] {processor.py:651} INFO - DAG(s) dict_keys(['example_complex']) retrieved from /home/airflow/.local/lib/python3.7/site-packages/airflow/example_dags/example_complex.py
[2024-09-20 07:08:17,359] {logging_mixin.py:115} INFO - [2024-09-20 07:08:17,358] {dag.py:2371} INFO - Sync 1 DAGs
[2024-09-20 07:08:17,645] {logging_mixin.py:115} INFO - [2024-09-20 07:08:17,645] {dag.py:2919} INFO - Setting next_dagrun for example_complex to None, run_after=None
[2024-09-20 07:08:17,700] {processor.py:161} INFO - Processing /home/airflow/.local/lib/python3.7/site-packages/airflow/example_dags/example_complex.py took 0.471 seconds
[2024-09-20 07:10:15,656] {processor.py:153} INFO - Started process (PID=52) to work on /home/airflow/.local/lib/python3.7/site-packages/airflow/example_dags/example_complex.py
[2024-09-20 07:10:15,657] {processor.py:641} INFO - Processing file /home/airflow/.local/lib/python3.7/site-packages/airflow/example_dags/example_complex.py for tasks to queue
[2024-09-20 07:10:15,657] {logging_mixin.py:115} INFO - [2024-09-20 07:10:15,657] {dagbag.py:507} INFO - Filling up the DagBag from /home/airflow/.local/lib/python3.7/site-packages/airflow/example_dags/example_complex.py
[2024-09-20 07:10:15,685] {processor.py:651} INFO - DAG(s) dict_keys(['example_complex']) retrieved from /home/airflow/.local/lib/python3.7/site-packages/airflow/example_dags/example_complex.py
[2024-09-20 07:10:15,756] {logging_mixin.py:115} INFO - [2024-09-20 07:10:15,756] {dag.py:2371} INFO - Sync 1 DAGs
[2024-09-20 07:10:15,998] {logging_mixin.py:115} INFO - [2024-09-20 07:10:15,998] {dag.py:2919} INFO - Setting next_dagrun for example_complex to None, run_after=None
[2024-09-20 07:10:16,017] {processor.py:161} INFO - Processing /home/airflow/.local/lib/python3.7/site-packages/airflow/example_dags/example_complex.py took 0.366 seconds
[2024-09-20 07:10:46,753] {processor.py:153} INFO - Started process (PID=113) to work on /home/airflow/.local/lib/python3.7/site-packages/airflow/example_dags/example_complex.py
[2024-09-20 07:10:46,754] {processor.py:641} INFO - Processing file /home/airflow/.local/lib/python3.7/site-packages/airflow/example_dags/example_complex.py for tasks to queue
[2024-09-20 07:10:46,755] {logging_mixin.py:115} INFO - [2024-09-20 07:10:46,755] {dagbag.py:507} INFO - Filling up the DagBag from /home/airflow/.local/lib/python3.7/site-packages/airflow/example_dags/example_complex.py
[2024-09-20 07:10:46,787] {processor.py:651} INFO - DAG(s) dict_keys(['example_complex']) retrieved from /home/airflow/.local/lib/python3.7/site-packages/airflow/example_dags/example_complex.py
[2024-09-20 07:10:46,871] {logging_mixin.py:115} INFO - [2024-09-20 07:10:46,870] {dag.py:2371} INFO - Sync 1 DAGs
[2024-09-20 07:10:47,151] {logging_mixin.py:115} INFO - [2024-09-20 07:10:47,150] {dag.py:2919} INFO - Setting next_dagrun for example_complex to None, run_after=None
[2024-09-20 07:10:47,171] {processor.py:161} INFO - Processing /home/airflow/.local/lib/python3.7/site-packages/airflow/example_dags/example_complex.py took 0.425 seconds
[2024-09-20 07:11:17,567] {processor.py:153} INFO - Started process (PID=165) to work on /home/airflow/.local/lib/python3.7/site-packages/airflow/example_dags/example_complex.py
[2024-09-20 07:11:17,568] {processor.py:641} INFO - Processing file /home/airflow/.local/lib/python3.7/site-packages/airflow/example_dags/example_complex.py for tasks to queue
[2024-09-20 07:11:17,569] {logging_mixin.py:115} INFO - [2024-09-20 07:11:17,569] {dagbag.py:507} INFO - Filling up the DagBag from /home/airflow/.local/lib/python3.7/site-packages/airflow/example_dags/example_complex.py
[2024-09-20 07:11:17,591] {processor.py:651} INFO - DAG(s) dict_keys(['example_complex']) retrieved from /home/airflow/.local/lib/python3.7/site-packages/airflow/example_dags/example_complex.py
[2024-09-20 07:11:17,648] {logging_mixin.py:115} INFO - [2024-09-20 07:11:17,648] {dag.py:2371} INFO - Sync 1 DAGs
[2024-09-20 07:11:17,857] {logging_mixin.py:115} INFO - [2024-09-20 07:11:17,857] {dag.py:2919} INFO - Setting next_dagrun for example_complex to None, run_after=None
[2024-09-20 07:11:17,881] {processor.py:161} INFO - Processing /home/airflow/.local/lib/python3.7/site-packages/airflow/example_dags/example_complex.py took 0.319 seconds
[2024-09-20 07:14:05,740] {processor.py:153} INFO - Started process (PID=60) to work on /home/airflow/.local/lib/python3.7/site-packages/airflow/example_dags/example_complex.py
[2024-09-20 07:14:05,745] {processor.py:641} INFO - Processing file /home/airflow/.local/lib/python3.7/site-packages/airflow/example_dags/example_complex.py for tasks to queue
[2024-09-20 07:14:05,746] {logging_mixin.py:115} INFO - [2024-09-20 07:14:05,746] {dagbag.py:507} INFO - Filling up the DagBag from /home/airflow/.local/lib/python3.7/site-packages/airflow/example_dags/example_complex.py
[2024-09-20 07:14:05,806] {processor.py:651} INFO - DAG(s) dict_keys(['example_complex']) retrieved from /home/airflow/.local/lib/python3.7/site-packages/airflow/example_dags/example_complex.py
[2024-09-20 07:14:05,912] {logging_mixin.py:115} INFO - [2024-09-20 07:14:05,912] {dag.py:2371} INFO - Sync 1 DAGs
[2024-09-20 07:14:06,311] {logging_mixin.py:115} INFO - [2024-09-20 07:14:06,310] {dag.py:2919} INFO - Setting next_dagrun for example_complex to None, run_after=None
[2024-09-20 07:14:06,390] {processor.py:161} INFO - Processing /home/airflow/.local/lib/python3.7/site-packages/airflow/example_dags/example_complex.py took 0.690 seconds
[2024-09-20 07:14:36,790] {processor.py:153} INFO - Started process (PID=114) to work on /home/airflow/.local/lib/python3.7/site-packages/airflow/example_dags/example_complex.py
[2024-09-20 07:14:36,790] {processor.py:641} INFO - Processing file /home/airflow/.local/lib/python3.7/site-packages/airflow/example_dags/example_complex.py for tasks to queue
[2024-09-20 07:14:36,791] {logging_mixin.py:115} INFO - [2024-09-20 07:14:36,791] {dagbag.py:507} INFO - Filling up the DagBag from /home/airflow/.local/lib/python3.7/site-packages/airflow/example_dags/example_complex.py
[2024-09-20 07:14:36,814] {processor.py:651} INFO - DAG(s) dict_keys(['example_complex']) retrieved from /home/airflow/.local/lib/python3.7/site-packages/airflow/example_dags/example_complex.py
[2024-09-20 07:14:36,881] {logging_mixin.py:115} INFO - [2024-09-20 07:14:36,881] {dag.py:2371} INFO - Sync 1 DAGs
[2024-09-20 07:14:37,144] {logging_mixin.py:115} INFO - [2024-09-20 07:14:37,144] {dag.py:2919} INFO - Setting next_dagrun for example_complex to None, run_after=None
[2024-09-20 07:14:37,180] {processor.py:161} INFO - Processing /home/airflow/.local/lib/python3.7/site-packages/airflow/example_dags/example_complex.py took 0.395 seconds
