[2024-09-20 07:05:08,241] {processor.py:153} INFO - Started process (PID=83) to work on /home/airflow/.local/lib/python3.7/site-packages/airflow/example_dags/example_bash_operator.py
[2024-09-20 07:05:08,242] {processor.py:641} INFO - Processing file /home/airflow/.local/lib/python3.7/site-packages/airflow/example_dags/example_bash_operator.py for tasks to queue
[2024-09-20 07:05:08,243] {logging_mixin.py:115} INFO - [2024-09-20 07:05:08,243] {dagbag.py:507} INFO - Filling up the DagBag from /home/airflow/.local/lib/python3.7/site-packages/airflow/example_dags/example_bash_operator.py
[2024-09-20 07:05:08,275] {processor.py:651} INFO - DAG(s) dict_keys(['example_bash_operator']) retrieved from /home/airflow/.local/lib/python3.7/site-packages/airflow/example_dags/example_bash_operator.py
[2024-09-20 07:05:08,398] {logging_mixin.py:115} INFO - [2024-09-20 07:05:08,398] {dag.py:2371} INFO - Sync 1 DAGs
[2024-09-20 07:05:08,696] {logging_mixin.py:115} INFO - [2024-09-20 07:05:08,695] {dag.py:2919} INFO - Setting next_dagrun for example_bash_operator to 2024-09-19T00:00:00+00:00, run_after=2024-09-20T00:00:00+00:00
[2024-09-20 07:05:08,720] {processor.py:161} INFO - Processing /home/airflow/.local/lib/python3.7/site-packages/airflow/example_dags/example_bash_operator.py took 0.487 seconds
[2024-09-20 07:05:38,859] {processor.py:153} INFO - Started process (PID=135) to work on /home/airflow/.local/lib/python3.7/site-packages/airflow/example_dags/example_bash_operator.py
[2024-09-20 07:05:38,861] {processor.py:641} INFO - Processing file /home/airflow/.local/lib/python3.7/site-packages/airflow/example_dags/example_bash_operator.py for tasks to queue
[2024-09-20 07:05:38,862] {logging_mixin.py:115} INFO - [2024-09-20 07:05:38,862] {dagbag.py:507} INFO - Filling up the DagBag from /home/airflow/.local/lib/python3.7/site-packages/airflow/example_dags/example_bash_operator.py
[2024-09-20 07:05:38,883] {processor.py:651} INFO - DAG(s) dict_keys(['example_bash_operator']) retrieved from /home/airflow/.local/lib/python3.7/site-packages/airflow/example_dags/example_bash_operator.py
[2024-09-20 07:05:38,935] {logging_mixin.py:115} INFO - [2024-09-20 07:05:38,935] {dag.py:2371} INFO - Sync 1 DAGs
[2024-09-20 07:05:39,163] {logging_mixin.py:115} INFO - [2024-09-20 07:05:39,163] {dag.py:2919} INFO - Setting next_dagrun for example_bash_operator to 2024-09-19T00:00:00+00:00, run_after=2024-09-20T00:00:00+00:00
[2024-09-20 07:05:39,180] {processor.py:161} INFO - Processing /home/airflow/.local/lib/python3.7/site-packages/airflow/example_dags/example_bash_operator.py took 0.327 seconds
[2024-09-20 07:08:23,017] {processor.py:153} INFO - Started process (PID=84) to work on /home/airflow/.local/lib/python3.7/site-packages/airflow/example_dags/example_bash_operator.py
[2024-09-20 07:08:23,018] {processor.py:641} INFO - Processing file /home/airflow/.local/lib/python3.7/site-packages/airflow/example_dags/example_bash_operator.py for tasks to queue
[2024-09-20 07:08:23,019] {logging_mixin.py:115} INFO - [2024-09-20 07:08:23,019] {dagbag.py:507} INFO - Filling up the DagBag from /home/airflow/.local/lib/python3.7/site-packages/airflow/example_dags/example_bash_operator.py
[2024-09-20 07:08:23,046] {processor.py:651} INFO - DAG(s) dict_keys(['example_bash_operator']) retrieved from /home/airflow/.local/lib/python3.7/site-packages/airflow/example_dags/example_bash_operator.py
[2024-09-20 07:08:23,100] {logging_mixin.py:115} INFO - [2024-09-20 07:08:23,099] {dag.py:2371} INFO - Sync 1 DAGs
[2024-09-20 07:08:23,322] {logging_mixin.py:115} INFO - [2024-09-20 07:08:23,322] {dag.py:2919} INFO - Setting next_dagrun for example_bash_operator to 2024-09-19T00:00:00+00:00, run_after=2024-09-20T00:00:00+00:00
[2024-09-20 07:08:23,349] {processor.py:161} INFO - Processing /home/airflow/.local/lib/python3.7/site-packages/airflow/example_dags/example_bash_operator.py took 0.339 seconds
[2024-09-20 07:10:21,000] {processor.py:153} INFO - Started process (PID=84) to work on /home/airflow/.local/lib/python3.7/site-packages/airflow/example_dags/example_bash_operator.py
[2024-09-20 07:10:21,001] {processor.py:641} INFO - Processing file /home/airflow/.local/lib/python3.7/site-packages/airflow/example_dags/example_bash_operator.py for tasks to queue
[2024-09-20 07:10:21,002] {logging_mixin.py:115} INFO - [2024-09-20 07:10:21,002] {dagbag.py:507} INFO - Filling up the DagBag from /home/airflow/.local/lib/python3.7/site-packages/airflow/example_dags/example_bash_operator.py
[2024-09-20 07:10:21,040] {processor.py:651} INFO - DAG(s) dict_keys(['example_bash_operator']) retrieved from /home/airflow/.local/lib/python3.7/site-packages/airflow/example_dags/example_bash_operator.py
[2024-09-20 07:10:21,114] {logging_mixin.py:115} INFO - [2024-09-20 07:10:21,113] {dag.py:2371} INFO - Sync 1 DAGs
[2024-09-20 07:10:21,400] {logging_mixin.py:115} INFO - [2024-09-20 07:10:21,400] {dag.py:2919} INFO - Setting next_dagrun for example_bash_operator to 2024-09-19T00:00:00+00:00, run_after=2024-09-20T00:00:00+00:00
[2024-09-20 07:10:21,437] {processor.py:161} INFO - Processing /home/airflow/.local/lib/python3.7/site-packages/airflow/example_dags/example_bash_operator.py took 0.444 seconds
[2024-09-20 07:10:51,694] {processor.py:153} INFO - Started process (PID=136) to work on /home/airflow/.local/lib/python3.7/site-packages/airflow/example_dags/example_bash_operator.py
[2024-09-20 07:10:51,694] {processor.py:641} INFO - Processing file /home/airflow/.local/lib/python3.7/site-packages/airflow/example_dags/example_bash_operator.py for tasks to queue
[2024-09-20 07:10:51,695] {logging_mixin.py:115} INFO - [2024-09-20 07:10:51,695] {dagbag.py:507} INFO - Filling up the DagBag from /home/airflow/.local/lib/python3.7/site-packages/airflow/example_dags/example_bash_operator.py
[2024-09-20 07:10:51,712] {processor.py:651} INFO - DAG(s) dict_keys(['example_bash_operator']) retrieved from /home/airflow/.local/lib/python3.7/site-packages/airflow/example_dags/example_bash_operator.py
[2024-09-20 07:10:51,753] {logging_mixin.py:115} INFO - [2024-09-20 07:10:51,753] {dag.py:2371} INFO - Sync 1 DAGs
[2024-09-20 07:10:51,951] {logging_mixin.py:115} INFO - [2024-09-20 07:10:51,951] {dag.py:2919} INFO - Setting next_dagrun for example_bash_operator to 2024-09-19T00:00:00+00:00, run_after=2024-09-20T00:00:00+00:00
[2024-09-20 07:10:51,976] {processor.py:161} INFO - Processing /home/airflow/.local/lib/python3.7/site-packages/airflow/example_dags/example_bash_operator.py took 0.287 seconds
[2024-09-20 07:11:22,146] {processor.py:153} INFO - Started process (PID=195) to work on /home/airflow/.local/lib/python3.7/site-packages/airflow/example_dags/example_bash_operator.py
[2024-09-20 07:11:22,146] {processor.py:641} INFO - Processing file /home/airflow/.local/lib/python3.7/site-packages/airflow/example_dags/example_bash_operator.py for tasks to queue
[2024-09-20 07:11:22,147] {logging_mixin.py:115} INFO - [2024-09-20 07:11:22,147] {dagbag.py:507} INFO - Filling up the DagBag from /home/airflow/.local/lib/python3.7/site-packages/airflow/example_dags/example_bash_operator.py
[2024-09-20 07:11:22,163] {processor.py:651} INFO - DAG(s) dict_keys(['example_bash_operator']) retrieved from /home/airflow/.local/lib/python3.7/site-packages/airflow/example_dags/example_bash_operator.py
[2024-09-20 07:11:22,207] {logging_mixin.py:115} INFO - [2024-09-20 07:11:22,207] {dag.py:2371} INFO - Sync 1 DAGs
[2024-09-20 07:11:22,443] {logging_mixin.py:115} INFO - [2024-09-20 07:11:22,443] {dag.py:2919} INFO - Setting next_dagrun for example_bash_operator to 2024-09-19T00:00:00+00:00, run_after=2024-09-20T00:00:00+00:00
[2024-09-20 07:11:22,469] {processor.py:161} INFO - Processing /home/airflow/.local/lib/python3.7/site-packages/airflow/example_dags/example_bash_operator.py took 0.328 seconds
[2024-09-20 07:14:12,234] {processor.py:153} INFO - Started process (PID=85) to work on /home/airflow/.local/lib/python3.7/site-packages/airflow/example_dags/example_bash_operator.py
[2024-09-20 07:14:12,234] {processor.py:641} INFO - Processing file /home/airflow/.local/lib/python3.7/site-packages/airflow/example_dags/example_bash_operator.py for tasks to queue
[2024-09-20 07:14:12,235] {logging_mixin.py:115} INFO - [2024-09-20 07:14:12,235] {dagbag.py:507} INFO - Filling up the DagBag from /home/airflow/.local/lib/python3.7/site-packages/airflow/example_dags/example_bash_operator.py
[2024-09-20 07:14:12,254] {processor.py:651} INFO - DAG(s) dict_keys(['example_bash_operator']) retrieved from /home/airflow/.local/lib/python3.7/site-packages/airflow/example_dags/example_bash_operator.py
[2024-09-20 07:14:12,301] {logging_mixin.py:115} INFO - [2024-09-20 07:14:12,301] {dag.py:2371} INFO - Sync 1 DAGs
[2024-09-20 07:14:12,526] {logging_mixin.py:115} INFO - [2024-09-20 07:14:12,526] {dag.py:2919} INFO - Setting next_dagrun for example_bash_operator to 2024-09-19T00:00:00+00:00, run_after=2024-09-20T00:00:00+00:00
[2024-09-20 07:14:12,548] {processor.py:161} INFO - Processing /home/airflow/.local/lib/python3.7/site-packages/airflow/example_dags/example_bash_operator.py took 0.319 seconds
[2024-09-20 07:14:42,930] {processor.py:153} INFO - Started process (PID=137) to work on /home/airflow/.local/lib/python3.7/site-packages/airflow/example_dags/example_bash_operator.py
[2024-09-20 07:14:42,931] {processor.py:641} INFO - Processing file /home/airflow/.local/lib/python3.7/site-packages/airflow/example_dags/example_bash_operator.py for tasks to queue
[2024-09-20 07:14:42,931] {logging_mixin.py:115} INFO - [2024-09-20 07:14:42,931] {dagbag.py:507} INFO - Filling up the DagBag from /home/airflow/.local/lib/python3.7/site-packages/airflow/example_dags/example_bash_operator.py
[2024-09-20 07:14:42,948] {processor.py:651} INFO - DAG(s) dict_keys(['example_bash_operator']) retrieved from /home/airflow/.local/lib/python3.7/site-packages/airflow/example_dags/example_bash_operator.py
[2024-09-20 07:14:42,994] {logging_mixin.py:115} INFO - [2024-09-20 07:14:42,994] {dag.py:2371} INFO - Sync 1 DAGs
[2024-09-20 07:14:43,196] {logging_mixin.py:115} INFO - [2024-09-20 07:14:43,196] {dag.py:2919} INFO - Setting next_dagrun for example_bash_operator to 2024-09-19T00:00:00+00:00, run_after=2024-09-20T00:00:00+00:00
[2024-09-20 07:14:43,214] {processor.py:161} INFO - Processing /home/airflow/.local/lib/python3.7/site-packages/airflow/example_dags/example_bash_operator.py took 0.289 seconds
