[2024-09-20 07:05:03,489] {processor.py:153} INFO - Started process (PID=64) to work on /home/airflow/.local/lib/python3.7/site-packages/airflow/example_dags/example_branch_day_of_week_operator.py
[2024-09-20 07:05:03,490] {processor.py:641} INFO - Processing file /home/airflow/.local/lib/python3.7/site-packages/airflow/example_dags/example_branch_day_of_week_operator.py for tasks to queue
[2024-09-20 07:05:03,491] {logging_mixin.py:115} INFO - [2024-09-20 07:05:03,491] {dagbag.py:507} INFO - Filling up the DagBag from /home/airflow/.local/lib/python3.7/site-packages/airflow/example_dags/example_branch_day_of_week_operator.py
[2024-09-20 07:05:03,510] {processor.py:651} INFO - DAG(s) dict_keys(['example_weekday_branch_operator']) retrieved from /home/airflow/.local/lib/python3.7/site-packages/airflow/example_dags/example_branch_day_of_week_operator.py
[2024-09-20 07:05:03,562] {logging_mixin.py:115} INFO - [2024-09-20 07:05:03,561] {dag.py:2371} INFO - Sync 1 DAGs
[2024-09-20 07:05:03,847] {logging_mixin.py:115} INFO - [2024-09-20 07:05:03,846] {dag.py:2919} INFO - Setting next_dagrun for example_weekday_branch_operator to 2024-09-19T00:00:00+00:00, run_after=2024-09-20T00:00:00+00:00
[2024-09-20 07:05:03,878] {processor.py:161} INFO - Processing /home/airflow/.local/lib/python3.7/site-packages/airflow/example_dags/example_branch_day_of_week_operator.py took 0.396 seconds
[2024-09-20 07:05:34,517] {processor.py:153} INFO - Started process (PID=116) to work on /home/airflow/.local/lib/python3.7/site-packages/airflow/example_dags/example_branch_day_of_week_operator.py
[2024-09-20 07:05:34,518] {processor.py:641} INFO - Processing file /home/airflow/.local/lib/python3.7/site-packages/airflow/example_dags/example_branch_day_of_week_operator.py for tasks to queue
[2024-09-20 07:05:34,518] {logging_mixin.py:115} INFO - [2024-09-20 07:05:34,518] {dagbag.py:507} INFO - Filling up the DagBag from /home/airflow/.local/lib/python3.7/site-packages/airflow/example_dags/example_branch_day_of_week_operator.py
[2024-09-20 07:05:34,529] {processor.py:651} INFO - DAG(s) dict_keys(['example_weekday_branch_operator']) retrieved from /home/airflow/.local/lib/python3.7/site-packages/airflow/example_dags/example_branch_day_of_week_operator.py
[2024-09-20 07:05:34,563] {logging_mixin.py:115} INFO - [2024-09-20 07:05:34,563] {dag.py:2371} INFO - Sync 1 DAGs
[2024-09-20 07:05:34,750] {logging_mixin.py:115} INFO - [2024-09-20 07:05:34,750] {dag.py:2919} INFO - Setting next_dagrun for example_weekday_branch_operator to 2024-09-19T00:00:00+00:00, run_after=2024-09-20T00:00:00+00:00
[2024-09-20 07:05:34,773] {processor.py:161} INFO - Processing /home/airflow/.local/lib/python3.7/site-packages/airflow/example_dags/example_branch_day_of_week_operator.py took 0.260 seconds
[2024-09-20 07:08:18,269] {processor.py:153} INFO - Started process (PID=65) to work on /home/airflow/.local/lib/python3.7/site-packages/airflow/example_dags/example_branch_day_of_week_operator.py
[2024-09-20 07:08:18,271] {processor.py:641} INFO - Processing file /home/airflow/.local/lib/python3.7/site-packages/airflow/example_dags/example_branch_day_of_week_operator.py for tasks to queue
[2024-09-20 07:08:18,272] {logging_mixin.py:115} INFO - [2024-09-20 07:08:18,272] {dagbag.py:507} INFO - Filling up the DagBag from /home/airflow/.local/lib/python3.7/site-packages/airflow/example_dags/example_branch_day_of_week_operator.py
[2024-09-20 07:08:18,294] {processor.py:651} INFO - DAG(s) dict_keys(['example_weekday_branch_operator']) retrieved from /home/airflow/.local/lib/python3.7/site-packages/airflow/example_dags/example_branch_day_of_week_operator.py
[2024-09-20 07:08:18,354] {logging_mixin.py:115} INFO - [2024-09-20 07:08:18,353] {dag.py:2371} INFO - Sync 1 DAGs
[2024-09-20 07:08:18,627] {logging_mixin.py:115} INFO - [2024-09-20 07:08:18,627] {dag.py:2919} INFO - Setting next_dagrun for example_weekday_branch_operator to 2024-09-19T00:00:00+00:00, run_after=2024-09-20T00:00:00+00:00
[2024-09-20 07:08:18,654] {processor.py:161} INFO - Processing /home/airflow/.local/lib/python3.7/site-packages/airflow/example_dags/example_branch_day_of_week_operator.py took 0.392 seconds
[2024-09-20 07:10:16,456] {processor.py:153} INFO - Started process (PID=56) to work on /home/airflow/.local/lib/python3.7/site-packages/airflow/example_dags/example_branch_day_of_week_operator.py
[2024-09-20 07:10:16,457] {processor.py:641} INFO - Processing file /home/airflow/.local/lib/python3.7/site-packages/airflow/example_dags/example_branch_day_of_week_operator.py for tasks to queue
[2024-09-20 07:10:16,458] {logging_mixin.py:115} INFO - [2024-09-20 07:10:16,458] {dagbag.py:507} INFO - Filling up the DagBag from /home/airflow/.local/lib/python3.7/site-packages/airflow/example_dags/example_branch_day_of_week_operator.py
[2024-09-20 07:10:16,479] {processor.py:651} INFO - DAG(s) dict_keys(['example_weekday_branch_operator']) retrieved from /home/airflow/.local/lib/python3.7/site-packages/airflow/example_dags/example_branch_day_of_week_operator.py
[2024-09-20 07:10:16,534] {logging_mixin.py:115} INFO - [2024-09-20 07:10:16,534] {dag.py:2371} INFO - Sync 1 DAGs
[2024-09-20 07:10:16,809] {logging_mixin.py:115} INFO - [2024-09-20 07:10:16,809] {dag.py:2919} INFO - Setting next_dagrun for example_weekday_branch_operator to 2024-09-19T00:00:00+00:00, run_after=2024-09-20T00:00:00+00:00
[2024-09-20 07:10:16,834] {processor.py:161} INFO - Processing /home/airflow/.local/lib/python3.7/site-packages/airflow/example_dags/example_branch_day_of_week_operator.py took 0.385 seconds
[2024-09-20 07:10:47,557] {processor.py:153} INFO - Started process (PID=117) to work on /home/airflow/.local/lib/python3.7/site-packages/airflow/example_dags/example_branch_day_of_week_operator.py
[2024-09-20 07:10:47,558] {processor.py:641} INFO - Processing file /home/airflow/.local/lib/python3.7/site-packages/airflow/example_dags/example_branch_day_of_week_operator.py for tasks to queue
[2024-09-20 07:10:47,559] {logging_mixin.py:115} INFO - [2024-09-20 07:10:47,559] {dagbag.py:507} INFO - Filling up the DagBag from /home/airflow/.local/lib/python3.7/site-packages/airflow/example_dags/example_branch_day_of_week_operator.py
[2024-09-20 07:10:47,575] {processor.py:651} INFO - DAG(s) dict_keys(['example_weekday_branch_operator']) retrieved from /home/airflow/.local/lib/python3.7/site-packages/airflow/example_dags/example_branch_day_of_week_operator.py
[2024-09-20 07:10:47,627] {logging_mixin.py:115} INFO - [2024-09-20 07:10:47,626] {dag.py:2371} INFO - Sync 1 DAGs
[2024-09-20 07:10:47,882] {logging_mixin.py:115} INFO - [2024-09-20 07:10:47,881] {dag.py:2919} INFO - Setting next_dagrun for example_weekday_branch_operator to 2024-09-19T00:00:00+00:00, run_after=2024-09-20T00:00:00+00:00
[2024-09-20 07:10:47,904] {processor.py:161} INFO - Processing /home/airflow/.local/lib/python3.7/site-packages/airflow/example_dags/example_branch_day_of_week_operator.py took 0.353 seconds
[2024-09-20 07:11:18,247] {processor.py:153} INFO - Started process (PID=169) to work on /home/airflow/.local/lib/python3.7/site-packages/airflow/example_dags/example_branch_day_of_week_operator.py
[2024-09-20 07:11:18,247] {processor.py:641} INFO - Processing file /home/airflow/.local/lib/python3.7/site-packages/airflow/example_dags/example_branch_day_of_week_operator.py for tasks to queue
[2024-09-20 07:11:18,248] {logging_mixin.py:115} INFO - [2024-09-20 07:11:18,248] {dagbag.py:507} INFO - Filling up the DagBag from /home/airflow/.local/lib/python3.7/site-packages/airflow/example_dags/example_branch_day_of_week_operator.py
[2024-09-20 07:11:18,260] {processor.py:651} INFO - DAG(s) dict_keys(['example_weekday_branch_operator']) retrieved from /home/airflow/.local/lib/python3.7/site-packages/airflow/example_dags/example_branch_day_of_week_operator.py
[2024-09-20 07:11:18,296] {logging_mixin.py:115} INFO - [2024-09-20 07:11:18,295] {dag.py:2371} INFO - Sync 1 DAGs
[2024-09-20 07:11:18,516] {logging_mixin.py:115} INFO - [2024-09-20 07:11:18,515] {dag.py:2919} INFO - Setting next_dagrun for example_weekday_branch_operator to 2024-09-19T00:00:00+00:00, run_after=2024-09-20T00:00:00+00:00
[2024-09-20 07:11:18,536] {processor.py:161} INFO - Processing /home/airflow/.local/lib/python3.7/site-packages/airflow/example_dags/example_branch_day_of_week_operator.py took 0.294 seconds
[2024-09-20 07:14:06,946] {processor.py:153} INFO - Started process (PID=66) to work on /home/airflow/.local/lib/python3.7/site-packages/airflow/example_dags/example_branch_day_of_week_operator.py
[2024-09-20 07:14:06,952] {processor.py:641} INFO - Processing file /home/airflow/.local/lib/python3.7/site-packages/airflow/example_dags/example_branch_day_of_week_operator.py for tasks to queue
[2024-09-20 07:14:06,954] {logging_mixin.py:115} INFO - [2024-09-20 07:14:06,954] {dagbag.py:507} INFO - Filling up the DagBag from /home/airflow/.local/lib/python3.7/site-packages/airflow/example_dags/example_branch_day_of_week_operator.py
[2024-09-20 07:14:06,982] {processor.py:651} INFO - DAG(s) dict_keys(['example_weekday_branch_operator']) retrieved from /home/airflow/.local/lib/python3.7/site-packages/airflow/example_dags/example_branch_day_of_week_operator.py
[2024-09-20 07:14:07,058] {logging_mixin.py:115} INFO - [2024-09-20 07:14:07,057] {dag.py:2371} INFO - Sync 1 DAGs
[2024-09-20 07:14:07,488] {logging_mixin.py:115} INFO - [2024-09-20 07:14:07,488] {dag.py:2919} INFO - Setting next_dagrun for example_weekday_branch_operator to 2024-09-19T00:00:00+00:00, run_after=2024-09-20T00:00:00+00:00
[2024-09-20 07:14:07,543] {processor.py:161} INFO - Processing /home/airflow/.local/lib/python3.7/site-packages/airflow/example_dags/example_branch_day_of_week_operator.py took 0.604 seconds
[2024-09-20 07:14:37,730] {processor.py:153} INFO - Started process (PID=118) to work on /home/airflow/.local/lib/python3.7/site-packages/airflow/example_dags/example_branch_day_of_week_operator.py
[2024-09-20 07:14:37,731] {processor.py:641} INFO - Processing file /home/airflow/.local/lib/python3.7/site-packages/airflow/example_dags/example_branch_day_of_week_operator.py for tasks to queue
[2024-09-20 07:14:37,732] {logging_mixin.py:115} INFO - [2024-09-20 07:14:37,732] {dagbag.py:507} INFO - Filling up the DagBag from /home/airflow/.local/lib/python3.7/site-packages/airflow/example_dags/example_branch_day_of_week_operator.py
[2024-09-20 07:14:37,749] {processor.py:651} INFO - DAG(s) dict_keys(['example_weekday_branch_operator']) retrieved from /home/airflow/.local/lib/python3.7/site-packages/airflow/example_dags/example_branch_day_of_week_operator.py
[2024-09-20 07:14:37,804] {logging_mixin.py:115} INFO - [2024-09-20 07:14:37,804] {dag.py:2371} INFO - Sync 1 DAGs
[2024-09-20 07:14:38,100] {logging_mixin.py:115} INFO - [2024-09-20 07:14:38,099] {dag.py:2919} INFO - Setting next_dagrun for example_weekday_branch_operator to 2024-09-19T00:00:00+00:00, run_after=2024-09-20T00:00:00+00:00
[2024-09-20 07:14:38,133] {processor.py:161} INFO - Processing /home/airflow/.local/lib/python3.7/site-packages/airflow/example_dags/example_branch_day_of_week_operator.py took 0.409 seconds
