[2024-09-20 07:05:07,545] {processor.py:153} INFO - Started process (PID=81) to work on /home/airflow/.local/lib/python3.7/site-packages/airflow/example_dags/tutorial_taskflow_api_etl_virtualenv.py
[2024-09-20 07:05:07,546] {processor.py:641} INFO - Processing file /home/airflow/.local/lib/python3.7/site-packages/airflow/example_dags/tutorial_taskflow_api_etl_virtualenv.py for tasks to queue
[2024-09-20 07:05:07,547] {logging_mixin.py:115} INFO - [2024-09-20 07:05:07,547] {dagbag.py:507} INFO - Filling up the DagBag from /home/airflow/.local/lib/python3.7/site-packages/airflow/example_dags/tutorial_taskflow_api_etl_virtualenv.py
[2024-09-20 07:05:07,590] {processor.py:651} INFO - DAG(s) dict_keys(['tutorial_taskflow_api_etl_virtualenv']) retrieved from /home/airflow/.local/lib/python3.7/site-packages/airflow/example_dags/tutorial_taskflow_api_etl_virtualenv.py
[2024-09-20 07:05:08,079] {logging_mixin.py:115} INFO - [2024-09-20 07:05:08,079] {dag.py:2371} INFO - Sync 1 DAGs
[2024-09-20 07:05:08,130] {logging_mixin.py:115} INFO - [2024-09-20 07:05:08,130] {dag.py:2919} INFO - Setting next_dagrun for tutorial_taskflow_api_etl_virtualenv to None, run_after=None
[2024-09-20 07:05:08,176] {processor.py:161} INFO - Processing /home/airflow/.local/lib/python3.7/site-packages/airflow/example_dags/tutorial_taskflow_api_etl_virtualenv.py took 0.636 seconds
[2024-09-20 07:05:38,426] {processor.py:153} INFO - Started process (PID=133) to work on /home/airflow/.local/lib/python3.7/site-packages/airflow/example_dags/tutorial_taskflow_api_etl_virtualenv.py
[2024-09-20 07:05:38,427] {processor.py:641} INFO - Processing file /home/airflow/.local/lib/python3.7/site-packages/airflow/example_dags/tutorial_taskflow_api_etl_virtualenv.py for tasks to queue
[2024-09-20 07:05:38,428] {logging_mixin.py:115} INFO - [2024-09-20 07:05:38,428] {dagbag.py:507} INFO - Filling up the DagBag from /home/airflow/.local/lib/python3.7/site-packages/airflow/example_dags/tutorial_taskflow_api_etl_virtualenv.py
[2024-09-20 07:05:38,456] {processor.py:651} INFO - DAG(s) dict_keys(['tutorial_taskflow_api_etl_virtualenv']) retrieved from /home/airflow/.local/lib/python3.7/site-packages/airflow/example_dags/tutorial_taskflow_api_etl_virtualenv.py
[2024-09-20 07:05:38,750] {logging_mixin.py:115} INFO - [2024-09-20 07:05:38,750] {dag.py:2371} INFO - Sync 1 DAGs
[2024-09-20 07:05:38,785] {logging_mixin.py:115} INFO - [2024-09-20 07:05:38,785] {dag.py:2919} INFO - Setting next_dagrun for tutorial_taskflow_api_etl_virtualenv to None, run_after=None
[2024-09-20 07:05:38,815] {processor.py:161} INFO - Processing /home/airflow/.local/lib/python3.7/site-packages/airflow/example_dags/tutorial_taskflow_api_etl_virtualenv.py took 0.393 seconds
[2024-09-20 07:08:22,614] {processor.py:153} INFO - Started process (PID=82) to work on /home/airflow/.local/lib/python3.7/site-packages/airflow/example_dags/tutorial_taskflow_api_etl_virtualenv.py
[2024-09-20 07:08:22,615] {processor.py:641} INFO - Processing file /home/airflow/.local/lib/python3.7/site-packages/airflow/example_dags/tutorial_taskflow_api_etl_virtualenv.py for tasks to queue
[2024-09-20 07:08:22,615] {logging_mixin.py:115} INFO - [2024-09-20 07:08:22,615] {dagbag.py:507} INFO - Filling up the DagBag from /home/airflow/.local/lib/python3.7/site-packages/airflow/example_dags/tutorial_taskflow_api_etl_virtualenv.py
[2024-09-20 07:08:22,645] {processor.py:651} INFO - DAG(s) dict_keys(['tutorial_taskflow_api_etl_virtualenv']) retrieved from /home/airflow/.local/lib/python3.7/site-packages/airflow/example_dags/tutorial_taskflow_api_etl_virtualenv.py
[2024-09-20 07:08:22,922] {logging_mixin.py:115} INFO - [2024-09-20 07:08:22,921] {dag.py:2371} INFO - Sync 1 DAGs
[2024-09-20 07:08:22,952] {logging_mixin.py:115} INFO - [2024-09-20 07:08:22,952] {dag.py:2919} INFO - Setting next_dagrun for tutorial_taskflow_api_etl_virtualenv to None, run_after=None
[2024-09-20 07:08:22,981] {processor.py:161} INFO - Processing /home/airflow/.local/lib/python3.7/site-packages/airflow/example_dags/tutorial_taskflow_api_etl_virtualenv.py took 0.372 seconds
[2024-09-20 07:10:20,446] {processor.py:153} INFO - Started process (PID=82) to work on /home/airflow/.local/lib/python3.7/site-packages/airflow/example_dags/tutorial_taskflow_api_etl_virtualenv.py
[2024-09-20 07:10:20,447] {processor.py:641} INFO - Processing file /home/airflow/.local/lib/python3.7/site-packages/airflow/example_dags/tutorial_taskflow_api_etl_virtualenv.py for tasks to queue
[2024-09-20 07:10:20,448] {logging_mixin.py:115} INFO - [2024-09-20 07:10:20,448] {dagbag.py:507} INFO - Filling up the DagBag from /home/airflow/.local/lib/python3.7/site-packages/airflow/example_dags/tutorial_taskflow_api_etl_virtualenv.py
[2024-09-20 07:10:20,492] {processor.py:651} INFO - DAG(s) dict_keys(['tutorial_taskflow_api_etl_virtualenv']) retrieved from /home/airflow/.local/lib/python3.7/site-packages/airflow/example_dags/tutorial_taskflow_api_etl_virtualenv.py
[2024-09-20 07:10:20,872] {logging_mixin.py:115} INFO - [2024-09-20 07:10:20,871] {dag.py:2371} INFO - Sync 1 DAGs
[2024-09-20 07:10:20,921] {logging_mixin.py:115} INFO - [2024-09-20 07:10:20,921] {dag.py:2919} INFO - Setting next_dagrun for tutorial_taskflow_api_etl_virtualenv to None, run_after=None
[2024-09-20 07:10:20,959] {processor.py:161} INFO - Processing /home/airflow/.local/lib/python3.7/site-packages/airflow/example_dags/tutorial_taskflow_api_etl_virtualenv.py took 0.527 seconds
[2024-09-20 07:10:51,369] {processor.py:153} INFO - Started process (PID=134) to work on /home/airflow/.local/lib/python3.7/site-packages/airflow/example_dags/tutorial_taskflow_api_etl_virtualenv.py
[2024-09-20 07:10:51,369] {processor.py:641} INFO - Processing file /home/airflow/.local/lib/python3.7/site-packages/airflow/example_dags/tutorial_taskflow_api_etl_virtualenv.py for tasks to queue
[2024-09-20 07:10:51,370] {logging_mixin.py:115} INFO - [2024-09-20 07:10:51,370] {dagbag.py:507} INFO - Filling up the DagBag from /home/airflow/.local/lib/python3.7/site-packages/airflow/example_dags/tutorial_taskflow_api_etl_virtualenv.py
[2024-09-20 07:10:51,396] {processor.py:651} INFO - DAG(s) dict_keys(['tutorial_taskflow_api_etl_virtualenv']) retrieved from /home/airflow/.local/lib/python3.7/site-packages/airflow/example_dags/tutorial_taskflow_api_etl_virtualenv.py
[2024-09-20 07:10:51,671] {logging_mixin.py:115} INFO - [2024-09-20 07:10:51,671] {dag.py:2371} INFO - Sync 1 DAGs
[2024-09-20 07:10:51,701] {logging_mixin.py:115} INFO - [2024-09-20 07:10:51,701] {dag.py:2919} INFO - Setting next_dagrun for tutorial_taskflow_api_etl_virtualenv to None, run_after=None
[2024-09-20 07:10:51,721] {processor.py:161} INFO - Processing /home/airflow/.local/lib/python3.7/site-packages/airflow/example_dags/tutorial_taskflow_api_etl_virtualenv.py took 0.357 seconds
[2024-09-20 07:11:21,809] {processor.py:153} INFO - Started process (PID=193) to work on /home/airflow/.local/lib/python3.7/site-packages/airflow/example_dags/tutorial_taskflow_api_etl_virtualenv.py
[2024-09-20 07:11:21,810] {processor.py:641} INFO - Processing file /home/airflow/.local/lib/python3.7/site-packages/airflow/example_dags/tutorial_taskflow_api_etl_virtualenv.py for tasks to queue
[2024-09-20 07:11:21,810] {logging_mixin.py:115} INFO - [2024-09-20 07:11:21,810] {dagbag.py:507} INFO - Filling up the DagBag from /home/airflow/.local/lib/python3.7/site-packages/airflow/example_dags/tutorial_taskflow_api_etl_virtualenv.py
[2024-09-20 07:11:21,835] {processor.py:651} INFO - DAG(s) dict_keys(['tutorial_taskflow_api_etl_virtualenv']) retrieved from /home/airflow/.local/lib/python3.7/site-packages/airflow/example_dags/tutorial_taskflow_api_etl_virtualenv.py
[2024-09-20 07:11:22,105] {logging_mixin.py:115} INFO - [2024-09-20 07:11:22,105] {dag.py:2371} INFO - Sync 1 DAGs
[2024-09-20 07:11:22,149] {logging_mixin.py:115} INFO - [2024-09-20 07:11:22,148] {dag.py:2919} INFO - Setting next_dagrun for tutorial_taskflow_api_etl_virtualenv to None, run_after=None
[2024-09-20 07:11:22,175] {processor.py:161} INFO - Processing /home/airflow/.local/lib/python3.7/site-packages/airflow/example_dags/tutorial_taskflow_api_etl_virtualenv.py took 0.370 seconds
[2024-09-20 07:14:11,788] {processor.py:153} INFO - Started process (PID=83) to work on /home/airflow/.local/lib/python3.7/site-packages/airflow/example_dags/tutorial_taskflow_api_etl_virtualenv.py
[2024-09-20 07:14:11,789] {processor.py:641} INFO - Processing file /home/airflow/.local/lib/python3.7/site-packages/airflow/example_dags/tutorial_taskflow_api_etl_virtualenv.py for tasks to queue
[2024-09-20 07:14:11,790] {logging_mixin.py:115} INFO - [2024-09-20 07:14:11,789] {dagbag.py:507} INFO - Filling up the DagBag from /home/airflow/.local/lib/python3.7/site-packages/airflow/example_dags/tutorial_taskflow_api_etl_virtualenv.py
[2024-09-20 07:14:11,829] {processor.py:651} INFO - DAG(s) dict_keys(['tutorial_taskflow_api_etl_virtualenv']) retrieved from /home/airflow/.local/lib/python3.7/site-packages/airflow/example_dags/tutorial_taskflow_api_etl_virtualenv.py
[2024-09-20 07:14:12,146] {logging_mixin.py:115} INFO - [2024-09-20 07:14:12,146] {dag.py:2371} INFO - Sync 1 DAGs
[2024-09-20 07:14:12,180] {logging_mixin.py:115} INFO - [2024-09-20 07:14:12,180] {dag.py:2919} INFO - Setting next_dagrun for tutorial_taskflow_api_etl_virtualenv to None, run_after=None
[2024-09-20 07:14:12,200] {processor.py:161} INFO - Processing /home/airflow/.local/lib/python3.7/site-packages/airflow/example_dags/tutorial_taskflow_api_etl_virtualenv.py took 0.418 seconds
[2024-09-20 07:14:42,558] {processor.py:153} INFO - Started process (PID=135) to work on /home/airflow/.local/lib/python3.7/site-packages/airflow/example_dags/tutorial_taskflow_api_etl_virtualenv.py
[2024-09-20 07:14:42,559] {processor.py:641} INFO - Processing file /home/airflow/.local/lib/python3.7/site-packages/airflow/example_dags/tutorial_taskflow_api_etl_virtualenv.py for tasks to queue
[2024-09-20 07:14:42,560] {logging_mixin.py:115} INFO - [2024-09-20 07:14:42,560] {dagbag.py:507} INFO - Filling up the DagBag from /home/airflow/.local/lib/python3.7/site-packages/airflow/example_dags/tutorial_taskflow_api_etl_virtualenv.py
[2024-09-20 07:14:42,586] {processor.py:651} INFO - DAG(s) dict_keys(['tutorial_taskflow_api_etl_virtualenv']) retrieved from /home/airflow/.local/lib/python3.7/site-packages/airflow/example_dags/tutorial_taskflow_api_etl_virtualenv.py
[2024-09-20 07:14:42,856] {logging_mixin.py:115} INFO - [2024-09-20 07:14:42,856] {dag.py:2371} INFO - Sync 1 DAGs
[2024-09-20 07:14:42,884] {logging_mixin.py:115} INFO - [2024-09-20 07:14:42,884] {dag.py:2919} INFO - Setting next_dagrun for tutorial_taskflow_api_etl_virtualenv to None, run_after=None
[2024-09-20 07:14:42,904] {processor.py:161} INFO - Processing /home/airflow/.local/lib/python3.7/site-packages/airflow/example_dags/tutorial_taskflow_api_etl_virtualenv.py took 0.350 seconds
