[2024-09-20 07:05:07,147] {processor.py:153} INFO - Started process (PID=79) to work on /home/airflow/.local/lib/python3.7/site-packages/airflow/example_dags/tutorial_etl_dag.py
[2024-09-20 07:05:07,148] {processor.py:641} INFO - Processing file /home/airflow/.local/lib/python3.7/site-packages/airflow/example_dags/tutorial_etl_dag.py for tasks to queue
[2024-09-20 07:05:07,149] {logging_mixin.py:115} INFO - [2024-09-20 07:05:07,149] {dagbag.py:507} INFO - Filling up the DagBag from /home/airflow/.local/lib/python3.7/site-packages/airflow/example_dags/tutorial_etl_dag.py
[2024-09-20 07:05:07,169] {processor.py:651} INFO - DAG(s) dict_keys(['tutorial_etl_dag']) retrieved from /home/airflow/.local/lib/python3.7/site-packages/airflow/example_dags/tutorial_etl_dag.py
[2024-09-20 07:05:07,225] {logging_mixin.py:115} INFO - [2024-09-20 07:05:07,225] {dag.py:2371} INFO - Sync 1 DAGs
[2024-09-20 07:05:07,487] {logging_mixin.py:115} INFO - [2024-09-20 07:05:07,487] {dag.py:2919} INFO - Setting next_dagrun for tutorial_etl_dag to None, run_after=None
[2024-09-20 07:05:07,508] {processor.py:161} INFO - Processing /home/airflow/.local/lib/python3.7/site-packages/airflow/example_dags/tutorial_etl_dag.py took 0.370 seconds
[2024-09-20 07:05:38,103] {processor.py:153} INFO - Started process (PID=131) to work on /home/airflow/.local/lib/python3.7/site-packages/airflow/example_dags/tutorial_etl_dag.py
[2024-09-20 07:05:38,104] {processor.py:641} INFO - Processing file /home/airflow/.local/lib/python3.7/site-packages/airflow/example_dags/tutorial_etl_dag.py for tasks to queue
[2024-09-20 07:05:38,104] {logging_mixin.py:115} INFO - [2024-09-20 07:05:38,104] {dagbag.py:507} INFO - Filling up the DagBag from /home/airflow/.local/lib/python3.7/site-packages/airflow/example_dags/tutorial_etl_dag.py
[2024-09-20 07:05:38,115] {processor.py:651} INFO - DAG(s) dict_keys(['tutorial_etl_dag']) retrieved from /home/airflow/.local/lib/python3.7/site-packages/airflow/example_dags/tutorial_etl_dag.py
[2024-09-20 07:05:38,156] {logging_mixin.py:115} INFO - [2024-09-20 07:05:38,155] {dag.py:2371} INFO - Sync 1 DAGs
[2024-09-20 07:05:38,369] {logging_mixin.py:115} INFO - [2024-09-20 07:05:38,369] {dag.py:2919} INFO - Setting next_dagrun for tutorial_etl_dag to None, run_after=None
[2024-09-20 07:05:38,392] {processor.py:161} INFO - Processing /home/airflow/.local/lib/python3.7/site-packages/airflow/example_dags/tutorial_etl_dag.py took 0.294 seconds
[2024-09-20 07:08:22,251] {processor.py:153} INFO - Started process (PID=80) to work on /home/airflow/.local/lib/python3.7/site-packages/airflow/example_dags/tutorial_etl_dag.py
[2024-09-20 07:08:22,252] {processor.py:641} INFO - Processing file /home/airflow/.local/lib/python3.7/site-packages/airflow/example_dags/tutorial_etl_dag.py for tasks to queue
[2024-09-20 07:08:22,253] {logging_mixin.py:115} INFO - [2024-09-20 07:08:22,253] {dagbag.py:507} INFO - Filling up the DagBag from /home/airflow/.local/lib/python3.7/site-packages/airflow/example_dags/tutorial_etl_dag.py
[2024-09-20 07:08:22,264] {processor.py:651} INFO - DAG(s) dict_keys(['tutorial_etl_dag']) retrieved from /home/airflow/.local/lib/python3.7/site-packages/airflow/example_dags/tutorial_etl_dag.py
[2024-09-20 07:08:22,304] {logging_mixin.py:115} INFO - [2024-09-20 07:08:22,303] {dag.py:2371} INFO - Sync 1 DAGs
[2024-09-20 07:08:22,564] {logging_mixin.py:115} INFO - [2024-09-20 07:08:22,564] {dag.py:2919} INFO - Setting next_dagrun for tutorial_etl_dag to None, run_after=None
[2024-09-20 07:08:22,583] {processor.py:161} INFO - Processing /home/airflow/.local/lib/python3.7/site-packages/airflow/example_dags/tutorial_etl_dag.py took 0.336 seconds
[2024-09-20 07:10:19,981] {processor.py:153} INFO - Started process (PID=80) to work on /home/airflow/.local/lib/python3.7/site-packages/airflow/example_dags/tutorial_etl_dag.py
[2024-09-20 07:10:19,982] {processor.py:641} INFO - Processing file /home/airflow/.local/lib/python3.7/site-packages/airflow/example_dags/tutorial_etl_dag.py for tasks to queue
[2024-09-20 07:10:19,983] {logging_mixin.py:115} INFO - [2024-09-20 07:10:19,983] {dagbag.py:507} INFO - Filling up the DagBag from /home/airflow/.local/lib/python3.7/site-packages/airflow/example_dags/tutorial_etl_dag.py
[2024-09-20 07:10:19,999] {processor.py:651} INFO - DAG(s) dict_keys(['tutorial_etl_dag']) retrieved from /home/airflow/.local/lib/python3.7/site-packages/airflow/example_dags/tutorial_etl_dag.py
[2024-09-20 07:10:20,064] {logging_mixin.py:115} INFO - [2024-09-20 07:10:20,064] {dag.py:2371} INFO - Sync 1 DAGs
[2024-09-20 07:10:20,368] {logging_mixin.py:115} INFO - [2024-09-20 07:10:20,368] {dag.py:2919} INFO - Setting next_dagrun for tutorial_etl_dag to None, run_after=None
[2024-09-20 07:10:20,395] {processor.py:161} INFO - Processing /home/airflow/.local/lib/python3.7/site-packages/airflow/example_dags/tutorial_etl_dag.py took 0.420 seconds
[2024-09-20 07:10:50,563] {processor.py:153} INFO - Started process (PID=132) to work on /home/airflow/.local/lib/python3.7/site-packages/airflow/example_dags/tutorial_etl_dag.py
[2024-09-20 07:10:50,564] {processor.py:641} INFO - Processing file /home/airflow/.local/lib/python3.7/site-packages/airflow/example_dags/tutorial_etl_dag.py for tasks to queue
[2024-09-20 07:10:50,564] {logging_mixin.py:115} INFO - [2024-09-20 07:10:50,564] {dagbag.py:507} INFO - Filling up the DagBag from /home/airflow/.local/lib/python3.7/site-packages/airflow/example_dags/tutorial_etl_dag.py
[2024-09-20 07:10:50,576] {processor.py:651} INFO - DAG(s) dict_keys(['tutorial_etl_dag']) retrieved from /home/airflow/.local/lib/python3.7/site-packages/airflow/example_dags/tutorial_etl_dag.py
[2024-09-20 07:10:50,619] {logging_mixin.py:115} INFO - [2024-09-20 07:10:50,619] {dag.py:2371} INFO - Sync 1 DAGs
[2024-09-20 07:10:50,896] {logging_mixin.py:115} INFO - [2024-09-20 07:10:50,895] {dag.py:2919} INFO - Setting next_dagrun for tutorial_etl_dag to None, run_after=None
[2024-09-20 07:10:50,935] {processor.py:161} INFO - Processing /home/airflow/.local/lib/python3.7/site-packages/airflow/example_dags/tutorial_etl_dag.py took 0.377 seconds
[2024-09-20 07:11:21,161] {processor.py:153} INFO - Started process (PID=184) to work on /home/airflow/.local/lib/python3.7/site-packages/airflow/example_dags/tutorial_etl_dag.py
[2024-09-20 07:11:21,162] {processor.py:641} INFO - Processing file /home/airflow/.local/lib/python3.7/site-packages/airflow/example_dags/tutorial_etl_dag.py for tasks to queue
[2024-09-20 07:11:21,163] {logging_mixin.py:115} INFO - [2024-09-20 07:11:21,163] {dagbag.py:507} INFO - Filling up the DagBag from /home/airflow/.local/lib/python3.7/site-packages/airflow/example_dags/tutorial_etl_dag.py
[2024-09-20 07:11:21,174] {processor.py:651} INFO - DAG(s) dict_keys(['tutorial_etl_dag']) retrieved from /home/airflow/.local/lib/python3.7/site-packages/airflow/example_dags/tutorial_etl_dag.py
[2024-09-20 07:11:21,214] {logging_mixin.py:115} INFO - [2024-09-20 07:11:21,214] {dag.py:2371} INFO - Sync 1 DAGs
[2024-09-20 07:11:21,433] {logging_mixin.py:115} INFO - [2024-09-20 07:11:21,433] {dag.py:2919} INFO - Setting next_dagrun for tutorial_etl_dag to None, run_after=None
[2024-09-20 07:11:21,460] {processor.py:161} INFO - Processing /home/airflow/.local/lib/python3.7/site-packages/airflow/example_dags/tutorial_etl_dag.py took 0.303 seconds
[2024-09-20 07:14:11,431] {processor.py:153} INFO - Started process (PID=81) to work on /home/airflow/.local/lib/python3.7/site-packages/airflow/example_dags/tutorial_etl_dag.py
[2024-09-20 07:14:11,432] {processor.py:641} INFO - Processing file /home/airflow/.local/lib/python3.7/site-packages/airflow/example_dags/tutorial_etl_dag.py for tasks to queue
[2024-09-20 07:14:11,433] {logging_mixin.py:115} INFO - [2024-09-20 07:14:11,433] {dagbag.py:507} INFO - Filling up the DagBag from /home/airflow/.local/lib/python3.7/site-packages/airflow/example_dags/tutorial_etl_dag.py
[2024-09-20 07:14:11,445] {processor.py:651} INFO - DAG(s) dict_keys(['tutorial_etl_dag']) retrieved from /home/airflow/.local/lib/python3.7/site-packages/airflow/example_dags/tutorial_etl_dag.py
[2024-09-20 07:14:11,491] {logging_mixin.py:115} INFO - [2024-09-20 07:14:11,490] {dag.py:2371} INFO - Sync 1 DAGs
[2024-09-20 07:14:11,723] {logging_mixin.py:115} INFO - [2024-09-20 07:14:11,723] {dag.py:2919} INFO - Setting next_dagrun for tutorial_etl_dag to None, run_after=None
[2024-09-20 07:14:11,748] {processor.py:161} INFO - Processing /home/airflow/.local/lib/python3.7/site-packages/airflow/example_dags/tutorial_etl_dag.py took 0.322 seconds
[2024-09-20 07:14:42,254] {processor.py:153} INFO - Started process (PID=133) to work on /home/airflow/.local/lib/python3.7/site-packages/airflow/example_dags/tutorial_etl_dag.py
[2024-09-20 07:14:42,255] {processor.py:641} INFO - Processing file /home/airflow/.local/lib/python3.7/site-packages/airflow/example_dags/tutorial_etl_dag.py for tasks to queue
[2024-09-20 07:14:42,256] {logging_mixin.py:115} INFO - [2024-09-20 07:14:42,255] {dagbag.py:507} INFO - Filling up the DagBag from /home/airflow/.local/lib/python3.7/site-packages/airflow/example_dags/tutorial_etl_dag.py
[2024-09-20 07:14:42,265] {processor.py:651} INFO - DAG(s) dict_keys(['tutorial_etl_dag']) retrieved from /home/airflow/.local/lib/python3.7/site-packages/airflow/example_dags/tutorial_etl_dag.py
[2024-09-20 07:14:42,307] {logging_mixin.py:115} INFO - [2024-09-20 07:14:42,307] {dag.py:2371} INFO - Sync 1 DAGs
[2024-09-20 07:14:42,513] {logging_mixin.py:115} INFO - [2024-09-20 07:14:42,513] {dag.py:2919} INFO - Setting next_dagrun for tutorial_etl_dag to None, run_after=None
[2024-09-20 07:14:42,530] {processor.py:161} INFO - Processing /home/airflow/.local/lib/python3.7/site-packages/airflow/example_dags/tutorial_etl_dag.py took 0.280 seconds
