[2024-09-20 07:05:01,907] {processor.py:153} INFO - Started process (PID=58) to work on /home/airflow/.local/lib/python3.7/site-packages/airflow/example_dags/tutorial_taskflow_api_etl.py
[2024-09-20 07:05:01,909] {processor.py:641} INFO - Processing file /home/airflow/.local/lib/python3.7/site-packages/airflow/example_dags/tutorial_taskflow_api_etl.py for tasks to queue
[2024-09-20 07:05:01,910] {logging_mixin.py:115} INFO - [2024-09-20 07:05:01,910] {dagbag.py:507} INFO - Filling up the DagBag from /home/airflow/.local/lib/python3.7/site-packages/airflow/example_dags/tutorial_taskflow_api_etl.py
[2024-09-20 07:05:01,955] {processor.py:651} INFO - DAG(s) dict_keys(['tutorial_taskflow_api_etl']) retrieved from /home/airflow/.local/lib/python3.7/site-packages/airflow/example_dags/tutorial_taskflow_api_etl.py
[2024-09-20 07:05:02,367] {logging_mixin.py:115} INFO - [2024-09-20 07:05:02,367] {dag.py:2371} INFO - Sync 1 DAGs
[2024-09-20 07:05:02,422] {logging_mixin.py:115} INFO - [2024-09-20 07:05:02,422] {dag.py:2919} INFO - Setting next_dagrun for tutorial_taskflow_api_etl to None, run_after=None
[2024-09-20 07:05:02,458] {processor.py:161} INFO - Processing /home/airflow/.local/lib/python3.7/site-packages/airflow/example_dags/tutorial_taskflow_api_etl.py took 0.559 seconds
[2024-09-20 07:05:33,048] {processor.py:153} INFO - Started process (PID=110) to work on /home/airflow/.local/lib/python3.7/site-packages/airflow/example_dags/tutorial_taskflow_api_etl.py
[2024-09-20 07:05:33,049] {processor.py:641} INFO - Processing file /home/airflow/.local/lib/python3.7/site-packages/airflow/example_dags/tutorial_taskflow_api_etl.py for tasks to queue
[2024-09-20 07:05:33,050] {logging_mixin.py:115} INFO - [2024-09-20 07:05:33,050] {dagbag.py:507} INFO - Filling up the DagBag from /home/airflow/.local/lib/python3.7/site-packages/airflow/example_dags/tutorial_taskflow_api_etl.py
[2024-09-20 07:05:33,078] {processor.py:651} INFO - DAG(s) dict_keys(['tutorial_taskflow_api_etl']) retrieved from /home/airflow/.local/lib/python3.7/site-packages/airflow/example_dags/tutorial_taskflow_api_etl.py
[2024-09-20 07:05:33,416] {logging_mixin.py:115} INFO - [2024-09-20 07:05:33,416] {dag.py:2371} INFO - Sync 1 DAGs
[2024-09-20 07:05:33,455] {logging_mixin.py:115} INFO - [2024-09-20 07:05:33,455] {dag.py:2919} INFO - Setting next_dagrun for tutorial_taskflow_api_etl to None, run_after=None
[2024-09-20 07:05:33,479] {processor.py:161} INFO - Processing /home/airflow/.local/lib/python3.7/site-packages/airflow/example_dags/tutorial_taskflow_api_etl.py took 0.436 seconds
[2024-09-20 07:08:16,806] {processor.py:153} INFO - Started process (PID=50) to work on /home/airflow/.local/lib/python3.7/site-packages/airflow/example_dags/tutorial_taskflow_api_etl.py
[2024-09-20 07:08:16,807] {processor.py:641} INFO - Processing file /home/airflow/.local/lib/python3.7/site-packages/airflow/example_dags/tutorial_taskflow_api_etl.py for tasks to queue
[2024-09-20 07:08:16,808] {logging_mixin.py:115} INFO - [2024-09-20 07:08:16,808] {dagbag.py:507} INFO - Filling up the DagBag from /home/airflow/.local/lib/python3.7/site-packages/airflow/example_dags/tutorial_taskflow_api_etl.py
[2024-09-20 07:08:16,839] {processor.py:651} INFO - DAG(s) dict_keys(['tutorial_taskflow_api_etl']) retrieved from /home/airflow/.local/lib/python3.7/site-packages/airflow/example_dags/tutorial_taskflow_api_etl.py
[2024-09-20 07:08:17,132] {logging_mixin.py:115} INFO - [2024-09-20 07:08:17,132] {dag.py:2371} INFO - Sync 1 DAGs
[2024-09-20 07:08:17,170] {logging_mixin.py:115} INFO - [2024-09-20 07:08:17,170] {dag.py:2919} INFO - Setting next_dagrun for tutorial_taskflow_api_etl to None, run_after=None
[2024-09-20 07:08:17,194] {processor.py:161} INFO - Processing /home/airflow/.local/lib/python3.7/site-packages/airflow/example_dags/tutorial_taskflow_api_etl.py took 0.393 seconds
[2024-09-20 07:10:15,185] {processor.py:153} INFO - Started process (PID=50) to work on /home/airflow/.local/lib/python3.7/site-packages/airflow/example_dags/tutorial_taskflow_api_etl.py
[2024-09-20 07:10:15,186] {processor.py:641} INFO - Processing file /home/airflow/.local/lib/python3.7/site-packages/airflow/example_dags/tutorial_taskflow_api_etl.py for tasks to queue
[2024-09-20 07:10:15,188] {logging_mixin.py:115} INFO - [2024-09-20 07:10:15,188] {dagbag.py:507} INFO - Filling up the DagBag from /home/airflow/.local/lib/python3.7/site-packages/airflow/example_dags/tutorial_taskflow_api_etl.py
[2024-09-20 07:10:15,226] {processor.py:651} INFO - DAG(s) dict_keys(['tutorial_taskflow_api_etl']) retrieved from /home/airflow/.local/lib/python3.7/site-packages/airflow/example_dags/tutorial_taskflow_api_etl.py
[2024-09-20 07:10:15,559] {logging_mixin.py:115} INFO - [2024-09-20 07:10:15,559] {dag.py:2371} INFO - Sync 1 DAGs
[2024-09-20 07:10:15,593] {logging_mixin.py:115} INFO - [2024-09-20 07:10:15,593] {dag.py:2919} INFO - Setting next_dagrun for tutorial_taskflow_api_etl to None, run_after=None
[2024-09-20 07:10:15,622] {processor.py:161} INFO - Processing /home/airflow/.local/lib/python3.7/site-packages/airflow/example_dags/tutorial_taskflow_api_etl.py took 0.443 seconds
[2024-09-20 07:10:45,725] {processor.py:153} INFO - Started process (PID=111) to work on /home/airflow/.local/lib/python3.7/site-packages/airflow/example_dags/tutorial_taskflow_api_etl.py
[2024-09-20 07:10:45,726] {processor.py:641} INFO - Processing file /home/airflow/.local/lib/python3.7/site-packages/airflow/example_dags/tutorial_taskflow_api_etl.py for tasks to queue
[2024-09-20 07:10:45,727] {logging_mixin.py:115} INFO - [2024-09-20 07:10:45,727] {dagbag.py:507} INFO - Filling up the DagBag from /home/airflow/.local/lib/python3.7/site-packages/airflow/example_dags/tutorial_taskflow_api_etl.py
[2024-09-20 07:10:45,789] {processor.py:651} INFO - DAG(s) dict_keys(['tutorial_taskflow_api_etl']) retrieved from /home/airflow/.local/lib/python3.7/site-packages/airflow/example_dags/tutorial_taskflow_api_etl.py
[2024-09-20 07:10:46,182] {logging_mixin.py:115} INFO - [2024-09-20 07:10:46,182] {dag.py:2371} INFO - Sync 1 DAGs
[2024-09-20 07:10:46,228] {logging_mixin.py:115} INFO - [2024-09-20 07:10:46,228] {dag.py:2919} INFO - Setting next_dagrun for tutorial_taskflow_api_etl to None, run_after=None
[2024-09-20 07:10:46,271] {processor.py:161} INFO - Processing /home/airflow/.local/lib/python3.7/site-packages/airflow/example_dags/tutorial_taskflow_api_etl.py took 0.555 seconds
[2024-09-20 07:11:16,855] {processor.py:153} INFO - Started process (PID=163) to work on /home/airflow/.local/lib/python3.7/site-packages/airflow/example_dags/tutorial_taskflow_api_etl.py
[2024-09-20 07:11:16,855] {processor.py:641} INFO - Processing file /home/airflow/.local/lib/python3.7/site-packages/airflow/example_dags/tutorial_taskflow_api_etl.py for tasks to queue
[2024-09-20 07:11:16,856] {logging_mixin.py:115} INFO - [2024-09-20 07:11:16,856] {dagbag.py:507} INFO - Filling up the DagBag from /home/airflow/.local/lib/python3.7/site-packages/airflow/example_dags/tutorial_taskflow_api_etl.py
[2024-09-20 07:11:16,882] {processor.py:651} INFO - DAG(s) dict_keys(['tutorial_taskflow_api_etl']) retrieved from /home/airflow/.local/lib/python3.7/site-packages/airflow/example_dags/tutorial_taskflow_api_etl.py
[2024-09-20 07:11:17,159] {logging_mixin.py:115} INFO - [2024-09-20 07:11:17,159] {dag.py:2371} INFO - Sync 1 DAGs
[2024-09-20 07:11:17,189] {logging_mixin.py:115} INFO - [2024-09-20 07:11:17,188] {dag.py:2919} INFO - Setting next_dagrun for tutorial_taskflow_api_etl to None, run_after=None
[2024-09-20 07:11:17,212] {processor.py:161} INFO - Processing /home/airflow/.local/lib/python3.7/site-packages/airflow/example_dags/tutorial_taskflow_api_etl.py took 0.362 seconds
[2024-09-20 07:14:05,092] {processor.py:153} INFO - Started process (PID=51) to work on /home/airflow/.local/lib/python3.7/site-packages/airflow/example_dags/tutorial_taskflow_api_etl.py
[2024-09-20 07:14:05,097] {processor.py:641} INFO - Processing file /home/airflow/.local/lib/python3.7/site-packages/airflow/example_dags/tutorial_taskflow_api_etl.py for tasks to queue
[2024-09-20 07:14:05,098] {logging_mixin.py:115} INFO - [2024-09-20 07:14:05,098] {dagbag.py:507} INFO - Filling up the DagBag from /home/airflow/.local/lib/python3.7/site-packages/airflow/example_dags/tutorial_taskflow_api_etl.py
[2024-09-20 07:14:05,140] {processor.py:651} INFO - DAG(s) dict_keys(['tutorial_taskflow_api_etl']) retrieved from /home/airflow/.local/lib/python3.7/site-packages/airflow/example_dags/tutorial_taskflow_api_etl.py
[2024-09-20 07:14:05,563] {logging_mixin.py:115} INFO - [2024-09-20 07:14:05,563] {dag.py:2371} INFO - Sync 1 DAGs
[2024-09-20 07:14:05,635] {logging_mixin.py:115} INFO - [2024-09-20 07:14:05,635] {dag.py:2919} INFO - Setting next_dagrun for tutorial_taskflow_api_etl to None, run_after=None
[2024-09-20 07:14:05,686] {processor.py:161} INFO - Processing /home/airflow/.local/lib/python3.7/site-packages/airflow/example_dags/tutorial_taskflow_api_etl.py took 0.599 seconds
[2024-09-20 07:14:36,273] {processor.py:153} INFO - Started process (PID=112) to work on /home/airflow/.local/lib/python3.7/site-packages/airflow/example_dags/tutorial_taskflow_api_etl.py
[2024-09-20 07:14:36,274] {processor.py:641} INFO - Processing file /home/airflow/.local/lib/python3.7/site-packages/airflow/example_dags/tutorial_taskflow_api_etl.py for tasks to queue
[2024-09-20 07:14:36,275] {logging_mixin.py:115} INFO - [2024-09-20 07:14:36,275] {dagbag.py:507} INFO - Filling up the DagBag from /home/airflow/.local/lib/python3.7/site-packages/airflow/example_dags/tutorial_taskflow_api_etl.py
[2024-09-20 07:14:36,315] {processor.py:651} INFO - DAG(s) dict_keys(['tutorial_taskflow_api_etl']) retrieved from /home/airflow/.local/lib/python3.7/site-packages/airflow/example_dags/tutorial_taskflow_api_etl.py
[2024-09-20 07:14:36,756] {logging_mixin.py:115} INFO - [2024-09-20 07:14:36,755] {dag.py:2371} INFO - Sync 1 DAGs
[2024-09-20 07:14:36,802] {logging_mixin.py:115} INFO - [2024-09-20 07:14:36,802] {dag.py:2919} INFO - Setting next_dagrun for tutorial_taskflow_api_etl to None, run_after=None
[2024-09-20 07:14:36,830] {processor.py:161} INFO - Processing /home/airflow/.local/lib/python3.7/site-packages/airflow/example_dags/tutorial_taskflow_api_etl.py took 0.563 seconds
