[2024-09-24T18:29:02.243+0000] {local_task_job_runner.py:123} INFO - ::group::Pre task execution logs
[2024-09-24T18:29:02.275+0000] {taskinstance.py:2612} INFO - Dependencies all met for dep_context=non-requeueable deps ti=<TaskInstance: dbt_dag.dbt_seed manual__2024-09-24T18:29:01.210605+00:00 [queued]>
[2024-09-24T18:29:02.292+0000] {taskinstance.py:2612} INFO - Dependencies all met for dep_context=requeueable deps ti=<TaskInstance: dbt_dag.dbt_seed manual__2024-09-24T18:29:01.210605+00:00 [queued]>
[2024-09-24T18:29:02.292+0000] {taskinstance.py:2865} INFO - Starting attempt 1 of 1
[2024-09-24T18:29:02.322+0000] {taskinstance.py:2888} INFO - Executing <Task(BashOperator): dbt_seed> on 2024-09-24 18:29:01.210605+00:00
[2024-09-24T18:29:02.334+0000] {logging_mixin.py:190} WARNING - /home/***/.local/lib/python3.12/site-packages/***/task/task_runner/standard_task_runner.py:70 DeprecationWarning: This process (pid=195) is multi-threaded, use of fork() may lead to deadlocks in the child.
[2024-09-24T18:29:02.335+0000] {standard_task_runner.py:72} INFO - Started process 196 to run task
[2024-09-24T18:29:02.334+0000] {standard_task_runner.py:104} INFO - Running: ['***', 'tasks', 'run', 'dbt_dag', 'dbt_seed', 'manual__2024-09-24T18:29:01.210605+00:00', '--job-id', '42', '--raw', '--subdir', 'DAGS_FOLDER/dbt_snowflake_dag.py', '--cfg-path', '/tmp/tmp0cjox1qz']
[2024-09-24T18:29:02.338+0000] {standard_task_runner.py:105} INFO - Job 42: Subtask dbt_seed
[2024-09-24T18:29:02.360+0000] {logging_mixin.py:190} WARNING - /home/***/.local/lib/python3.12/site-packages/***/settings.py:209 DeprecationWarning: The sql_alchemy_conn option in [core] has been moved to the sql_alchemy_conn option in [database] - the old setting has been used, but please update your config.
[2024-09-24T18:29:02.421+0000] {task_command.py:467} INFO - Running <TaskInstance: dbt_dag.dbt_seed manual__2024-09-24T18:29:01.210605+00:00 [running]> on host cb04601716d3
[2024-09-24T18:29:02.614+0000] {taskinstance.py:3131} INFO - Exporting env vars: AIRFLOW_CTX_DAG_OWNER='Amir' AIRFLOW_CTX_DAG_ID='dbt_dag' AIRFLOW_CTX_TASK_ID='dbt_seed' AIRFLOW_CTX_EXECUTION_DATE='2024-09-24T18:29:01.210605+00:00' AIRFLOW_CTX_TRY_NUMBER='1' AIRFLOW_CTX_DAG_RUN_ID='manual__2024-09-24T18:29:01.210605+00:00'
[2024-09-24T18:29:02.615+0000] {taskinstance.py:731} INFO - ::endgroup::
[2024-09-24T18:29:02.657+0000] {subprocess.py:63} INFO - Tmp dir root location: /tmp
[2024-09-24T18:29:02.658+0000] {subprocess.py:75} INFO - Running command: ['/usr/bin/bash', '-c', 'cd /opt/***/code/sales_dbt && dbt seed']
[2024-09-24T18:29:02.675+0000] {subprocess.py:86} INFO - Output:
[2024-09-24T18:29:07.809+0000] {subprocess.py:93} INFO - [0m18:29:07  Running with dbt=1.8.6
[2024-09-24T18:29:10.149+0000] {subprocess.py:93} INFO - [0m18:29:10  Registered adapter: snowflake=1.8.3
[2024-09-24T18:29:11.943+0000] {subprocess.py:93} INFO - [0m18:29:11  Found 10 models, 1 seed, 1 operation, 12 data tests, 1 source, 656 macros
[2024-09-24T18:29:11.952+0000] {subprocess.py:93} INFO - [0m18:29:11
[2024-09-24T18:29:16.816+0000] {subprocess.py:93} INFO - [0m18:29:16  Concurrency: 1 threads (target='dev')
[2024-09-24T18:29:16.817+0000] {subprocess.py:93} INFO - [0m18:29:16
[2024-09-24T18:29:16.838+0000] {subprocess.py:93} INFO - [0m18:29:16  1 of 1 START seed file RAW_DATA.superStore ..................................... [RUN]
[2024-09-24T18:30:59.774+0000] {subprocess.py:93} INFO - [0m18:30:59  1 of 1 OK loaded seed file RAW_DATA.superStore ................................. [[32mINSERT 9994[0m in 102.93s]
[2024-09-24T18:30:59.779+0000] {subprocess.py:93} INFO - [0m18:30:59
[2024-09-24T18:30:59.781+0000] {subprocess.py:93} INFO - [0m18:30:59  Running 1 on-run-end hook
[2024-09-24T18:30:59.827+0000] {subprocess.py:93} INFO - [0m18:30:59  1 of 1 START hook: dbt_constraints.on-run-end.0 ................................ [RUN]
[2024-09-24T18:30:59.828+0000] {subprocess.py:93} INFO - [0m18:30:59  1 of 1 OK hook: dbt_constraints.on-run-end.0 ................................... [[32mOK[0m in 0.00s]
[2024-09-24T18:30:59.829+0000] {subprocess.py:93} INFO - [0m18:30:59
[2024-09-24T18:30:59.832+0000] {subprocess.py:93} INFO - [0m18:30:59
[2024-09-24T18:30:59.832+0000] {subprocess.py:93} INFO - [0m18:30:59  Finished running 1 seed, 1 project hook in 0 hours 1 minutes and 47.88 seconds (107.88s).
[2024-09-24T18:30:59.933+0000] {subprocess.py:93} INFO - [0m18:30:59
[2024-09-24T18:30:59.934+0000] {subprocess.py:93} INFO - [0m18:30:59  [32mCompleted successfully[0m
[2024-09-24T18:30:59.934+0000] {subprocess.py:93} INFO - [0m18:30:59
[2024-09-24T18:30:59.935+0000] {subprocess.py:93} INFO - [0m18:30:59  Done. PASS=1 WARN=0 ERROR=0 SKIP=0 TOTAL=1
[2024-09-24T18:31:01.493+0000] {subprocess.py:97} INFO - Command exited with return code 0
[2024-09-24T18:31:01.538+0000] {taskinstance.py:340} INFO - ::group::Post task execution logs
[2024-09-24T18:31:01.539+0000] {taskinstance.py:352} INFO - Marking task as SUCCESS. dag_id=dbt_dag, task_id=dbt_seed, run_id=manual__2024-09-24T18:29:01.210605+00:00, execution_date=20240924T182901, start_date=20240924T182902, end_date=20240924T183101
[2024-09-24T18:31:01.575+0000] {local_task_job_runner.py:266} INFO - Task exited with return code 0
[2024-09-24T18:31:01.619+0000] {taskinstance.py:3900} INFO - 1 downstream tasks scheduled from follow-on schedule check
[2024-09-24T18:31:01.622+0000] {local_task_job_runner.py:245} INFO - ::endgroup::
