[2024-09-19 16:16:14,947] {processor.py:153} INFO - Started process (PID=78) to work on /home/airflow/.local/lib/python3.7/site-packages/airflow/example_dags/example_subdag_operator.py
[2024-09-19 16:16:14,947] {processor.py:641} INFO - Processing file /home/airflow/.local/lib/python3.7/site-packages/airflow/example_dags/example_subdag_operator.py for tasks to queue
[2024-09-19 16:16:14,947] {logging_mixin.py:115} INFO - [2024-09-19 16:16:14,947] {dagbag.py:507} INFO - Filling up the DagBag from /home/airflow/.local/lib/python3.7/site-packages/airflow/example_dags/example_subdag_operator.py
[2024-09-19 16:16:14,970] {processor.py:651} INFO - DAG(s) dict_keys(['example_subdag_operator.section-1', 'example_subdag_operator.section-2', 'example_subdag_operator']) retrieved from /home/airflow/.local/lib/python3.7/site-packages/airflow/example_dags/example_subdag_operator.py
[2024-09-19 16:16:15,161] {logging_mixin.py:115} INFO - [2024-09-19 16:16:15,161] {manager.py:508} INFO - Created Permission View: can read on DAG:example_subdag_operator
[2024-09-19 16:16:15,168] {logging_mixin.py:115} INFO - [2024-09-19 16:16:15,168] {manager.py:508} INFO - Created Permission View: can edit on DAG:example_subdag_operator
[2024-09-19 16:16:15,174] {logging_mixin.py:115} INFO - [2024-09-19 16:16:15,174] {manager.py:508} INFO - Created Permission View: can delete on DAG:example_subdag_operator
[2024-09-19 16:16:15,174] {logging_mixin.py:115} INFO - [2024-09-19 16:16:15,174] {dag.py:2371} INFO - Sync 3 DAGs
[2024-09-19 16:16:15,182] {logging_mixin.py:115} INFO - [2024-09-19 16:16:15,182] {dag.py:2390} INFO - Creating ORM DAG for example_subdag_operator.section-2
[2024-09-19 16:16:15,182] {logging_mixin.py:115} INFO - [2024-09-19 16:16:15,182] {dag.py:2390} INFO - Creating ORM DAG for example_subdag_operator
[2024-09-19 16:16:15,183] {logging_mixin.py:115} INFO - [2024-09-19 16:16:15,183] {dag.py:2390} INFO - Creating ORM DAG for example_subdag_operator.section-1
[2024-09-19 16:16:15,193] {logging_mixin.py:115} INFO - [2024-09-19 16:16:15,193] {dag.py:2919} INFO - Setting next_dagrun for example_subdag_operator to 2024-09-17T00:00:00+00:00, run_after=2024-09-17T00:00:00+00:00
[2024-09-19 16:16:15,194] {logging_mixin.py:115} INFO - [2024-09-19 16:16:15,194] {dag.py:2919} INFO - Setting next_dagrun for example_subdag_operator.section-1 to None, run_after=None
[2024-09-19 16:16:15,194] {logging_mixin.py:115} INFO - [2024-09-19 16:16:15,194] {dag.py:2919} INFO - Setting next_dagrun for example_subdag_operator.section-2 to None, run_after=None
[2024-09-19 16:16:15,206] {logging_mixin.py:115} INFO - [2024-09-19 16:16:15,206] {dag.py:2371} INFO - Sync 2 DAGs
[2024-09-19 16:16:15,210] {logging_mixin.py:115} INFO - [2024-09-19 16:16:15,210] {dag.py:2919} INFO - Setting next_dagrun for example_subdag_operator.section-1 to None, run_after=None
[2024-09-19 16:16:15,211] {logging_mixin.py:115} INFO - [2024-09-19 16:16:15,210] {dag.py:2919} INFO - Setting next_dagrun for example_subdag_operator.section-2 to None, run_after=None
[2024-09-19 16:16:15,218] {processor.py:161} INFO - Processing /home/airflow/.local/lib/python3.7/site-packages/airflow/example_dags/example_subdag_operator.py took 0.274 seconds
[2024-09-19 16:16:45,396] {processor.py:153} INFO - Started process (PID=139) to work on /home/airflow/.local/lib/python3.7/site-packages/airflow/example_dags/example_subdag_operator.py
[2024-09-19 16:16:45,397] {processor.py:641} INFO - Processing file /home/airflow/.local/lib/python3.7/site-packages/airflow/example_dags/example_subdag_operator.py for tasks to queue
[2024-09-19 16:16:45,397] {logging_mixin.py:115} INFO - [2024-09-19 16:16:45,397] {dagbag.py:507} INFO - Filling up the DagBag from /home/airflow/.local/lib/python3.7/site-packages/airflow/example_dags/example_subdag_operator.py
[2024-09-19 16:16:45,418] {processor.py:651} INFO - DAG(s) dict_keys(['example_subdag_operator.section-1', 'example_subdag_operator.section-2', 'example_subdag_operator']) retrieved from /home/airflow/.local/lib/python3.7/site-packages/airflow/example_dags/example_subdag_operator.py
[2024-09-19 16:16:45,441] {logging_mixin.py:115} INFO - [2024-09-19 16:16:45,441] {dag.py:2371} INFO - Sync 3 DAGs
[2024-09-19 16:16:45,557] {logging_mixin.py:115} INFO - [2024-09-19 16:16:45,557] {dag.py:2919} INFO - Setting next_dagrun for example_subdag_operator to 2024-09-17T00:00:00+00:00, run_after=2024-09-17T00:00:00+00:00
[2024-09-19 16:16:45,557] {logging_mixin.py:115} INFO - [2024-09-19 16:16:45,557] {dag.py:2919} INFO - Setting next_dagrun for example_subdag_operator.section-1 to None, run_after=None
[2024-09-19 16:16:45,557] {logging_mixin.py:115} INFO - [2024-09-19 16:16:45,557] {dag.py:2919} INFO - Setting next_dagrun for example_subdag_operator.section-2 to None, run_after=None
[2024-09-19 16:16:45,562] {logging_mixin.py:115} INFO - [2024-09-19 16:16:45,562] {dag.py:2371} INFO - Sync 2 DAGs
[2024-09-19 16:16:45,568] {logging_mixin.py:115} INFO - [2024-09-19 16:16:45,568] {dag.py:2919} INFO - Setting next_dagrun for example_subdag_operator.section-1 to None, run_after=None
[2024-09-19 16:16:45,568] {logging_mixin.py:115} INFO - [2024-09-19 16:16:45,568] {dag.py:2919} INFO - Setting next_dagrun for example_subdag_operator.section-2 to None, run_after=None
[2024-09-19 16:16:45,574] {processor.py:161} INFO - Processing /home/airflow/.local/lib/python3.7/site-packages/airflow/example_dags/example_subdag_operator.py took 0.179 seconds
[2024-09-19 16:17:16,183] {processor.py:153} INFO - Started process (PID=191) to work on /home/airflow/.local/lib/python3.7/site-packages/airflow/example_dags/example_subdag_operator.py
[2024-09-19 16:17:16,184] {processor.py:641} INFO - Processing file /home/airflow/.local/lib/python3.7/site-packages/airflow/example_dags/example_subdag_operator.py for tasks to queue
[2024-09-19 16:17:16,184] {logging_mixin.py:115} INFO - [2024-09-19 16:17:16,184] {dagbag.py:507} INFO - Filling up the DagBag from /home/airflow/.local/lib/python3.7/site-packages/airflow/example_dags/example_subdag_operator.py
[2024-09-19 16:17:16,201] {processor.py:651} INFO - DAG(s) dict_keys(['example_subdag_operator.section-1', 'example_subdag_operator.section-2', 'example_subdag_operator']) retrieved from /home/airflow/.local/lib/python3.7/site-packages/airflow/example_dags/example_subdag_operator.py
[2024-09-19 16:17:16,221] {logging_mixin.py:115} INFO - [2024-09-19 16:17:16,221] {dag.py:2371} INFO - Sync 3 DAGs
[2024-09-19 16:17:16,356] {logging_mixin.py:115} INFO - [2024-09-19 16:17:16,356] {dag.py:2919} INFO - Setting next_dagrun for example_subdag_operator to 2024-09-17T00:00:00+00:00, run_after=2024-09-17T00:00:00+00:00
[2024-09-19 16:17:16,357] {logging_mixin.py:115} INFO - [2024-09-19 16:17:16,357] {dag.py:2919} INFO - Setting next_dagrun for example_subdag_operator.section-1 to None, run_after=None
[2024-09-19 16:17:16,357] {logging_mixin.py:115} INFO - [2024-09-19 16:17:16,357] {dag.py:2919} INFO - Setting next_dagrun for example_subdag_operator.section-2 to None, run_after=None
[2024-09-19 16:17:16,363] {logging_mixin.py:115} INFO - [2024-09-19 16:17:16,363] {dag.py:2371} INFO - Sync 2 DAGs
[2024-09-19 16:17:16,368] {logging_mixin.py:115} INFO - [2024-09-19 16:17:16,368] {dag.py:2919} INFO - Setting next_dagrun for example_subdag_operator.section-1 to None, run_after=None
[2024-09-19 16:17:16,369] {logging_mixin.py:115} INFO - [2024-09-19 16:17:16,369] {dag.py:2919} INFO - Setting next_dagrun for example_subdag_operator.section-2 to None, run_after=None
[2024-09-19 16:17:16,381] {processor.py:161} INFO - Processing /home/airflow/.local/lib/python3.7/site-packages/airflow/example_dags/example_subdag_operator.py took 0.201 seconds
[2024-09-19 16:17:47,007] {processor.py:153} INFO - Started process (PID=251) to work on /home/airflow/.local/lib/python3.7/site-packages/airflow/example_dags/example_subdag_operator.py
[2024-09-19 16:17:47,007] {processor.py:641} INFO - Processing file /home/airflow/.local/lib/python3.7/site-packages/airflow/example_dags/example_subdag_operator.py for tasks to queue
[2024-09-19 16:17:47,007] {logging_mixin.py:115} INFO - [2024-09-19 16:17:47,007] {dagbag.py:507} INFO - Filling up the DagBag from /home/airflow/.local/lib/python3.7/site-packages/airflow/example_dags/example_subdag_operator.py
[2024-09-19 16:17:47,021] {processor.py:651} INFO - DAG(s) dict_keys(['example_subdag_operator.section-1', 'example_subdag_operator.section-2', 'example_subdag_operator']) retrieved from /home/airflow/.local/lib/python3.7/site-packages/airflow/example_dags/example_subdag_operator.py
[2024-09-19 16:17:47,039] {logging_mixin.py:115} INFO - [2024-09-19 16:17:47,039] {dag.py:2371} INFO - Sync 3 DAGs
[2024-09-19 16:17:47,135] {logging_mixin.py:115} INFO - [2024-09-19 16:17:47,135] {dag.py:2919} INFO - Setting next_dagrun for example_subdag_operator to 2024-09-17T00:00:00+00:00, run_after=2024-09-17T00:00:00+00:00
[2024-09-19 16:17:47,135] {logging_mixin.py:115} INFO - [2024-09-19 16:17:47,135] {dag.py:2919} INFO - Setting next_dagrun for example_subdag_operator.section-1 to None, run_after=None
[2024-09-19 16:17:47,135] {logging_mixin.py:115} INFO - [2024-09-19 16:17:47,135] {dag.py:2919} INFO - Setting next_dagrun for example_subdag_operator.section-2 to None, run_after=None
[2024-09-19 16:17:47,138] {logging_mixin.py:115} INFO - [2024-09-19 16:17:47,138] {dag.py:2371} INFO - Sync 2 DAGs
[2024-09-19 16:17:47,142] {logging_mixin.py:115} INFO - [2024-09-19 16:17:47,142] {dag.py:2919} INFO - Setting next_dagrun for example_subdag_operator.section-1 to None, run_after=None
[2024-09-19 16:17:47,142] {logging_mixin.py:115} INFO - [2024-09-19 16:17:47,142] {dag.py:2919} INFO - Setting next_dagrun for example_subdag_operator.section-2 to None, run_after=None
[2024-09-19 16:17:47,152] {processor.py:161} INFO - Processing /home/airflow/.local/lib/python3.7/site-packages/airflow/example_dags/example_subdag_operator.py took 0.147 seconds
[2024-09-19 16:18:17,893] {processor.py:153} INFO - Started process (PID=312) to work on /home/airflow/.local/lib/python3.7/site-packages/airflow/example_dags/example_subdag_operator.py
[2024-09-19 16:18:17,894] {processor.py:641} INFO - Processing file /home/airflow/.local/lib/python3.7/site-packages/airflow/example_dags/example_subdag_operator.py for tasks to queue
[2024-09-19 16:18:17,894] {logging_mixin.py:115} INFO - [2024-09-19 16:18:17,894] {dagbag.py:507} INFO - Filling up the DagBag from /home/airflow/.local/lib/python3.7/site-packages/airflow/example_dags/example_subdag_operator.py
[2024-09-19 16:18:17,909] {processor.py:651} INFO - DAG(s) dict_keys(['example_subdag_operator.section-1', 'example_subdag_operator.section-2', 'example_subdag_operator']) retrieved from /home/airflow/.local/lib/python3.7/site-packages/airflow/example_dags/example_subdag_operator.py
[2024-09-19 16:18:17,928] {logging_mixin.py:115} INFO - [2024-09-19 16:18:17,928] {dag.py:2371} INFO - Sync 3 DAGs
[2024-09-19 16:18:18,032] {logging_mixin.py:115} INFO - [2024-09-19 16:18:18,032] {dag.py:2919} INFO - Setting next_dagrun for example_subdag_operator to 2024-09-17T00:00:00+00:00, run_after=2024-09-17T00:00:00+00:00
[2024-09-19 16:18:18,032] {logging_mixin.py:115} INFO - [2024-09-19 16:18:18,032] {dag.py:2919} INFO - Setting next_dagrun for example_subdag_operator.section-1 to None, run_after=None
[2024-09-19 16:18:18,032] {logging_mixin.py:115} INFO - [2024-09-19 16:18:18,032] {dag.py:2919} INFO - Setting next_dagrun for example_subdag_operator.section-2 to None, run_after=None
[2024-09-19 16:18:18,036] {logging_mixin.py:115} INFO - [2024-09-19 16:18:18,036] {dag.py:2371} INFO - Sync 2 DAGs
[2024-09-19 16:18:18,040] {logging_mixin.py:115} INFO - [2024-09-19 16:18:18,040] {dag.py:2919} INFO - Setting next_dagrun for example_subdag_operator.section-1 to None, run_after=None
[2024-09-19 16:18:18,040] {logging_mixin.py:115} INFO - [2024-09-19 16:18:18,040] {dag.py:2919} INFO - Setting next_dagrun for example_subdag_operator.section-2 to None, run_after=None
[2024-09-19 16:18:18,044] {processor.py:161} INFO - Processing /home/airflow/.local/lib/python3.7/site-packages/airflow/example_dags/example_subdag_operator.py took 0.152 seconds
[2024-09-19 16:20:58,639] {processor.py:153} INFO - Started process (PID=78) to work on /home/airflow/.local/lib/python3.7/site-packages/airflow/example_dags/example_subdag_operator.py
[2024-09-19 16:20:58,640] {processor.py:641} INFO - Processing file /home/airflow/.local/lib/python3.7/site-packages/airflow/example_dags/example_subdag_operator.py for tasks to queue
[2024-09-19 16:20:58,641] {logging_mixin.py:115} INFO - [2024-09-19 16:20:58,641] {dagbag.py:507} INFO - Filling up the DagBag from /home/airflow/.local/lib/python3.7/site-packages/airflow/example_dags/example_subdag_operator.py
[2024-09-19 16:20:58,666] {processor.py:651} INFO - DAG(s) dict_keys(['example_subdag_operator.section-1', 'example_subdag_operator.section-2', 'example_subdag_operator']) retrieved from /home/airflow/.local/lib/python3.7/site-packages/airflow/example_dags/example_subdag_operator.py
[2024-09-19 16:20:58,705] {logging_mixin.py:115} INFO - [2024-09-19 16:20:58,705] {dag.py:2371} INFO - Sync 3 DAGs
[2024-09-19 16:20:58,837] {logging_mixin.py:115} INFO - [2024-09-19 16:20:58,837] {dag.py:2919} INFO - Setting next_dagrun for example_subdag_operator to 2024-09-17T00:00:00+00:00, run_after=2024-09-17T00:00:00+00:00
[2024-09-19 16:20:58,837] {logging_mixin.py:115} INFO - [2024-09-19 16:20:58,837] {dag.py:2919} INFO - Setting next_dagrun for example_subdag_operator.section-1 to None, run_after=None
[2024-09-19 16:20:58,837] {logging_mixin.py:115} INFO - [2024-09-19 16:20:58,837] {dag.py:2919} INFO - Setting next_dagrun for example_subdag_operator.section-2 to None, run_after=None
[2024-09-19 16:20:58,843] {logging_mixin.py:115} INFO - [2024-09-19 16:20:58,843] {dag.py:2371} INFO - Sync 2 DAGs
[2024-09-19 16:20:58,847] {logging_mixin.py:115} INFO - [2024-09-19 16:20:58,847] {dag.py:2919} INFO - Setting next_dagrun for example_subdag_operator.section-1 to None, run_after=None
[2024-09-19 16:20:58,848] {logging_mixin.py:115} INFO - [2024-09-19 16:20:58,848] {dag.py:2919} INFO - Setting next_dagrun for example_subdag_operator.section-2 to None, run_after=None
[2024-09-19 16:20:58,854] {processor.py:161} INFO - Processing /home/airflow/.local/lib/python3.7/site-packages/airflow/example_dags/example_subdag_operator.py took 0.217 seconds
[2024-09-19 16:21:28,933] {processor.py:153} INFO - Started process (PID=138) to work on /home/airflow/.local/lib/python3.7/site-packages/airflow/example_dags/example_subdag_operator.py
[2024-09-19 16:21:28,934] {processor.py:641} INFO - Processing file /home/airflow/.local/lib/python3.7/site-packages/airflow/example_dags/example_subdag_operator.py for tasks to queue
[2024-09-19 16:21:28,934] {logging_mixin.py:115} INFO - [2024-09-19 16:21:28,934] {dagbag.py:507} INFO - Filling up the DagBag from /home/airflow/.local/lib/python3.7/site-packages/airflow/example_dags/example_subdag_operator.py
[2024-09-19 16:21:28,952] {processor.py:651} INFO - DAG(s) dict_keys(['example_subdag_operator.section-1', 'example_subdag_operator.section-2', 'example_subdag_operator']) retrieved from /home/airflow/.local/lib/python3.7/site-packages/airflow/example_dags/example_subdag_operator.py
[2024-09-19 16:21:28,974] {logging_mixin.py:115} INFO - [2024-09-19 16:21:28,974] {dag.py:2371} INFO - Sync 3 DAGs
[2024-09-19 16:21:29,075] {logging_mixin.py:115} INFO - [2024-09-19 16:21:29,075] {dag.py:2919} INFO - Setting next_dagrun for example_subdag_operator to 2024-09-17T00:00:00+00:00, run_after=2024-09-17T00:00:00+00:00
[2024-09-19 16:21:29,075] {logging_mixin.py:115} INFO - [2024-09-19 16:21:29,075] {dag.py:2919} INFO - Setting next_dagrun for example_subdag_operator.section-1 to None, run_after=None
[2024-09-19 16:21:29,075] {logging_mixin.py:115} INFO - [2024-09-19 16:21:29,075] {dag.py:2919} INFO - Setting next_dagrun for example_subdag_operator.section-2 to None, run_after=None
[2024-09-19 16:21:29,079] {logging_mixin.py:115} INFO - [2024-09-19 16:21:29,079] {dag.py:2371} INFO - Sync 2 DAGs
[2024-09-19 16:21:29,082] {logging_mixin.py:115} INFO - [2024-09-19 16:21:29,082] {dag.py:2919} INFO - Setting next_dagrun for example_subdag_operator.section-1 to None, run_after=None
[2024-09-19 16:21:29,082] {logging_mixin.py:115} INFO - [2024-09-19 16:21:29,082] {dag.py:2919} INFO - Setting next_dagrun for example_subdag_operator.section-2 to None, run_after=None
[2024-09-19 16:21:29,091] {processor.py:161} INFO - Processing /home/airflow/.local/lib/python3.7/site-packages/airflow/example_dags/example_subdag_operator.py took 0.159 seconds
[2024-09-19 16:21:59,119] {processor.py:153} INFO - Started process (PID=192) to work on /home/airflow/.local/lib/python3.7/site-packages/airflow/example_dags/example_subdag_operator.py
[2024-09-19 16:21:59,119] {processor.py:641} INFO - Processing file /home/airflow/.local/lib/python3.7/site-packages/airflow/example_dags/example_subdag_operator.py for tasks to queue
[2024-09-19 16:21:59,119] {logging_mixin.py:115} INFO - [2024-09-19 16:21:59,119] {dagbag.py:507} INFO - Filling up the DagBag from /home/airflow/.local/lib/python3.7/site-packages/airflow/example_dags/example_subdag_operator.py
[2024-09-19 16:21:59,133] {processor.py:651} INFO - DAG(s) dict_keys(['example_subdag_operator.section-1', 'example_subdag_operator.section-2', 'example_subdag_operator']) retrieved from /home/airflow/.local/lib/python3.7/site-packages/airflow/example_dags/example_subdag_operator.py
[2024-09-19 16:21:59,150] {logging_mixin.py:115} INFO - [2024-09-19 16:21:59,150] {dag.py:2371} INFO - Sync 3 DAGs
[2024-09-19 16:21:59,242] {logging_mixin.py:115} INFO - [2024-09-19 16:21:59,241] {dag.py:2919} INFO - Setting next_dagrun for example_subdag_operator to 2024-09-17T00:00:00+00:00, run_after=2024-09-17T00:00:00+00:00
[2024-09-19 16:21:59,242] {logging_mixin.py:115} INFO - [2024-09-19 16:21:59,242] {dag.py:2919} INFO - Setting next_dagrun for example_subdag_operator.section-1 to None, run_after=None
[2024-09-19 16:21:59,242] {logging_mixin.py:115} INFO - [2024-09-19 16:21:59,242] {dag.py:2919} INFO - Setting next_dagrun for example_subdag_operator.section-2 to None, run_after=None
[2024-09-19 16:21:59,245] {logging_mixin.py:115} INFO - [2024-09-19 16:21:59,245] {dag.py:2371} INFO - Sync 2 DAGs
[2024-09-19 16:21:59,248] {logging_mixin.py:115} INFO - [2024-09-19 16:21:59,248] {dag.py:2919} INFO - Setting next_dagrun for example_subdag_operator.section-1 to None, run_after=None
[2024-09-19 16:21:59,248] {logging_mixin.py:115} INFO - [2024-09-19 16:21:59,248] {dag.py:2919} INFO - Setting next_dagrun for example_subdag_operator.section-2 to None, run_after=None
[2024-09-19 16:21:59,252] {processor.py:161} INFO - Processing /home/airflow/.local/lib/python3.7/site-packages/airflow/example_dags/example_subdag_operator.py took 0.135 seconds
[2024-09-19 16:22:30,318] {processor.py:153} INFO - Started process (PID=253) to work on /home/airflow/.local/lib/python3.7/site-packages/airflow/example_dags/example_subdag_operator.py
[2024-09-19 16:22:30,318] {processor.py:641} INFO - Processing file /home/airflow/.local/lib/python3.7/site-packages/airflow/example_dags/example_subdag_operator.py for tasks to queue
[2024-09-19 16:22:30,318] {logging_mixin.py:115} INFO - [2024-09-19 16:22:30,318] {dagbag.py:507} INFO - Filling up the DagBag from /home/airflow/.local/lib/python3.7/site-packages/airflow/example_dags/example_subdag_operator.py
[2024-09-19 16:22:30,333] {processor.py:651} INFO - DAG(s) dict_keys(['example_subdag_operator.section-1', 'example_subdag_operator.section-2', 'example_subdag_operator']) retrieved from /home/airflow/.local/lib/python3.7/site-packages/airflow/example_dags/example_subdag_operator.py
[2024-09-19 16:22:30,352] {logging_mixin.py:115} INFO - [2024-09-19 16:22:30,352] {dag.py:2371} INFO - Sync 3 DAGs
[2024-09-19 16:22:30,448] {logging_mixin.py:115} INFO - [2024-09-19 16:22:30,448] {dag.py:2919} INFO - Setting next_dagrun for example_subdag_operator to 2024-09-17T00:00:00+00:00, run_after=2024-09-17T00:00:00+00:00
[2024-09-19 16:22:30,449] {logging_mixin.py:115} INFO - [2024-09-19 16:22:30,448] {dag.py:2919} INFO - Setting next_dagrun for example_subdag_operator.section-1 to None, run_after=None
[2024-09-19 16:22:30,449] {logging_mixin.py:115} INFO - [2024-09-19 16:22:30,449] {dag.py:2919} INFO - Setting next_dagrun for example_subdag_operator.section-2 to None, run_after=None
[2024-09-19 16:22:30,452] {logging_mixin.py:115} INFO - [2024-09-19 16:22:30,452] {dag.py:2371} INFO - Sync 2 DAGs
[2024-09-19 16:22:30,455] {logging_mixin.py:115} INFO - [2024-09-19 16:22:30,455] {dag.py:2919} INFO - Setting next_dagrun for example_subdag_operator.section-1 to None, run_after=None
[2024-09-19 16:22:30,455] {logging_mixin.py:115} INFO - [2024-09-19 16:22:30,455] {dag.py:2919} INFO - Setting next_dagrun for example_subdag_operator.section-2 to None, run_after=None
[2024-09-19 16:22:30,459] {processor.py:161} INFO - Processing /home/airflow/.local/lib/python3.7/site-packages/airflow/example_dags/example_subdag_operator.py took 0.143 seconds
[2024-09-19 16:23:00,775] {processor.py:153} INFO - Started process (PID=312) to work on /home/airflow/.local/lib/python3.7/site-packages/airflow/example_dags/example_subdag_operator.py
[2024-09-19 16:23:00,775] {processor.py:641} INFO - Processing file /home/airflow/.local/lib/python3.7/site-packages/airflow/example_dags/example_subdag_operator.py for tasks to queue
[2024-09-19 16:23:00,776] {logging_mixin.py:115} INFO - [2024-09-19 16:23:00,776] {dagbag.py:507} INFO - Filling up the DagBag from /home/airflow/.local/lib/python3.7/site-packages/airflow/example_dags/example_subdag_operator.py
[2024-09-19 16:23:00,789] {processor.py:651} INFO - DAG(s) dict_keys(['example_subdag_operator.section-1', 'example_subdag_operator.section-2', 'example_subdag_operator']) retrieved from /home/airflow/.local/lib/python3.7/site-packages/airflow/example_dags/example_subdag_operator.py
[2024-09-19 16:23:00,807] {logging_mixin.py:115} INFO - [2024-09-19 16:23:00,807] {dag.py:2371} INFO - Sync 3 DAGs
[2024-09-19 16:23:00,898] {logging_mixin.py:115} INFO - [2024-09-19 16:23:00,898] {dag.py:2919} INFO - Setting next_dagrun for example_subdag_operator to 2024-09-17T00:00:00+00:00, run_after=2024-09-17T00:00:00+00:00
[2024-09-19 16:23:00,899] {logging_mixin.py:115} INFO - [2024-09-19 16:23:00,899] {dag.py:2919} INFO - Setting next_dagrun for example_subdag_operator.section-1 to None, run_after=None
[2024-09-19 16:23:00,899] {logging_mixin.py:115} INFO - [2024-09-19 16:23:00,899] {dag.py:2919} INFO - Setting next_dagrun for example_subdag_operator.section-2 to None, run_after=None
[2024-09-19 16:23:00,904] {logging_mixin.py:115} INFO - [2024-09-19 16:23:00,903] {dag.py:2371} INFO - Sync 2 DAGs
[2024-09-19 16:23:00,907] {logging_mixin.py:115} INFO - [2024-09-19 16:23:00,907] {dag.py:2919} INFO - Setting next_dagrun for example_subdag_operator.section-1 to None, run_after=None
[2024-09-19 16:23:00,907] {logging_mixin.py:115} INFO - [2024-09-19 16:23:00,907] {dag.py:2919} INFO - Setting next_dagrun for example_subdag_operator.section-2 to None, run_after=None
[2024-09-19 16:23:00,916] {processor.py:161} INFO - Processing /home/airflow/.local/lib/python3.7/site-packages/airflow/example_dags/example_subdag_operator.py took 0.143 seconds
[2024-09-19 16:23:31,080] {processor.py:153} INFO - Started process (PID=373) to work on /home/airflow/.local/lib/python3.7/site-packages/airflow/example_dags/example_subdag_operator.py
[2024-09-19 16:23:31,081] {processor.py:641} INFO - Processing file /home/airflow/.local/lib/python3.7/site-packages/airflow/example_dags/example_subdag_operator.py for tasks to queue
[2024-09-19 16:23:31,081] {logging_mixin.py:115} INFO - [2024-09-19 16:23:31,081] {dagbag.py:507} INFO - Filling up the DagBag from /home/airflow/.local/lib/python3.7/site-packages/airflow/example_dags/example_subdag_operator.py
[2024-09-19 16:23:31,101] {processor.py:651} INFO - DAG(s) dict_keys(['example_subdag_operator.section-1', 'example_subdag_operator.section-2', 'example_subdag_operator']) retrieved from /home/airflow/.local/lib/python3.7/site-packages/airflow/example_dags/example_subdag_operator.py
[2024-09-19 16:23:31,125] {logging_mixin.py:115} INFO - [2024-09-19 16:23:31,125] {dag.py:2371} INFO - Sync 3 DAGs
[2024-09-19 16:23:31,246] {logging_mixin.py:115} INFO - [2024-09-19 16:23:31,246] {dag.py:2919} INFO - Setting next_dagrun for example_subdag_operator to 2024-09-17T00:00:00+00:00, run_after=2024-09-17T00:00:00+00:00
[2024-09-19 16:23:31,246] {logging_mixin.py:115} INFO - [2024-09-19 16:23:31,246] {dag.py:2919} INFO - Setting next_dagrun for example_subdag_operator.section-1 to None, run_after=None
[2024-09-19 16:23:31,246] {logging_mixin.py:115} INFO - [2024-09-19 16:23:31,246] {dag.py:2919} INFO - Setting next_dagrun for example_subdag_operator.section-2 to None, run_after=None
[2024-09-19 16:23:31,250] {logging_mixin.py:115} INFO - [2024-09-19 16:23:31,250] {dag.py:2371} INFO - Sync 2 DAGs
[2024-09-19 16:23:31,254] {logging_mixin.py:115} INFO - [2024-09-19 16:23:31,254] {dag.py:2919} INFO - Setting next_dagrun for example_subdag_operator.section-1 to None, run_after=None
[2024-09-19 16:23:31,255] {logging_mixin.py:115} INFO - [2024-09-19 16:23:31,254] {dag.py:2919} INFO - Setting next_dagrun for example_subdag_operator.section-2 to None, run_after=None
[2024-09-19 16:23:31,259] {processor.py:161} INFO - Processing /home/airflow/.local/lib/python3.7/site-packages/airflow/example_dags/example_subdag_operator.py took 0.183 seconds
[2024-09-19 16:24:01,724] {processor.py:153} INFO - Started process (PID=434) to work on /home/airflow/.local/lib/python3.7/site-packages/airflow/example_dags/example_subdag_operator.py
[2024-09-19 16:24:01,725] {processor.py:641} INFO - Processing file /home/airflow/.local/lib/python3.7/site-packages/airflow/example_dags/example_subdag_operator.py for tasks to queue
[2024-09-19 16:24:01,725] {logging_mixin.py:115} INFO - [2024-09-19 16:24:01,725] {dagbag.py:507} INFO - Filling up the DagBag from /home/airflow/.local/lib/python3.7/site-packages/airflow/example_dags/example_subdag_operator.py
[2024-09-19 16:24:01,743] {processor.py:651} INFO - DAG(s) dict_keys(['example_subdag_operator.section-1', 'example_subdag_operator.section-2', 'example_subdag_operator']) retrieved from /home/airflow/.local/lib/python3.7/site-packages/airflow/example_dags/example_subdag_operator.py
[2024-09-19 16:24:01,764] {logging_mixin.py:115} INFO - [2024-09-19 16:24:01,764] {dag.py:2371} INFO - Sync 3 DAGs
[2024-09-19 16:24:01,859] {logging_mixin.py:115} INFO - [2024-09-19 16:24:01,859] {dag.py:2919} INFO - Setting next_dagrun for example_subdag_operator to 2024-09-17T00:00:00+00:00, run_after=2024-09-17T00:00:00+00:00
[2024-09-19 16:24:01,860] {logging_mixin.py:115} INFO - [2024-09-19 16:24:01,860] {dag.py:2919} INFO - Setting next_dagrun for example_subdag_operator.section-1 to None, run_after=None
[2024-09-19 16:24:01,860] {logging_mixin.py:115} INFO - [2024-09-19 16:24:01,860] {dag.py:2919} INFO - Setting next_dagrun for example_subdag_operator.section-2 to None, run_after=None
[2024-09-19 16:24:01,863] {logging_mixin.py:115} INFO - [2024-09-19 16:24:01,863] {dag.py:2371} INFO - Sync 2 DAGs
[2024-09-19 16:24:01,866] {logging_mixin.py:115} INFO - [2024-09-19 16:24:01,866] {dag.py:2919} INFO - Setting next_dagrun for example_subdag_operator.section-1 to None, run_after=None
[2024-09-19 16:24:01,867] {logging_mixin.py:115} INFO - [2024-09-19 16:24:01,866] {dag.py:2919} INFO - Setting next_dagrun for example_subdag_operator.section-2 to None, run_after=None
[2024-09-19 16:24:01,875] {processor.py:161} INFO - Processing /home/airflow/.local/lib/python3.7/site-packages/airflow/example_dags/example_subdag_operator.py took 0.153 seconds
[2024-09-19 16:24:32,054] {processor.py:153} INFO - Started process (PID=486) to work on /home/airflow/.local/lib/python3.7/site-packages/airflow/example_dags/example_subdag_operator.py
[2024-09-19 16:24:32,055] {processor.py:641} INFO - Processing file /home/airflow/.local/lib/python3.7/site-packages/airflow/example_dags/example_subdag_operator.py for tasks to queue
[2024-09-19 16:24:32,055] {logging_mixin.py:115} INFO - [2024-09-19 16:24:32,055] {dagbag.py:507} INFO - Filling up the DagBag from /home/airflow/.local/lib/python3.7/site-packages/airflow/example_dags/example_subdag_operator.py
[2024-09-19 16:24:32,070] {processor.py:651} INFO - DAG(s) dict_keys(['example_subdag_operator.section-1', 'example_subdag_operator.section-2', 'example_subdag_operator']) retrieved from /home/airflow/.local/lib/python3.7/site-packages/airflow/example_dags/example_subdag_operator.py
[2024-09-19 16:24:32,089] {logging_mixin.py:115} INFO - [2024-09-19 16:24:32,089] {dag.py:2371} INFO - Sync 3 DAGs
[2024-09-19 16:24:32,182] {logging_mixin.py:115} INFO - [2024-09-19 16:24:32,182] {dag.py:2919} INFO - Setting next_dagrun for example_subdag_operator to 2024-09-17T00:00:00+00:00, run_after=2024-09-17T00:00:00+00:00
[2024-09-19 16:24:32,182] {logging_mixin.py:115} INFO - [2024-09-19 16:24:32,182] {dag.py:2919} INFO - Setting next_dagrun for example_subdag_operator.section-1 to None, run_after=None
[2024-09-19 16:24:32,182] {logging_mixin.py:115} INFO - [2024-09-19 16:24:32,182] {dag.py:2919} INFO - Setting next_dagrun for example_subdag_operator.section-2 to None, run_after=None
[2024-09-19 16:24:32,186] {logging_mixin.py:115} INFO - [2024-09-19 16:24:32,186] {dag.py:2371} INFO - Sync 2 DAGs
[2024-09-19 16:24:32,189] {logging_mixin.py:115} INFO - [2024-09-19 16:24:32,189] {dag.py:2919} INFO - Setting next_dagrun for example_subdag_operator.section-1 to None, run_after=None
[2024-09-19 16:24:32,189] {logging_mixin.py:115} INFO - [2024-09-19 16:24:32,189] {dag.py:2919} INFO - Setting next_dagrun for example_subdag_operator.section-2 to None, run_after=None
[2024-09-19 16:24:32,193] {processor.py:161} INFO - Processing /home/airflow/.local/lib/python3.7/site-packages/airflow/example_dags/example_subdag_operator.py took 0.141 seconds
