[2024-09-19 16:16:13,065] {processor.py:153} INFO - Started process (PID=63) to work on /home/airflow/.local/lib/python3.7/site-packages/airflow/example_dags/example_kubernetes_executor.py
[2024-09-19 16:16:13,065] {processor.py:641} INFO - Processing file /home/airflow/.local/lib/python3.7/site-packages/airflow/example_dags/example_kubernetes_executor.py for tasks to queue
[2024-09-19 16:16:13,066] {logging_mixin.py:115} INFO - [2024-09-19 16:16:13,066] {dagbag.py:507} INFO - Filling up the DagBag from /home/airflow/.local/lib/python3.7/site-packages/airflow/example_dags/example_kubernetes_executor.py
[2024-09-19 16:16:13,082] {processor.py:651} INFO - DAG(s) dict_keys(['example_kubernetes_executor']) retrieved from /home/airflow/.local/lib/python3.7/site-packages/airflow/example_dags/example_kubernetes_executor.py
[2024-09-19 16:16:13,232] {logging_mixin.py:115} INFO - [2024-09-19 16:16:13,232] {manager.py:508} INFO - Created Permission View: can read on DAG:example_kubernetes_executor
[2024-09-19 16:16:13,241] {logging_mixin.py:115} INFO - [2024-09-19 16:16:13,241] {manager.py:508} INFO - Created Permission View: can edit on DAG:example_kubernetes_executor
[2024-09-19 16:16:13,247] {logging_mixin.py:115} INFO - [2024-09-19 16:16:13,247] {manager.py:508} INFO - Created Permission View: can delete on DAG:example_kubernetes_executor
[2024-09-19 16:16:13,247] {logging_mixin.py:115} INFO - [2024-09-19 16:16:13,247] {dag.py:2371} INFO - Sync 1 DAGs
[2024-09-19 16:16:13,255] {logging_mixin.py:115} INFO - [2024-09-19 16:16:13,255] {dag.py:2390} INFO - Creating ORM DAG for example_kubernetes_executor
[2024-09-19 16:16:13,267] {logging_mixin.py:115} INFO - [2024-09-19 16:16:13,266] {dag.py:2919} INFO - Setting next_dagrun for example_kubernetes_executor to None, run_after=None
[2024-09-19 16:16:13,280] {processor.py:161} INFO - Processing /home/airflow/.local/lib/python3.7/site-packages/airflow/example_dags/example_kubernetes_executor.py took 0.216 seconds
[2024-09-19 16:16:43,917] {processor.py:153} INFO - Started process (PID=115) to work on /home/airflow/.local/lib/python3.7/site-packages/airflow/example_dags/example_kubernetes_executor.py
[2024-09-19 16:16:43,918] {processor.py:641} INFO - Processing file /home/airflow/.local/lib/python3.7/site-packages/airflow/example_dags/example_kubernetes_executor.py for tasks to queue
[2024-09-19 16:16:43,918] {logging_mixin.py:115} INFO - [2024-09-19 16:16:43,918] {dagbag.py:507} INFO - Filling up the DagBag from /home/airflow/.local/lib/python3.7/site-packages/airflow/example_dags/example_kubernetes_executor.py
[2024-09-19 16:16:43,931] {processor.py:651} INFO - DAG(s) dict_keys(['example_kubernetes_executor']) retrieved from /home/airflow/.local/lib/python3.7/site-packages/airflow/example_dags/example_kubernetes_executor.py
[2024-09-19 16:16:44,032] {logging_mixin.py:115} INFO - [2024-09-19 16:16:44,032] {dag.py:2371} INFO - Sync 1 DAGs
[2024-09-19 16:16:44,050] {logging_mixin.py:115} INFO - [2024-09-19 16:16:44,049] {dag.py:2919} INFO - Setting next_dagrun for example_kubernetes_executor to None, run_after=None
[2024-09-19 16:16:44,063] {processor.py:161} INFO - Processing /home/airflow/.local/lib/python3.7/site-packages/airflow/example_dags/example_kubernetes_executor.py took 0.147 seconds
[2024-09-19 16:17:14,780] {processor.py:153} INFO - Started process (PID=176) to work on /home/airflow/.local/lib/python3.7/site-packages/airflow/example_dags/example_kubernetes_executor.py
[2024-09-19 16:17:14,780] {processor.py:641} INFO - Processing file /home/airflow/.local/lib/python3.7/site-packages/airflow/example_dags/example_kubernetes_executor.py for tasks to queue
[2024-09-19 16:17:14,780] {logging_mixin.py:115} INFO - [2024-09-19 16:17:14,780] {dagbag.py:507} INFO - Filling up the DagBag from /home/airflow/.local/lib/python3.7/site-packages/airflow/example_dags/example_kubernetes_executor.py
[2024-09-19 16:17:14,796] {processor.py:651} INFO - DAG(s) dict_keys(['example_kubernetes_executor']) retrieved from /home/airflow/.local/lib/python3.7/site-packages/airflow/example_dags/example_kubernetes_executor.py
[2024-09-19 16:17:14,904] {logging_mixin.py:115} INFO - [2024-09-19 16:17:14,904] {dag.py:2371} INFO - Sync 1 DAGs
[2024-09-19 16:17:14,917] {logging_mixin.py:115} INFO - [2024-09-19 16:17:14,917] {dag.py:2919} INFO - Setting next_dagrun for example_kubernetes_executor to None, run_after=None
[2024-09-19 16:17:14,924] {processor.py:161} INFO - Processing /home/airflow/.local/lib/python3.7/site-packages/airflow/example_dags/example_kubernetes_executor.py took 0.146 seconds
[2024-09-19 16:17:45,745] {processor.py:153} INFO - Started process (PID=236) to work on /home/airflow/.local/lib/python3.7/site-packages/airflow/example_dags/example_kubernetes_executor.py
[2024-09-19 16:17:45,746] {processor.py:641} INFO - Processing file /home/airflow/.local/lib/python3.7/site-packages/airflow/example_dags/example_kubernetes_executor.py for tasks to queue
[2024-09-19 16:17:45,746] {logging_mixin.py:115} INFO - [2024-09-19 16:17:45,746] {dagbag.py:507} INFO - Filling up the DagBag from /home/airflow/.local/lib/python3.7/site-packages/airflow/example_dags/example_kubernetes_executor.py
[2024-09-19 16:17:45,759] {processor.py:651} INFO - DAG(s) dict_keys(['example_kubernetes_executor']) retrieved from /home/airflow/.local/lib/python3.7/site-packages/airflow/example_dags/example_kubernetes_executor.py
[2024-09-19 16:17:45,888] {logging_mixin.py:115} INFO - [2024-09-19 16:17:45,888] {dag.py:2371} INFO - Sync 1 DAGs
[2024-09-19 16:17:45,908] {logging_mixin.py:115} INFO - [2024-09-19 16:17:45,908] {dag.py:2919} INFO - Setting next_dagrun for example_kubernetes_executor to None, run_after=None
[2024-09-19 16:17:45,918] {processor.py:161} INFO - Processing /home/airflow/.local/lib/python3.7/site-packages/airflow/example_dags/example_kubernetes_executor.py took 0.175 seconds
[2024-09-19 16:18:16,519] {processor.py:153} INFO - Started process (PID=297) to work on /home/airflow/.local/lib/python3.7/site-packages/airflow/example_dags/example_kubernetes_executor.py
[2024-09-19 16:18:16,519] {processor.py:641} INFO - Processing file /home/airflow/.local/lib/python3.7/site-packages/airflow/example_dags/example_kubernetes_executor.py for tasks to queue
[2024-09-19 16:18:16,519] {logging_mixin.py:115} INFO - [2024-09-19 16:18:16,519] {dagbag.py:507} INFO - Filling up the DagBag from /home/airflow/.local/lib/python3.7/site-packages/airflow/example_dags/example_kubernetes_executor.py
[2024-09-19 16:18:16,534] {processor.py:651} INFO - DAG(s) dict_keys(['example_kubernetes_executor']) retrieved from /home/airflow/.local/lib/python3.7/site-packages/airflow/example_dags/example_kubernetes_executor.py
[2024-09-19 16:18:16,638] {logging_mixin.py:115} INFO - [2024-09-19 16:18:16,638] {dag.py:2371} INFO - Sync 1 DAGs
[2024-09-19 16:18:16,648] {logging_mixin.py:115} INFO - [2024-09-19 16:18:16,648] {dag.py:2919} INFO - Setting next_dagrun for example_kubernetes_executor to None, run_after=None
[2024-09-19 16:18:16,659] {processor.py:161} INFO - Processing /home/airflow/.local/lib/python3.7/site-packages/airflow/example_dags/example_kubernetes_executor.py took 0.143 seconds
[2024-09-19 16:20:56,838] {processor.py:153} INFO - Started process (PID=63) to work on /home/airflow/.local/lib/python3.7/site-packages/airflow/example_dags/example_kubernetes_executor.py
[2024-09-19 16:20:56,838] {processor.py:641} INFO - Processing file /home/airflow/.local/lib/python3.7/site-packages/airflow/example_dags/example_kubernetes_executor.py for tasks to queue
[2024-09-19 16:20:56,839] {logging_mixin.py:115} INFO - [2024-09-19 16:20:56,839] {dagbag.py:507} INFO - Filling up the DagBag from /home/airflow/.local/lib/python3.7/site-packages/airflow/example_dags/example_kubernetes_executor.py
[2024-09-19 16:20:56,862] {processor.py:651} INFO - DAG(s) dict_keys(['example_kubernetes_executor']) retrieved from /home/airflow/.local/lib/python3.7/site-packages/airflow/example_dags/example_kubernetes_executor.py
[2024-09-19 16:20:56,996] {logging_mixin.py:115} INFO - [2024-09-19 16:20:56,996] {dag.py:2371} INFO - Sync 1 DAGs
[2024-09-19 16:20:57,009] {logging_mixin.py:115} INFO - [2024-09-19 16:20:57,009] {dag.py:2919} INFO - Setting next_dagrun for example_kubernetes_executor to None, run_after=None
[2024-09-19 16:20:57,018] {processor.py:161} INFO - Processing /home/airflow/.local/lib/python3.7/site-packages/airflow/example_dags/example_kubernetes_executor.py took 0.182 seconds
[2024-09-19 16:21:27,313] {processor.py:153} INFO - Started process (PID=115) to work on /home/airflow/.local/lib/python3.7/site-packages/airflow/example_dags/example_kubernetes_executor.py
[2024-09-19 16:21:27,314] {processor.py:641} INFO - Processing file /home/airflow/.local/lib/python3.7/site-packages/airflow/example_dags/example_kubernetes_executor.py for tasks to queue
[2024-09-19 16:21:27,314] {logging_mixin.py:115} INFO - [2024-09-19 16:21:27,314] {dagbag.py:507} INFO - Filling up the DagBag from /home/airflow/.local/lib/python3.7/site-packages/airflow/example_dags/example_kubernetes_executor.py
[2024-09-19 16:21:27,327] {processor.py:651} INFO - DAG(s) dict_keys(['example_kubernetes_executor']) retrieved from /home/airflow/.local/lib/python3.7/site-packages/airflow/example_dags/example_kubernetes_executor.py
[2024-09-19 16:21:27,432] {logging_mixin.py:115} INFO - [2024-09-19 16:21:27,432] {dag.py:2371} INFO - Sync 1 DAGs
[2024-09-19 16:21:27,444] {logging_mixin.py:115} INFO - [2024-09-19 16:21:27,444] {dag.py:2919} INFO - Setting next_dagrun for example_kubernetes_executor to None, run_after=None
[2024-09-19 16:21:27,450] {processor.py:161} INFO - Processing /home/airflow/.local/lib/python3.7/site-packages/airflow/example_dags/example_kubernetes_executor.py took 0.139 seconds
[2024-09-19 16:21:57,734] {processor.py:153} INFO - Started process (PID=175) to work on /home/airflow/.local/lib/python3.7/site-packages/airflow/example_dags/example_kubernetes_executor.py
[2024-09-19 16:21:57,735] {processor.py:641} INFO - Processing file /home/airflow/.local/lib/python3.7/site-packages/airflow/example_dags/example_kubernetes_executor.py for tasks to queue
[2024-09-19 16:21:57,735] {logging_mixin.py:115} INFO - [2024-09-19 16:21:57,735] {dagbag.py:507} INFO - Filling up the DagBag from /home/airflow/.local/lib/python3.7/site-packages/airflow/example_dags/example_kubernetes_executor.py
[2024-09-19 16:21:57,748] {processor.py:651} INFO - DAG(s) dict_keys(['example_kubernetes_executor']) retrieved from /home/airflow/.local/lib/python3.7/site-packages/airflow/example_dags/example_kubernetes_executor.py
[2024-09-19 16:21:57,854] {logging_mixin.py:115} INFO - [2024-09-19 16:21:57,854] {dag.py:2371} INFO - Sync 1 DAGs
[2024-09-19 16:21:57,868] {logging_mixin.py:115} INFO - [2024-09-19 16:21:57,868] {dag.py:2919} INFO - Setting next_dagrun for example_kubernetes_executor to None, run_after=None
[2024-09-19 16:21:57,876] {processor.py:161} INFO - Processing /home/airflow/.local/lib/python3.7/site-packages/airflow/example_dags/example_kubernetes_executor.py took 0.143 seconds
[2024-09-19 16:22:28,776] {processor.py:153} INFO - Started process (PID=236) to work on /home/airflow/.local/lib/python3.7/site-packages/airflow/example_dags/example_kubernetes_executor.py
[2024-09-19 16:22:28,777] {processor.py:641} INFO - Processing file /home/airflow/.local/lib/python3.7/site-packages/airflow/example_dags/example_kubernetes_executor.py for tasks to queue
[2024-09-19 16:22:28,777] {logging_mixin.py:115} INFO - [2024-09-19 16:22:28,777] {dagbag.py:507} INFO - Filling up the DagBag from /home/airflow/.local/lib/python3.7/site-packages/airflow/example_dags/example_kubernetes_executor.py
[2024-09-19 16:22:28,790] {processor.py:651} INFO - DAG(s) dict_keys(['example_kubernetes_executor']) retrieved from /home/airflow/.local/lib/python3.7/site-packages/airflow/example_dags/example_kubernetes_executor.py
[2024-09-19 16:22:28,895] {logging_mixin.py:115} INFO - [2024-09-19 16:22:28,895] {dag.py:2371} INFO - Sync 1 DAGs
[2024-09-19 16:22:28,906] {logging_mixin.py:115} INFO - [2024-09-19 16:22:28,906] {dag.py:2919} INFO - Setting next_dagrun for example_kubernetes_executor to None, run_after=None
[2024-09-19 16:22:28,913] {processor.py:161} INFO - Processing /home/airflow/.local/lib/python3.7/site-packages/airflow/example_dags/example_kubernetes_executor.py took 0.139 seconds
[2024-09-19 16:22:58,969] {processor.py:153} INFO - Started process (PID=297) to work on /home/airflow/.local/lib/python3.7/site-packages/airflow/example_dags/example_kubernetes_executor.py
[2024-09-19 16:22:58,970] {processor.py:641} INFO - Processing file /home/airflow/.local/lib/python3.7/site-packages/airflow/example_dags/example_kubernetes_executor.py for tasks to queue
[2024-09-19 16:22:58,970] {logging_mixin.py:115} INFO - [2024-09-19 16:22:58,970] {dagbag.py:507} INFO - Filling up the DagBag from /home/airflow/.local/lib/python3.7/site-packages/airflow/example_dags/example_kubernetes_executor.py
[2024-09-19 16:22:58,983] {processor.py:651} INFO - DAG(s) dict_keys(['example_kubernetes_executor']) retrieved from /home/airflow/.local/lib/python3.7/site-packages/airflow/example_dags/example_kubernetes_executor.py
[2024-09-19 16:22:59,092] {logging_mixin.py:115} INFO - [2024-09-19 16:22:59,092] {dag.py:2371} INFO - Sync 1 DAGs
[2024-09-19 16:22:59,104] {logging_mixin.py:115} INFO - [2024-09-19 16:22:59,104] {dag.py:2919} INFO - Setting next_dagrun for example_kubernetes_executor to None, run_after=None
[2024-09-19 16:22:59,111] {processor.py:161} INFO - Processing /home/airflow/.local/lib/python3.7/site-packages/airflow/example_dags/example_kubernetes_executor.py took 0.143 seconds
[2024-09-19 16:23:29,767] {processor.py:153} INFO - Started process (PID=358) to work on /home/airflow/.local/lib/python3.7/site-packages/airflow/example_dags/example_kubernetes_executor.py
[2024-09-19 16:23:29,768] {processor.py:641} INFO - Processing file /home/airflow/.local/lib/python3.7/site-packages/airflow/example_dags/example_kubernetes_executor.py for tasks to queue
[2024-09-19 16:23:29,768] {logging_mixin.py:115} INFO - [2024-09-19 16:23:29,768] {dagbag.py:507} INFO - Filling up the DagBag from /home/airflow/.local/lib/python3.7/site-packages/airflow/example_dags/example_kubernetes_executor.py
[2024-09-19 16:23:29,781] {processor.py:651} INFO - DAG(s) dict_keys(['example_kubernetes_executor']) retrieved from /home/airflow/.local/lib/python3.7/site-packages/airflow/example_dags/example_kubernetes_executor.py
[2024-09-19 16:23:29,887] {logging_mixin.py:115} INFO - [2024-09-19 16:23:29,887] {dag.py:2371} INFO - Sync 1 DAGs
[2024-09-19 16:23:29,899] {logging_mixin.py:115} INFO - [2024-09-19 16:23:29,899] {dag.py:2919} INFO - Setting next_dagrun for example_kubernetes_executor to None, run_after=None
[2024-09-19 16:23:29,906] {processor.py:161} INFO - Processing /home/airflow/.local/lib/python3.7/site-packages/airflow/example_dags/example_kubernetes_executor.py took 0.140 seconds
[2024-09-19 16:24:00,113] {processor.py:153} INFO - Started process (PID=410) to work on /home/airflow/.local/lib/python3.7/site-packages/airflow/example_dags/example_kubernetes_executor.py
[2024-09-19 16:24:00,113] {processor.py:641} INFO - Processing file /home/airflow/.local/lib/python3.7/site-packages/airflow/example_dags/example_kubernetes_executor.py for tasks to queue
[2024-09-19 16:24:00,114] {logging_mixin.py:115} INFO - [2024-09-19 16:24:00,114] {dagbag.py:507} INFO - Filling up the DagBag from /home/airflow/.local/lib/python3.7/site-packages/airflow/example_dags/example_kubernetes_executor.py
[2024-09-19 16:24:00,128] {processor.py:651} INFO - DAG(s) dict_keys(['example_kubernetes_executor']) retrieved from /home/airflow/.local/lib/python3.7/site-packages/airflow/example_dags/example_kubernetes_executor.py
[2024-09-19 16:24:00,247] {logging_mixin.py:115} INFO - [2024-09-19 16:24:00,247] {dag.py:2371} INFO - Sync 1 DAGs
[2024-09-19 16:24:00,264] {logging_mixin.py:115} INFO - [2024-09-19 16:24:00,264] {dag.py:2919} INFO - Setting next_dagrun for example_kubernetes_executor to None, run_after=None
[2024-09-19 16:24:00,272] {processor.py:161} INFO - Processing /home/airflow/.local/lib/python3.7/site-packages/airflow/example_dags/example_kubernetes_executor.py took 0.161 seconds
[2024-09-19 16:24:30,604] {processor.py:153} INFO - Started process (PID=471) to work on /home/airflow/.local/lib/python3.7/site-packages/airflow/example_dags/example_kubernetes_executor.py
[2024-09-19 16:24:30,605] {processor.py:641} INFO - Processing file /home/airflow/.local/lib/python3.7/site-packages/airflow/example_dags/example_kubernetes_executor.py for tasks to queue
[2024-09-19 16:24:30,605] {logging_mixin.py:115} INFO - [2024-09-19 16:24:30,605] {dagbag.py:507} INFO - Filling up the DagBag from /home/airflow/.local/lib/python3.7/site-packages/airflow/example_dags/example_kubernetes_executor.py
[2024-09-19 16:24:30,626] {processor.py:651} INFO - DAG(s) dict_keys(['example_kubernetes_executor']) retrieved from /home/airflow/.local/lib/python3.7/site-packages/airflow/example_dags/example_kubernetes_executor.py
[2024-09-19 16:24:30,733] {logging_mixin.py:115} INFO - [2024-09-19 16:24:30,733] {dag.py:2371} INFO - Sync 1 DAGs
[2024-09-19 16:24:30,745] {logging_mixin.py:115} INFO - [2024-09-19 16:24:30,745] {dag.py:2919} INFO - Setting next_dagrun for example_kubernetes_executor to None, run_after=None
[2024-09-19 16:24:30,752] {processor.py:161} INFO - Processing /home/airflow/.local/lib/python3.7/site-packages/airflow/example_dags/example_kubernetes_executor.py took 0.151 seconds
