[2024-09-19 16:16:11,138] {processor.py:153} INFO - Started process (PID=52) to work on /home/airflow/.local/lib/python3.7/site-packages/airflow/example_dags/example_latest_only_with_trigger.py
[2024-09-19 16:16:11,139] {processor.py:641} INFO - Processing file /home/airflow/.local/lib/python3.7/site-packages/airflow/example_dags/example_latest_only_with_trigger.py for tasks to queue
[2024-09-19 16:16:11,139] {logging_mixin.py:115} INFO - [2024-09-19 16:16:11,139] {dagbag.py:507} INFO - Filling up the DagBag from /home/airflow/.local/lib/python3.7/site-packages/airflow/example_dags/example_latest_only_with_trigger.py
[2024-09-19 16:16:11,146] {processor.py:651} INFO - DAG(s) dict_keys(['latest_only_with_trigger']) retrieved from /home/airflow/.local/lib/python3.7/site-packages/airflow/example_dags/example_latest_only_with_trigger.py
[2024-09-19 16:16:11,371] {logging_mixin.py:115} INFO - [2024-09-19 16:16:11,371] {manager.py:508} INFO - Created Permission View: can read on DAG:latest_only_with_trigger
[2024-09-19 16:16:11,381] {logging_mixin.py:115} INFO - [2024-09-19 16:16:11,381] {manager.py:508} INFO - Created Permission View: can edit on DAG:latest_only_with_trigger
[2024-09-19 16:16:11,388] {logging_mixin.py:115} INFO - [2024-09-19 16:16:11,388] {manager.py:508} INFO - Created Permission View: can delete on DAG:latest_only_with_trigger
[2024-09-19 16:16:11,389] {logging_mixin.py:115} INFO - [2024-09-19 16:16:11,389] {dag.py:2371} INFO - Sync 1 DAGs
[2024-09-19 16:16:11,397] {logging_mixin.py:115} INFO - [2024-09-19 16:16:11,397] {dag.py:2390} INFO - Creating ORM DAG for latest_only_with_trigger
[2024-09-19 16:16:11,415] {logging_mixin.py:115} INFO - [2024-09-19 16:16:11,415] {dag.py:2919} INFO - Setting next_dagrun for latest_only_with_trigger to 2024-09-19T12:16:11.415324+00:00, run_after=2024-09-19T16:16:11.415324+00:00
[2024-09-19 16:16:11,432] {processor.py:161} INFO - Processing /home/airflow/.local/lib/python3.7/site-packages/airflow/example_dags/example_latest_only_with_trigger.py took 0.296 seconds
[2024-09-19 16:16:41,856] {processor.py:153} INFO - Started process (PID=104) to work on /home/airflow/.local/lib/python3.7/site-packages/airflow/example_dags/example_latest_only_with_trigger.py
[2024-09-19 16:16:41,857] {processor.py:641} INFO - Processing file /home/airflow/.local/lib/python3.7/site-packages/airflow/example_dags/example_latest_only_with_trigger.py for tasks to queue
[2024-09-19 16:16:41,858] {logging_mixin.py:115} INFO - [2024-09-19 16:16:41,858] {dagbag.py:507} INFO - Filling up the DagBag from /home/airflow/.local/lib/python3.7/site-packages/airflow/example_dags/example_latest_only_with_trigger.py
[2024-09-19 16:16:41,864] {processor.py:651} INFO - DAG(s) dict_keys(['latest_only_with_trigger']) retrieved from /home/airflow/.local/lib/python3.7/site-packages/airflow/example_dags/example_latest_only_with_trigger.py
[2024-09-19 16:16:41,890] {logging_mixin.py:115} INFO - [2024-09-19 16:16:41,890] {dag.py:2371} INFO - Sync 1 DAGs
[2024-09-19 16:16:42,009] {logging_mixin.py:115} INFO - [2024-09-19 16:16:42,009] {dag.py:2919} INFO - Setting next_dagrun for latest_only_with_trigger to 2024-09-19T12:16:42.009634+00:00, run_after=2024-09-19T16:16:42.009634+00:00
[2024-09-19 16:16:42,024] {processor.py:161} INFO - Processing /home/airflow/.local/lib/python3.7/site-packages/airflow/example_dags/example_latest_only_with_trigger.py took 0.172 seconds
[2024-09-19 16:17:12,874] {processor.py:153} INFO - Started process (PID=165) to work on /home/airflow/.local/lib/python3.7/site-packages/airflow/example_dags/example_latest_only_with_trigger.py
[2024-09-19 16:17:12,874] {processor.py:641} INFO - Processing file /home/airflow/.local/lib/python3.7/site-packages/airflow/example_dags/example_latest_only_with_trigger.py for tasks to queue
[2024-09-19 16:17:12,875] {logging_mixin.py:115} INFO - [2024-09-19 16:17:12,875] {dagbag.py:507} INFO - Filling up the DagBag from /home/airflow/.local/lib/python3.7/site-packages/airflow/example_dags/example_latest_only_with_trigger.py
[2024-09-19 16:17:12,880] {processor.py:651} INFO - DAG(s) dict_keys(['latest_only_with_trigger']) retrieved from /home/airflow/.local/lib/python3.7/site-packages/airflow/example_dags/example_latest_only_with_trigger.py
[2024-09-19 16:17:12,895] {logging_mixin.py:115} INFO - [2024-09-19 16:17:12,895] {dag.py:2371} INFO - Sync 1 DAGs
[2024-09-19 16:17:12,998] {logging_mixin.py:115} INFO - [2024-09-19 16:17:12,998] {dag.py:2919} INFO - Setting next_dagrun for latest_only_with_trigger to 2024-09-19T12:17:12.998666+00:00, run_after=2024-09-19T16:17:12.998666+00:00
[2024-09-19 16:17:13,005] {processor.py:161} INFO - Processing /home/airflow/.local/lib/python3.7/site-packages/airflow/example_dags/example_latest_only_with_trigger.py took 0.134 seconds
[2024-09-19 16:17:43,700] {processor.py:153} INFO - Started process (PID=225) to work on /home/airflow/.local/lib/python3.7/site-packages/airflow/example_dags/example_latest_only_with_trigger.py
[2024-09-19 16:17:43,700] {processor.py:641} INFO - Processing file /home/airflow/.local/lib/python3.7/site-packages/airflow/example_dags/example_latest_only_with_trigger.py for tasks to queue
[2024-09-19 16:17:43,700] {logging_mixin.py:115} INFO - [2024-09-19 16:17:43,700] {dagbag.py:507} INFO - Filling up the DagBag from /home/airflow/.local/lib/python3.7/site-packages/airflow/example_dags/example_latest_only_with_trigger.py
[2024-09-19 16:17:43,703] {processor.py:651} INFO - DAG(s) dict_keys(['latest_only_with_trigger']) retrieved from /home/airflow/.local/lib/python3.7/site-packages/airflow/example_dags/example_latest_only_with_trigger.py
[2024-09-19 16:17:43,722] {logging_mixin.py:115} INFO - [2024-09-19 16:17:43,722] {dag.py:2371} INFO - Sync 1 DAGs
[2024-09-19 16:17:43,843] {logging_mixin.py:115} INFO - [2024-09-19 16:17:43,843] {dag.py:2919} INFO - Setting next_dagrun for latest_only_with_trigger to 2024-09-19T12:17:43.843355+00:00, run_after=2024-09-19T16:17:43.843355+00:00
[2024-09-19 16:17:43,853] {processor.py:161} INFO - Processing /home/airflow/.local/lib/python3.7/site-packages/airflow/example_dags/example_latest_only_with_trigger.py took 0.155 seconds
[2024-09-19 16:18:14,423] {processor.py:153} INFO - Started process (PID=286) to work on /home/airflow/.local/lib/python3.7/site-packages/airflow/example_dags/example_latest_only_with_trigger.py
[2024-09-19 16:18:14,424] {processor.py:641} INFO - Processing file /home/airflow/.local/lib/python3.7/site-packages/airflow/example_dags/example_latest_only_with_trigger.py for tasks to queue
[2024-09-19 16:18:14,424] {logging_mixin.py:115} INFO - [2024-09-19 16:18:14,424] {dagbag.py:507} INFO - Filling up the DagBag from /home/airflow/.local/lib/python3.7/site-packages/airflow/example_dags/example_latest_only_with_trigger.py
[2024-09-19 16:18:14,427] {processor.py:651} INFO - DAG(s) dict_keys(['latest_only_with_trigger']) retrieved from /home/airflow/.local/lib/python3.7/site-packages/airflow/example_dags/example_latest_only_with_trigger.py
[2024-09-19 16:18:14,442] {logging_mixin.py:115} INFO - [2024-09-19 16:18:14,442] {dag.py:2371} INFO - Sync 1 DAGs
[2024-09-19 16:18:14,546] {logging_mixin.py:115} INFO - [2024-09-19 16:18:14,546] {dag.py:2919} INFO - Setting next_dagrun for latest_only_with_trigger to 2024-09-19T12:18:14.545750+00:00, run_after=2024-09-19T16:18:14.545750+00:00
[2024-09-19 16:18:14,557] {processor.py:161} INFO - Processing /home/airflow/.local/lib/python3.7/site-packages/airflow/example_dags/example_latest_only_with_trigger.py took 0.136 seconds
[2024-09-19 16:20:55,569] {processor.py:153} INFO - Started process (PID=52) to work on /home/airflow/.local/lib/python3.7/site-packages/airflow/example_dags/example_latest_only_with_trigger.py
[2024-09-19 16:20:55,569] {processor.py:641} INFO - Processing file /home/airflow/.local/lib/python3.7/site-packages/airflow/example_dags/example_latest_only_with_trigger.py for tasks to queue
[2024-09-19 16:20:55,570] {logging_mixin.py:115} INFO - [2024-09-19 16:20:55,570] {dagbag.py:507} INFO - Filling up the DagBag from /home/airflow/.local/lib/python3.7/site-packages/airflow/example_dags/example_latest_only_with_trigger.py
[2024-09-19 16:20:55,579] {processor.py:651} INFO - DAG(s) dict_keys(['latest_only_with_trigger']) retrieved from /home/airflow/.local/lib/python3.7/site-packages/airflow/example_dags/example_latest_only_with_trigger.py
[2024-09-19 16:20:55,631] {logging_mixin.py:115} INFO - [2024-09-19 16:20:55,630] {dag.py:2371} INFO - Sync 1 DAGs
[2024-09-19 16:20:55,793] {logging_mixin.py:115} INFO - [2024-09-19 16:20:55,793] {dag.py:2919} INFO - Setting next_dagrun for latest_only_with_trigger to 2024-09-19T12:20:55.793420+00:00, run_after=2024-09-19T16:20:55.793420+00:00
[2024-09-19 16:20:55,809] {processor.py:161} INFO - Processing /home/airflow/.local/lib/python3.7/site-packages/airflow/example_dags/example_latest_only_with_trigger.py took 0.244 seconds
[2024-09-19 16:21:26,377] {processor.py:153} INFO - Started process (PID=104) to work on /home/airflow/.local/lib/python3.7/site-packages/airflow/example_dags/example_latest_only_with_trigger.py
[2024-09-19 16:21:26,378] {processor.py:641} INFO - Processing file /home/airflow/.local/lib/python3.7/site-packages/airflow/example_dags/example_latest_only_with_trigger.py for tasks to queue
[2024-09-19 16:21:26,378] {logging_mixin.py:115} INFO - [2024-09-19 16:21:26,378] {dagbag.py:507} INFO - Filling up the DagBag from /home/airflow/.local/lib/python3.7/site-packages/airflow/example_dags/example_latest_only_with_trigger.py
[2024-09-19 16:21:26,381] {processor.py:651} INFO - DAG(s) dict_keys(['latest_only_with_trigger']) retrieved from /home/airflow/.local/lib/python3.7/site-packages/airflow/example_dags/example_latest_only_with_trigger.py
[2024-09-19 16:21:26,399] {logging_mixin.py:115} INFO - [2024-09-19 16:21:26,399] {dag.py:2371} INFO - Sync 1 DAGs
[2024-09-19 16:21:26,515] {logging_mixin.py:115} INFO - [2024-09-19 16:21:26,514] {dag.py:2919} INFO - Setting next_dagrun for latest_only_with_trigger to 2024-09-19T12:21:26.514826+00:00, run_after=2024-09-19T16:21:26.514826+00:00
[2024-09-19 16:21:26,527] {processor.py:161} INFO - Processing /home/airflow/.local/lib/python3.7/site-packages/airflow/example_dags/example_latest_only_with_trigger.py took 0.151 seconds
[2024-09-19 16:21:56,669] {processor.py:153} INFO - Started process (PID=164) to work on /home/airflow/.local/lib/python3.7/site-packages/airflow/example_dags/example_latest_only_with_trigger.py
[2024-09-19 16:21:56,670] {processor.py:641} INFO - Processing file /home/airflow/.local/lib/python3.7/site-packages/airflow/example_dags/example_latest_only_with_trigger.py for tasks to queue
[2024-09-19 16:21:56,670] {logging_mixin.py:115} INFO - [2024-09-19 16:21:56,670] {dagbag.py:507} INFO - Filling up the DagBag from /home/airflow/.local/lib/python3.7/site-packages/airflow/example_dags/example_latest_only_with_trigger.py
[2024-09-19 16:21:56,673] {processor.py:651} INFO - DAG(s) dict_keys(['latest_only_with_trigger']) retrieved from /home/airflow/.local/lib/python3.7/site-packages/airflow/example_dags/example_latest_only_with_trigger.py
[2024-09-19 16:21:56,687] {logging_mixin.py:115} INFO - [2024-09-19 16:21:56,687] {dag.py:2371} INFO - Sync 1 DAGs
[2024-09-19 16:21:56,779] {logging_mixin.py:115} INFO - [2024-09-19 16:21:56,779] {dag.py:2919} INFO - Setting next_dagrun for latest_only_with_trigger to 2024-09-19T12:21:56.779430+00:00, run_after=2024-09-19T16:21:56.779430+00:00
[2024-09-19 16:21:56,791] {processor.py:161} INFO - Processing /home/airflow/.local/lib/python3.7/site-packages/airflow/example_dags/example_latest_only_with_trigger.py took 0.123 seconds
[2024-09-19 16:22:27,718] {processor.py:153} INFO - Started process (PID=225) to work on /home/airflow/.local/lib/python3.7/site-packages/airflow/example_dags/example_latest_only_with_trigger.py
[2024-09-19 16:22:27,719] {processor.py:641} INFO - Processing file /home/airflow/.local/lib/python3.7/site-packages/airflow/example_dags/example_latest_only_with_trigger.py for tasks to queue
[2024-09-19 16:22:27,719] {logging_mixin.py:115} INFO - [2024-09-19 16:22:27,719] {dagbag.py:507} INFO - Filling up the DagBag from /home/airflow/.local/lib/python3.7/site-packages/airflow/example_dags/example_latest_only_with_trigger.py
[2024-09-19 16:22:27,722] {processor.py:651} INFO - DAG(s) dict_keys(['latest_only_with_trigger']) retrieved from /home/airflow/.local/lib/python3.7/site-packages/airflow/example_dags/example_latest_only_with_trigger.py
[2024-09-19 16:22:27,737] {logging_mixin.py:115} INFO - [2024-09-19 16:22:27,737] {dag.py:2371} INFO - Sync 1 DAGs
[2024-09-19 16:22:27,832] {logging_mixin.py:115} INFO - [2024-09-19 16:22:27,832] {dag.py:2919} INFO - Setting next_dagrun for latest_only_with_trigger to 2024-09-19T12:22:27.832030+00:00, run_after=2024-09-19T16:22:27.832030+00:00
[2024-09-19 16:22:27,839] {processor.py:161} INFO - Processing /home/airflow/.local/lib/python3.7/site-packages/airflow/example_dags/example_latest_only_with_trigger.py took 0.122 seconds
[2024-09-19 16:22:58,006] {processor.py:153} INFO - Started process (PID=286) to work on /home/airflow/.local/lib/python3.7/site-packages/airflow/example_dags/example_latest_only_with_trigger.py
[2024-09-19 16:22:58,007] {processor.py:641} INFO - Processing file /home/airflow/.local/lib/python3.7/site-packages/airflow/example_dags/example_latest_only_with_trigger.py for tasks to queue
[2024-09-19 16:22:58,007] {logging_mixin.py:115} INFO - [2024-09-19 16:22:58,007] {dagbag.py:507} INFO - Filling up the DagBag from /home/airflow/.local/lib/python3.7/site-packages/airflow/example_dags/example_latest_only_with_trigger.py
[2024-09-19 16:22:58,010] {processor.py:651} INFO - DAG(s) dict_keys(['latest_only_with_trigger']) retrieved from /home/airflow/.local/lib/python3.7/site-packages/airflow/example_dags/example_latest_only_with_trigger.py
[2024-09-19 16:22:58,024] {logging_mixin.py:115} INFO - [2024-09-19 16:22:58,024] {dag.py:2371} INFO - Sync 1 DAGs
[2024-09-19 16:22:58,120] {logging_mixin.py:115} INFO - [2024-09-19 16:22:58,120] {dag.py:2919} INFO - Setting next_dagrun for latest_only_with_trigger to 2024-09-19T12:22:58.120776+00:00, run_after=2024-09-19T16:22:58.120776+00:00
[2024-09-19 16:22:58,127] {processor.py:161} INFO - Processing /home/airflow/.local/lib/python3.7/site-packages/airflow/example_dags/example_latest_only_with_trigger.py took 0.122 seconds
[2024-09-19 16:23:28,570] {processor.py:153} INFO - Started process (PID=347) to work on /home/airflow/.local/lib/python3.7/site-packages/airflow/example_dags/example_latest_only_with_trigger.py
[2024-09-19 16:23:28,571] {processor.py:641} INFO - Processing file /home/airflow/.local/lib/python3.7/site-packages/airflow/example_dags/example_latest_only_with_trigger.py for tasks to queue
[2024-09-19 16:23:28,571] {logging_mixin.py:115} INFO - [2024-09-19 16:23:28,571] {dagbag.py:507} INFO - Filling up the DagBag from /home/airflow/.local/lib/python3.7/site-packages/airflow/example_dags/example_latest_only_with_trigger.py
[2024-09-19 16:23:28,574] {processor.py:651} INFO - DAG(s) dict_keys(['latest_only_with_trigger']) retrieved from /home/airflow/.local/lib/python3.7/site-packages/airflow/example_dags/example_latest_only_with_trigger.py
[2024-09-19 16:23:28,589] {logging_mixin.py:115} INFO - [2024-09-19 16:23:28,589] {dag.py:2371} INFO - Sync 1 DAGs
[2024-09-19 16:23:28,694] {logging_mixin.py:115} INFO - [2024-09-19 16:23:28,694] {dag.py:2919} INFO - Setting next_dagrun for latest_only_with_trigger to 2024-09-19T12:23:28.693946+00:00, run_after=2024-09-19T16:23:28.693946+00:00
[2024-09-19 16:23:28,704] {processor.py:161} INFO - Processing /home/airflow/.local/lib/python3.7/site-packages/airflow/example_dags/example_latest_only_with_trigger.py took 0.136 seconds
[2024-09-19 16:23:58,908] {processor.py:153} INFO - Started process (PID=399) to work on /home/airflow/.local/lib/python3.7/site-packages/airflow/example_dags/example_latest_only_with_trigger.py
[2024-09-19 16:23:58,908] {processor.py:641} INFO - Processing file /home/airflow/.local/lib/python3.7/site-packages/airflow/example_dags/example_latest_only_with_trigger.py for tasks to queue
[2024-09-19 16:23:58,909] {logging_mixin.py:115} INFO - [2024-09-19 16:23:58,909] {dagbag.py:507} INFO - Filling up the DagBag from /home/airflow/.local/lib/python3.7/site-packages/airflow/example_dags/example_latest_only_with_trigger.py
[2024-09-19 16:23:58,912] {processor.py:651} INFO - DAG(s) dict_keys(['latest_only_with_trigger']) retrieved from /home/airflow/.local/lib/python3.7/site-packages/airflow/example_dags/example_latest_only_with_trigger.py
[2024-09-19 16:23:58,927] {logging_mixin.py:115} INFO - [2024-09-19 16:23:58,927] {dag.py:2371} INFO - Sync 1 DAGs
[2024-09-19 16:23:59,030] {logging_mixin.py:115} INFO - [2024-09-19 16:23:59,030] {dag.py:2919} INFO - Setting next_dagrun for latest_only_with_trigger to 2024-09-19T12:23:59.030194+00:00, run_after=2024-09-19T16:23:59.030194+00:00
[2024-09-19 16:23:59,039] {processor.py:161} INFO - Processing /home/airflow/.local/lib/python3.7/site-packages/airflow/example_dags/example_latest_only_with_trigger.py took 0.133 seconds
[2024-09-19 16:24:29,377] {processor.py:153} INFO - Started process (PID=460) to work on /home/airflow/.local/lib/python3.7/site-packages/airflow/example_dags/example_latest_only_with_trigger.py
[2024-09-19 16:24:29,377] {processor.py:641} INFO - Processing file /home/airflow/.local/lib/python3.7/site-packages/airflow/example_dags/example_latest_only_with_trigger.py for tasks to queue
[2024-09-19 16:24:29,377] {logging_mixin.py:115} INFO - [2024-09-19 16:24:29,377] {dagbag.py:507} INFO - Filling up the DagBag from /home/airflow/.local/lib/python3.7/site-packages/airflow/example_dags/example_latest_only_with_trigger.py
[2024-09-19 16:24:29,380] {processor.py:651} INFO - DAG(s) dict_keys(['latest_only_with_trigger']) retrieved from /home/airflow/.local/lib/python3.7/site-packages/airflow/example_dags/example_latest_only_with_trigger.py
[2024-09-19 16:24:29,395] {logging_mixin.py:115} INFO - [2024-09-19 16:24:29,395] {dag.py:2371} INFO - Sync 1 DAGs
[2024-09-19 16:24:29,500] {logging_mixin.py:115} INFO - [2024-09-19 16:24:29,500] {dag.py:2919} INFO - Setting next_dagrun for latest_only_with_trigger to 2024-09-19T12:24:29.500314+00:00, run_after=2024-09-19T16:24:29.500314+00:00
[2024-09-19 16:24:29,507] {processor.py:161} INFO - Processing /home/airflow/.local/lib/python3.7/site-packages/airflow/example_dags/example_latest_only_with_trigger.py took 0.131 seconds
