[2024-09-19 16:16:10,311] {processor.py:153} INFO - Started process (PID=38) to work on /home/airflow/.local/lib/python3.7/site-packages/airflow/example_dags/example_trigger_target_dag.py
[2024-09-19 16:16:10,313] {processor.py:641} INFO - Processing file /home/airflow/.local/lib/python3.7/site-packages/airflow/example_dags/example_trigger_target_dag.py for tasks to queue
[2024-09-19 16:16:10,313] {logging_mixin.py:115} INFO - [2024-09-19 16:16:10,313] {dagbag.py:507} INFO - Filling up the DagBag from /home/airflow/.local/lib/python3.7/site-packages/airflow/example_dags/example_trigger_target_dag.py
[2024-09-19 16:16:10,344] {processor.py:651} INFO - DAG(s) dict_keys(['example_trigger_target_dag']) retrieved from /home/airflow/.local/lib/python3.7/site-packages/airflow/example_dags/example_trigger_target_dag.py
[2024-09-19 16:16:10,619] {logging_mixin.py:115} INFO - [2024-09-19 16:16:10,619] {manager.py:508} INFO - Created Permission View: can read on DAG:example_trigger_target_dag
[2024-09-19 16:16:10,631] {logging_mixin.py:115} INFO - [2024-09-19 16:16:10,631] {manager.py:508} INFO - Created Permission View: can edit on DAG:example_trigger_target_dag
[2024-09-19 16:16:10,640] {logging_mixin.py:115} INFO - [2024-09-19 16:16:10,640] {manager.py:508} INFO - Created Permission View: can delete on DAG:example_trigger_target_dag
[2024-09-19 16:16:10,640] {logging_mixin.py:115} INFO - [2024-09-19 16:16:10,640] {dag.py:2371} INFO - Sync 1 DAGs
[2024-09-19 16:16:10,647] {logging_mixin.py:115} INFO - [2024-09-19 16:16:10,647] {dag.py:2390} INFO - Creating ORM DAG for example_trigger_target_dag
[2024-09-19 16:16:10,659] {logging_mixin.py:115} INFO - [2024-09-19 16:16:10,659] {dag.py:2919} INFO - Setting next_dagrun for example_trigger_target_dag to None, run_after=None
[2024-09-19 16:16:10,690] {processor.py:161} INFO - Processing /home/airflow/.local/lib/python3.7/site-packages/airflow/example_dags/example_trigger_target_dag.py took 0.382 seconds
[2024-09-19 16:16:41,262] {processor.py:153} INFO - Started process (PID=99) to work on /home/airflow/.local/lib/python3.7/site-packages/airflow/example_dags/example_trigger_target_dag.py
[2024-09-19 16:16:41,268] {processor.py:641} INFO - Processing file /home/airflow/.local/lib/python3.7/site-packages/airflow/example_dags/example_trigger_target_dag.py for tasks to queue
[2024-09-19 16:16:41,268] {logging_mixin.py:115} INFO - [2024-09-19 16:16:41,268] {dagbag.py:507} INFO - Filling up the DagBag from /home/airflow/.local/lib/python3.7/site-packages/airflow/example_dags/example_trigger_target_dag.py
[2024-09-19 16:16:41,277] {processor.py:651} INFO - DAG(s) dict_keys(['example_trigger_target_dag']) retrieved from /home/airflow/.local/lib/python3.7/site-packages/airflow/example_dags/example_trigger_target_dag.py
[2024-09-19 16:16:41,293] {logging_mixin.py:115} INFO - [2024-09-19 16:16:41,293] {dag.py:2371} INFO - Sync 1 DAGs
[2024-09-19 16:16:41,395] {logging_mixin.py:115} INFO - [2024-09-19 16:16:41,395] {dag.py:2919} INFO - Setting next_dagrun for example_trigger_target_dag to None, run_after=None
[2024-09-19 16:16:41,407] {processor.py:161} INFO - Processing /home/airflow/.local/lib/python3.7/site-packages/airflow/example_dags/example_trigger_target_dag.py took 0.146 seconds
[2024-09-19 16:17:11,539] {processor.py:153} INFO - Started process (PID=160) to work on /home/airflow/.local/lib/python3.7/site-packages/airflow/example_dags/example_trigger_target_dag.py
[2024-09-19 16:17:11,544] {processor.py:641} INFO - Processing file /home/airflow/.local/lib/python3.7/site-packages/airflow/example_dags/example_trigger_target_dag.py for tasks to queue
[2024-09-19 16:17:11,545] {logging_mixin.py:115} INFO - [2024-09-19 16:17:11,544] {dagbag.py:507} INFO - Filling up the DagBag from /home/airflow/.local/lib/python3.7/site-packages/airflow/example_dags/example_trigger_target_dag.py
[2024-09-19 16:17:11,554] {processor.py:651} INFO - DAG(s) dict_keys(['example_trigger_target_dag']) retrieved from /home/airflow/.local/lib/python3.7/site-packages/airflow/example_dags/example_trigger_target_dag.py
[2024-09-19 16:17:11,570] {logging_mixin.py:115} INFO - [2024-09-19 16:17:11,570] {dag.py:2371} INFO - Sync 1 DAGs
[2024-09-19 16:17:11,672] {logging_mixin.py:115} INFO - [2024-09-19 16:17:11,672] {dag.py:2919} INFO - Setting next_dagrun for example_trigger_target_dag to None, run_after=None
[2024-09-19 16:17:11,682] {processor.py:161} INFO - Processing /home/airflow/.local/lib/python3.7/site-packages/airflow/example_dags/example_trigger_target_dag.py took 0.147 seconds
[2024-09-19 16:17:42,316] {processor.py:153} INFO - Started process (PID=220) to work on /home/airflow/.local/lib/python3.7/site-packages/airflow/example_dags/example_trigger_target_dag.py
[2024-09-19 16:17:42,322] {processor.py:641} INFO - Processing file /home/airflow/.local/lib/python3.7/site-packages/airflow/example_dags/example_trigger_target_dag.py for tasks to queue
[2024-09-19 16:17:42,322] {logging_mixin.py:115} INFO - [2024-09-19 16:17:42,322] {dagbag.py:507} INFO - Filling up the DagBag from /home/airflow/.local/lib/python3.7/site-packages/airflow/example_dags/example_trigger_target_dag.py
[2024-09-19 16:17:42,333] {processor.py:651} INFO - DAG(s) dict_keys(['example_trigger_target_dag']) retrieved from /home/airflow/.local/lib/python3.7/site-packages/airflow/example_dags/example_trigger_target_dag.py
[2024-09-19 16:17:42,350] {logging_mixin.py:115} INFO - [2024-09-19 16:17:42,350] {dag.py:2371} INFO - Sync 1 DAGs
[2024-09-19 16:17:42,453] {logging_mixin.py:115} INFO - [2024-09-19 16:17:42,453] {dag.py:2919} INFO - Setting next_dagrun for example_trigger_target_dag to None, run_after=None
[2024-09-19 16:17:42,461] {processor.py:161} INFO - Processing /home/airflow/.local/lib/python3.7/site-packages/airflow/example_dags/example_trigger_target_dag.py took 0.146 seconds
[2024-09-19 16:18:13,249] {processor.py:153} INFO - Started process (PID=281) to work on /home/airflow/.local/lib/python3.7/site-packages/airflow/example_dags/example_trigger_target_dag.py
[2024-09-19 16:18:13,249] {processor.py:641} INFO - Processing file /home/airflow/.local/lib/python3.7/site-packages/airflow/example_dags/example_trigger_target_dag.py for tasks to queue
[2024-09-19 16:18:13,250] {logging_mixin.py:115} INFO - [2024-09-19 16:18:13,250] {dagbag.py:507} INFO - Filling up the DagBag from /home/airflow/.local/lib/python3.7/site-packages/airflow/example_dags/example_trigger_target_dag.py
[2024-09-19 16:18:13,260] {processor.py:651} INFO - DAG(s) dict_keys(['example_trigger_target_dag']) retrieved from /home/airflow/.local/lib/python3.7/site-packages/airflow/example_dags/example_trigger_target_dag.py
[2024-09-19 16:18:13,280] {logging_mixin.py:115} INFO - [2024-09-19 16:18:13,280] {dag.py:2371} INFO - Sync 1 DAGs
[2024-09-19 16:18:13,385] {logging_mixin.py:115} INFO - [2024-09-19 16:18:13,385] {dag.py:2919} INFO - Setting next_dagrun for example_trigger_target_dag to None, run_after=None
[2024-09-19 16:18:13,392] {processor.py:161} INFO - Processing /home/airflow/.local/lib/python3.7/site-packages/airflow/example_dags/example_trigger_target_dag.py took 0.147 seconds
[2024-09-19 16:20:54,986] {processor.py:153} INFO - Started process (PID=47) to work on /home/airflow/.local/lib/python3.7/site-packages/airflow/example_dags/example_trigger_target_dag.py
[2024-09-19 16:20:54,992] {processor.py:641} INFO - Processing file /home/airflow/.local/lib/python3.7/site-packages/airflow/example_dags/example_trigger_target_dag.py for tasks to queue
[2024-09-19 16:20:54,992] {logging_mixin.py:115} INFO - [2024-09-19 16:20:54,992] {dagbag.py:507} INFO - Filling up the DagBag from /home/airflow/.local/lib/python3.7/site-packages/airflow/example_dags/example_trigger_target_dag.py
[2024-09-19 16:20:55,056] {processor.py:651} INFO - DAG(s) dict_keys(['example_trigger_target_dag']) retrieved from /home/airflow/.local/lib/python3.7/site-packages/airflow/example_dags/example_trigger_target_dag.py
[2024-09-19 16:20:55,094] {logging_mixin.py:115} INFO - [2024-09-19 16:20:55,094] {dag.py:2371} INFO - Sync 1 DAGs
[2024-09-19 16:20:55,247] {logging_mixin.py:115} INFO - [2024-09-19 16:20:55,247] {dag.py:2919} INFO - Setting next_dagrun for example_trigger_target_dag to None, run_after=None
[2024-09-19 16:20:55,262] {processor.py:161} INFO - Processing /home/airflow/.local/lib/python3.7/site-packages/airflow/example_dags/example_trigger_target_dag.py took 0.286 seconds
[2024-09-19 16:21:25,913] {processor.py:153} INFO - Started process (PID=99) to work on /home/airflow/.local/lib/python3.7/site-packages/airflow/example_dags/example_trigger_target_dag.py
[2024-09-19 16:21:25,918] {processor.py:641} INFO - Processing file /home/airflow/.local/lib/python3.7/site-packages/airflow/example_dags/example_trigger_target_dag.py for tasks to queue
[2024-09-19 16:21:25,919] {logging_mixin.py:115} INFO - [2024-09-19 16:21:25,919] {dagbag.py:507} INFO - Filling up the DagBag from /home/airflow/.local/lib/python3.7/site-packages/airflow/example_dags/example_trigger_target_dag.py
[2024-09-19 16:21:25,928] {processor.py:651} INFO - DAG(s) dict_keys(['example_trigger_target_dag']) retrieved from /home/airflow/.local/lib/python3.7/site-packages/airflow/example_dags/example_trigger_target_dag.py
[2024-09-19 16:21:25,944] {logging_mixin.py:115} INFO - [2024-09-19 16:21:25,944] {dag.py:2371} INFO - Sync 1 DAGs
[2024-09-19 16:21:26,042] {logging_mixin.py:115} INFO - [2024-09-19 16:21:26,042] {dag.py:2919} INFO - Setting next_dagrun for example_trigger_target_dag to None, run_after=None
[2024-09-19 16:21:26,051] {processor.py:161} INFO - Processing /home/airflow/.local/lib/python3.7/site-packages/airflow/example_dags/example_trigger_target_dag.py took 0.139 seconds
[2024-09-19 16:21:56,164] {processor.py:153} INFO - Started process (PID=159) to work on /home/airflow/.local/lib/python3.7/site-packages/airflow/example_dags/example_trigger_target_dag.py
[2024-09-19 16:21:56,169] {processor.py:641} INFO - Processing file /home/airflow/.local/lib/python3.7/site-packages/airflow/example_dags/example_trigger_target_dag.py for tasks to queue
[2024-09-19 16:21:56,170] {logging_mixin.py:115} INFO - [2024-09-19 16:21:56,170] {dagbag.py:507} INFO - Filling up the DagBag from /home/airflow/.local/lib/python3.7/site-packages/airflow/example_dags/example_trigger_target_dag.py
[2024-09-19 16:21:56,187] {processor.py:651} INFO - DAG(s) dict_keys(['example_trigger_target_dag']) retrieved from /home/airflow/.local/lib/python3.7/site-packages/airflow/example_dags/example_trigger_target_dag.py
[2024-09-19 16:21:56,204] {logging_mixin.py:115} INFO - [2024-09-19 16:21:56,204] {dag.py:2371} INFO - Sync 1 DAGs
[2024-09-19 16:21:56,302] {logging_mixin.py:115} INFO - [2024-09-19 16:21:56,302] {dag.py:2919} INFO - Setting next_dagrun for example_trigger_target_dag to None, run_after=None
[2024-09-19 16:21:56,313] {processor.py:161} INFO - Processing /home/airflow/.local/lib/python3.7/site-packages/airflow/example_dags/example_trigger_target_dag.py took 0.151 seconds
[2024-09-19 16:22:27,207] {processor.py:153} INFO - Started process (PID=220) to work on /home/airflow/.local/lib/python3.7/site-packages/airflow/example_dags/example_trigger_target_dag.py
[2024-09-19 16:22:27,212] {processor.py:641} INFO - Processing file /home/airflow/.local/lib/python3.7/site-packages/airflow/example_dags/example_trigger_target_dag.py for tasks to queue
[2024-09-19 16:22:27,212] {logging_mixin.py:115} INFO - [2024-09-19 16:22:27,212] {dagbag.py:507} INFO - Filling up the DagBag from /home/airflow/.local/lib/python3.7/site-packages/airflow/example_dags/example_trigger_target_dag.py
[2024-09-19 16:22:27,227] {processor.py:651} INFO - DAG(s) dict_keys(['example_trigger_target_dag']) retrieved from /home/airflow/.local/lib/python3.7/site-packages/airflow/example_dags/example_trigger_target_dag.py
[2024-09-19 16:22:27,242] {logging_mixin.py:115} INFO - [2024-09-19 16:22:27,242] {dag.py:2371} INFO - Sync 1 DAGs
[2024-09-19 16:22:27,342] {logging_mixin.py:115} INFO - [2024-09-19 16:22:27,342] {dag.py:2919} INFO - Setting next_dagrun for example_trigger_target_dag to None, run_after=None
[2024-09-19 16:22:27,352] {processor.py:161} INFO - Processing /home/airflow/.local/lib/python3.7/site-packages/airflow/example_dags/example_trigger_target_dag.py took 0.150 seconds
[2024-09-19 16:22:57,486] {processor.py:153} INFO - Started process (PID=281) to work on /home/airflow/.local/lib/python3.7/site-packages/airflow/example_dags/example_trigger_target_dag.py
[2024-09-19 16:22:57,487] {processor.py:641} INFO - Processing file /home/airflow/.local/lib/python3.7/site-packages/airflow/example_dags/example_trigger_target_dag.py for tasks to queue
[2024-09-19 16:22:57,487] {logging_mixin.py:115} INFO - [2024-09-19 16:22:57,487] {dagbag.py:507} INFO - Filling up the DagBag from /home/airflow/.local/lib/python3.7/site-packages/airflow/example_dags/example_trigger_target_dag.py
[2024-09-19 16:22:57,501] {processor.py:651} INFO - DAG(s) dict_keys(['example_trigger_target_dag']) retrieved from /home/airflow/.local/lib/python3.7/site-packages/airflow/example_dags/example_trigger_target_dag.py
[2024-09-19 16:22:57,518] {logging_mixin.py:115} INFO - [2024-09-19 16:22:57,518] {dag.py:2371} INFO - Sync 1 DAGs
[2024-09-19 16:22:57,627] {logging_mixin.py:115} INFO - [2024-09-19 16:22:57,627] {dag.py:2919} INFO - Setting next_dagrun for example_trigger_target_dag to None, run_after=None
[2024-09-19 16:22:57,640] {processor.py:161} INFO - Processing /home/airflow/.local/lib/python3.7/site-packages/airflow/example_dags/example_trigger_target_dag.py took 0.157 seconds
[2024-09-19 16:23:27,999] {processor.py:153} INFO - Started process (PID=342) to work on /home/airflow/.local/lib/python3.7/site-packages/airflow/example_dags/example_trigger_target_dag.py
[2024-09-19 16:23:28,004] {processor.py:641} INFO - Processing file /home/airflow/.local/lib/python3.7/site-packages/airflow/example_dags/example_trigger_target_dag.py for tasks to queue
[2024-09-19 16:23:28,005] {logging_mixin.py:115} INFO - [2024-09-19 16:23:28,005] {dagbag.py:507} INFO - Filling up the DagBag from /home/airflow/.local/lib/python3.7/site-packages/airflow/example_dags/example_trigger_target_dag.py
[2024-09-19 16:23:28,016] {processor.py:651} INFO - DAG(s) dict_keys(['example_trigger_target_dag']) retrieved from /home/airflow/.local/lib/python3.7/site-packages/airflow/example_dags/example_trigger_target_dag.py
[2024-09-19 16:23:28,035] {logging_mixin.py:115} INFO - [2024-09-19 16:23:28,035] {dag.py:2371} INFO - Sync 1 DAGs
[2024-09-19 16:23:28,155] {logging_mixin.py:115} INFO - [2024-09-19 16:23:28,155] {dag.py:2919} INFO - Setting next_dagrun for example_trigger_target_dag to None, run_after=None
[2024-09-19 16:23:28,167] {processor.py:161} INFO - Processing /home/airflow/.local/lib/python3.7/site-packages/airflow/example_dags/example_trigger_target_dag.py took 0.170 seconds
[2024-09-19 16:23:58,381] {processor.py:153} INFO - Started process (PID=394) to work on /home/airflow/.local/lib/python3.7/site-packages/airflow/example_dags/example_trigger_target_dag.py
[2024-09-19 16:23:58,386] {processor.py:641} INFO - Processing file /home/airflow/.local/lib/python3.7/site-packages/airflow/example_dags/example_trigger_target_dag.py for tasks to queue
[2024-09-19 16:23:58,387] {logging_mixin.py:115} INFO - [2024-09-19 16:23:58,387] {dagbag.py:507} INFO - Filling up the DagBag from /home/airflow/.local/lib/python3.7/site-packages/airflow/example_dags/example_trigger_target_dag.py
[2024-09-19 16:23:58,403] {processor.py:651} INFO - DAG(s) dict_keys(['example_trigger_target_dag']) retrieved from /home/airflow/.local/lib/python3.7/site-packages/airflow/example_dags/example_trigger_target_dag.py
[2024-09-19 16:23:58,419] {logging_mixin.py:115} INFO - [2024-09-19 16:23:58,419] {dag.py:2371} INFO - Sync 1 DAGs
[2024-09-19 16:23:58,530] {logging_mixin.py:115} INFO - [2024-09-19 16:23:58,530] {dag.py:2919} INFO - Setting next_dagrun for example_trigger_target_dag to None, run_after=None
[2024-09-19 16:23:58,537] {processor.py:161} INFO - Processing /home/airflow/.local/lib/python3.7/site-packages/airflow/example_dags/example_trigger_target_dag.py took 0.160 seconds
[2024-09-19 16:24:28,855] {processor.py:153} INFO - Started process (PID=455) to work on /home/airflow/.local/lib/python3.7/site-packages/airflow/example_dags/example_trigger_target_dag.py
[2024-09-19 16:24:28,861] {processor.py:641} INFO - Processing file /home/airflow/.local/lib/python3.7/site-packages/airflow/example_dags/example_trigger_target_dag.py for tasks to queue
[2024-09-19 16:24:28,862] {logging_mixin.py:115} INFO - [2024-09-19 16:24:28,862] {dagbag.py:507} INFO - Filling up the DagBag from /home/airflow/.local/lib/python3.7/site-packages/airflow/example_dags/example_trigger_target_dag.py
[2024-09-19 16:24:28,877] {processor.py:651} INFO - DAG(s) dict_keys(['example_trigger_target_dag']) retrieved from /home/airflow/.local/lib/python3.7/site-packages/airflow/example_dags/example_trigger_target_dag.py
[2024-09-19 16:24:28,893] {logging_mixin.py:115} INFO - [2024-09-19 16:24:28,893] {dag.py:2371} INFO - Sync 1 DAGs
[2024-09-19 16:24:28,995] {logging_mixin.py:115} INFO - [2024-09-19 16:24:28,995] {dag.py:2919} INFO - Setting next_dagrun for example_trigger_target_dag to None, run_after=None
[2024-09-19 16:24:29,007] {processor.py:161} INFO - Processing /home/airflow/.local/lib/python3.7/site-packages/airflow/example_dags/example_trigger_target_dag.py took 0.156 seconds
