[2024-09-19 16:16:14,620] {processor.py:153} INFO - Started process (PID=75) to work on /home/airflow/.local/lib/python3.7/site-packages/airflow/example_dags/example_branch_python_dop_operator_3.py
[2024-09-19 16:16:14,621] {processor.py:641} INFO - Processing file /home/airflow/.local/lib/python3.7/site-packages/airflow/example_dags/example_branch_python_dop_operator_3.py for tasks to queue
[2024-09-19 16:16:14,621] {logging_mixin.py:115} INFO - [2024-09-19 16:16:14,621] {dagbag.py:507} INFO - Filling up the DagBag from /home/airflow/.local/lib/python3.7/site-packages/airflow/example_dags/example_branch_python_dop_operator_3.py
[2024-09-19 16:16:14,630] {processor.py:651} INFO - DAG(s) dict_keys(['example_branch_dop_operator_v3']) retrieved from /home/airflow/.local/lib/python3.7/site-packages/airflow/example_dags/example_branch_python_dop_operator_3.py
[2024-09-19 16:16:14,817] {logging_mixin.py:115} INFO - [2024-09-19 16:16:14,816] {manager.py:508} INFO - Created Permission View: can read on DAG:example_branch_dop_operator_v3
[2024-09-19 16:16:14,825] {logging_mixin.py:115} INFO - [2024-09-19 16:16:14,825] {manager.py:508} INFO - Created Permission View: can edit on DAG:example_branch_dop_operator_v3
[2024-09-19 16:16:14,831] {logging_mixin.py:115} INFO - [2024-09-19 16:16:14,831] {manager.py:508} INFO - Created Permission View: can delete on DAG:example_branch_dop_operator_v3
[2024-09-19 16:16:14,831] {logging_mixin.py:115} INFO - [2024-09-19 16:16:14,831] {dag.py:2371} INFO - Sync 1 DAGs
[2024-09-19 16:16:14,839] {logging_mixin.py:115} INFO - [2024-09-19 16:16:14,838] {dag.py:2390} INFO - Creating ORM DAG for example_branch_dop_operator_v3
[2024-09-19 16:16:14,854] {logging_mixin.py:115} INFO - [2024-09-19 16:16:14,854] {dag.py:2919} INFO - Setting next_dagrun for example_branch_dop_operator_v3 to 2024-09-19T16:15:00+00:00, run_after=2024-09-19T16:16:00+00:00
[2024-09-19 16:16:14,866] {processor.py:161} INFO - Processing /home/airflow/.local/lib/python3.7/site-packages/airflow/example_dags/example_branch_python_dop_operator_3.py took 0.249 seconds
[2024-09-19 16:16:45,075] {processor.py:153} INFO - Started process (PID=136) to work on /home/airflow/.local/lib/python3.7/site-packages/airflow/example_dags/example_branch_python_dop_operator_3.py
[2024-09-19 16:16:45,076] {processor.py:641} INFO - Processing file /home/airflow/.local/lib/python3.7/site-packages/airflow/example_dags/example_branch_python_dop_operator_3.py for tasks to queue
[2024-09-19 16:16:45,076] {logging_mixin.py:115} INFO - [2024-09-19 16:16:45,076] {dagbag.py:507} INFO - Filling up the DagBag from /home/airflow/.local/lib/python3.7/site-packages/airflow/example_dags/example_branch_python_dop_operator_3.py
[2024-09-19 16:16:45,082] {processor.py:651} INFO - DAG(s) dict_keys(['example_branch_dop_operator_v3']) retrieved from /home/airflow/.local/lib/python3.7/site-packages/airflow/example_dags/example_branch_python_dop_operator_3.py
[2024-09-19 16:16:45,101] {logging_mixin.py:115} INFO - [2024-09-19 16:16:45,101] {dag.py:2371} INFO - Sync 1 DAGs
[2024-09-19 16:16:45,218] {logging_mixin.py:115} INFO - [2024-09-19 16:16:45,218] {dag.py:2919} INFO - Setting next_dagrun for example_branch_dop_operator_v3 to 2024-09-19T16:15:00+00:00, run_after=2024-09-19T16:16:00+00:00
[2024-09-19 16:16:45,226] {processor.py:161} INFO - Processing /home/airflow/.local/lib/python3.7/site-packages/airflow/example_dags/example_branch_python_dop_operator_3.py took 0.152 seconds
[2024-09-19 16:17:15,869] {processor.py:153} INFO - Started process (PID=188) to work on /home/airflow/.local/lib/python3.7/site-packages/airflow/example_dags/example_branch_python_dop_operator_3.py
[2024-09-19 16:17:15,870] {processor.py:641} INFO - Processing file /home/airflow/.local/lib/python3.7/site-packages/airflow/example_dags/example_branch_python_dop_operator_3.py for tasks to queue
[2024-09-19 16:17:15,870] {logging_mixin.py:115} INFO - [2024-09-19 16:17:15,870] {dagbag.py:507} INFO - Filling up the DagBag from /home/airflow/.local/lib/python3.7/site-packages/airflow/example_dags/example_branch_python_dop_operator_3.py
[2024-09-19 16:17:15,875] {processor.py:651} INFO - DAG(s) dict_keys(['example_branch_dop_operator_v3']) retrieved from /home/airflow/.local/lib/python3.7/site-packages/airflow/example_dags/example_branch_python_dop_operator_3.py
[2024-09-19 16:17:15,890] {logging_mixin.py:115} INFO - [2024-09-19 16:17:15,890] {dag.py:2371} INFO - Sync 1 DAGs
[2024-09-19 16:17:15,995] {logging_mixin.py:115} INFO - [2024-09-19 16:17:15,995] {dag.py:2919} INFO - Setting next_dagrun for example_branch_dop_operator_v3 to 2024-09-19T16:16:00+00:00, run_after=2024-09-19T16:17:00+00:00
[2024-09-19 16:17:16,007] {processor.py:161} INFO - Processing /home/airflow/.local/lib/python3.7/site-packages/airflow/example_dags/example_branch_python_dop_operator_3.py took 0.140 seconds
[2024-09-19 16:17:46,711] {processor.py:153} INFO - Started process (PID=248) to work on /home/airflow/.local/lib/python3.7/site-packages/airflow/example_dags/example_branch_python_dop_operator_3.py
[2024-09-19 16:17:46,711] {processor.py:641} INFO - Processing file /home/airflow/.local/lib/python3.7/site-packages/airflow/example_dags/example_branch_python_dop_operator_3.py for tasks to queue
[2024-09-19 16:17:46,712] {logging_mixin.py:115} INFO - [2024-09-19 16:17:46,712] {dagbag.py:507} INFO - Filling up the DagBag from /home/airflow/.local/lib/python3.7/site-packages/airflow/example_dags/example_branch_python_dop_operator_3.py
[2024-09-19 16:17:46,717] {processor.py:651} INFO - DAG(s) dict_keys(['example_branch_dop_operator_v3']) retrieved from /home/airflow/.local/lib/python3.7/site-packages/airflow/example_dags/example_branch_python_dop_operator_3.py
[2024-09-19 16:17:46,732] {logging_mixin.py:115} INFO - [2024-09-19 16:17:46,732] {dag.py:2371} INFO - Sync 1 DAGs
[2024-09-19 16:17:46,838] {logging_mixin.py:115} INFO - [2024-09-19 16:17:46,838] {dag.py:2919} INFO - Setting next_dagrun for example_branch_dop_operator_v3 to 2024-09-19T16:16:00+00:00, run_after=2024-09-19T16:17:00+00:00
[2024-09-19 16:17:46,845] {processor.py:161} INFO - Processing /home/airflow/.local/lib/python3.7/site-packages/airflow/example_dags/example_branch_python_dop_operator_3.py took 0.137 seconds
[2024-09-19 16:18:17,733] {processor.py:153} INFO - Started process (PID=309) to work on /home/airflow/.local/lib/python3.7/site-packages/airflow/example_dags/example_branch_python_dop_operator_3.py
[2024-09-19 16:18:17,733] {processor.py:641} INFO - Processing file /home/airflow/.local/lib/python3.7/site-packages/airflow/example_dags/example_branch_python_dop_operator_3.py for tasks to queue
[2024-09-19 16:18:17,734] {logging_mixin.py:115} INFO - [2024-09-19 16:18:17,734] {dagbag.py:507} INFO - Filling up the DagBag from /home/airflow/.local/lib/python3.7/site-packages/airflow/example_dags/example_branch_python_dop_operator_3.py
[2024-09-19 16:18:17,740] {processor.py:651} INFO - DAG(s) dict_keys(['example_branch_dop_operator_v3']) retrieved from /home/airflow/.local/lib/python3.7/site-packages/airflow/example_dags/example_branch_python_dop_operator_3.py
[2024-09-19 16:18:17,755] {logging_mixin.py:115} INFO - [2024-09-19 16:18:17,755] {dag.py:2371} INFO - Sync 1 DAGs
[2024-09-19 16:18:17,863] {logging_mixin.py:115} INFO - [2024-09-19 16:18:17,863] {dag.py:2919} INFO - Setting next_dagrun for example_branch_dop_operator_v3 to 2024-09-19T16:17:00+00:00, run_after=2024-09-19T16:18:00+00:00
[2024-09-19 16:18:17,875] {processor.py:161} INFO - Processing /home/airflow/.local/lib/python3.7/site-packages/airflow/example_dags/example_branch_python_dop_operator_3.py took 0.144 seconds
[2024-09-19 16:20:58,304] {processor.py:153} INFO - Started process (PID=75) to work on /home/airflow/.local/lib/python3.7/site-packages/airflow/example_dags/example_branch_python_dop_operator_3.py
[2024-09-19 16:20:58,304] {processor.py:641} INFO - Processing file /home/airflow/.local/lib/python3.7/site-packages/airflow/example_dags/example_branch_python_dop_operator_3.py for tasks to queue
[2024-09-19 16:20:58,305] {logging_mixin.py:115} INFO - [2024-09-19 16:20:58,305] {dagbag.py:507} INFO - Filling up the DagBag from /home/airflow/.local/lib/python3.7/site-packages/airflow/example_dags/example_branch_python_dop_operator_3.py
[2024-09-19 16:20:58,319] {processor.py:651} INFO - DAG(s) dict_keys(['example_branch_dop_operator_v3']) retrieved from /home/airflow/.local/lib/python3.7/site-packages/airflow/example_dags/example_branch_python_dop_operator_3.py
[2024-09-19 16:20:58,349] {logging_mixin.py:115} INFO - [2024-09-19 16:20:58,349] {dag.py:2371} INFO - Sync 1 DAGs
[2024-09-19 16:20:58,500] {logging_mixin.py:115} INFO - [2024-09-19 16:20:58,499] {dag.py:2919} INFO - Setting next_dagrun for example_branch_dop_operator_v3 to 2024-09-19T16:19:00+00:00, run_after=2024-09-19T16:20:00+00:00
[2024-09-19 16:20:58,513] {processor.py:161} INFO - Processing /home/airflow/.local/lib/python3.7/site-packages/airflow/example_dags/example_branch_python_dop_operator_3.py took 0.212 seconds
[2024-09-19 16:21:28,639] {processor.py:153} INFO - Started process (PID=135) to work on /home/airflow/.local/lib/python3.7/site-packages/airflow/example_dags/example_branch_python_dop_operator_3.py
[2024-09-19 16:21:28,639] {processor.py:641} INFO - Processing file /home/airflow/.local/lib/python3.7/site-packages/airflow/example_dags/example_branch_python_dop_operator_3.py for tasks to queue
[2024-09-19 16:21:28,639] {logging_mixin.py:115} INFO - [2024-09-19 16:21:28,639] {dagbag.py:507} INFO - Filling up the DagBag from /home/airflow/.local/lib/python3.7/site-packages/airflow/example_dags/example_branch_python_dop_operator_3.py
[2024-09-19 16:21:28,645] {processor.py:651} INFO - DAG(s) dict_keys(['example_branch_dop_operator_v3']) retrieved from /home/airflow/.local/lib/python3.7/site-packages/airflow/example_dags/example_branch_python_dop_operator_3.py
[2024-09-19 16:21:28,659] {logging_mixin.py:115} INFO - [2024-09-19 16:21:28,659] {dag.py:2371} INFO - Sync 1 DAGs
[2024-09-19 16:21:28,765] {logging_mixin.py:115} INFO - [2024-09-19 16:21:28,765] {dag.py:2919} INFO - Setting next_dagrun for example_branch_dop_operator_v3 to 2024-09-19T16:20:00+00:00, run_after=2024-09-19T16:21:00+00:00
[2024-09-19 16:21:28,778] {processor.py:161} INFO - Processing /home/airflow/.local/lib/python3.7/site-packages/airflow/example_dags/example_branch_python_dop_operator_3.py took 0.141 seconds
[2024-09-19 16:21:58,809] {processor.py:153} INFO - Started process (PID=187) to work on /home/airflow/.local/lib/python3.7/site-packages/airflow/example_dags/example_branch_python_dop_operator_3.py
[2024-09-19 16:21:58,810] {processor.py:641} INFO - Processing file /home/airflow/.local/lib/python3.7/site-packages/airflow/example_dags/example_branch_python_dop_operator_3.py for tasks to queue
[2024-09-19 16:21:58,810] {logging_mixin.py:115} INFO - [2024-09-19 16:21:58,810] {dagbag.py:507} INFO - Filling up the DagBag from /home/airflow/.local/lib/python3.7/site-packages/airflow/example_dags/example_branch_python_dop_operator_3.py
[2024-09-19 16:21:58,815] {processor.py:651} INFO - DAG(s) dict_keys(['example_branch_dop_operator_v3']) retrieved from /home/airflow/.local/lib/python3.7/site-packages/airflow/example_dags/example_branch_python_dop_operator_3.py
[2024-09-19 16:21:58,831] {logging_mixin.py:115} INFO - [2024-09-19 16:21:58,830] {dag.py:2371} INFO - Sync 1 DAGs
[2024-09-19 16:21:58,937] {logging_mixin.py:115} INFO - [2024-09-19 16:21:58,937] {dag.py:2919} INFO - Setting next_dagrun for example_branch_dop_operator_v3 to 2024-09-19T16:20:00+00:00, run_after=2024-09-19T16:21:00+00:00
[2024-09-19 16:21:58,945] {processor.py:161} INFO - Processing /home/airflow/.local/lib/python3.7/site-packages/airflow/example_dags/example_branch_python_dop_operator_3.py took 0.137 seconds
[2024-09-19 16:22:29,974] {processor.py:153} INFO - Started process (PID=248) to work on /home/airflow/.local/lib/python3.7/site-packages/airflow/example_dags/example_branch_python_dop_operator_3.py
[2024-09-19 16:22:29,975] {processor.py:641} INFO - Processing file /home/airflow/.local/lib/python3.7/site-packages/airflow/example_dags/example_branch_python_dop_operator_3.py for tasks to queue
[2024-09-19 16:22:29,975] {logging_mixin.py:115} INFO - [2024-09-19 16:22:29,975] {dagbag.py:507} INFO - Filling up the DagBag from /home/airflow/.local/lib/python3.7/site-packages/airflow/example_dags/example_branch_python_dop_operator_3.py
[2024-09-19 16:22:29,980] {processor.py:651} INFO - DAG(s) dict_keys(['example_branch_dop_operator_v3']) retrieved from /home/airflow/.local/lib/python3.7/site-packages/airflow/example_dags/example_branch_python_dop_operator_3.py
[2024-09-19 16:22:29,995] {logging_mixin.py:115} INFO - [2024-09-19 16:22:29,995] {dag.py:2371} INFO - Sync 1 DAGs
[2024-09-19 16:22:30,101] {logging_mixin.py:115} INFO - [2024-09-19 16:22:30,101] {dag.py:2919} INFO - Setting next_dagrun for example_branch_dop_operator_v3 to 2024-09-19T16:21:00+00:00, run_after=2024-09-19T16:22:00+00:00
[2024-09-19 16:22:30,113] {processor.py:161} INFO - Processing /home/airflow/.local/lib/python3.7/site-packages/airflow/example_dags/example_branch_python_dop_operator_3.py took 0.140 seconds
[2024-09-19 16:23:00,477] {processor.py:153} INFO - Started process (PID=309) to work on /home/airflow/.local/lib/python3.7/site-packages/airflow/example_dags/example_branch_python_dop_operator_3.py
[2024-09-19 16:23:00,477] {processor.py:641} INFO - Processing file /home/airflow/.local/lib/python3.7/site-packages/airflow/example_dags/example_branch_python_dop_operator_3.py for tasks to queue
[2024-09-19 16:23:00,478] {logging_mixin.py:115} INFO - [2024-09-19 16:23:00,477] {dagbag.py:507} INFO - Filling up the DagBag from /home/airflow/.local/lib/python3.7/site-packages/airflow/example_dags/example_branch_python_dop_operator_3.py
[2024-09-19 16:23:00,483] {processor.py:651} INFO - DAG(s) dict_keys(['example_branch_dop_operator_v3']) retrieved from /home/airflow/.local/lib/python3.7/site-packages/airflow/example_dags/example_branch_python_dop_operator_3.py
[2024-09-19 16:23:00,497] {logging_mixin.py:115} INFO - [2024-09-19 16:23:00,497] {dag.py:2371} INFO - Sync 1 DAGs
[2024-09-19 16:23:00,594] {logging_mixin.py:115} INFO - [2024-09-19 16:23:00,594] {dag.py:2919} INFO - Setting next_dagrun for example_branch_dop_operator_v3 to 2024-09-19T16:22:00+00:00, run_after=2024-09-19T16:23:00+00:00
[2024-09-19 16:23:00,606] {processor.py:161} INFO - Processing /home/airflow/.local/lib/python3.7/site-packages/airflow/example_dags/example_branch_python_dop_operator_3.py took 0.130 seconds
[2024-09-19 16:23:30,710] {processor.py:153} INFO - Started process (PID=370) to work on /home/airflow/.local/lib/python3.7/site-packages/airflow/example_dags/example_branch_python_dop_operator_3.py
[2024-09-19 16:23:30,710] {processor.py:641} INFO - Processing file /home/airflow/.local/lib/python3.7/site-packages/airflow/example_dags/example_branch_python_dop_operator_3.py for tasks to queue
[2024-09-19 16:23:30,711] {logging_mixin.py:115} INFO - [2024-09-19 16:23:30,710] {dagbag.py:507} INFO - Filling up the DagBag from /home/airflow/.local/lib/python3.7/site-packages/airflow/example_dags/example_branch_python_dop_operator_3.py
[2024-09-19 16:23:30,716] {processor.py:651} INFO - DAG(s) dict_keys(['example_branch_dop_operator_v3']) retrieved from /home/airflow/.local/lib/python3.7/site-packages/airflow/example_dags/example_branch_python_dop_operator_3.py
[2024-09-19 16:23:30,733] {logging_mixin.py:115} INFO - [2024-09-19 16:23:30,733] {dag.py:2371} INFO - Sync 1 DAGs
[2024-09-19 16:23:30,843] {logging_mixin.py:115} INFO - [2024-09-19 16:23:30,842] {dag.py:2919} INFO - Setting next_dagrun for example_branch_dop_operator_v3 to 2024-09-19T16:22:00+00:00, run_after=2024-09-19T16:23:00+00:00
[2024-09-19 16:23:30,855] {processor.py:161} INFO - Processing /home/airflow/.local/lib/python3.7/site-packages/airflow/example_dags/example_branch_python_dop_operator_3.py took 0.147 seconds
[2024-09-19 16:24:01,207] {processor.py:153} INFO - Started process (PID=431) to work on /home/airflow/.local/lib/python3.7/site-packages/airflow/example_dags/example_branch_python_dop_operator_3.py
[2024-09-19 16:24:01,207] {processor.py:641} INFO - Processing file /home/airflow/.local/lib/python3.7/site-packages/airflow/example_dags/example_branch_python_dop_operator_3.py for tasks to queue
[2024-09-19 16:24:01,208] {logging_mixin.py:115} INFO - [2024-09-19 16:24:01,208] {dagbag.py:507} INFO - Filling up the DagBag from /home/airflow/.local/lib/python3.7/site-packages/airflow/example_dags/example_branch_python_dop_operator_3.py
[2024-09-19 16:24:01,214] {processor.py:651} INFO - DAG(s) dict_keys(['example_branch_dop_operator_v3']) retrieved from /home/airflow/.local/lib/python3.7/site-packages/airflow/example_dags/example_branch_python_dop_operator_3.py
[2024-09-19 16:24:01,235] {logging_mixin.py:115} INFO - [2024-09-19 16:24:01,235] {dag.py:2371} INFO - Sync 1 DAGs
[2024-09-19 16:24:01,382] {logging_mixin.py:115} INFO - [2024-09-19 16:24:01,382] {dag.py:2919} INFO - Setting next_dagrun for example_branch_dop_operator_v3 to 2024-09-19T16:23:00+00:00, run_after=2024-09-19T16:24:00+00:00
[2024-09-19 16:24:01,391] {processor.py:161} INFO - Processing /home/airflow/.local/lib/python3.7/site-packages/airflow/example_dags/example_branch_python_dop_operator_3.py took 0.187 seconds
[2024-09-19 16:24:31,748] {processor.py:153} INFO - Started process (PID=483) to work on /home/airflow/.local/lib/python3.7/site-packages/airflow/example_dags/example_branch_python_dop_operator_3.py
[2024-09-19 16:24:31,749] {processor.py:641} INFO - Processing file /home/airflow/.local/lib/python3.7/site-packages/airflow/example_dags/example_branch_python_dop_operator_3.py for tasks to queue
[2024-09-19 16:24:31,749] {logging_mixin.py:115} INFO - [2024-09-19 16:24:31,749] {dagbag.py:507} INFO - Filling up the DagBag from /home/airflow/.local/lib/python3.7/site-packages/airflow/example_dags/example_branch_python_dop_operator_3.py
[2024-09-19 16:24:31,754] {processor.py:651} INFO - DAG(s) dict_keys(['example_branch_dop_operator_v3']) retrieved from /home/airflow/.local/lib/python3.7/site-packages/airflow/example_dags/example_branch_python_dop_operator_3.py
[2024-09-19 16:24:31,768] {logging_mixin.py:115} INFO - [2024-09-19 16:24:31,768] {dag.py:2371} INFO - Sync 1 DAGs
[2024-09-19 16:24:31,878] {logging_mixin.py:115} INFO - [2024-09-19 16:24:31,878] {dag.py:2919} INFO - Setting next_dagrun for example_branch_dop_operator_v3 to 2024-09-19T16:23:00+00:00, run_after=2024-09-19T16:24:00+00:00
[2024-09-19 16:24:31,891] {processor.py:161} INFO - Processing /home/airflow/.local/lib/python3.7/site-packages/airflow/example_dags/example_branch_python_dop_operator_3.py took 0.145 seconds
