[2024-09-19 16:16:14,885] {processor.py:153} INFO - Started process (PID=77) to work on /home/airflow/.local/lib/python3.7/site-packages/airflow/example_dags/example_local_kubernetes_executor.py
[2024-09-19 16:16:14,886] {processor.py:641} INFO - Processing file /home/airflow/.local/lib/python3.7/site-packages/airflow/example_dags/example_local_kubernetes_executor.py for tasks to queue
[2024-09-19 16:16:14,886] {logging_mixin.py:115} INFO - [2024-09-19 16:16:14,886] {dagbag.py:507} INFO - Filling up the DagBag from /home/airflow/.local/lib/python3.7/site-packages/airflow/example_dags/example_local_kubernetes_executor.py
[2024-09-19 16:16:14,904] {processor.py:651} INFO - DAG(s) dict_keys(['example_local_kubernetes_executor']) retrieved from /home/airflow/.local/lib/python3.7/site-packages/airflow/example_dags/example_local_kubernetes_executor.py
[2024-09-19 16:16:15,085] {logging_mixin.py:115} INFO - [2024-09-19 16:16:15,085] {manager.py:508} INFO - Created Permission View: can read on DAG:example_local_kubernetes_executor
[2024-09-19 16:16:15,096] {logging_mixin.py:115} INFO - [2024-09-19 16:16:15,095] {manager.py:508} INFO - Created Permission View: can edit on DAG:example_local_kubernetes_executor
[2024-09-19 16:16:15,102] {logging_mixin.py:115} INFO - [2024-09-19 16:16:15,101] {manager.py:508} INFO - Created Permission View: can delete on DAG:example_local_kubernetes_executor
[2024-09-19 16:16:15,102] {logging_mixin.py:115} INFO - [2024-09-19 16:16:15,102] {dag.py:2371} INFO - Sync 1 DAGs
[2024-09-19 16:16:15,108] {logging_mixin.py:115} INFO - [2024-09-19 16:16:15,108] {dag.py:2390} INFO - Creating ORM DAG for example_local_kubernetes_executor
[2024-09-19 16:16:15,118] {logging_mixin.py:115} INFO - [2024-09-19 16:16:15,118] {dag.py:2919} INFO - Setting next_dagrun for example_local_kubernetes_executor to None, run_after=None
[2024-09-19 16:16:15,134] {processor.py:161} INFO - Processing /home/airflow/.local/lib/python3.7/site-packages/airflow/example_dags/example_local_kubernetes_executor.py took 0.251 seconds
[2024-09-19 16:16:45,243] {processor.py:153} INFO - Started process (PID=138) to work on /home/airflow/.local/lib/python3.7/site-packages/airflow/example_dags/example_local_kubernetes_executor.py
[2024-09-19 16:16:45,243] {processor.py:641} INFO - Processing file /home/airflow/.local/lib/python3.7/site-packages/airflow/example_dags/example_local_kubernetes_executor.py for tasks to queue
[2024-09-19 16:16:45,244] {logging_mixin.py:115} INFO - [2024-09-19 16:16:45,244] {dagbag.py:507} INFO - Filling up the DagBag from /home/airflow/.local/lib/python3.7/site-packages/airflow/example_dags/example_local_kubernetes_executor.py
[2024-09-19 16:16:45,257] {processor.py:651} INFO - DAG(s) dict_keys(['example_local_kubernetes_executor']) retrieved from /home/airflow/.local/lib/python3.7/site-packages/airflow/example_dags/example_local_kubernetes_executor.py
[2024-09-19 16:16:45,279] {logging_mixin.py:115} INFO - [2024-09-19 16:16:45,279] {dag.py:2371} INFO - Sync 1 DAGs
[2024-09-19 16:16:45,392] {logging_mixin.py:115} INFO - [2024-09-19 16:16:45,392] {dag.py:2919} INFO - Setting next_dagrun for example_local_kubernetes_executor to None, run_after=None
[2024-09-19 16:16:45,400] {processor.py:161} INFO - Processing /home/airflow/.local/lib/python3.7/site-packages/airflow/example_dags/example_local_kubernetes_executor.py took 0.159 seconds
[2024-09-19 16:17:16,037] {processor.py:153} INFO - Started process (PID=190) to work on /home/airflow/.local/lib/python3.7/site-packages/airflow/example_dags/example_local_kubernetes_executor.py
[2024-09-19 16:17:16,038] {processor.py:641} INFO - Processing file /home/airflow/.local/lib/python3.7/site-packages/airflow/example_dags/example_local_kubernetes_executor.py for tasks to queue
[2024-09-19 16:17:16,038] {logging_mixin.py:115} INFO - [2024-09-19 16:17:16,038] {dagbag.py:507} INFO - Filling up the DagBag from /home/airflow/.local/lib/python3.7/site-packages/airflow/example_dags/example_local_kubernetes_executor.py
[2024-09-19 16:17:16,048] {processor.py:651} INFO - DAG(s) dict_keys(['example_local_kubernetes_executor']) retrieved from /home/airflow/.local/lib/python3.7/site-packages/airflow/example_dags/example_local_kubernetes_executor.py
[2024-09-19 16:17:16,069] {logging_mixin.py:115} INFO - [2024-09-19 16:17:16,069] {dag.py:2371} INFO - Sync 1 DAGs
[2024-09-19 16:17:16,177] {logging_mixin.py:115} INFO - [2024-09-19 16:17:16,177] {dag.py:2919} INFO - Setting next_dagrun for example_local_kubernetes_executor to None, run_after=None
[2024-09-19 16:17:16,188] {processor.py:161} INFO - Processing /home/airflow/.local/lib/python3.7/site-packages/airflow/example_dags/example_local_kubernetes_executor.py took 0.153 seconds
[2024-09-19 16:17:46,867] {processor.py:153} INFO - Started process (PID=250) to work on /home/airflow/.local/lib/python3.7/site-packages/airflow/example_dags/example_local_kubernetes_executor.py
[2024-09-19 16:17:46,868] {processor.py:641} INFO - Processing file /home/airflow/.local/lib/python3.7/site-packages/airflow/example_dags/example_local_kubernetes_executor.py for tasks to queue
[2024-09-19 16:17:46,868] {logging_mixin.py:115} INFO - [2024-09-19 16:17:46,868] {dagbag.py:507} INFO - Filling up the DagBag from /home/airflow/.local/lib/python3.7/site-packages/airflow/example_dags/example_local_kubernetes_executor.py
[2024-09-19 16:17:46,878] {processor.py:651} INFO - DAG(s) dict_keys(['example_local_kubernetes_executor']) retrieved from /home/airflow/.local/lib/python3.7/site-packages/airflow/example_dags/example_local_kubernetes_executor.py
[2024-09-19 16:17:46,893] {logging_mixin.py:115} INFO - [2024-09-19 16:17:46,893] {dag.py:2371} INFO - Sync 1 DAGs
[2024-09-19 16:17:46,990] {logging_mixin.py:115} INFO - [2024-09-19 16:17:46,990] {dag.py:2919} INFO - Setting next_dagrun for example_local_kubernetes_executor to None, run_after=None
[2024-09-19 16:17:46,996] {processor.py:161} INFO - Processing /home/airflow/.local/lib/python3.7/site-packages/airflow/example_dags/example_local_kubernetes_executor.py took 0.131 seconds
[2024-09-19 16:18:17,890] {processor.py:153} INFO - Started process (PID=311) to work on /home/airflow/.local/lib/python3.7/site-packages/airflow/example_dags/example_local_kubernetes_executor.py
[2024-09-19 16:18:17,890] {processor.py:641} INFO - Processing file /home/airflow/.local/lib/python3.7/site-packages/airflow/example_dags/example_local_kubernetes_executor.py for tasks to queue
[2024-09-19 16:18:17,890] {logging_mixin.py:115} INFO - [2024-09-19 16:18:17,890] {dagbag.py:507} INFO - Filling up the DagBag from /home/airflow/.local/lib/python3.7/site-packages/airflow/example_dags/example_local_kubernetes_executor.py
[2024-09-19 16:18:17,900] {processor.py:651} INFO - DAG(s) dict_keys(['example_local_kubernetes_executor']) retrieved from /home/airflow/.local/lib/python3.7/site-packages/airflow/example_dags/example_local_kubernetes_executor.py
[2024-09-19 16:18:17,916] {logging_mixin.py:115} INFO - [2024-09-19 16:18:17,916] {dag.py:2371} INFO - Sync 1 DAGs
[2024-09-19 16:18:18,017] {logging_mixin.py:115} INFO - [2024-09-19 16:18:18,017] {dag.py:2919} INFO - Setting next_dagrun for example_local_kubernetes_executor to None, run_after=None
[2024-09-19 16:18:18,028] {processor.py:161} INFO - Processing /home/airflow/.local/lib/python3.7/site-packages/airflow/example_dags/example_local_kubernetes_executor.py took 0.140 seconds
[2024-09-19 16:20:58,537] {processor.py:153} INFO - Started process (PID=77) to work on /home/airflow/.local/lib/python3.7/site-packages/airflow/example_dags/example_local_kubernetes_executor.py
[2024-09-19 16:20:58,538] {processor.py:641} INFO - Processing file /home/airflow/.local/lib/python3.7/site-packages/airflow/example_dags/example_local_kubernetes_executor.py for tasks to queue
[2024-09-19 16:20:58,538] {logging_mixin.py:115} INFO - [2024-09-19 16:20:58,538] {dagbag.py:507} INFO - Filling up the DagBag from /home/airflow/.local/lib/python3.7/site-packages/airflow/example_dags/example_local_kubernetes_executor.py
[2024-09-19 16:20:58,555] {processor.py:651} INFO - DAG(s) dict_keys(['example_local_kubernetes_executor']) retrieved from /home/airflow/.local/lib/python3.7/site-packages/airflow/example_dags/example_local_kubernetes_executor.py
[2024-09-19 16:20:58,582] {logging_mixin.py:115} INFO - [2024-09-19 16:20:58,581] {dag.py:2371} INFO - Sync 1 DAGs
[2024-09-19 16:20:58,727] {logging_mixin.py:115} INFO - [2024-09-19 16:20:58,727] {dag.py:2919} INFO - Setting next_dagrun for example_local_kubernetes_executor to None, run_after=None
[2024-09-19 16:20:58,741] {processor.py:161} INFO - Processing /home/airflow/.local/lib/python3.7/site-packages/airflow/example_dags/example_local_kubernetes_executor.py took 0.207 seconds
[2024-09-19 16:21:28,792] {processor.py:153} INFO - Started process (PID=137) to work on /home/airflow/.local/lib/python3.7/site-packages/airflow/example_dags/example_local_kubernetes_executor.py
[2024-09-19 16:21:28,792] {processor.py:641} INFO - Processing file /home/airflow/.local/lib/python3.7/site-packages/airflow/example_dags/example_local_kubernetes_executor.py for tasks to queue
[2024-09-19 16:21:28,792] {logging_mixin.py:115} INFO - [2024-09-19 16:21:28,792] {dagbag.py:507} INFO - Filling up the DagBag from /home/airflow/.local/lib/python3.7/site-packages/airflow/example_dags/example_local_kubernetes_executor.py
[2024-09-19 16:21:28,802] {processor.py:651} INFO - DAG(s) dict_keys(['example_local_kubernetes_executor']) retrieved from /home/airflow/.local/lib/python3.7/site-packages/airflow/example_dags/example_local_kubernetes_executor.py
[2024-09-19 16:21:28,817] {logging_mixin.py:115} INFO - [2024-09-19 16:21:28,817] {dag.py:2371} INFO - Sync 1 DAGs
[2024-09-19 16:21:28,909] {logging_mixin.py:115} INFO - [2024-09-19 16:21:28,909] {dag.py:2919} INFO - Setting next_dagrun for example_local_kubernetes_executor to None, run_after=None
[2024-09-19 16:21:28,920] {processor.py:161} INFO - Processing /home/airflow/.local/lib/python3.7/site-packages/airflow/example_dags/example_local_kubernetes_executor.py took 0.130 seconds
[2024-09-19 16:21:58,958] {processor.py:153} INFO - Started process (PID=189) to work on /home/airflow/.local/lib/python3.7/site-packages/airflow/example_dags/example_local_kubernetes_executor.py
[2024-09-19 16:21:58,958] {processor.py:641} INFO - Processing file /home/airflow/.local/lib/python3.7/site-packages/airflow/example_dags/example_local_kubernetes_executor.py for tasks to queue
[2024-09-19 16:21:58,959] {logging_mixin.py:115} INFO - [2024-09-19 16:21:58,959] {dagbag.py:507} INFO - Filling up the DagBag from /home/airflow/.local/lib/python3.7/site-packages/airflow/example_dags/example_local_kubernetes_executor.py
[2024-09-19 16:21:58,968] {processor.py:651} INFO - DAG(s) dict_keys(['example_local_kubernetes_executor']) retrieved from /home/airflow/.local/lib/python3.7/site-packages/airflow/example_dags/example_local_kubernetes_executor.py
[2024-09-19 16:21:58,982] {logging_mixin.py:115} INFO - [2024-09-19 16:21:58,982] {dag.py:2371} INFO - Sync 1 DAGs
[2024-09-19 16:21:59,073] {logging_mixin.py:115} INFO - [2024-09-19 16:21:59,073] {dag.py:2919} INFO - Setting next_dagrun for example_local_kubernetes_executor to None, run_after=None
[2024-09-19 16:21:59,085] {processor.py:161} INFO - Processing /home/airflow/.local/lib/python3.7/site-packages/airflow/example_dags/example_local_kubernetes_executor.py took 0.128 seconds
[2024-09-19 16:22:30,271] {processor.py:153} INFO - Started process (PID=250) to work on /home/airflow/.local/lib/python3.7/site-packages/airflow/example_dags/example_local_kubernetes_executor.py
[2024-09-19 16:22:30,271] {processor.py:641} INFO - Processing file /home/airflow/.local/lib/python3.7/site-packages/airflow/example_dags/example_local_kubernetes_executor.py for tasks to queue
[2024-09-19 16:22:30,271] {logging_mixin.py:115} INFO - [2024-09-19 16:22:30,271] {dagbag.py:507} INFO - Filling up the DagBag from /home/airflow/.local/lib/python3.7/site-packages/airflow/example_dags/example_local_kubernetes_executor.py
[2024-09-19 16:22:30,281] {processor.py:651} INFO - DAG(s) dict_keys(['example_local_kubernetes_executor']) retrieved from /home/airflow/.local/lib/python3.7/site-packages/airflow/example_dags/example_local_kubernetes_executor.py
[2024-09-19 16:22:30,297] {logging_mixin.py:115} INFO - [2024-09-19 16:22:30,297] {dag.py:2371} INFO - Sync 1 DAGs
[2024-09-19 16:22:30,392] {logging_mixin.py:115} INFO - [2024-09-19 16:22:30,392] {dag.py:2919} INFO - Setting next_dagrun for example_local_kubernetes_executor to None, run_after=None
[2024-09-19 16:22:30,400] {processor.py:161} INFO - Processing /home/airflow/.local/lib/python3.7/site-packages/airflow/example_dags/example_local_kubernetes_executor.py took 0.131 seconds
[2024-09-19 16:23:00,623] {processor.py:153} INFO - Started process (PID=311) to work on /home/airflow/.local/lib/python3.7/site-packages/airflow/example_dags/example_local_kubernetes_executor.py
[2024-09-19 16:23:00,624] {processor.py:641} INFO - Processing file /home/airflow/.local/lib/python3.7/site-packages/airflow/example_dags/example_local_kubernetes_executor.py for tasks to queue
[2024-09-19 16:23:00,624] {logging_mixin.py:115} INFO - [2024-09-19 16:23:00,624] {dagbag.py:507} INFO - Filling up the DagBag from /home/airflow/.local/lib/python3.7/site-packages/airflow/example_dags/example_local_kubernetes_executor.py
[2024-09-19 16:23:00,635] {processor.py:651} INFO - DAG(s) dict_keys(['example_local_kubernetes_executor']) retrieved from /home/airflow/.local/lib/python3.7/site-packages/airflow/example_dags/example_local_kubernetes_executor.py
[2024-09-19 16:23:00,652] {logging_mixin.py:115} INFO - [2024-09-19 16:23:00,652] {dag.py:2371} INFO - Sync 1 DAGs
[2024-09-19 16:23:00,753] {logging_mixin.py:115} INFO - [2024-09-19 16:23:00,753] {dag.py:2919} INFO - Setting next_dagrun for example_local_kubernetes_executor to None, run_after=None
[2024-09-19 16:23:00,762] {processor.py:161} INFO - Processing /home/airflow/.local/lib/python3.7/site-packages/airflow/example_dags/example_local_kubernetes_executor.py took 0.140 seconds
[2024-09-19 16:23:30,874] {processor.py:153} INFO - Started process (PID=372) to work on /home/airflow/.local/lib/python3.7/site-packages/airflow/example_dags/example_local_kubernetes_executor.py
[2024-09-19 16:23:30,875] {processor.py:641} INFO - Processing file /home/airflow/.local/lib/python3.7/site-packages/airflow/example_dags/example_local_kubernetes_executor.py for tasks to queue
[2024-09-19 16:23:30,875] {logging_mixin.py:115} INFO - [2024-09-19 16:23:30,875] {dagbag.py:507} INFO - Filling up the DagBag from /home/airflow/.local/lib/python3.7/site-packages/airflow/example_dags/example_local_kubernetes_executor.py
[2024-09-19 16:23:30,886] {processor.py:651} INFO - DAG(s) dict_keys(['example_local_kubernetes_executor']) retrieved from /home/airflow/.local/lib/python3.7/site-packages/airflow/example_dags/example_local_kubernetes_executor.py
[2024-09-19 16:23:30,902] {logging_mixin.py:115} INFO - [2024-09-19 16:23:30,902] {dag.py:2371} INFO - Sync 1 DAGs
[2024-09-19 16:23:31,044] {logging_mixin.py:115} INFO - [2024-09-19 16:23:31,044] {dag.py:2919} INFO - Setting next_dagrun for example_local_kubernetes_executor to None, run_after=None
[2024-09-19 16:23:31,058] {processor.py:161} INFO - Processing /home/airflow/.local/lib/python3.7/site-packages/airflow/example_dags/example_local_kubernetes_executor.py took 0.186 seconds
[2024-09-19 16:24:01,570] {processor.py:153} INFO - Started process (PID=433) to work on /home/airflow/.local/lib/python3.7/site-packages/airflow/example_dags/example_local_kubernetes_executor.py
[2024-09-19 16:24:01,570] {processor.py:641} INFO - Processing file /home/airflow/.local/lib/python3.7/site-packages/airflow/example_dags/example_local_kubernetes_executor.py for tasks to queue
[2024-09-19 16:24:01,571] {logging_mixin.py:115} INFO - [2024-09-19 16:24:01,571] {dagbag.py:507} INFO - Filling up the DagBag from /home/airflow/.local/lib/python3.7/site-packages/airflow/example_dags/example_local_kubernetes_executor.py
[2024-09-19 16:24:01,580] {processor.py:651} INFO - DAG(s) dict_keys(['example_local_kubernetes_executor']) retrieved from /home/airflow/.local/lib/python3.7/site-packages/airflow/example_dags/example_local_kubernetes_executor.py
[2024-09-19 16:24:01,596] {logging_mixin.py:115} INFO - [2024-09-19 16:24:01,596] {dag.py:2371} INFO - Sync 1 DAGs
[2024-09-19 16:24:01,700] {logging_mixin.py:115} INFO - [2024-09-19 16:24:01,700] {dag.py:2919} INFO - Setting next_dagrun for example_local_kubernetes_executor to None, run_after=None
[2024-09-19 16:24:01,711] {processor.py:161} INFO - Processing /home/airflow/.local/lib/python3.7/site-packages/airflow/example_dags/example_local_kubernetes_executor.py took 0.143 seconds
[2024-09-19 16:24:31,926] {processor.py:153} INFO - Started process (PID=485) to work on /home/airflow/.local/lib/python3.7/site-packages/airflow/example_dags/example_local_kubernetes_executor.py
[2024-09-19 16:24:31,926] {processor.py:641} INFO - Processing file /home/airflow/.local/lib/python3.7/site-packages/airflow/example_dags/example_local_kubernetes_executor.py for tasks to queue
[2024-09-19 16:24:31,926] {logging_mixin.py:115} INFO - [2024-09-19 16:24:31,926] {dagbag.py:507} INFO - Filling up the DagBag from /home/airflow/.local/lib/python3.7/site-packages/airflow/example_dags/example_local_kubernetes_executor.py
[2024-09-19 16:24:31,936] {processor.py:651} INFO - DAG(s) dict_keys(['example_local_kubernetes_executor']) retrieved from /home/airflow/.local/lib/python3.7/site-packages/airflow/example_dags/example_local_kubernetes_executor.py
[2024-09-19 16:24:31,951] {logging_mixin.py:115} INFO - [2024-09-19 16:24:31,951] {dag.py:2371} INFO - Sync 1 DAGs
[2024-09-19 16:24:32,050] {logging_mixin.py:115} INFO - [2024-09-19 16:24:32,050] {dag.py:2919} INFO - Setting next_dagrun for example_local_kubernetes_executor to None, run_after=None
[2024-09-19 16:24:32,057] {processor.py:161} INFO - Processing /home/airflow/.local/lib/python3.7/site-packages/airflow/example_dags/example_local_kubernetes_executor.py took 0.133 seconds
