[2024-09-19 16:16:13,578] {processor.py:153} INFO - Started process (PID=67) to work on /home/airflow/.local/lib/python3.7/site-packages/airflow/example_dags/example_trigger_controller_dag.py
[2024-09-19 16:16:13,579] {processor.py:641} INFO - Processing file /home/airflow/.local/lib/python3.7/site-packages/airflow/example_dags/example_trigger_controller_dag.py for tasks to queue
[2024-09-19 16:16:13,580] {logging_mixin.py:115} INFO - [2024-09-19 16:16:13,579] {dagbag.py:507} INFO - Filling up the DagBag from /home/airflow/.local/lib/python3.7/site-packages/airflow/example_dags/example_trigger_controller_dag.py
[2024-09-19 16:16:13,583] {processor.py:651} INFO - DAG(s) dict_keys(['example_trigger_controller_dag']) retrieved from /home/airflow/.local/lib/python3.7/site-packages/airflow/example_dags/example_trigger_controller_dag.py
[2024-09-19 16:16:13,772] {logging_mixin.py:115} INFO - [2024-09-19 16:16:13,772] {manager.py:508} INFO - Created Permission View: can read on DAG:example_trigger_controller_dag
[2024-09-19 16:16:13,781] {logging_mixin.py:115} INFO - [2024-09-19 16:16:13,781] {manager.py:508} INFO - Created Permission View: can edit on DAG:example_trigger_controller_dag
[2024-09-19 16:16:13,786] {logging_mixin.py:115} INFO - [2024-09-19 16:16:13,786] {manager.py:508} INFO - Created Permission View: can delete on DAG:example_trigger_controller_dag
[2024-09-19 16:16:13,786] {logging_mixin.py:115} INFO - [2024-09-19 16:16:13,786] {dag.py:2371} INFO - Sync 1 DAGs
[2024-09-19 16:16:13,792] {logging_mixin.py:115} INFO - [2024-09-19 16:16:13,792] {dag.py:2390} INFO - Creating ORM DAG for example_trigger_controller_dag
[2024-09-19 16:16:13,801] {logging_mixin.py:115} INFO - [2024-09-19 16:16:13,801] {dag.py:2919} INFO - Setting next_dagrun for example_trigger_controller_dag to 2021-01-01T00:00:00+00:00, run_after=2021-01-01T00:00:00+00:00
[2024-09-19 16:16:13,814] {processor.py:161} INFO - Processing /home/airflow/.local/lib/python3.7/site-packages/airflow/example_dags/example_trigger_controller_dag.py took 0.239 seconds
[2024-09-19 16:16:44,312] {processor.py:153} INFO - Started process (PID=119) to work on /home/airflow/.local/lib/python3.7/site-packages/airflow/example_dags/example_trigger_controller_dag.py
[2024-09-19 16:16:44,312] {processor.py:641} INFO - Processing file /home/airflow/.local/lib/python3.7/site-packages/airflow/example_dags/example_trigger_controller_dag.py for tasks to queue
[2024-09-19 16:16:44,313] {logging_mixin.py:115} INFO - [2024-09-19 16:16:44,313] {dagbag.py:507} INFO - Filling up the DagBag from /home/airflow/.local/lib/python3.7/site-packages/airflow/example_dags/example_trigger_controller_dag.py
[2024-09-19 16:16:44,317] {processor.py:651} INFO - DAG(s) dict_keys(['example_trigger_controller_dag']) retrieved from /home/airflow/.local/lib/python3.7/site-packages/airflow/example_dags/example_trigger_controller_dag.py
[2024-09-19 16:16:44,334] {logging_mixin.py:115} INFO - [2024-09-19 16:16:44,334] {dag.py:2371} INFO - Sync 1 DAGs
[2024-09-19 16:16:44,463] {logging_mixin.py:115} INFO - [2024-09-19 16:16:44,463] {dag.py:2919} INFO - Setting next_dagrun for example_trigger_controller_dag to 2021-01-01T00:00:00+00:00, run_after=2021-01-01T00:00:00+00:00
[2024-09-19 16:16:44,475] {processor.py:161} INFO - Processing /home/airflow/.local/lib/python3.7/site-packages/airflow/example_dags/example_trigger_controller_dag.py took 0.165 seconds
[2024-09-19 16:17:15,244] {processor.py:153} INFO - Started process (PID=180) to work on /home/airflow/.local/lib/python3.7/site-packages/airflow/example_dags/example_trigger_controller_dag.py
[2024-09-19 16:17:15,245] {processor.py:641} INFO - Processing file /home/airflow/.local/lib/python3.7/site-packages/airflow/example_dags/example_trigger_controller_dag.py for tasks to queue
[2024-09-19 16:17:15,245] {logging_mixin.py:115} INFO - [2024-09-19 16:17:15,245] {dagbag.py:507} INFO - Filling up the DagBag from /home/airflow/.local/lib/python3.7/site-packages/airflow/example_dags/example_trigger_controller_dag.py
[2024-09-19 16:17:15,247] {processor.py:651} INFO - DAG(s) dict_keys(['example_trigger_controller_dag']) retrieved from /home/airflow/.local/lib/python3.7/site-packages/airflow/example_dags/example_trigger_controller_dag.py
[2024-09-19 16:17:15,263] {logging_mixin.py:115} INFO - [2024-09-19 16:17:15,263] {dag.py:2371} INFO - Sync 1 DAGs
[2024-09-19 16:17:15,370] {logging_mixin.py:115} INFO - [2024-09-19 16:17:15,370] {dag.py:2919} INFO - Setting next_dagrun for example_trigger_controller_dag to 2021-01-01T00:00:00+00:00, run_after=2021-01-01T00:00:00+00:00
[2024-09-19 16:17:15,383] {processor.py:161} INFO - Processing /home/airflow/.local/lib/python3.7/site-packages/airflow/example_dags/example_trigger_controller_dag.py took 0.140 seconds
[2024-09-19 16:17:46,131] {processor.py:153} INFO - Started process (PID=240) to work on /home/airflow/.local/lib/python3.7/site-packages/airflow/example_dags/example_trigger_controller_dag.py
[2024-09-19 16:17:46,132] {processor.py:641} INFO - Processing file /home/airflow/.local/lib/python3.7/site-packages/airflow/example_dags/example_trigger_controller_dag.py for tasks to queue
[2024-09-19 16:17:46,132] {logging_mixin.py:115} INFO - [2024-09-19 16:17:46,132] {dagbag.py:507} INFO - Filling up the DagBag from /home/airflow/.local/lib/python3.7/site-packages/airflow/example_dags/example_trigger_controller_dag.py
[2024-09-19 16:17:46,134] {processor.py:651} INFO - DAG(s) dict_keys(['example_trigger_controller_dag']) retrieved from /home/airflow/.local/lib/python3.7/site-packages/airflow/example_dags/example_trigger_controller_dag.py
[2024-09-19 16:17:46,149] {logging_mixin.py:115} INFO - [2024-09-19 16:17:46,149] {dag.py:2371} INFO - Sync 1 DAGs
[2024-09-19 16:17:46,248] {logging_mixin.py:115} INFO - [2024-09-19 16:17:46,248] {dag.py:2919} INFO - Setting next_dagrun for example_trigger_controller_dag to 2021-01-01T00:00:00+00:00, run_after=2021-01-01T00:00:00+00:00
[2024-09-19 16:17:46,255] {processor.py:161} INFO - Processing /home/airflow/.local/lib/python3.7/site-packages/airflow/example_dags/example_trigger_controller_dag.py took 0.126 seconds
[2024-09-19 16:18:16,844] {processor.py:153} INFO - Started process (PID=301) to work on /home/airflow/.local/lib/python3.7/site-packages/airflow/example_dags/example_trigger_controller_dag.py
[2024-09-19 16:18:16,845] {processor.py:641} INFO - Processing file /home/airflow/.local/lib/python3.7/site-packages/airflow/example_dags/example_trigger_controller_dag.py for tasks to queue
[2024-09-19 16:18:16,845] {logging_mixin.py:115} INFO - [2024-09-19 16:18:16,845] {dagbag.py:507} INFO - Filling up the DagBag from /home/airflow/.local/lib/python3.7/site-packages/airflow/example_dags/example_trigger_controller_dag.py
[2024-09-19 16:18:16,847] {processor.py:651} INFO - DAG(s) dict_keys(['example_trigger_controller_dag']) retrieved from /home/airflow/.local/lib/python3.7/site-packages/airflow/example_dags/example_trigger_controller_dag.py
[2024-09-19 16:18:16,863] {logging_mixin.py:115} INFO - [2024-09-19 16:18:16,863] {dag.py:2371} INFO - Sync 1 DAGs
[2024-09-19 16:18:16,973] {logging_mixin.py:115} INFO - [2024-09-19 16:18:16,973] {dag.py:2919} INFO - Setting next_dagrun for example_trigger_controller_dag to 2021-01-01T00:00:00+00:00, run_after=2021-01-01T00:00:00+00:00
[2024-09-19 16:18:16,979] {processor.py:161} INFO - Processing /home/airflow/.local/lib/python3.7/site-packages/airflow/example_dags/example_trigger_controller_dag.py took 0.137 seconds
[2024-09-19 16:20:57,431] {processor.py:153} INFO - Started process (PID=67) to work on /home/airflow/.local/lib/python3.7/site-packages/airflow/example_dags/example_trigger_controller_dag.py
[2024-09-19 16:20:57,432] {processor.py:641} INFO - Processing file /home/airflow/.local/lib/python3.7/site-packages/airflow/example_dags/example_trigger_controller_dag.py for tasks to queue
[2024-09-19 16:20:57,433] {logging_mixin.py:115} INFO - [2024-09-19 16:20:57,432] {dagbag.py:507} INFO - Filling up the DagBag from /home/airflow/.local/lib/python3.7/site-packages/airflow/example_dags/example_trigger_controller_dag.py
[2024-09-19 16:20:57,436] {processor.py:651} INFO - DAG(s) dict_keys(['example_trigger_controller_dag']) retrieved from /home/airflow/.local/lib/python3.7/site-packages/airflow/example_dags/example_trigger_controller_dag.py
[2024-09-19 16:20:57,457] {logging_mixin.py:115} INFO - [2024-09-19 16:20:57,457] {dag.py:2371} INFO - Sync 1 DAGs
[2024-09-19 16:20:57,575] {logging_mixin.py:115} INFO - [2024-09-19 16:20:57,574] {dag.py:2919} INFO - Setting next_dagrun for example_trigger_controller_dag to 2021-01-01T00:00:00+00:00, run_after=2021-01-01T00:00:00+00:00
[2024-09-19 16:20:57,587] {processor.py:161} INFO - Processing /home/airflow/.local/lib/python3.7/site-packages/airflow/example_dags/example_trigger_controller_dag.py took 0.158 seconds
[2024-09-19 16:21:27,788] {processor.py:153} INFO - Started process (PID=125) to work on /home/airflow/.local/lib/python3.7/site-packages/airflow/example_dags/example_trigger_controller_dag.py
[2024-09-19 16:21:27,789] {processor.py:641} INFO - Processing file /home/airflow/.local/lib/python3.7/site-packages/airflow/example_dags/example_trigger_controller_dag.py for tasks to queue
[2024-09-19 16:21:27,789] {logging_mixin.py:115} INFO - [2024-09-19 16:21:27,789] {dagbag.py:507} INFO - Filling up the DagBag from /home/airflow/.local/lib/python3.7/site-packages/airflow/example_dags/example_trigger_controller_dag.py
[2024-09-19 16:21:27,792] {processor.py:651} INFO - DAG(s) dict_keys(['example_trigger_controller_dag']) retrieved from /home/airflow/.local/lib/python3.7/site-packages/airflow/example_dags/example_trigger_controller_dag.py
[2024-09-19 16:21:27,813] {logging_mixin.py:115} INFO - [2024-09-19 16:21:27,813] {dag.py:2371} INFO - Sync 1 DAGs
[2024-09-19 16:21:27,945] {logging_mixin.py:115} INFO - [2024-09-19 16:21:27,945] {dag.py:2919} INFO - Setting next_dagrun for example_trigger_controller_dag to 2021-01-01T00:00:00+00:00, run_after=2021-01-01T00:00:00+00:00
[2024-09-19 16:21:27,955] {processor.py:161} INFO - Processing /home/airflow/.local/lib/python3.7/site-packages/airflow/example_dags/example_trigger_controller_dag.py took 0.169 seconds
[2024-09-19 16:21:58,034] {processor.py:153} INFO - Started process (PID=179) to work on /home/airflow/.local/lib/python3.7/site-packages/airflow/example_dags/example_trigger_controller_dag.py
[2024-09-19 16:21:58,035] {processor.py:641} INFO - Processing file /home/airflow/.local/lib/python3.7/site-packages/airflow/example_dags/example_trigger_controller_dag.py for tasks to queue
[2024-09-19 16:21:58,035] {logging_mixin.py:115} INFO - [2024-09-19 16:21:58,035] {dagbag.py:507} INFO - Filling up the DagBag from /home/airflow/.local/lib/python3.7/site-packages/airflow/example_dags/example_trigger_controller_dag.py
[2024-09-19 16:21:58,037] {processor.py:651} INFO - DAG(s) dict_keys(['example_trigger_controller_dag']) retrieved from /home/airflow/.local/lib/python3.7/site-packages/airflow/example_dags/example_trigger_controller_dag.py
[2024-09-19 16:21:58,055] {logging_mixin.py:115} INFO - [2024-09-19 16:21:58,055] {dag.py:2371} INFO - Sync 1 DAGs
[2024-09-19 16:21:58,162] {logging_mixin.py:115} INFO - [2024-09-19 16:21:58,162] {dag.py:2919} INFO - Setting next_dagrun for example_trigger_controller_dag to 2021-01-01T00:00:00+00:00, run_after=2021-01-01T00:00:00+00:00
[2024-09-19 16:21:58,169] {processor.py:161} INFO - Processing /home/airflow/.local/lib/python3.7/site-packages/airflow/example_dags/example_trigger_controller_dag.py took 0.136 seconds
[2024-09-19 16:22:29,230] {processor.py:153} INFO - Started process (PID=240) to work on /home/airflow/.local/lib/python3.7/site-packages/airflow/example_dags/example_trigger_controller_dag.py
[2024-09-19 16:22:29,230] {processor.py:641} INFO - Processing file /home/airflow/.local/lib/python3.7/site-packages/airflow/example_dags/example_trigger_controller_dag.py for tasks to queue
[2024-09-19 16:22:29,231] {logging_mixin.py:115} INFO - [2024-09-19 16:22:29,231] {dagbag.py:507} INFO - Filling up the DagBag from /home/airflow/.local/lib/python3.7/site-packages/airflow/example_dags/example_trigger_controller_dag.py
[2024-09-19 16:22:29,232] {processor.py:651} INFO - DAG(s) dict_keys(['example_trigger_controller_dag']) retrieved from /home/airflow/.local/lib/python3.7/site-packages/airflow/example_dags/example_trigger_controller_dag.py
[2024-09-19 16:22:29,247] {logging_mixin.py:115} INFO - [2024-09-19 16:22:29,247] {dag.py:2371} INFO - Sync 1 DAGs
[2024-09-19 16:22:29,368] {logging_mixin.py:115} INFO - [2024-09-19 16:22:29,367] {dag.py:2919} INFO - Setting next_dagrun for example_trigger_controller_dag to 2021-01-01T00:00:00+00:00, run_after=2021-01-01T00:00:00+00:00
[2024-09-19 16:22:29,383] {processor.py:161} INFO - Processing /home/airflow/.local/lib/python3.7/site-packages/airflow/example_dags/example_trigger_controller_dag.py took 0.155 seconds
[2024-09-19 16:22:59,415] {processor.py:153} INFO - Started process (PID=300) to work on /home/airflow/.local/lib/python3.7/site-packages/airflow/example_dags/example_trigger_controller_dag.py
[2024-09-19 16:22:59,415] {processor.py:641} INFO - Processing file /home/airflow/.local/lib/python3.7/site-packages/airflow/example_dags/example_trigger_controller_dag.py for tasks to queue
[2024-09-19 16:22:59,415] {logging_mixin.py:115} INFO - [2024-09-19 16:22:59,415] {dagbag.py:507} INFO - Filling up the DagBag from /home/airflow/.local/lib/python3.7/site-packages/airflow/example_dags/example_trigger_controller_dag.py
[2024-09-19 16:22:59,417] {processor.py:651} INFO - DAG(s) dict_keys(['example_trigger_controller_dag']) retrieved from /home/airflow/.local/lib/python3.7/site-packages/airflow/example_dags/example_trigger_controller_dag.py
[2024-09-19 16:22:59,432] {logging_mixin.py:115} INFO - [2024-09-19 16:22:59,432] {dag.py:2371} INFO - Sync 1 DAGs
[2024-09-19 16:22:59,533] {logging_mixin.py:115} INFO - [2024-09-19 16:22:59,533] {dag.py:2919} INFO - Setting next_dagrun for example_trigger_controller_dag to 2021-01-01T00:00:00+00:00, run_after=2021-01-01T00:00:00+00:00
[2024-09-19 16:22:59,540] {processor.py:161} INFO - Processing /home/airflow/.local/lib/python3.7/site-packages/airflow/example_dags/example_trigger_controller_dag.py took 0.127 seconds
[2024-09-19 16:23:29,947] {processor.py:153} INFO - Started process (PID=361) to work on /home/airflow/.local/lib/python3.7/site-packages/airflow/example_dags/example_trigger_controller_dag.py
[2024-09-19 16:23:29,947] {processor.py:641} INFO - Processing file /home/airflow/.local/lib/python3.7/site-packages/airflow/example_dags/example_trigger_controller_dag.py for tasks to queue
[2024-09-19 16:23:29,947] {logging_mixin.py:115} INFO - [2024-09-19 16:23:29,947] {dagbag.py:507} INFO - Filling up the DagBag from /home/airflow/.local/lib/python3.7/site-packages/airflow/example_dags/example_trigger_controller_dag.py
[2024-09-19 16:23:29,949] {processor.py:651} INFO - DAG(s) dict_keys(['example_trigger_controller_dag']) retrieved from /home/airflow/.local/lib/python3.7/site-packages/airflow/example_dags/example_trigger_controller_dag.py
[2024-09-19 16:23:29,964] {logging_mixin.py:115} INFO - [2024-09-19 16:23:29,964] {dag.py:2371} INFO - Sync 1 DAGs
[2024-09-19 16:23:30,075] {logging_mixin.py:115} INFO - [2024-09-19 16:23:30,075] {dag.py:2919} INFO - Setting next_dagrun for example_trigger_controller_dag to 2021-01-01T00:00:00+00:00, run_after=2021-01-01T00:00:00+00:00
[2024-09-19 16:23:30,083] {processor.py:161} INFO - Processing /home/airflow/.local/lib/python3.7/site-packages/airflow/example_dags/example_trigger_controller_dag.py took 0.138 seconds
[2024-09-19 16:24:00,312] {processor.py:153} INFO - Started process (PID=413) to work on /home/airflow/.local/lib/python3.7/site-packages/airflow/example_dags/example_trigger_controller_dag.py
[2024-09-19 16:24:00,312] {processor.py:641} INFO - Processing file /home/airflow/.local/lib/python3.7/site-packages/airflow/example_dags/example_trigger_controller_dag.py for tasks to queue
[2024-09-19 16:24:00,313] {logging_mixin.py:115} INFO - [2024-09-19 16:24:00,313] {dagbag.py:507} INFO - Filling up the DagBag from /home/airflow/.local/lib/python3.7/site-packages/airflow/example_dags/example_trigger_controller_dag.py
[2024-09-19 16:24:00,315] {processor.py:651} INFO - DAG(s) dict_keys(['example_trigger_controller_dag']) retrieved from /home/airflow/.local/lib/python3.7/site-packages/airflow/example_dags/example_trigger_controller_dag.py
[2024-09-19 16:24:00,331] {logging_mixin.py:115} INFO - [2024-09-19 16:24:00,331] {dag.py:2371} INFO - Sync 1 DAGs
[2024-09-19 16:24:00,439] {logging_mixin.py:115} INFO - [2024-09-19 16:24:00,439] {dag.py:2919} INFO - Setting next_dagrun for example_trigger_controller_dag to 2021-01-01T00:00:00+00:00, run_after=2021-01-01T00:00:00+00:00
[2024-09-19 16:24:00,447] {processor.py:161} INFO - Processing /home/airflow/.local/lib/python3.7/site-packages/airflow/example_dags/example_trigger_controller_dag.py took 0.137 seconds
[2024-09-19 16:24:30,972] {processor.py:153} INFO - Started process (PID=475) to work on /home/airflow/.local/lib/python3.7/site-packages/airflow/example_dags/example_trigger_controller_dag.py
[2024-09-19 16:24:30,973] {processor.py:641} INFO - Processing file /home/airflow/.local/lib/python3.7/site-packages/airflow/example_dags/example_trigger_controller_dag.py for tasks to queue
[2024-09-19 16:24:30,973] {logging_mixin.py:115} INFO - [2024-09-19 16:24:30,973] {dagbag.py:507} INFO - Filling up the DagBag from /home/airflow/.local/lib/python3.7/site-packages/airflow/example_dags/example_trigger_controller_dag.py
[2024-09-19 16:24:30,975] {processor.py:651} INFO - DAG(s) dict_keys(['example_trigger_controller_dag']) retrieved from /home/airflow/.local/lib/python3.7/site-packages/airflow/example_dags/example_trigger_controller_dag.py
[2024-09-19 16:24:30,988] {logging_mixin.py:115} INFO - [2024-09-19 16:24:30,988] {dag.py:2371} INFO - Sync 1 DAGs
[2024-09-19 16:24:31,084] {logging_mixin.py:115} INFO - [2024-09-19 16:24:31,084] {dag.py:2919} INFO - Setting next_dagrun for example_trigger_controller_dag to 2021-01-01T00:00:00+00:00, run_after=2021-01-01T00:00:00+00:00
[2024-09-19 16:24:31,096] {processor.py:161} INFO - Processing /home/airflow/.local/lib/python3.7/site-packages/airflow/example_dags/example_trigger_controller_dag.py took 0.125 seconds
