[2024-09-19 16:16:14,112] {processor.py:153} INFO - Started process (PID=71) to work on /home/airflow/.local/lib/python3.7/site-packages/airflow/example_dags/example_time_delta_sensor_async.py
[2024-09-19 16:16:14,113] {processor.py:641} INFO - Processing file /home/airflow/.local/lib/python3.7/site-packages/airflow/example_dags/example_time_delta_sensor_async.py for tasks to queue
[2024-09-19 16:16:14,113] {logging_mixin.py:115} INFO - [2024-09-19 16:16:14,113] {dagbag.py:507} INFO - Filling up the DagBag from /home/airflow/.local/lib/python3.7/site-packages/airflow/example_dags/example_time_delta_sensor_async.py
[2024-09-19 16:16:14,119] {processor.py:651} INFO - DAG(s) dict_keys(['example_time_delta_sensor_async']) retrieved from /home/airflow/.local/lib/python3.7/site-packages/airflow/example_dags/example_time_delta_sensor_async.py
[2024-09-19 16:16:14,313] {logging_mixin.py:115} INFO - [2024-09-19 16:16:14,313] {manager.py:508} INFO - Created Permission View: can read on DAG:example_time_delta_sensor_async
[2024-09-19 16:16:14,322] {logging_mixin.py:115} INFO - [2024-09-19 16:16:14,322] {manager.py:508} INFO - Created Permission View: can edit on DAG:example_time_delta_sensor_async
[2024-09-19 16:16:14,329] {logging_mixin.py:115} INFO - [2024-09-19 16:16:14,329] {manager.py:508} INFO - Created Permission View: can delete on DAG:example_time_delta_sensor_async
[2024-09-19 16:16:14,329] {logging_mixin.py:115} INFO - [2024-09-19 16:16:14,329] {dag.py:2371} INFO - Sync 1 DAGs
[2024-09-19 16:16:14,337] {logging_mixin.py:115} INFO - [2024-09-19 16:16:14,337] {dag.py:2390} INFO - Creating ORM DAG for example_time_delta_sensor_async
[2024-09-19 16:16:14,348] {logging_mixin.py:115} INFO - [2024-09-19 16:16:14,348] {dag.py:2919} INFO - Setting next_dagrun for example_time_delta_sensor_async to None, run_after=None
[2024-09-19 16:16:14,360] {processor.py:161} INFO - Processing /home/airflow/.local/lib/python3.7/site-packages/airflow/example_dags/example_time_delta_sensor_async.py took 0.251 seconds
[2024-09-19 16:16:44,737] {processor.py:153} INFO - Started process (PID=130) to work on /home/airflow/.local/lib/python3.7/site-packages/airflow/example_dags/example_time_delta_sensor_async.py
[2024-09-19 16:16:44,737] {processor.py:641} INFO - Processing file /home/airflow/.local/lib/python3.7/site-packages/airflow/example_dags/example_time_delta_sensor_async.py for tasks to queue
[2024-09-19 16:16:44,738] {logging_mixin.py:115} INFO - [2024-09-19 16:16:44,738] {dagbag.py:507} INFO - Filling up the DagBag from /home/airflow/.local/lib/python3.7/site-packages/airflow/example_dags/example_time_delta_sensor_async.py
[2024-09-19 16:16:44,744] {processor.py:651} INFO - DAG(s) dict_keys(['example_time_delta_sensor_async']) retrieved from /home/airflow/.local/lib/python3.7/site-packages/airflow/example_dags/example_time_delta_sensor_async.py
[2024-09-19 16:16:44,778] {logging_mixin.py:115} INFO - [2024-09-19 16:16:44,778] {dag.py:2371} INFO - Sync 1 DAGs
[2024-09-19 16:16:44,892] {logging_mixin.py:115} INFO - [2024-09-19 16:16:44,892] {dag.py:2919} INFO - Setting next_dagrun for example_time_delta_sensor_async to None, run_after=None
[2024-09-19 16:16:44,901] {processor.py:161} INFO - Processing /home/airflow/.local/lib/python3.7/site-packages/airflow/example_dags/example_time_delta_sensor_async.py took 0.168 seconds
[2024-09-19 16:17:15,572] {processor.py:153} INFO - Started process (PID=184) to work on /home/airflow/.local/lib/python3.7/site-packages/airflow/example_dags/example_time_delta_sensor_async.py
[2024-09-19 16:17:15,572] {processor.py:641} INFO - Processing file /home/airflow/.local/lib/python3.7/site-packages/airflow/example_dags/example_time_delta_sensor_async.py for tasks to queue
[2024-09-19 16:17:15,573] {logging_mixin.py:115} INFO - [2024-09-19 16:17:15,573] {dagbag.py:507} INFO - Filling up the DagBag from /home/airflow/.local/lib/python3.7/site-packages/airflow/example_dags/example_time_delta_sensor_async.py
[2024-09-19 16:17:15,576] {processor.py:651} INFO - DAG(s) dict_keys(['example_time_delta_sensor_async']) retrieved from /home/airflow/.local/lib/python3.7/site-packages/airflow/example_dags/example_time_delta_sensor_async.py
[2024-09-19 16:17:15,597] {logging_mixin.py:115} INFO - [2024-09-19 16:17:15,597] {dag.py:2371} INFO - Sync 1 DAGs
[2024-09-19 16:17:15,700] {logging_mixin.py:115} INFO - [2024-09-19 16:17:15,700] {dag.py:2919} INFO - Setting next_dagrun for example_time_delta_sensor_async to None, run_after=None
[2024-09-19 16:17:15,712] {processor.py:161} INFO - Processing /home/airflow/.local/lib/python3.7/site-packages/airflow/example_dags/example_time_delta_sensor_async.py took 0.143 seconds
[2024-09-19 16:17:46,415] {processor.py:153} INFO - Started process (PID=244) to work on /home/airflow/.local/lib/python3.7/site-packages/airflow/example_dags/example_time_delta_sensor_async.py
[2024-09-19 16:17:46,416] {processor.py:641} INFO - Processing file /home/airflow/.local/lib/python3.7/site-packages/airflow/example_dags/example_time_delta_sensor_async.py for tasks to queue
[2024-09-19 16:17:46,416] {logging_mixin.py:115} INFO - [2024-09-19 16:17:46,416] {dagbag.py:507} INFO - Filling up the DagBag from /home/airflow/.local/lib/python3.7/site-packages/airflow/example_dags/example_time_delta_sensor_async.py
[2024-09-19 16:17:46,419] {processor.py:651} INFO - DAG(s) dict_keys(['example_time_delta_sensor_async']) retrieved from /home/airflow/.local/lib/python3.7/site-packages/airflow/example_dags/example_time_delta_sensor_async.py
[2024-09-19 16:17:46,441] {logging_mixin.py:115} INFO - [2024-09-19 16:17:46,441] {dag.py:2371} INFO - Sync 1 DAGs
[2024-09-19 16:17:46,545] {logging_mixin.py:115} INFO - [2024-09-19 16:17:46,545] {dag.py:2919} INFO - Setting next_dagrun for example_time_delta_sensor_async to None, run_after=None
[2024-09-19 16:17:46,554] {processor.py:161} INFO - Processing /home/airflow/.local/lib/python3.7/site-packages/airflow/example_dags/example_time_delta_sensor_async.py took 0.141 seconds
[2024-09-19 16:18:17,284] {processor.py:153} INFO - Started process (PID=305) to work on /home/airflow/.local/lib/python3.7/site-packages/airflow/example_dags/example_time_delta_sensor_async.py
[2024-09-19 16:18:17,285] {processor.py:641} INFO - Processing file /home/airflow/.local/lib/python3.7/site-packages/airflow/example_dags/example_time_delta_sensor_async.py for tasks to queue
[2024-09-19 16:18:17,285] {logging_mixin.py:115} INFO - [2024-09-19 16:18:17,285] {dagbag.py:507} INFO - Filling up the DagBag from /home/airflow/.local/lib/python3.7/site-packages/airflow/example_dags/example_time_delta_sensor_async.py
[2024-09-19 16:18:17,288] {processor.py:651} INFO - DAG(s) dict_keys(['example_time_delta_sensor_async']) retrieved from /home/airflow/.local/lib/python3.7/site-packages/airflow/example_dags/example_time_delta_sensor_async.py
[2024-09-19 16:18:17,308] {logging_mixin.py:115} INFO - [2024-09-19 16:18:17,308] {dag.py:2371} INFO - Sync 1 DAGs
[2024-09-19 16:18:17,401] {logging_mixin.py:115} INFO - [2024-09-19 16:18:17,401] {dag.py:2919} INFO - Setting next_dagrun for example_time_delta_sensor_async to None, run_after=None
[2024-09-19 16:18:17,407] {processor.py:161} INFO - Processing /home/airflow/.local/lib/python3.7/site-packages/airflow/example_dags/example_time_delta_sensor_async.py took 0.124 seconds
[2024-09-19 16:20:57,833] {processor.py:153} INFO - Started process (PID=71) to work on /home/airflow/.local/lib/python3.7/site-packages/airflow/example_dags/example_time_delta_sensor_async.py
[2024-09-19 16:20:57,833] {processor.py:641} INFO - Processing file /home/airflow/.local/lib/python3.7/site-packages/airflow/example_dags/example_time_delta_sensor_async.py for tasks to queue
[2024-09-19 16:20:57,834] {logging_mixin.py:115} INFO - [2024-09-19 16:20:57,834] {dagbag.py:507} INFO - Filling up the DagBag from /home/airflow/.local/lib/python3.7/site-packages/airflow/example_dags/example_time_delta_sensor_async.py
[2024-09-19 16:20:57,839] {processor.py:651} INFO - DAG(s) dict_keys(['example_time_delta_sensor_async']) retrieved from /home/airflow/.local/lib/python3.7/site-packages/airflow/example_dags/example_time_delta_sensor_async.py
[2024-09-19 16:20:57,878] {logging_mixin.py:115} INFO - [2024-09-19 16:20:57,878] {dag.py:2371} INFO - Sync 1 DAGs
[2024-09-19 16:20:58,026] {logging_mixin.py:115} INFO - [2024-09-19 16:20:58,025] {dag.py:2919} INFO - Setting next_dagrun for example_time_delta_sensor_async to None, run_after=None
[2024-09-19 16:20:58,038] {processor.py:161} INFO - Processing /home/airflow/.local/lib/python3.7/site-packages/airflow/example_dags/example_time_delta_sensor_async.py took 0.207 seconds
[2024-09-19 16:21:28,177] {processor.py:153} INFO - Started process (PID=131) to work on /home/airflow/.local/lib/python3.7/site-packages/airflow/example_dags/example_time_delta_sensor_async.py
[2024-09-19 16:21:28,178] {processor.py:641} INFO - Processing file /home/airflow/.local/lib/python3.7/site-packages/airflow/example_dags/example_time_delta_sensor_async.py for tasks to queue
[2024-09-19 16:21:28,178] {logging_mixin.py:115} INFO - [2024-09-19 16:21:28,178] {dagbag.py:507} INFO - Filling up the DagBag from /home/airflow/.local/lib/python3.7/site-packages/airflow/example_dags/example_time_delta_sensor_async.py
[2024-09-19 16:21:28,181] {processor.py:651} INFO - DAG(s) dict_keys(['example_time_delta_sensor_async']) retrieved from /home/airflow/.local/lib/python3.7/site-packages/airflow/example_dags/example_time_delta_sensor_async.py
[2024-09-19 16:21:28,206] {logging_mixin.py:115} INFO - [2024-09-19 16:21:28,206] {dag.py:2371} INFO - Sync 1 DAGs
[2024-09-19 16:21:28,313] {logging_mixin.py:115} INFO - [2024-09-19 16:21:28,313] {dag.py:2919} INFO - Setting next_dagrun for example_time_delta_sensor_async to None, run_after=None
[2024-09-19 16:21:28,320] {processor.py:161} INFO - Processing /home/airflow/.local/lib/python3.7/site-packages/airflow/example_dags/example_time_delta_sensor_async.py took 0.144 seconds
[2024-09-19 16:21:58,353] {processor.py:153} INFO - Started process (PID=183) to work on /home/airflow/.local/lib/python3.7/site-packages/airflow/example_dags/example_time_delta_sensor_async.py
[2024-09-19 16:21:58,354] {processor.py:641} INFO - Processing file /home/airflow/.local/lib/python3.7/site-packages/airflow/example_dags/example_time_delta_sensor_async.py for tasks to queue
[2024-09-19 16:21:58,354] {logging_mixin.py:115} INFO - [2024-09-19 16:21:58,354] {dagbag.py:507} INFO - Filling up the DagBag from /home/airflow/.local/lib/python3.7/site-packages/airflow/example_dags/example_time_delta_sensor_async.py
[2024-09-19 16:21:58,357] {processor.py:651} INFO - DAG(s) dict_keys(['example_time_delta_sensor_async']) retrieved from /home/airflow/.local/lib/python3.7/site-packages/airflow/example_dags/example_time_delta_sensor_async.py
[2024-09-19 16:21:58,379] {logging_mixin.py:115} INFO - [2024-09-19 16:21:58,378] {dag.py:2371} INFO - Sync 1 DAGs
[2024-09-19 16:21:58,478] {logging_mixin.py:115} INFO - [2024-09-19 16:21:58,478] {dag.py:2919} INFO - Setting next_dagrun for example_time_delta_sensor_async to None, run_after=None
[2024-09-19 16:21:58,484] {processor.py:161} INFO - Processing /home/airflow/.local/lib/python3.7/site-packages/airflow/example_dags/example_time_delta_sensor_async.py took 0.133 seconds
[2024-09-19 16:22:29,637] {processor.py:153} INFO - Started process (PID=244) to work on /home/airflow/.local/lib/python3.7/site-packages/airflow/example_dags/example_time_delta_sensor_async.py
[2024-09-19 16:22:29,638] {processor.py:641} INFO - Processing file /home/airflow/.local/lib/python3.7/site-packages/airflow/example_dags/example_time_delta_sensor_async.py for tasks to queue
[2024-09-19 16:22:29,638] {logging_mixin.py:115} INFO - [2024-09-19 16:22:29,638] {dagbag.py:507} INFO - Filling up the DagBag from /home/airflow/.local/lib/python3.7/site-packages/airflow/example_dags/example_time_delta_sensor_async.py
[2024-09-19 16:22:29,642] {processor.py:651} INFO - DAG(s) dict_keys(['example_time_delta_sensor_async']) retrieved from /home/airflow/.local/lib/python3.7/site-packages/airflow/example_dags/example_time_delta_sensor_async.py
[2024-09-19 16:22:29,669] {logging_mixin.py:115} INFO - [2024-09-19 16:22:29,669] {dag.py:2371} INFO - Sync 1 DAGs
[2024-09-19 16:22:29,799] {logging_mixin.py:115} INFO - [2024-09-19 16:22:29,799] {dag.py:2919} INFO - Setting next_dagrun for example_time_delta_sensor_async to None, run_after=None
[2024-09-19 16:22:29,810] {processor.py:161} INFO - Processing /home/airflow/.local/lib/python3.7/site-packages/airflow/example_dags/example_time_delta_sensor_async.py took 0.175 seconds
[2024-09-19 16:22:59,998] {processor.py:153} INFO - Started process (PID=305) to work on /home/airflow/.local/lib/python3.7/site-packages/airflow/example_dags/example_time_delta_sensor_async.py
[2024-09-19 16:22:59,998] {processor.py:641} INFO - Processing file /home/airflow/.local/lib/python3.7/site-packages/airflow/example_dags/example_time_delta_sensor_async.py for tasks to queue
[2024-09-19 16:22:59,998] {logging_mixin.py:115} INFO - [2024-09-19 16:22:59,998] {dagbag.py:507} INFO - Filling up the DagBag from /home/airflow/.local/lib/python3.7/site-packages/airflow/example_dags/example_time_delta_sensor_async.py
[2024-09-19 16:23:00,001] {processor.py:651} INFO - DAG(s) dict_keys(['example_time_delta_sensor_async']) retrieved from /home/airflow/.local/lib/python3.7/site-packages/airflow/example_dags/example_time_delta_sensor_async.py
[2024-09-19 16:23:00,025] {logging_mixin.py:115} INFO - [2024-09-19 16:23:00,024] {dag.py:2371} INFO - Sync 1 DAGs
[2024-09-19 16:23:00,142] {logging_mixin.py:115} INFO - [2024-09-19 16:23:00,142] {dag.py:2919} INFO - Setting next_dagrun for example_time_delta_sensor_async to None, run_after=None
[2024-09-19 16:23:00,148] {processor.py:161} INFO - Processing /home/airflow/.local/lib/python3.7/site-packages/airflow/example_dags/example_time_delta_sensor_async.py took 0.152 seconds
[2024-09-19 16:23:30,415] {processor.py:153} INFO - Started process (PID=366) to work on /home/airflow/.local/lib/python3.7/site-packages/airflow/example_dags/example_time_delta_sensor_async.py
[2024-09-19 16:23:30,415] {processor.py:641} INFO - Processing file /home/airflow/.local/lib/python3.7/site-packages/airflow/example_dags/example_time_delta_sensor_async.py for tasks to queue
[2024-09-19 16:23:30,415] {logging_mixin.py:115} INFO - [2024-09-19 16:23:30,415] {dagbag.py:507} INFO - Filling up the DagBag from /home/airflow/.local/lib/python3.7/site-packages/airflow/example_dags/example_time_delta_sensor_async.py
[2024-09-19 16:23:30,418] {processor.py:651} INFO - DAG(s) dict_keys(['example_time_delta_sensor_async']) retrieved from /home/airflow/.local/lib/python3.7/site-packages/airflow/example_dags/example_time_delta_sensor_async.py
[2024-09-19 16:23:30,441] {logging_mixin.py:115} INFO - [2024-09-19 16:23:30,440] {dag.py:2371} INFO - Sync 1 DAGs
[2024-09-19 16:23:30,543] {logging_mixin.py:115} INFO - [2024-09-19 16:23:30,543] {dag.py:2919} INFO - Setting next_dagrun for example_time_delta_sensor_async to None, run_after=None
[2024-09-19 16:23:30,550] {processor.py:161} INFO - Processing /home/airflow/.local/lib/python3.7/site-packages/airflow/example_dags/example_time_delta_sensor_async.py took 0.137 seconds
[2024-09-19 16:24:00,845] {processor.py:153} INFO - Started process (PID=427) to work on /home/airflow/.local/lib/python3.7/site-packages/airflow/example_dags/example_time_delta_sensor_async.py
[2024-09-19 16:24:00,845] {processor.py:641} INFO - Processing file /home/airflow/.local/lib/python3.7/site-packages/airflow/example_dags/example_time_delta_sensor_async.py for tasks to queue
[2024-09-19 16:24:00,845] {logging_mixin.py:115} INFO - [2024-09-19 16:24:00,845] {dagbag.py:507} INFO - Filling up the DagBag from /home/airflow/.local/lib/python3.7/site-packages/airflow/example_dags/example_time_delta_sensor_async.py
[2024-09-19 16:24:00,848] {processor.py:651} INFO - DAG(s) dict_keys(['example_time_delta_sensor_async']) retrieved from /home/airflow/.local/lib/python3.7/site-packages/airflow/example_dags/example_time_delta_sensor_async.py
[2024-09-19 16:24:00,871] {logging_mixin.py:115} INFO - [2024-09-19 16:24:00,871] {dag.py:2371} INFO - Sync 1 DAGs
[2024-09-19 16:24:00,979] {logging_mixin.py:115} INFO - [2024-09-19 16:24:00,979] {dag.py:2919} INFO - Setting next_dagrun for example_time_delta_sensor_async to None, run_after=None
[2024-09-19 16:24:00,995] {processor.py:161} INFO - Processing /home/airflow/.local/lib/python3.7/site-packages/airflow/example_dags/example_time_delta_sensor_async.py took 0.152 seconds
[2024-09-19 16:24:31,431] {processor.py:153} INFO - Started process (PID=479) to work on /home/airflow/.local/lib/python3.7/site-packages/airflow/example_dags/example_time_delta_sensor_async.py
[2024-09-19 16:24:31,431] {processor.py:641} INFO - Processing file /home/airflow/.local/lib/python3.7/site-packages/airflow/example_dags/example_time_delta_sensor_async.py for tasks to queue
[2024-09-19 16:24:31,432] {logging_mixin.py:115} INFO - [2024-09-19 16:24:31,432] {dagbag.py:507} INFO - Filling up the DagBag from /home/airflow/.local/lib/python3.7/site-packages/airflow/example_dags/example_time_delta_sensor_async.py
[2024-09-19 16:24:31,435] {processor.py:651} INFO - DAG(s) dict_keys(['example_time_delta_sensor_async']) retrieved from /home/airflow/.local/lib/python3.7/site-packages/airflow/example_dags/example_time_delta_sensor_async.py
[2024-09-19 16:24:31,455] {logging_mixin.py:115} INFO - [2024-09-19 16:24:31,455] {dag.py:2371} INFO - Sync 1 DAGs
[2024-09-19 16:24:31,551] {logging_mixin.py:115} INFO - [2024-09-19 16:24:31,551] {dag.py:2919} INFO - Setting next_dagrun for example_time_delta_sensor_async to None, run_after=None
[2024-09-19 16:24:31,564] {processor.py:161} INFO - Processing /home/airflow/.local/lib/python3.7/site-packages/airflow/example_dags/example_time_delta_sensor_async.py took 0.135 seconds
