[2024-09-19 16:16:13,474] {processor.py:153} INFO - Started process (PID=66) to work on /home/airflow/.local/lib/python3.7/site-packages/airflow/example_dags/example_branch_labels.py
[2024-09-19 16:16:13,474] {processor.py:641} INFO - Processing file /home/airflow/.local/lib/python3.7/site-packages/airflow/example_dags/example_branch_labels.py for tasks to queue
[2024-09-19 16:16:13,474] {logging_mixin.py:115} INFO - [2024-09-19 16:16:13,474] {dagbag.py:507} INFO - Filling up the DagBag from /home/airflow/.local/lib/python3.7/site-packages/airflow/example_dags/example_branch_labels.py
[2024-09-19 16:16:13,480] {processor.py:651} INFO - DAG(s) dict_keys(['example_branch_labels']) retrieved from /home/airflow/.local/lib/python3.7/site-packages/airflow/example_dags/example_branch_labels.py
[2024-09-19 16:16:13,678] {logging_mixin.py:115} INFO - [2024-09-19 16:16:13,678] {manager.py:508} INFO - Created Permission View: can read on DAG:example_branch_labels
[2024-09-19 16:16:13,686] {logging_mixin.py:115} INFO - [2024-09-19 16:16:13,686] {manager.py:508} INFO - Created Permission View: can edit on DAG:example_branch_labels
[2024-09-19 16:16:13,693] {logging_mixin.py:115} INFO - [2024-09-19 16:16:13,693] {manager.py:508} INFO - Created Permission View: can delete on DAG:example_branch_labels
[2024-09-19 16:16:13,693] {logging_mixin.py:115} INFO - [2024-09-19 16:16:13,693] {dag.py:2371} INFO - Sync 1 DAGs
[2024-09-19 16:16:13,700] {logging_mixin.py:115} INFO - [2024-09-19 16:16:13,700] {dag.py:2390} INFO - Creating ORM DAG for example_branch_labels
[2024-09-19 16:16:13,709] {logging_mixin.py:115} INFO - [2024-09-19 16:16:13,709] {dag.py:2919} INFO - Setting next_dagrun for example_branch_labels to 2024-09-18T00:00:00+00:00, run_after=2024-09-19T00:00:00+00:00
[2024-09-19 16:16:13,720] {processor.py:161} INFO - Processing /home/airflow/.local/lib/python3.7/site-packages/airflow/example_dags/example_branch_labels.py took 0.248 seconds
[2024-09-19 16:16:44,245] {processor.py:153} INFO - Started process (PID=118) to work on /home/airflow/.local/lib/python3.7/site-packages/airflow/example_dags/example_branch_labels.py
[2024-09-19 16:16:44,245] {processor.py:641} INFO - Processing file /home/airflow/.local/lib/python3.7/site-packages/airflow/example_dags/example_branch_labels.py for tasks to queue
[2024-09-19 16:16:44,246] {logging_mixin.py:115} INFO - [2024-09-19 16:16:44,246] {dagbag.py:507} INFO - Filling up the DagBag from /home/airflow/.local/lib/python3.7/site-packages/airflow/example_dags/example_branch_labels.py
[2024-09-19 16:16:44,251] {processor.py:651} INFO - DAG(s) dict_keys(['example_branch_labels']) retrieved from /home/airflow/.local/lib/python3.7/site-packages/airflow/example_dags/example_branch_labels.py
[2024-09-19 16:16:44,276] {logging_mixin.py:115} INFO - [2024-09-19 16:16:44,276] {dag.py:2371} INFO - Sync 1 DAGs
[2024-09-19 16:16:44,409] {logging_mixin.py:115} INFO - [2024-09-19 16:16:44,408] {dag.py:2919} INFO - Setting next_dagrun for example_branch_labels to 2024-09-18T00:00:00+00:00, run_after=2024-09-19T00:00:00+00:00
[2024-09-19 16:16:44,420] {processor.py:161} INFO - Processing /home/airflow/.local/lib/python3.7/site-packages/airflow/example_dags/example_branch_labels.py took 0.178 seconds
[2024-09-19 16:17:15,088] {processor.py:153} INFO - Started process (PID=179) to work on /home/airflow/.local/lib/python3.7/site-packages/airflow/example_dags/example_branch_labels.py
[2024-09-19 16:17:15,089] {processor.py:641} INFO - Processing file /home/airflow/.local/lib/python3.7/site-packages/airflow/example_dags/example_branch_labels.py for tasks to queue
[2024-09-19 16:17:15,089] {logging_mixin.py:115} INFO - [2024-09-19 16:17:15,089] {dagbag.py:507} INFO - Filling up the DagBag from /home/airflow/.local/lib/python3.7/site-packages/airflow/example_dags/example_branch_labels.py
[2024-09-19 16:17:15,093] {processor.py:651} INFO - DAG(s) dict_keys(['example_branch_labels']) retrieved from /home/airflow/.local/lib/python3.7/site-packages/airflow/example_dags/example_branch_labels.py
[2024-09-19 16:17:15,108] {logging_mixin.py:115} INFO - [2024-09-19 16:17:15,108] {dag.py:2371} INFO - Sync 1 DAGs
[2024-09-19 16:17:15,219] {logging_mixin.py:115} INFO - [2024-09-19 16:17:15,219] {dag.py:2919} INFO - Setting next_dagrun for example_branch_labels to 2024-09-18T00:00:00+00:00, run_after=2024-09-19T00:00:00+00:00
[2024-09-19 16:17:15,230] {processor.py:161} INFO - Processing /home/airflow/.local/lib/python3.7/site-packages/airflow/example_dags/example_branch_labels.py took 0.143 seconds
[2024-09-19 16:17:46,109] {processor.py:153} INFO - Started process (PID=239) to work on /home/airflow/.local/lib/python3.7/site-packages/airflow/example_dags/example_branch_labels.py
[2024-09-19 16:17:46,109] {processor.py:641} INFO - Processing file /home/airflow/.local/lib/python3.7/site-packages/airflow/example_dags/example_branch_labels.py for tasks to queue
[2024-09-19 16:17:46,110] {logging_mixin.py:115} INFO - [2024-09-19 16:17:46,110] {dagbag.py:507} INFO - Filling up the DagBag from /home/airflow/.local/lib/python3.7/site-packages/airflow/example_dags/example_branch_labels.py
[2024-09-19 16:17:46,113] {processor.py:651} INFO - DAG(s) dict_keys(['example_branch_labels']) retrieved from /home/airflow/.local/lib/python3.7/site-packages/airflow/example_dags/example_branch_labels.py
[2024-09-19 16:17:46,129] {logging_mixin.py:115} INFO - [2024-09-19 16:17:46,129] {dag.py:2371} INFO - Sync 1 DAGs
[2024-09-19 16:17:46,231] {logging_mixin.py:115} INFO - [2024-09-19 16:17:46,231] {dag.py:2919} INFO - Setting next_dagrun for example_branch_labels to 2024-09-18T00:00:00+00:00, run_after=2024-09-19T00:00:00+00:00
[2024-09-19 16:17:46,238] {processor.py:161} INFO - Processing /home/airflow/.local/lib/python3.7/site-packages/airflow/example_dags/example_branch_labels.py took 0.131 seconds
[2024-09-19 16:18:16,831] {processor.py:153} INFO - Started process (PID=300) to work on /home/airflow/.local/lib/python3.7/site-packages/airflow/example_dags/example_branch_labels.py
[2024-09-19 16:18:16,832] {processor.py:641} INFO - Processing file /home/airflow/.local/lib/python3.7/site-packages/airflow/example_dags/example_branch_labels.py for tasks to queue
[2024-09-19 16:18:16,832] {logging_mixin.py:115} INFO - [2024-09-19 16:18:16,832] {dagbag.py:507} INFO - Filling up the DagBag from /home/airflow/.local/lib/python3.7/site-packages/airflow/example_dags/example_branch_labels.py
[2024-09-19 16:18:16,836] {processor.py:651} INFO - DAG(s) dict_keys(['example_branch_labels']) retrieved from /home/airflow/.local/lib/python3.7/site-packages/airflow/example_dags/example_branch_labels.py
[2024-09-19 16:18:16,853] {logging_mixin.py:115} INFO - [2024-09-19 16:18:16,852] {dag.py:2371} INFO - Sync 1 DAGs
[2024-09-19 16:18:16,966] {logging_mixin.py:115} INFO - [2024-09-19 16:18:16,966] {dag.py:2919} INFO - Setting next_dagrun for example_branch_labels to 2024-09-18T00:00:00+00:00, run_after=2024-09-19T00:00:00+00:00
[2024-09-19 16:18:16,978] {processor.py:161} INFO - Processing /home/airflow/.local/lib/python3.7/site-packages/airflow/example_dags/example_branch_labels.py took 0.148 seconds
[2024-09-19 16:20:57,206] {processor.py:153} INFO - Started process (PID=66) to work on /home/airflow/.local/lib/python3.7/site-packages/airflow/example_dags/example_branch_labels.py
[2024-09-19 16:20:57,207] {processor.py:641} INFO - Processing file /home/airflow/.local/lib/python3.7/site-packages/airflow/example_dags/example_branch_labels.py for tasks to queue
[2024-09-19 16:20:57,207] {logging_mixin.py:115} INFO - [2024-09-19 16:20:57,207] {dagbag.py:507} INFO - Filling up the DagBag from /home/airflow/.local/lib/python3.7/site-packages/airflow/example_dags/example_branch_labels.py
[2024-09-19 16:20:57,211] {processor.py:651} INFO - DAG(s) dict_keys(['example_branch_labels']) retrieved from /home/airflow/.local/lib/python3.7/site-packages/airflow/example_dags/example_branch_labels.py
[2024-09-19 16:20:57,233] {logging_mixin.py:115} INFO - [2024-09-19 16:20:57,233] {dag.py:2371} INFO - Sync 1 DAGs
[2024-09-19 16:20:57,383] {logging_mixin.py:115} INFO - [2024-09-19 16:20:57,383] {dag.py:2919} INFO - Setting next_dagrun for example_branch_labels to 2024-09-18T00:00:00+00:00, run_after=2024-09-19T00:00:00+00:00
[2024-09-19 16:20:57,409] {processor.py:161} INFO - Processing /home/airflow/.local/lib/python3.7/site-packages/airflow/example_dags/example_branch_labels.py took 0.205 seconds
[2024-09-19 16:21:27,631] {processor.py:153} INFO - Started process (PID=122) to work on /home/airflow/.local/lib/python3.7/site-packages/airflow/example_dags/example_branch_labels.py
[2024-09-19 16:21:27,632] {processor.py:641} INFO - Processing file /home/airflow/.local/lib/python3.7/site-packages/airflow/example_dags/example_branch_labels.py for tasks to queue
[2024-09-19 16:21:27,632] {logging_mixin.py:115} INFO - [2024-09-19 16:21:27,632] {dagbag.py:507} INFO - Filling up the DagBag from /home/airflow/.local/lib/python3.7/site-packages/airflow/example_dags/example_branch_labels.py
[2024-09-19 16:21:27,636] {processor.py:651} INFO - DAG(s) dict_keys(['example_branch_labels']) retrieved from /home/airflow/.local/lib/python3.7/site-packages/airflow/example_dags/example_branch_labels.py
[2024-09-19 16:21:27,651] {logging_mixin.py:115} INFO - [2024-09-19 16:21:27,651] {dag.py:2371} INFO - Sync 1 DAGs
[2024-09-19 16:21:27,753] {logging_mixin.py:115} INFO - [2024-09-19 16:21:27,753] {dag.py:2919} INFO - Setting next_dagrun for example_branch_labels to 2024-09-18T00:00:00+00:00, run_after=2024-09-19T00:00:00+00:00
[2024-09-19 16:21:27,765] {processor.py:161} INFO - Processing /home/airflow/.local/lib/python3.7/site-packages/airflow/example_dags/example_branch_labels.py took 0.136 seconds
[2024-09-19 16:21:57,890] {processor.py:153} INFO - Started process (PID=177) to work on /home/airflow/.local/lib/python3.7/site-packages/airflow/example_dags/example_branch_labels.py
[2024-09-19 16:21:57,891] {processor.py:641} INFO - Processing file /home/airflow/.local/lib/python3.7/site-packages/airflow/example_dags/example_branch_labels.py for tasks to queue
[2024-09-19 16:21:57,891] {logging_mixin.py:115} INFO - [2024-09-19 16:21:57,891] {dagbag.py:507} INFO - Filling up the DagBag from /home/airflow/.local/lib/python3.7/site-packages/airflow/example_dags/example_branch_labels.py
[2024-09-19 16:21:57,895] {processor.py:651} INFO - DAG(s) dict_keys(['example_branch_labels']) retrieved from /home/airflow/.local/lib/python3.7/site-packages/airflow/example_dags/example_branch_labels.py
[2024-09-19 16:21:57,910] {logging_mixin.py:115} INFO - [2024-09-19 16:21:57,910] {dag.py:2371} INFO - Sync 1 DAGs
[2024-09-19 16:21:58,014] {logging_mixin.py:115} INFO - [2024-09-19 16:21:58,014] {dag.py:2919} INFO - Setting next_dagrun for example_branch_labels to 2024-09-18T00:00:00+00:00, run_after=2024-09-19T00:00:00+00:00
[2024-09-19 16:21:58,020] {processor.py:161} INFO - Processing /home/airflow/.local/lib/python3.7/site-packages/airflow/example_dags/example_branch_labels.py took 0.132 seconds
[2024-09-19 16:22:29,083] {processor.py:153} INFO - Started process (PID=238) to work on /home/airflow/.local/lib/python3.7/site-packages/airflow/example_dags/example_branch_labels.py
[2024-09-19 16:22:29,083] {processor.py:641} INFO - Processing file /home/airflow/.local/lib/python3.7/site-packages/airflow/example_dags/example_branch_labels.py for tasks to queue
[2024-09-19 16:22:29,084] {logging_mixin.py:115} INFO - [2024-09-19 16:22:29,084] {dagbag.py:507} INFO - Filling up the DagBag from /home/airflow/.local/lib/python3.7/site-packages/airflow/example_dags/example_branch_labels.py
[2024-09-19 16:22:29,088] {processor.py:651} INFO - DAG(s) dict_keys(['example_branch_labels']) retrieved from /home/airflow/.local/lib/python3.7/site-packages/airflow/example_dags/example_branch_labels.py
[2024-09-19 16:22:29,103] {logging_mixin.py:115} INFO - [2024-09-19 16:22:29,103] {dag.py:2371} INFO - Sync 1 DAGs
[2024-09-19 16:22:29,201] {logging_mixin.py:115} INFO - [2024-09-19 16:22:29,201] {dag.py:2919} INFO - Setting next_dagrun for example_branch_labels to 2024-09-18T00:00:00+00:00, run_after=2024-09-19T00:00:00+00:00
[2024-09-19 16:22:29,213] {processor.py:161} INFO - Processing /home/airflow/.local/lib/python3.7/site-packages/airflow/example_dags/example_branch_labels.py took 0.132 seconds
[2024-09-19 16:22:59,278] {processor.py:153} INFO - Started process (PID=299) to work on /home/airflow/.local/lib/python3.7/site-packages/airflow/example_dags/example_branch_labels.py
[2024-09-19 16:22:59,278] {processor.py:641} INFO - Processing file /home/airflow/.local/lib/python3.7/site-packages/airflow/example_dags/example_branch_labels.py for tasks to queue
[2024-09-19 16:22:59,278] {logging_mixin.py:115} INFO - [2024-09-19 16:22:59,278] {dagbag.py:507} INFO - Filling up the DagBag from /home/airflow/.local/lib/python3.7/site-packages/airflow/example_dags/example_branch_labels.py
[2024-09-19 16:22:59,282] {processor.py:651} INFO - DAG(s) dict_keys(['example_branch_labels']) retrieved from /home/airflow/.local/lib/python3.7/site-packages/airflow/example_dags/example_branch_labels.py
[2024-09-19 16:22:59,297] {logging_mixin.py:115} INFO - [2024-09-19 16:22:59,297] {dag.py:2371} INFO - Sync 1 DAGs
[2024-09-19 16:22:59,394] {logging_mixin.py:115} INFO - [2024-09-19 16:22:59,394] {dag.py:2919} INFO - Setting next_dagrun for example_branch_labels to 2024-09-18T00:00:00+00:00, run_after=2024-09-19T00:00:00+00:00
[2024-09-19 16:22:59,400] {processor.py:161} INFO - Processing /home/airflow/.local/lib/python3.7/site-packages/airflow/example_dags/example_branch_labels.py took 0.124 seconds
[2024-09-19 16:23:29,920] {processor.py:153} INFO - Started process (PID=360) to work on /home/airflow/.local/lib/python3.7/site-packages/airflow/example_dags/example_branch_labels.py
[2024-09-19 16:23:29,921] {processor.py:641} INFO - Processing file /home/airflow/.local/lib/python3.7/site-packages/airflow/example_dags/example_branch_labels.py for tasks to queue
[2024-09-19 16:23:29,921] {logging_mixin.py:115} INFO - [2024-09-19 16:23:29,921] {dagbag.py:507} INFO - Filling up the DagBag from /home/airflow/.local/lib/python3.7/site-packages/airflow/example_dags/example_branch_labels.py
[2024-09-19 16:23:29,926] {processor.py:651} INFO - DAG(s) dict_keys(['example_branch_labels']) retrieved from /home/airflow/.local/lib/python3.7/site-packages/airflow/example_dags/example_branch_labels.py
[2024-09-19 16:23:29,942] {logging_mixin.py:115} INFO - [2024-09-19 16:23:29,942] {dag.py:2371} INFO - Sync 1 DAGs
[2024-09-19 16:23:30,063] {logging_mixin.py:115} INFO - [2024-09-19 16:23:30,063] {dag.py:2919} INFO - Setting next_dagrun for example_branch_labels to 2024-09-18T00:00:00+00:00, run_after=2024-09-19T00:00:00+00:00
[2024-09-19 16:23:30,075] {processor.py:161} INFO - Processing /home/airflow/.local/lib/python3.7/site-packages/airflow/example_dags/example_branch_labels.py took 0.157 seconds
[2024-09-19 16:24:00,288] {processor.py:153} INFO - Started process (PID=412) to work on /home/airflow/.local/lib/python3.7/site-packages/airflow/example_dags/example_branch_labels.py
[2024-09-19 16:24:00,288] {processor.py:641} INFO - Processing file /home/airflow/.local/lib/python3.7/site-packages/airflow/example_dags/example_branch_labels.py for tasks to queue
[2024-09-19 16:24:00,289] {logging_mixin.py:115} INFO - [2024-09-19 16:24:00,289] {dagbag.py:507} INFO - Filling up the DagBag from /home/airflow/.local/lib/python3.7/site-packages/airflow/example_dags/example_branch_labels.py
[2024-09-19 16:24:00,293] {processor.py:651} INFO - DAG(s) dict_keys(['example_branch_labels']) retrieved from /home/airflow/.local/lib/python3.7/site-packages/airflow/example_dags/example_branch_labels.py
[2024-09-19 16:24:00,311] {logging_mixin.py:115} INFO - [2024-09-19 16:24:00,311] {dag.py:2371} INFO - Sync 1 DAGs
[2024-09-19 16:24:00,426] {logging_mixin.py:115} INFO - [2024-09-19 16:24:00,426] {dag.py:2919} INFO - Setting next_dagrun for example_branch_labels to 2024-09-18T00:00:00+00:00, run_after=2024-09-19T00:00:00+00:00
[2024-09-19 16:24:00,439] {processor.py:161} INFO - Processing /home/airflow/.local/lib/python3.7/site-packages/airflow/example_dags/example_branch_labels.py took 0.153 seconds
[2024-09-19 16:24:30,793] {processor.py:153} INFO - Started process (PID=474) to work on /home/airflow/.local/lib/python3.7/site-packages/airflow/example_dags/example_branch_labels.py
[2024-09-19 16:24:30,794] {processor.py:641} INFO - Processing file /home/airflow/.local/lib/python3.7/site-packages/airflow/example_dags/example_branch_labels.py for tasks to queue
[2024-09-19 16:24:30,794] {logging_mixin.py:115} INFO - [2024-09-19 16:24:30,794] {dagbag.py:507} INFO - Filling up the DagBag from /home/airflow/.local/lib/python3.7/site-packages/airflow/example_dags/example_branch_labels.py
[2024-09-19 16:24:30,798] {processor.py:651} INFO - DAG(s) dict_keys(['example_branch_labels']) retrieved from /home/airflow/.local/lib/python3.7/site-packages/airflow/example_dags/example_branch_labels.py
[2024-09-19 16:24:30,816] {logging_mixin.py:115} INFO - [2024-09-19 16:24:30,816] {dag.py:2371} INFO - Sync 1 DAGs
[2024-09-19 16:24:30,947] {logging_mixin.py:115} INFO - [2024-09-19 16:24:30,947] {dag.py:2919} INFO - Setting next_dagrun for example_branch_labels to 2024-09-18T00:00:00+00:00, run_after=2024-09-19T00:00:00+00:00
[2024-09-19 16:24:30,959] {processor.py:161} INFO - Processing /home/airflow/.local/lib/python3.7/site-packages/airflow/example_dags/example_branch_labels.py took 0.168 seconds
