[2024-09-19 16:16:12,272] {processor.py:153} INFO - Started process (PID=57) to work on /home/airflow/.local/lib/python3.7/site-packages/airflow/example_dags/example_branch_day_of_week_operator.py
[2024-09-19 16:16:12,272] {processor.py:641} INFO - Processing file /home/airflow/.local/lib/python3.7/site-packages/airflow/example_dags/example_branch_day_of_week_operator.py for tasks to queue
[2024-09-19 16:16:12,273] {logging_mixin.py:115} INFO - [2024-09-19 16:16:12,273] {dagbag.py:507} INFO - Filling up the DagBag from /home/airflow/.local/lib/python3.7/site-packages/airflow/example_dags/example_branch_day_of_week_operator.py
[2024-09-19 16:16:12,281] {processor.py:651} INFO - DAG(s) dict_keys(['example_weekday_branch_operator']) retrieved from /home/airflow/.local/lib/python3.7/site-packages/airflow/example_dags/example_branch_day_of_week_operator.py
[2024-09-19 16:16:12,500] {logging_mixin.py:115} INFO - [2024-09-19 16:16:12,500] {manager.py:508} INFO - Created Permission View: can read on DAG:example_weekday_branch_operator
[2024-09-19 16:16:12,506] {logging_mixin.py:115} INFO - [2024-09-19 16:16:12,506] {manager.py:508} INFO - Created Permission View: can edit on DAG:example_weekday_branch_operator
[2024-09-19 16:16:12,512] {logging_mixin.py:115} INFO - [2024-09-19 16:16:12,512] {manager.py:508} INFO - Created Permission View: can delete on DAG:example_weekday_branch_operator
[2024-09-19 16:16:12,512] {logging_mixin.py:115} INFO - [2024-09-19 16:16:12,512] {dag.py:2371} INFO - Sync 1 DAGs
[2024-09-19 16:16:12,518] {logging_mixin.py:115} INFO - [2024-09-19 16:16:12,517] {dag.py:2390} INFO - Creating ORM DAG for example_weekday_branch_operator
[2024-09-19 16:16:12,527] {logging_mixin.py:115} INFO - [2024-09-19 16:16:12,527] {dag.py:2919} INFO - Setting next_dagrun for example_weekday_branch_operator to 2024-09-18T00:00:00+00:00, run_after=2024-09-19T00:00:00+00:00
[2024-09-19 16:16:12,537] {processor.py:161} INFO - Processing /home/airflow/.local/lib/python3.7/site-packages/airflow/example_dags/example_branch_day_of_week_operator.py took 0.268 seconds
[2024-09-19 16:16:43,453] {processor.py:153} INFO - Started process (PID=109) to work on /home/airflow/.local/lib/python3.7/site-packages/airflow/example_dags/example_branch_day_of_week_operator.py
[2024-09-19 16:16:43,454] {processor.py:641} INFO - Processing file /home/airflow/.local/lib/python3.7/site-packages/airflow/example_dags/example_branch_day_of_week_operator.py for tasks to queue
[2024-09-19 16:16:43,454] {logging_mixin.py:115} INFO - [2024-09-19 16:16:43,454] {dagbag.py:507} INFO - Filling up the DagBag from /home/airflow/.local/lib/python3.7/site-packages/airflow/example_dags/example_branch_day_of_week_operator.py
[2024-09-19 16:16:43,458] {processor.py:651} INFO - DAG(s) dict_keys(['example_weekday_branch_operator']) retrieved from /home/airflow/.local/lib/python3.7/site-packages/airflow/example_dags/example_branch_day_of_week_operator.py
[2024-09-19 16:16:43,474] {logging_mixin.py:115} INFO - [2024-09-19 16:16:43,474] {dag.py:2371} INFO - Sync 1 DAGs
[2024-09-19 16:16:43,584] {logging_mixin.py:115} INFO - [2024-09-19 16:16:43,584] {dag.py:2919} INFO - Setting next_dagrun for example_weekday_branch_operator to 2024-09-18T00:00:00+00:00, run_after=2024-09-19T00:00:00+00:00
[2024-09-19 16:16:43,591] {processor.py:161} INFO - Processing /home/airflow/.local/lib/python3.7/site-packages/airflow/example_dags/example_branch_day_of_week_operator.py took 0.140 seconds
[2024-09-19 16:17:14,332] {processor.py:153} INFO - Started process (PID=170) to work on /home/airflow/.local/lib/python3.7/site-packages/airflow/example_dags/example_branch_day_of_week_operator.py
[2024-09-19 16:17:14,332] {processor.py:641} INFO - Processing file /home/airflow/.local/lib/python3.7/site-packages/airflow/example_dags/example_branch_day_of_week_operator.py for tasks to queue
[2024-09-19 16:17:14,332] {logging_mixin.py:115} INFO - [2024-09-19 16:17:14,332] {dagbag.py:507} INFO - Filling up the DagBag from /home/airflow/.local/lib/python3.7/site-packages/airflow/example_dags/example_branch_day_of_week_operator.py
[2024-09-19 16:17:14,336] {processor.py:651} INFO - DAG(s) dict_keys(['example_weekday_branch_operator']) retrieved from /home/airflow/.local/lib/python3.7/site-packages/airflow/example_dags/example_branch_day_of_week_operator.py
[2024-09-19 16:17:14,351] {logging_mixin.py:115} INFO - [2024-09-19 16:17:14,351] {dag.py:2371} INFO - Sync 1 DAGs
[2024-09-19 16:17:14,456] {logging_mixin.py:115} INFO - [2024-09-19 16:17:14,456] {dag.py:2919} INFO - Setting next_dagrun for example_weekday_branch_operator to 2024-09-18T00:00:00+00:00, run_after=2024-09-19T00:00:00+00:00
[2024-09-19 16:17:14,469] {processor.py:161} INFO - Processing /home/airflow/.local/lib/python3.7/site-packages/airflow/example_dags/example_branch_day_of_week_operator.py took 0.139 seconds
[2024-09-19 16:17:45,281] {processor.py:153} INFO - Started process (PID=230) to work on /home/airflow/.local/lib/python3.7/site-packages/airflow/example_dags/example_branch_day_of_week_operator.py
[2024-09-19 16:17:45,281] {processor.py:641} INFO - Processing file /home/airflow/.local/lib/python3.7/site-packages/airflow/example_dags/example_branch_day_of_week_operator.py for tasks to queue
[2024-09-19 16:17:45,282] {logging_mixin.py:115} INFO - [2024-09-19 16:17:45,282] {dagbag.py:507} INFO - Filling up the DagBag from /home/airflow/.local/lib/python3.7/site-packages/airflow/example_dags/example_branch_day_of_week_operator.py
[2024-09-19 16:17:45,286] {processor.py:651} INFO - DAG(s) dict_keys(['example_weekday_branch_operator']) retrieved from /home/airflow/.local/lib/python3.7/site-packages/airflow/example_dags/example_branch_day_of_week_operator.py
[2024-09-19 16:17:45,303] {logging_mixin.py:115} INFO - [2024-09-19 16:17:45,303] {dag.py:2371} INFO - Sync 1 DAGs
[2024-09-19 16:17:45,414] {logging_mixin.py:115} INFO - [2024-09-19 16:17:45,414] {dag.py:2919} INFO - Setting next_dagrun for example_weekday_branch_operator to 2024-09-18T00:00:00+00:00, run_after=2024-09-19T00:00:00+00:00
[2024-09-19 16:17:45,421] {processor.py:161} INFO - Processing /home/airflow/.local/lib/python3.7/site-packages/airflow/example_dags/example_branch_day_of_week_operator.py took 0.142 seconds
[2024-09-19 16:18:15,906] {processor.py:153} INFO - Started process (PID=291) to work on /home/airflow/.local/lib/python3.7/site-packages/airflow/example_dags/example_branch_day_of_week_operator.py
[2024-09-19 16:18:15,907] {processor.py:641} INFO - Processing file /home/airflow/.local/lib/python3.7/site-packages/airflow/example_dags/example_branch_day_of_week_operator.py for tasks to queue
[2024-09-19 16:18:15,907] {logging_mixin.py:115} INFO - [2024-09-19 16:18:15,907] {dagbag.py:507} INFO - Filling up the DagBag from /home/airflow/.local/lib/python3.7/site-packages/airflow/example_dags/example_branch_day_of_week_operator.py
[2024-09-19 16:18:15,911] {processor.py:651} INFO - DAG(s) dict_keys(['example_weekday_branch_operator']) retrieved from /home/airflow/.local/lib/python3.7/site-packages/airflow/example_dags/example_branch_day_of_week_operator.py
[2024-09-19 16:18:15,927] {logging_mixin.py:115} INFO - [2024-09-19 16:18:15,926] {dag.py:2371} INFO - Sync 1 DAGs
[2024-09-19 16:18:16,033] {logging_mixin.py:115} INFO - [2024-09-19 16:18:16,033] {dag.py:2919} INFO - Setting next_dagrun for example_weekday_branch_operator to 2024-09-18T00:00:00+00:00, run_after=2024-09-19T00:00:00+00:00
[2024-09-19 16:18:16,045] {processor.py:161} INFO - Processing /home/airflow/.local/lib/python3.7/site-packages/airflow/example_dags/example_branch_day_of_week_operator.py took 0.141 seconds
[2024-09-19 16:20:56,253] {processor.py:153} INFO - Started process (PID=57) to work on /home/airflow/.local/lib/python3.7/site-packages/airflow/example_dags/example_branch_day_of_week_operator.py
[2024-09-19 16:20:56,254] {processor.py:641} INFO - Processing file /home/airflow/.local/lib/python3.7/site-packages/airflow/example_dags/example_branch_day_of_week_operator.py for tasks to queue
[2024-09-19 16:20:56,254] {logging_mixin.py:115} INFO - [2024-09-19 16:20:56,254] {dagbag.py:507} INFO - Filling up the DagBag from /home/airflow/.local/lib/python3.7/site-packages/airflow/example_dags/example_branch_day_of_week_operator.py
[2024-09-19 16:20:56,261] {processor.py:651} INFO - DAG(s) dict_keys(['example_weekday_branch_operator']) retrieved from /home/airflow/.local/lib/python3.7/site-packages/airflow/example_dags/example_branch_day_of_week_operator.py
[2024-09-19 16:20:56,284] {logging_mixin.py:115} INFO - [2024-09-19 16:20:56,284] {dag.py:2371} INFO - Sync 1 DAGs
[2024-09-19 16:20:56,413] {logging_mixin.py:115} INFO - [2024-09-19 16:20:56,412] {dag.py:2919} INFO - Setting next_dagrun for example_weekday_branch_operator to 2024-09-18T00:00:00+00:00, run_after=2024-09-19T00:00:00+00:00
[2024-09-19 16:20:56,428] {processor.py:161} INFO - Processing /home/airflow/.local/lib/python3.7/site-packages/airflow/example_dags/example_branch_day_of_week_operator.py took 0.176 seconds
[2024-09-19 16:21:26,708] {processor.py:153} INFO - Started process (PID=109) to work on /home/airflow/.local/lib/python3.7/site-packages/airflow/example_dags/example_branch_day_of_week_operator.py
[2024-09-19 16:21:26,708] {processor.py:641} INFO - Processing file /home/airflow/.local/lib/python3.7/site-packages/airflow/example_dags/example_branch_day_of_week_operator.py for tasks to queue
[2024-09-19 16:21:26,708] {logging_mixin.py:115} INFO - [2024-09-19 16:21:26,708] {dagbag.py:507} INFO - Filling up the DagBag from /home/airflow/.local/lib/python3.7/site-packages/airflow/example_dags/example_branch_day_of_week_operator.py
[2024-09-19 16:21:26,713] {processor.py:651} INFO - DAG(s) dict_keys(['example_weekday_branch_operator']) retrieved from /home/airflow/.local/lib/python3.7/site-packages/airflow/example_dags/example_branch_day_of_week_operator.py
[2024-09-19 16:21:26,729] {logging_mixin.py:115} INFO - [2024-09-19 16:21:26,729] {dag.py:2371} INFO - Sync 1 DAGs
[2024-09-19 16:21:26,831] {logging_mixin.py:115} INFO - [2024-09-19 16:21:26,831] {dag.py:2919} INFO - Setting next_dagrun for example_weekday_branch_operator to 2024-09-18T00:00:00+00:00, run_after=2024-09-19T00:00:00+00:00
[2024-09-19 16:21:26,838] {processor.py:161} INFO - Processing /home/airflow/.local/lib/python3.7/site-packages/airflow/example_dags/example_branch_day_of_week_operator.py took 0.132 seconds
[2024-09-19 16:21:57,236] {processor.py:153} INFO - Started process (PID=169) to work on /home/airflow/.local/lib/python3.7/site-packages/airflow/example_dags/example_branch_day_of_week_operator.py
[2024-09-19 16:21:57,237] {processor.py:641} INFO - Processing file /home/airflow/.local/lib/python3.7/site-packages/airflow/example_dags/example_branch_day_of_week_operator.py for tasks to queue
[2024-09-19 16:21:57,237] {logging_mixin.py:115} INFO - [2024-09-19 16:21:57,237] {dagbag.py:507} INFO - Filling up the DagBag from /home/airflow/.local/lib/python3.7/site-packages/airflow/example_dags/example_branch_day_of_week_operator.py
[2024-09-19 16:21:57,241] {processor.py:651} INFO - DAG(s) dict_keys(['example_weekday_branch_operator']) retrieved from /home/airflow/.local/lib/python3.7/site-packages/airflow/example_dags/example_branch_day_of_week_operator.py
[2024-09-19 16:21:57,255] {logging_mixin.py:115} INFO - [2024-09-19 16:21:57,255] {dag.py:2371} INFO - Sync 1 DAGs
[2024-09-19 16:21:57,348] {logging_mixin.py:115} INFO - [2024-09-19 16:21:57,348] {dag.py:2919} INFO - Setting next_dagrun for example_weekday_branch_operator to 2024-09-18T00:00:00+00:00, run_after=2024-09-19T00:00:00+00:00
[2024-09-19 16:21:57,360] {processor.py:161} INFO - Processing /home/airflow/.local/lib/python3.7/site-packages/airflow/example_dags/example_branch_day_of_week_operator.py took 0.125 seconds
[2024-09-19 16:22:28,165] {processor.py:153} INFO - Started process (PID=230) to work on /home/airflow/.local/lib/python3.7/site-packages/airflow/example_dags/example_branch_day_of_week_operator.py
[2024-09-19 16:22:28,166] {processor.py:641} INFO - Processing file /home/airflow/.local/lib/python3.7/site-packages/airflow/example_dags/example_branch_day_of_week_operator.py for tasks to queue
[2024-09-19 16:22:28,166] {logging_mixin.py:115} INFO - [2024-09-19 16:22:28,166] {dagbag.py:507} INFO - Filling up the DagBag from /home/airflow/.local/lib/python3.7/site-packages/airflow/example_dags/example_branch_day_of_week_operator.py
[2024-09-19 16:22:28,171] {processor.py:651} INFO - DAG(s) dict_keys(['example_weekday_branch_operator']) retrieved from /home/airflow/.local/lib/python3.7/site-packages/airflow/example_dags/example_branch_day_of_week_operator.py
[2024-09-19 16:22:28,187] {logging_mixin.py:115} INFO - [2024-09-19 16:22:28,187] {dag.py:2371} INFO - Sync 1 DAGs
[2024-09-19 16:22:28,290] {logging_mixin.py:115} INFO - [2024-09-19 16:22:28,290] {dag.py:2919} INFO - Setting next_dagrun for example_weekday_branch_operator to 2024-09-18T00:00:00+00:00, run_after=2024-09-19T00:00:00+00:00
[2024-09-19 16:22:28,296] {processor.py:161} INFO - Processing /home/airflow/.local/lib/python3.7/site-packages/airflow/example_dags/example_branch_day_of_week_operator.py took 0.133 seconds
[2024-09-19 16:22:58,461] {processor.py:153} INFO - Started process (PID=291) to work on /home/airflow/.local/lib/python3.7/site-packages/airflow/example_dags/example_branch_day_of_week_operator.py
[2024-09-19 16:22:58,461] {processor.py:641} INFO - Processing file /home/airflow/.local/lib/python3.7/site-packages/airflow/example_dags/example_branch_day_of_week_operator.py for tasks to queue
[2024-09-19 16:22:58,461] {logging_mixin.py:115} INFO - [2024-09-19 16:22:58,461] {dagbag.py:507} INFO - Filling up the DagBag from /home/airflow/.local/lib/python3.7/site-packages/airflow/example_dags/example_branch_day_of_week_operator.py
[2024-09-19 16:22:58,466] {processor.py:651} INFO - DAG(s) dict_keys(['example_weekday_branch_operator']) retrieved from /home/airflow/.local/lib/python3.7/site-packages/airflow/example_dags/example_branch_day_of_week_operator.py
[2024-09-19 16:22:58,484] {logging_mixin.py:115} INFO - [2024-09-19 16:22:58,483] {dag.py:2371} INFO - Sync 1 DAGs
[2024-09-19 16:22:58,599] {logging_mixin.py:115} INFO - [2024-09-19 16:22:58,599] {dag.py:2919} INFO - Setting next_dagrun for example_weekday_branch_operator to 2024-09-18T00:00:00+00:00, run_after=2024-09-19T00:00:00+00:00
[2024-09-19 16:22:58,606] {processor.py:161} INFO - Processing /home/airflow/.local/lib/python3.7/site-packages/airflow/example_dags/example_branch_day_of_week_operator.py took 0.147 seconds
[2024-09-19 16:23:29,097] {processor.py:153} INFO - Started process (PID=352) to work on /home/airflow/.local/lib/python3.7/site-packages/airflow/example_dags/example_branch_day_of_week_operator.py
[2024-09-19 16:23:29,098] {processor.py:641} INFO - Processing file /home/airflow/.local/lib/python3.7/site-packages/airflow/example_dags/example_branch_day_of_week_operator.py for tasks to queue
[2024-09-19 16:23:29,098] {logging_mixin.py:115} INFO - [2024-09-19 16:23:29,098] {dagbag.py:507} INFO - Filling up the DagBag from /home/airflow/.local/lib/python3.7/site-packages/airflow/example_dags/example_branch_day_of_week_operator.py
[2024-09-19 16:23:29,103] {processor.py:651} INFO - DAG(s) dict_keys(['example_weekday_branch_operator']) retrieved from /home/airflow/.local/lib/python3.7/site-packages/airflow/example_dags/example_branch_day_of_week_operator.py
[2024-09-19 16:23:29,116] {logging_mixin.py:115} INFO - [2024-09-19 16:23:29,116] {dag.py:2371} INFO - Sync 1 DAGs
[2024-09-19 16:23:29,235] {logging_mixin.py:115} INFO - [2024-09-19 16:23:29,235] {dag.py:2919} INFO - Setting next_dagrun for example_weekday_branch_operator to 2024-09-18T00:00:00+00:00, run_after=2024-09-19T00:00:00+00:00
[2024-09-19 16:23:29,244] {processor.py:161} INFO - Processing /home/airflow/.local/lib/python3.7/site-packages/airflow/example_dags/example_branch_day_of_week_operator.py took 0.149 seconds
[2024-09-19 16:23:59,391] {processor.py:153} INFO - Started process (PID=404) to work on /home/airflow/.local/lib/python3.7/site-packages/airflow/example_dags/example_branch_day_of_week_operator.py
[2024-09-19 16:23:59,392] {processor.py:641} INFO - Processing file /home/airflow/.local/lib/python3.7/site-packages/airflow/example_dags/example_branch_day_of_week_operator.py for tasks to queue
[2024-09-19 16:23:59,392] {logging_mixin.py:115} INFO - [2024-09-19 16:23:59,392] {dagbag.py:507} INFO - Filling up the DagBag from /home/airflow/.local/lib/python3.7/site-packages/airflow/example_dags/example_branch_day_of_week_operator.py
[2024-09-19 16:23:59,397] {processor.py:651} INFO - DAG(s) dict_keys(['example_weekday_branch_operator']) retrieved from /home/airflow/.local/lib/python3.7/site-packages/airflow/example_dags/example_branch_day_of_week_operator.py
[2024-09-19 16:23:59,411] {logging_mixin.py:115} INFO - [2024-09-19 16:23:59,410] {dag.py:2371} INFO - Sync 1 DAGs
[2024-09-19 16:23:59,510] {logging_mixin.py:115} INFO - [2024-09-19 16:23:59,510] {dag.py:2919} INFO - Setting next_dagrun for example_weekday_branch_operator to 2024-09-18T00:00:00+00:00, run_after=2024-09-19T00:00:00+00:00
[2024-09-19 16:23:59,516] {processor.py:161} INFO - Processing /home/airflow/.local/lib/python3.7/site-packages/airflow/example_dags/example_branch_day_of_week_operator.py took 0.126 seconds
[2024-09-19 16:24:29,949] {processor.py:153} INFO - Started process (PID=465) to work on /home/airflow/.local/lib/python3.7/site-packages/airflow/example_dags/example_branch_day_of_week_operator.py
[2024-09-19 16:24:29,949] {processor.py:641} INFO - Processing file /home/airflow/.local/lib/python3.7/site-packages/airflow/example_dags/example_branch_day_of_week_operator.py for tasks to queue
[2024-09-19 16:24:29,950] {logging_mixin.py:115} INFO - [2024-09-19 16:24:29,950] {dagbag.py:507} INFO - Filling up the DagBag from /home/airflow/.local/lib/python3.7/site-packages/airflow/example_dags/example_branch_day_of_week_operator.py
[2024-09-19 16:24:29,954] {processor.py:651} INFO - DAG(s) dict_keys(['example_weekday_branch_operator']) retrieved from /home/airflow/.local/lib/python3.7/site-packages/airflow/example_dags/example_branch_day_of_week_operator.py
[2024-09-19 16:24:29,969] {logging_mixin.py:115} INFO - [2024-09-19 16:24:29,968] {dag.py:2371} INFO - Sync 1 DAGs
[2024-09-19 16:24:30,078] {logging_mixin.py:115} INFO - [2024-09-19 16:24:30,078] {dag.py:2919} INFO - Setting next_dagrun for example_weekday_branch_operator to 2024-09-18T00:00:00+00:00, run_after=2024-09-19T00:00:00+00:00
[2024-09-19 16:24:30,091] {processor.py:161} INFO - Processing /home/airflow/.local/lib/python3.7/site-packages/airflow/example_dags/example_branch_day_of_week_operator.py took 0.143 seconds
