[2024-09-19 16:16:12,771] {processor.py:153} INFO - Started process (PID=61) to work on /home/airflow/.local/lib/python3.7/site-packages/airflow/example_dags/example_xcomargs.py
[2024-09-19 16:16:12,771] {processor.py:641} INFO - Processing file /home/airflow/.local/lib/python3.7/site-packages/airflow/example_dags/example_xcomargs.py for tasks to queue
[2024-09-19 16:16:12,771] {logging_mixin.py:115} INFO - [2024-09-19 16:16:12,771] {dagbag.py:507} INFO - Filling up the DagBag from /home/airflow/.local/lib/python3.7/site-packages/airflow/example_dags/example_xcomargs.py
[2024-09-19 16:16:12,782] {processor.py:651} INFO - DAG(s) dict_keys(['example_xcom_args', 'example_xcom_args_with_operators']) retrieved from /home/airflow/.local/lib/python3.7/site-packages/airflow/example_dags/example_xcomargs.py
[2024-09-19 16:16:12,968] {logging_mixin.py:115} INFO - [2024-09-19 16:16:12,968] {manager.py:508} INFO - Created Permission View: can read on DAG:example_xcom_args
[2024-09-19 16:16:12,978] {logging_mixin.py:115} INFO - [2024-09-19 16:16:12,978] {manager.py:508} INFO - Created Permission View: can edit on DAG:example_xcom_args
[2024-09-19 16:16:12,988] {logging_mixin.py:115} INFO - [2024-09-19 16:16:12,988] {manager.py:508} INFO - Created Permission View: can delete on DAG:example_xcom_args
[2024-09-19 16:16:13,000] {logging_mixin.py:115} INFO - [2024-09-19 16:16:13,000] {manager.py:508} INFO - Created Permission View: can read on DAG:example_xcom_args_with_operators
[2024-09-19 16:16:13,005] {logging_mixin.py:115} INFO - [2024-09-19 16:16:13,005] {manager.py:508} INFO - Created Permission View: can edit on DAG:example_xcom_args_with_operators
[2024-09-19 16:16:13,010] {logging_mixin.py:115} INFO - [2024-09-19 16:16:13,010] {manager.py:508} INFO - Created Permission View: can delete on DAG:example_xcom_args_with_operators
[2024-09-19 16:16:13,010] {logging_mixin.py:115} INFO - [2024-09-19 16:16:13,010] {dag.py:2371} INFO - Sync 2 DAGs
[2024-09-19 16:16:13,018] {logging_mixin.py:115} INFO - [2024-09-19 16:16:13,018] {dag.py:2390} INFO - Creating ORM DAG for example_xcom_args
[2024-09-19 16:16:13,019] {logging_mixin.py:115} INFO - [2024-09-19 16:16:13,019] {dag.py:2390} INFO - Creating ORM DAG for example_xcom_args_with_operators
[2024-09-19 16:16:13,032] {logging_mixin.py:115} INFO - [2024-09-19 16:16:13,031] {dag.py:2919} INFO - Setting next_dagrun for example_xcom_args to None, run_after=None
[2024-09-19 16:16:13,032] {logging_mixin.py:115} INFO - [2024-09-19 16:16:13,032] {dag.py:2919} INFO - Setting next_dagrun for example_xcom_args_with_operators to None, run_after=None
[2024-09-19 16:16:13,045] {processor.py:161} INFO - Processing /home/airflow/.local/lib/python3.7/site-packages/airflow/example_dags/example_xcomargs.py took 0.276 seconds
[2024-09-19 16:16:43,750] {processor.py:153} INFO - Started process (PID=113) to work on /home/airflow/.local/lib/python3.7/site-packages/airflow/example_dags/example_xcomargs.py
[2024-09-19 16:16:43,751] {processor.py:641} INFO - Processing file /home/airflow/.local/lib/python3.7/site-packages/airflow/example_dags/example_xcomargs.py for tasks to queue
[2024-09-19 16:16:43,751] {logging_mixin.py:115} INFO - [2024-09-19 16:16:43,751] {dagbag.py:507} INFO - Filling up the DagBag from /home/airflow/.local/lib/python3.7/site-packages/airflow/example_dags/example_xcomargs.py
[2024-09-19 16:16:43,762] {processor.py:651} INFO - DAG(s) dict_keys(['example_xcom_args', 'example_xcom_args_with_operators']) retrieved from /home/airflow/.local/lib/python3.7/site-packages/airflow/example_dags/example_xcomargs.py
[2024-09-19 16:16:43,886] {logging_mixin.py:115} INFO - [2024-09-19 16:16:43,886] {dag.py:2371} INFO - Sync 2 DAGs
[2024-09-19 16:16:43,897] {logging_mixin.py:115} INFO - [2024-09-19 16:16:43,897] {dag.py:2919} INFO - Setting next_dagrun for example_xcom_args to None, run_after=None
[2024-09-19 16:16:43,897] {logging_mixin.py:115} INFO - [2024-09-19 16:16:43,897] {dag.py:2919} INFO - Setting next_dagrun for example_xcom_args_with_operators to None, run_after=None
[2024-09-19 16:16:43,904] {processor.py:161} INFO - Processing /home/airflow/.local/lib/python3.7/site-packages/airflow/example_dags/example_xcomargs.py took 0.156 seconds
[2024-09-19 16:17:14,630] {processor.py:153} INFO - Started process (PID=174) to work on /home/airflow/.local/lib/python3.7/site-packages/airflow/example_dags/example_xcomargs.py
[2024-09-19 16:17:14,630] {processor.py:641} INFO - Processing file /home/airflow/.local/lib/python3.7/site-packages/airflow/example_dags/example_xcomargs.py for tasks to queue
[2024-09-19 16:17:14,631] {logging_mixin.py:115} INFO - [2024-09-19 16:17:14,630] {dagbag.py:507} INFO - Filling up the DagBag from /home/airflow/.local/lib/python3.7/site-packages/airflow/example_dags/example_xcomargs.py
[2024-09-19 16:17:14,641] {processor.py:651} INFO - DAG(s) dict_keys(['example_xcom_args', 'example_xcom_args_with_operators']) retrieved from /home/airflow/.local/lib/python3.7/site-packages/airflow/example_dags/example_xcomargs.py
[2024-09-19 16:17:14,748] {logging_mixin.py:115} INFO - [2024-09-19 16:17:14,747] {dag.py:2371} INFO - Sync 2 DAGs
[2024-09-19 16:17:14,759] {logging_mixin.py:115} INFO - [2024-09-19 16:17:14,759] {dag.py:2919} INFO - Setting next_dagrun for example_xcom_args to None, run_after=None
[2024-09-19 16:17:14,760] {logging_mixin.py:115} INFO - [2024-09-19 16:17:14,760] {dag.py:2919} INFO - Setting next_dagrun for example_xcom_args_with_operators to None, run_after=None
[2024-09-19 16:17:14,766] {processor.py:161} INFO - Processing /home/airflow/.local/lib/python3.7/site-packages/airflow/example_dags/example_xcomargs.py took 0.137 seconds
[2024-09-19 16:17:45,598] {processor.py:153} INFO - Started process (PID=234) to work on /home/airflow/.local/lib/python3.7/site-packages/airflow/example_dags/example_xcomargs.py
[2024-09-19 16:17:45,598] {processor.py:641} INFO - Processing file /home/airflow/.local/lib/python3.7/site-packages/airflow/example_dags/example_xcomargs.py for tasks to queue
[2024-09-19 16:17:45,598] {logging_mixin.py:115} INFO - [2024-09-19 16:17:45,598] {dagbag.py:507} INFO - Filling up the DagBag from /home/airflow/.local/lib/python3.7/site-packages/airflow/example_dags/example_xcomargs.py
[2024-09-19 16:17:45,608] {processor.py:651} INFO - DAG(s) dict_keys(['example_xcom_args', 'example_xcom_args_with_operators']) retrieved from /home/airflow/.local/lib/python3.7/site-packages/airflow/example_dags/example_xcomargs.py
[2024-09-19 16:17:45,707] {logging_mixin.py:115} INFO - [2024-09-19 16:17:45,706] {dag.py:2371} INFO - Sync 2 DAGs
[2024-09-19 16:17:45,717] {logging_mixin.py:115} INFO - [2024-09-19 16:17:45,717] {dag.py:2919} INFO - Setting next_dagrun for example_xcom_args to None, run_after=None
[2024-09-19 16:17:45,717] {logging_mixin.py:115} INFO - [2024-09-19 16:17:45,717] {dag.py:2919} INFO - Setting next_dagrun for example_xcom_args_with_operators to None, run_after=None
[2024-09-19 16:17:45,728] {processor.py:161} INFO - Processing /home/airflow/.local/lib/python3.7/site-packages/airflow/example_dags/example_xcomargs.py took 0.132 seconds
[2024-09-19 16:18:16,209] {processor.py:153} INFO - Started process (PID=295) to work on /home/airflow/.local/lib/python3.7/site-packages/airflow/example_dags/example_xcomargs.py
[2024-09-19 16:18:16,209] {processor.py:641} INFO - Processing file /home/airflow/.local/lib/python3.7/site-packages/airflow/example_dags/example_xcomargs.py for tasks to queue
[2024-09-19 16:18:16,210] {logging_mixin.py:115} INFO - [2024-09-19 16:18:16,209] {dagbag.py:507} INFO - Filling up the DagBag from /home/airflow/.local/lib/python3.7/site-packages/airflow/example_dags/example_xcomargs.py
[2024-09-19 16:18:16,220] {processor.py:651} INFO - DAG(s) dict_keys(['example_xcom_args', 'example_xcom_args_with_operators']) retrieved from /home/airflow/.local/lib/python3.7/site-packages/airflow/example_dags/example_xcomargs.py
[2024-09-19 16:18:16,334] {logging_mixin.py:115} INFO - [2024-09-19 16:18:16,334] {dag.py:2371} INFO - Sync 2 DAGs
[2024-09-19 16:18:16,346] {logging_mixin.py:115} INFO - [2024-09-19 16:18:16,346] {dag.py:2919} INFO - Setting next_dagrun for example_xcom_args to None, run_after=None
[2024-09-19 16:18:16,346] {logging_mixin.py:115} INFO - [2024-09-19 16:18:16,346] {dag.py:2919} INFO - Setting next_dagrun for example_xcom_args_with_operators to None, run_after=None
[2024-09-19 16:18:16,354] {processor.py:161} INFO - Processing /home/airflow/.local/lib/python3.7/site-packages/airflow/example_dags/example_xcomargs.py took 0.147 seconds
[2024-09-19 16:20:56,634] {processor.py:153} INFO - Started process (PID=61) to work on /home/airflow/.local/lib/python3.7/site-packages/airflow/example_dags/example_xcomargs.py
[2024-09-19 16:20:56,634] {processor.py:641} INFO - Processing file /home/airflow/.local/lib/python3.7/site-packages/airflow/example_dags/example_xcomargs.py for tasks to queue
[2024-09-19 16:20:56,635] {logging_mixin.py:115} INFO - [2024-09-19 16:20:56,635] {dagbag.py:507} INFO - Filling up the DagBag from /home/airflow/.local/lib/python3.7/site-packages/airflow/example_dags/example_xcomargs.py
[2024-09-19 16:20:56,648] {processor.py:651} INFO - DAG(s) dict_keys(['example_xcom_args', 'example_xcom_args_with_operators']) retrieved from /home/airflow/.local/lib/python3.7/site-packages/airflow/example_dags/example_xcomargs.py
[2024-09-19 16:20:56,787] {logging_mixin.py:115} INFO - [2024-09-19 16:20:56,787] {dag.py:2371} INFO - Sync 2 DAGs
[2024-09-19 16:20:56,800] {logging_mixin.py:115} INFO - [2024-09-19 16:20:56,800] {dag.py:2919} INFO - Setting next_dagrun for example_xcom_args to None, run_after=None
[2024-09-19 16:20:56,800] {logging_mixin.py:115} INFO - [2024-09-19 16:20:56,800] {dag.py:2919} INFO - Setting next_dagrun for example_xcom_args_with_operators to None, run_after=None
[2024-09-19 16:20:56,814] {processor.py:161} INFO - Processing /home/airflow/.local/lib/python3.7/site-packages/airflow/example_dags/example_xcomargs.py took 0.182 seconds
[2024-09-19 16:21:27,138] {processor.py:153} INFO - Started process (PID=113) to work on /home/airflow/.local/lib/python3.7/site-packages/airflow/example_dags/example_xcomargs.py
[2024-09-19 16:21:27,138] {processor.py:641} INFO - Processing file /home/airflow/.local/lib/python3.7/site-packages/airflow/example_dags/example_xcomargs.py for tasks to queue
[2024-09-19 16:21:27,139] {logging_mixin.py:115} INFO - [2024-09-19 16:21:27,139] {dagbag.py:507} INFO - Filling up the DagBag from /home/airflow/.local/lib/python3.7/site-packages/airflow/example_dags/example_xcomargs.py
[2024-09-19 16:21:27,149] {processor.py:651} INFO - DAG(s) dict_keys(['example_xcom_args', 'example_xcom_args_with_operators']) retrieved from /home/airflow/.local/lib/python3.7/site-packages/airflow/example_dags/example_xcomargs.py
[2024-09-19 16:21:27,272] {logging_mixin.py:115} INFO - [2024-09-19 16:21:27,272] {dag.py:2371} INFO - Sync 2 DAGs
[2024-09-19 16:21:27,284] {logging_mixin.py:115} INFO - [2024-09-19 16:21:27,284] {dag.py:2919} INFO - Setting next_dagrun for example_xcom_args to None, run_after=None
[2024-09-19 16:21:27,284] {logging_mixin.py:115} INFO - [2024-09-19 16:21:27,284] {dag.py:2919} INFO - Setting next_dagrun for example_xcom_args_with_operators to None, run_after=None
[2024-09-19 16:21:27,297] {processor.py:161} INFO - Processing /home/airflow/.local/lib/python3.7/site-packages/airflow/example_dags/example_xcomargs.py took 0.160 seconds
[2024-09-19 16:21:57,547] {processor.py:153} INFO - Started process (PID=173) to work on /home/airflow/.local/lib/python3.7/site-packages/airflow/example_dags/example_xcomargs.py
[2024-09-19 16:21:57,548] {processor.py:641} INFO - Processing file /home/airflow/.local/lib/python3.7/site-packages/airflow/example_dags/example_xcomargs.py for tasks to queue
[2024-09-19 16:21:57,548] {logging_mixin.py:115} INFO - [2024-09-19 16:21:57,548] {dagbag.py:507} INFO - Filling up the DagBag from /home/airflow/.local/lib/python3.7/site-packages/airflow/example_dags/example_xcomargs.py
[2024-09-19 16:21:57,560] {processor.py:651} INFO - DAG(s) dict_keys(['example_xcom_args', 'example_xcom_args_with_operators']) retrieved from /home/airflow/.local/lib/python3.7/site-packages/airflow/example_dags/example_xcomargs.py
[2024-09-19 16:21:57,698] {logging_mixin.py:115} INFO - [2024-09-19 16:21:57,698] {dag.py:2371} INFO - Sync 2 DAGs
[2024-09-19 16:21:57,711] {logging_mixin.py:115} INFO - [2024-09-19 16:21:57,711] {dag.py:2919} INFO - Setting next_dagrun for example_xcom_args to None, run_after=None
[2024-09-19 16:21:57,711] {logging_mixin.py:115} INFO - [2024-09-19 16:21:57,711] {dag.py:2919} INFO - Setting next_dagrun for example_xcom_args_with_operators to None, run_after=None
[2024-09-19 16:21:57,720] {processor.py:161} INFO - Processing /home/airflow/.local/lib/python3.7/site-packages/airflow/example_dags/example_xcomargs.py took 0.175 seconds
[2024-09-19 16:22:28,599] {processor.py:153} INFO - Started process (PID=234) to work on /home/airflow/.local/lib/python3.7/site-packages/airflow/example_dags/example_xcomargs.py
[2024-09-19 16:22:28,599] {processor.py:641} INFO - Processing file /home/airflow/.local/lib/python3.7/site-packages/airflow/example_dags/example_xcomargs.py for tasks to queue
[2024-09-19 16:22:28,599] {logging_mixin.py:115} INFO - [2024-09-19 16:22:28,599] {dagbag.py:507} INFO - Filling up the DagBag from /home/airflow/.local/lib/python3.7/site-packages/airflow/example_dags/example_xcomargs.py
[2024-09-19 16:22:28,609] {processor.py:651} INFO - DAG(s) dict_keys(['example_xcom_args', 'example_xcom_args_with_operators']) retrieved from /home/airflow/.local/lib/python3.7/site-packages/airflow/example_dags/example_xcomargs.py
[2024-09-19 16:22:28,735] {logging_mixin.py:115} INFO - [2024-09-19 16:22:28,735] {dag.py:2371} INFO - Sync 2 DAGs
[2024-09-19 16:22:28,746] {logging_mixin.py:115} INFO - [2024-09-19 16:22:28,746] {dag.py:2919} INFO - Setting next_dagrun for example_xcom_args to None, run_after=None
[2024-09-19 16:22:28,746] {logging_mixin.py:115} INFO - [2024-09-19 16:22:28,746] {dag.py:2919} INFO - Setting next_dagrun for example_xcom_args_with_operators to None, run_after=None
[2024-09-19 16:22:28,758] {processor.py:161} INFO - Processing /home/airflow/.local/lib/python3.7/site-packages/airflow/example_dags/example_xcomargs.py took 0.161 seconds
[2024-09-19 16:22:58,788] {processor.py:153} INFO - Started process (PID=295) to work on /home/airflow/.local/lib/python3.7/site-packages/airflow/example_dags/example_xcomargs.py
[2024-09-19 16:22:58,788] {processor.py:641} INFO - Processing file /home/airflow/.local/lib/python3.7/site-packages/airflow/example_dags/example_xcomargs.py for tasks to queue
[2024-09-19 16:22:58,788] {logging_mixin.py:115} INFO - [2024-09-19 16:22:58,788] {dagbag.py:507} INFO - Filling up the DagBag from /home/airflow/.local/lib/python3.7/site-packages/airflow/example_dags/example_xcomargs.py
[2024-09-19 16:22:58,799] {processor.py:651} INFO - DAG(s) dict_keys(['example_xcom_args', 'example_xcom_args_with_operators']) retrieved from /home/airflow/.local/lib/python3.7/site-packages/airflow/example_dags/example_xcomargs.py
[2024-09-19 16:22:58,933] {logging_mixin.py:115} INFO - [2024-09-19 16:22:58,933] {dag.py:2371} INFO - Sync 2 DAGs
[2024-09-19 16:22:58,944] {logging_mixin.py:115} INFO - [2024-09-19 16:22:58,944] {dag.py:2919} INFO - Setting next_dagrun for example_xcom_args to None, run_after=None
[2024-09-19 16:22:58,945] {logging_mixin.py:115} INFO - [2024-09-19 16:22:58,945] {dag.py:2919} INFO - Setting next_dagrun for example_xcom_args_with_operators to None, run_after=None
[2024-09-19 16:22:58,952] {processor.py:161} INFO - Processing /home/airflow/.local/lib/python3.7/site-packages/airflow/example_dags/example_xcomargs.py took 0.166 seconds
[2024-09-19 16:23:29,572] {processor.py:153} INFO - Started process (PID=356) to work on /home/airflow/.local/lib/python3.7/site-packages/airflow/example_dags/example_xcomargs.py
[2024-09-19 16:23:29,573] {processor.py:641} INFO - Processing file /home/airflow/.local/lib/python3.7/site-packages/airflow/example_dags/example_xcomargs.py for tasks to queue
[2024-09-19 16:23:29,573] {logging_mixin.py:115} INFO - [2024-09-19 16:23:29,573] {dagbag.py:507} INFO - Filling up the DagBag from /home/airflow/.local/lib/python3.7/site-packages/airflow/example_dags/example_xcomargs.py
[2024-09-19 16:23:29,586] {processor.py:651} INFO - DAG(s) dict_keys(['example_xcom_args', 'example_xcom_args_with_operators']) retrieved from /home/airflow/.local/lib/python3.7/site-packages/airflow/example_dags/example_xcomargs.py
[2024-09-19 16:23:29,754] {logging_mixin.py:115} INFO - [2024-09-19 16:23:29,754] {dag.py:2371} INFO - Sync 2 DAGs
[2024-09-19 16:23:29,767] {logging_mixin.py:115} INFO - [2024-09-19 16:23:29,766] {dag.py:2919} INFO - Setting next_dagrun for example_xcom_args to None, run_after=None
[2024-09-19 16:23:29,767] {logging_mixin.py:115} INFO - [2024-09-19 16:23:29,767] {dag.py:2919} INFO - Setting next_dagrun for example_xcom_args_with_operators to None, run_after=None
[2024-09-19 16:23:29,774] {processor.py:161} INFO - Processing /home/airflow/.local/lib/python3.7/site-packages/airflow/example_dags/example_xcomargs.py took 0.206 seconds
[2024-09-19 16:23:59,903] {processor.py:153} INFO - Started process (PID=408) to work on /home/airflow/.local/lib/python3.7/site-packages/airflow/example_dags/example_xcomargs.py
[2024-09-19 16:23:59,903] {processor.py:641} INFO - Processing file /home/airflow/.local/lib/python3.7/site-packages/airflow/example_dags/example_xcomargs.py for tasks to queue
[2024-09-19 16:23:59,904] {logging_mixin.py:115} INFO - [2024-09-19 16:23:59,904] {dagbag.py:507} INFO - Filling up the DagBag from /home/airflow/.local/lib/python3.7/site-packages/airflow/example_dags/example_xcomargs.py
[2024-09-19 16:23:59,921] {processor.py:651} INFO - DAG(s) dict_keys(['example_xcom_args', 'example_xcom_args_with_operators']) retrieved from /home/airflow/.local/lib/python3.7/site-packages/airflow/example_dags/example_xcomargs.py
[2024-09-19 16:24:00,096] {logging_mixin.py:115} INFO - [2024-09-19 16:24:00,096] {dag.py:2371} INFO - Sync 2 DAGs
[2024-09-19 16:24:00,113] {logging_mixin.py:115} INFO - [2024-09-19 16:24:00,113] {dag.py:2919} INFO - Setting next_dagrun for example_xcom_args to None, run_after=None
[2024-09-19 16:24:00,113] {logging_mixin.py:115} INFO - [2024-09-19 16:24:00,113] {dag.py:2919} INFO - Setting next_dagrun for example_xcom_args_with_operators to None, run_after=None
[2024-09-19 16:24:00,125] {processor.py:161} INFO - Processing /home/airflow/.local/lib/python3.7/site-packages/airflow/example_dags/example_xcomargs.py took 0.224 seconds
[2024-09-19 16:24:30,418] {processor.py:153} INFO - Started process (PID=469) to work on /home/airflow/.local/lib/python3.7/site-packages/airflow/example_dags/example_xcomargs.py
[2024-09-19 16:24:30,418] {processor.py:641} INFO - Processing file /home/airflow/.local/lib/python3.7/site-packages/airflow/example_dags/example_xcomargs.py for tasks to queue
[2024-09-19 16:24:30,418] {logging_mixin.py:115} INFO - [2024-09-19 16:24:30,418] {dagbag.py:507} INFO - Filling up the DagBag from /home/airflow/.local/lib/python3.7/site-packages/airflow/example_dags/example_xcomargs.py
[2024-09-19 16:24:30,430] {processor.py:651} INFO - DAG(s) dict_keys(['example_xcom_args', 'example_xcom_args_with_operators']) retrieved from /home/airflow/.local/lib/python3.7/site-packages/airflow/example_dags/example_xcomargs.py
[2024-09-19 16:24:30,578] {logging_mixin.py:115} INFO - [2024-09-19 16:24:30,578] {dag.py:2371} INFO - Sync 2 DAGs
[2024-09-19 16:24:30,594] {logging_mixin.py:115} INFO - [2024-09-19 16:24:30,593] {dag.py:2919} INFO - Setting next_dagrun for example_xcom_args to None, run_after=None
[2024-09-19 16:24:30,594] {logging_mixin.py:115} INFO - [2024-09-19 16:24:30,594] {dag.py:2919} INFO - Setting next_dagrun for example_xcom_args_with_operators to None, run_after=None
[2024-09-19 16:24:30,607] {processor.py:161} INFO - Processing /home/airflow/.local/lib/python3.7/site-packages/airflow/example_dags/example_xcomargs.py took 0.192 seconds
