[2024-09-19 16:16:14,512] {processor.py:153} INFO - Started process (PID=74) to work on /home/airflow/.local/lib/python3.7/site-packages/airflow/example_dags/tutorial_taskflow_api_etl_virtualenv.py
[2024-09-19 16:16:14,513] {processor.py:641} INFO - Processing file /home/airflow/.local/lib/python3.7/site-packages/airflow/example_dags/tutorial_taskflow_api_etl_virtualenv.py for tasks to queue
[2024-09-19 16:16:14,513] {logging_mixin.py:115} INFO - [2024-09-19 16:16:14,513] {dagbag.py:507} INFO - Filling up the DagBag from /home/airflow/.local/lib/python3.7/site-packages/airflow/example_dags/tutorial_taskflow_api_etl_virtualenv.py
[2024-09-19 16:16:14,531] {processor.py:651} INFO - DAG(s) dict_keys(['tutorial_taskflow_api_etl_virtualenv']) retrieved from /home/airflow/.local/lib/python3.7/site-packages/airflow/example_dags/tutorial_taskflow_api_etl_virtualenv.py
[2024-09-19 16:16:14,673] {logging_mixin.py:115} INFO - [2024-09-19 16:16:14,673] {manager.py:508} INFO - Created Permission View: can read on DAG:tutorial_taskflow_api_etl_virtualenv
[2024-09-19 16:16:14,680] {logging_mixin.py:115} INFO - [2024-09-19 16:16:14,679] {manager.py:508} INFO - Created Permission View: can edit on DAG:tutorial_taskflow_api_etl_virtualenv
[2024-09-19 16:16:14,684] {logging_mixin.py:115} INFO - [2024-09-19 16:16:14,683] {manager.py:508} INFO - Created Permission View: can delete on DAG:tutorial_taskflow_api_etl_virtualenv
[2024-09-19 16:16:14,684] {logging_mixin.py:115} INFO - [2024-09-19 16:16:14,684] {dag.py:2371} INFO - Sync 1 DAGs
[2024-09-19 16:16:14,689] {logging_mixin.py:115} INFO - [2024-09-19 16:16:14,689] {dag.py:2390} INFO - Creating ORM DAG for tutorial_taskflow_api_etl_virtualenv
[2024-09-19 16:16:14,697] {logging_mixin.py:115} INFO - [2024-09-19 16:16:14,697] {dag.py:2919} INFO - Setting next_dagrun for tutorial_taskflow_api_etl_virtualenv to None, run_after=None
[2024-09-19 16:16:14,707] {processor.py:161} INFO - Processing /home/airflow/.local/lib/python3.7/site-packages/airflow/example_dags/tutorial_taskflow_api_etl_virtualenv.py took 0.197 seconds
[2024-09-19 16:16:45,034] {processor.py:153} INFO - Started process (PID=135) to work on /home/airflow/.local/lib/python3.7/site-packages/airflow/example_dags/tutorial_taskflow_api_etl_virtualenv.py
[2024-09-19 16:16:45,034] {processor.py:641} INFO - Processing file /home/airflow/.local/lib/python3.7/site-packages/airflow/example_dags/tutorial_taskflow_api_etl_virtualenv.py for tasks to queue
[2024-09-19 16:16:45,035] {logging_mixin.py:115} INFO - [2024-09-19 16:16:45,035] {dagbag.py:507} INFO - Filling up the DagBag from /home/airflow/.local/lib/python3.7/site-packages/airflow/example_dags/tutorial_taskflow_api_etl_virtualenv.py
[2024-09-19 16:16:45,044] {processor.py:651} INFO - DAG(s) dict_keys(['tutorial_taskflow_api_etl_virtualenv']) retrieved from /home/airflow/.local/lib/python3.7/site-packages/airflow/example_dags/tutorial_taskflow_api_etl_virtualenv.py
[2024-09-19 16:16:45,176] {logging_mixin.py:115} INFO - [2024-09-19 16:16:45,176] {dag.py:2371} INFO - Sync 1 DAGs
[2024-09-19 16:16:45,188] {logging_mixin.py:115} INFO - [2024-09-19 16:16:45,188] {dag.py:2919} INFO - Setting next_dagrun for tutorial_taskflow_api_etl_virtualenv to None, run_after=None
[2024-09-19 16:16:45,202] {processor.py:161} INFO - Processing /home/airflow/.local/lib/python3.7/site-packages/airflow/example_dags/tutorial_taskflow_api_etl_virtualenv.py took 0.169 seconds
[2024-09-19 16:17:15,866] {processor.py:153} INFO - Started process (PID=187) to work on /home/airflow/.local/lib/python3.7/site-packages/airflow/example_dags/tutorial_taskflow_api_etl_virtualenv.py
[2024-09-19 16:17:15,867] {processor.py:641} INFO - Processing file /home/airflow/.local/lib/python3.7/site-packages/airflow/example_dags/tutorial_taskflow_api_etl_virtualenv.py for tasks to queue
[2024-09-19 16:17:15,867] {logging_mixin.py:115} INFO - [2024-09-19 16:17:15,867] {dagbag.py:507} INFO - Filling up the DagBag from /home/airflow/.local/lib/python3.7/site-packages/airflow/example_dags/tutorial_taskflow_api_etl_virtualenv.py
[2024-09-19 16:17:15,876] {processor.py:651} INFO - DAG(s) dict_keys(['tutorial_taskflow_api_etl_virtualenv']) retrieved from /home/airflow/.local/lib/python3.7/site-packages/airflow/example_dags/tutorial_taskflow_api_etl_virtualenv.py
[2024-09-19 16:17:16,003] {logging_mixin.py:115} INFO - [2024-09-19 16:17:16,003] {dag.py:2371} INFO - Sync 1 DAGs
[2024-09-19 16:17:16,015] {logging_mixin.py:115} INFO - [2024-09-19 16:17:16,015] {dag.py:2919} INFO - Setting next_dagrun for tutorial_taskflow_api_etl_virtualenv to None, run_after=None
[2024-09-19 16:17:16,023] {processor.py:161} INFO - Processing /home/airflow/.local/lib/python3.7/site-packages/airflow/example_dags/tutorial_taskflow_api_etl_virtualenv.py took 0.158 seconds
[2024-09-19 16:17:46,685] {processor.py:153} INFO - Started process (PID=247) to work on /home/airflow/.local/lib/python3.7/site-packages/airflow/example_dags/tutorial_taskflow_api_etl_virtualenv.py
[2024-09-19 16:17:46,686] {processor.py:641} INFO - Processing file /home/airflow/.local/lib/python3.7/site-packages/airflow/example_dags/tutorial_taskflow_api_etl_virtualenv.py for tasks to queue
[2024-09-19 16:17:46,686] {logging_mixin.py:115} INFO - [2024-09-19 16:17:46,686] {dagbag.py:507} INFO - Filling up the DagBag from /home/airflow/.local/lib/python3.7/site-packages/airflow/example_dags/tutorial_taskflow_api_etl_virtualenv.py
[2024-09-19 16:17:46,696] {processor.py:651} INFO - DAG(s) dict_keys(['tutorial_taskflow_api_etl_virtualenv']) retrieved from /home/airflow/.local/lib/python3.7/site-packages/airflow/example_dags/tutorial_taskflow_api_etl_virtualenv.py
[2024-09-19 16:17:46,827] {logging_mixin.py:115} INFO - [2024-09-19 16:17:46,827] {dag.py:2371} INFO - Sync 1 DAGs
[2024-09-19 16:17:46,838] {logging_mixin.py:115} INFO - [2024-09-19 16:17:46,838] {dag.py:2919} INFO - Setting next_dagrun for tutorial_taskflow_api_etl_virtualenv to None, run_after=None
[2024-09-19 16:17:46,846] {processor.py:161} INFO - Processing /home/airflow/.local/lib/python3.7/site-packages/airflow/example_dags/tutorial_taskflow_api_etl_virtualenv.py took 0.162 seconds
[2024-09-19 16:18:17,564] {processor.py:153} INFO - Started process (PID=308) to work on /home/airflow/.local/lib/python3.7/site-packages/airflow/example_dags/tutorial_taskflow_api_etl_virtualenv.py
[2024-09-19 16:18:17,564] {processor.py:641} INFO - Processing file /home/airflow/.local/lib/python3.7/site-packages/airflow/example_dags/tutorial_taskflow_api_etl_virtualenv.py for tasks to queue
[2024-09-19 16:18:17,565] {logging_mixin.py:115} INFO - [2024-09-19 16:18:17,565] {dagbag.py:507} INFO - Filling up the DagBag from /home/airflow/.local/lib/python3.7/site-packages/airflow/example_dags/tutorial_taskflow_api_etl_virtualenv.py
[2024-09-19 16:18:17,574] {processor.py:651} INFO - DAG(s) dict_keys(['tutorial_taskflow_api_etl_virtualenv']) retrieved from /home/airflow/.local/lib/python3.7/site-packages/airflow/example_dags/tutorial_taskflow_api_etl_virtualenv.py
[2024-09-19 16:18:17,696] {logging_mixin.py:115} INFO - [2024-09-19 16:18:17,696] {dag.py:2371} INFO - Sync 1 DAGs
[2024-09-19 16:18:17,708] {logging_mixin.py:115} INFO - [2024-09-19 16:18:17,708] {dag.py:2919} INFO - Setting next_dagrun for tutorial_taskflow_api_etl_virtualenv to None, run_after=None
[2024-09-19 16:18:17,720] {processor.py:161} INFO - Processing /home/airflow/.local/lib/python3.7/site-packages/airflow/example_dags/tutorial_taskflow_api_etl_virtualenv.py took 0.158 seconds
[2024-09-19 16:20:58,140] {processor.py:153} INFO - Started process (PID=74) to work on /home/airflow/.local/lib/python3.7/site-packages/airflow/example_dags/tutorial_taskflow_api_etl_virtualenv.py
[2024-09-19 16:20:58,141] {processor.py:641} INFO - Processing file /home/airflow/.local/lib/python3.7/site-packages/airflow/example_dags/tutorial_taskflow_api_etl_virtualenv.py for tasks to queue
[2024-09-19 16:20:58,142] {logging_mixin.py:115} INFO - [2024-09-19 16:20:58,142] {dagbag.py:507} INFO - Filling up the DagBag from /home/airflow/.local/lib/python3.7/site-packages/airflow/example_dags/tutorial_taskflow_api_etl_virtualenv.py
[2024-09-19 16:20:58,162] {processor.py:651} INFO - DAG(s) dict_keys(['tutorial_taskflow_api_etl_virtualenv']) retrieved from /home/airflow/.local/lib/python3.7/site-packages/airflow/example_dags/tutorial_taskflow_api_etl_virtualenv.py
[2024-09-19 16:20:58,370] {logging_mixin.py:115} INFO - [2024-09-19 16:20:58,370] {dag.py:2371} INFO - Sync 1 DAGs
[2024-09-19 16:20:58,391] {logging_mixin.py:115} INFO - [2024-09-19 16:20:58,391] {dag.py:2919} INFO - Setting next_dagrun for tutorial_taskflow_api_etl_virtualenv to None, run_after=None
[2024-09-19 16:20:58,406] {processor.py:161} INFO - Processing /home/airflow/.local/lib/python3.7/site-packages/airflow/example_dags/tutorial_taskflow_api_etl_virtualenv.py took 0.268 seconds
[2024-09-19 16:21:28,445] {processor.py:153} INFO - Started process (PID=134) to work on /home/airflow/.local/lib/python3.7/site-packages/airflow/example_dags/tutorial_taskflow_api_etl_virtualenv.py
[2024-09-19 16:21:28,445] {processor.py:641} INFO - Processing file /home/airflow/.local/lib/python3.7/site-packages/airflow/example_dags/tutorial_taskflow_api_etl_virtualenv.py for tasks to queue
[2024-09-19 16:21:28,445] {logging_mixin.py:115} INFO - [2024-09-19 16:21:28,445] {dagbag.py:507} INFO - Filling up the DagBag from /home/airflow/.local/lib/python3.7/site-packages/airflow/example_dags/tutorial_taskflow_api_etl_virtualenv.py
[2024-09-19 16:21:28,455] {processor.py:651} INFO - DAG(s) dict_keys(['tutorial_taskflow_api_etl_virtualenv']) retrieved from /home/airflow/.local/lib/python3.7/site-packages/airflow/example_dags/tutorial_taskflow_api_etl_virtualenv.py
[2024-09-19 16:21:28,596] {logging_mixin.py:115} INFO - [2024-09-19 16:21:28,596] {dag.py:2371} INFO - Sync 1 DAGs
[2024-09-19 16:21:28,609] {logging_mixin.py:115} INFO - [2024-09-19 16:21:28,609] {dag.py:2919} INFO - Setting next_dagrun for tutorial_taskflow_api_etl_virtualenv to None, run_after=None
[2024-09-19 16:21:28,624] {processor.py:161} INFO - Processing /home/airflow/.local/lib/python3.7/site-packages/airflow/example_dags/tutorial_taskflow_api_etl_virtualenv.py took 0.181 seconds
[2024-09-19 16:21:58,639] {processor.py:153} INFO - Started process (PID=186) to work on /home/airflow/.local/lib/python3.7/site-packages/airflow/example_dags/tutorial_taskflow_api_etl_virtualenv.py
[2024-09-19 16:21:58,639] {processor.py:641} INFO - Processing file /home/airflow/.local/lib/python3.7/site-packages/airflow/example_dags/tutorial_taskflow_api_etl_virtualenv.py for tasks to queue
[2024-09-19 16:21:58,640] {logging_mixin.py:115} INFO - [2024-09-19 16:21:58,639] {dagbag.py:507} INFO - Filling up the DagBag from /home/airflow/.local/lib/python3.7/site-packages/airflow/example_dags/tutorial_taskflow_api_etl_virtualenv.py
[2024-09-19 16:21:58,649] {processor.py:651} INFO - DAG(s) dict_keys(['tutorial_taskflow_api_etl_virtualenv']) retrieved from /home/airflow/.local/lib/python3.7/site-packages/airflow/example_dags/tutorial_taskflow_api_etl_virtualenv.py
[2024-09-19 16:21:58,768] {logging_mixin.py:115} INFO - [2024-09-19 16:21:58,768] {dag.py:2371} INFO - Sync 1 DAGs
[2024-09-19 16:21:58,779] {logging_mixin.py:115} INFO - [2024-09-19 16:21:58,779] {dag.py:2919} INFO - Setting next_dagrun for tutorial_taskflow_api_etl_virtualenv to None, run_after=None
[2024-09-19 16:21:58,793] {processor.py:161} INFO - Processing /home/airflow/.local/lib/python3.7/site-packages/airflow/example_dags/tutorial_taskflow_api_etl_virtualenv.py took 0.155 seconds
[2024-09-19 16:22:29,958] {processor.py:153} INFO - Started process (PID=247) to work on /home/airflow/.local/lib/python3.7/site-packages/airflow/example_dags/tutorial_taskflow_api_etl_virtualenv.py
[2024-09-19 16:22:29,958] {processor.py:641} INFO - Processing file /home/airflow/.local/lib/python3.7/site-packages/airflow/example_dags/tutorial_taskflow_api_etl_virtualenv.py for tasks to queue
[2024-09-19 16:22:29,958] {logging_mixin.py:115} INFO - [2024-09-19 16:22:29,958] {dagbag.py:507} INFO - Filling up the DagBag from /home/airflow/.local/lib/python3.7/site-packages/airflow/example_dags/tutorial_taskflow_api_etl_virtualenv.py
[2024-09-19 16:22:29,968] {processor.py:651} INFO - DAG(s) dict_keys(['tutorial_taskflow_api_etl_virtualenv']) retrieved from /home/airflow/.local/lib/python3.7/site-packages/airflow/example_dags/tutorial_taskflow_api_etl_virtualenv.py
[2024-09-19 16:22:30,096] {logging_mixin.py:115} INFO - [2024-09-19 16:22:30,096] {dag.py:2371} INFO - Sync 1 DAGs
[2024-09-19 16:22:30,108] {logging_mixin.py:115} INFO - [2024-09-19 16:22:30,108] {dag.py:2919} INFO - Setting next_dagrun for tutorial_taskflow_api_etl_virtualenv to None, run_after=None
[2024-09-19 16:22:30,116] {processor.py:161} INFO - Processing /home/airflow/.local/lib/python3.7/site-packages/airflow/example_dags/tutorial_taskflow_api_etl_virtualenv.py took 0.160 seconds
[2024-09-19 16:23:00,308] {processor.py:153} INFO - Started process (PID=308) to work on /home/airflow/.local/lib/python3.7/site-packages/airflow/example_dags/tutorial_taskflow_api_etl_virtualenv.py
[2024-09-19 16:23:00,308] {processor.py:641} INFO - Processing file /home/airflow/.local/lib/python3.7/site-packages/airflow/example_dags/tutorial_taskflow_api_etl_virtualenv.py for tasks to queue
[2024-09-19 16:23:00,309] {logging_mixin.py:115} INFO - [2024-09-19 16:23:00,309] {dagbag.py:507} INFO - Filling up the DagBag from /home/airflow/.local/lib/python3.7/site-packages/airflow/example_dags/tutorial_taskflow_api_etl_virtualenv.py
[2024-09-19 16:23:00,318] {processor.py:651} INFO - DAG(s) dict_keys(['tutorial_taskflow_api_etl_virtualenv']) retrieved from /home/airflow/.local/lib/python3.7/site-packages/airflow/example_dags/tutorial_taskflow_api_etl_virtualenv.py
[2024-09-19 16:23:00,441] {logging_mixin.py:115} INFO - [2024-09-19 16:23:00,441] {dag.py:2371} INFO - Sync 1 DAGs
[2024-09-19 16:23:00,452] {logging_mixin.py:115} INFO - [2024-09-19 16:23:00,452] {dag.py:2919} INFO - Setting next_dagrun for tutorial_taskflow_api_etl_virtualenv to None, run_after=None
[2024-09-19 16:23:00,464] {processor.py:161} INFO - Processing /home/airflow/.local/lib/python3.7/site-packages/airflow/example_dags/tutorial_taskflow_api_etl_virtualenv.py took 0.158 seconds
[2024-09-19 16:23:30,583] {processor.py:153} INFO - Started process (PID=369) to work on /home/airflow/.local/lib/python3.7/site-packages/airflow/example_dags/tutorial_taskflow_api_etl_virtualenv.py
[2024-09-19 16:23:30,583] {processor.py:641} INFO - Processing file /home/airflow/.local/lib/python3.7/site-packages/airflow/example_dags/tutorial_taskflow_api_etl_virtualenv.py for tasks to queue
[2024-09-19 16:23:30,583] {logging_mixin.py:115} INFO - [2024-09-19 16:23:30,583] {dagbag.py:507} INFO - Filling up the DagBag from /home/airflow/.local/lib/python3.7/site-packages/airflow/example_dags/tutorial_taskflow_api_etl_virtualenv.py
[2024-09-19 16:23:30,593] {processor.py:651} INFO - DAG(s) dict_keys(['tutorial_taskflow_api_etl_virtualenv']) retrieved from /home/airflow/.local/lib/python3.7/site-packages/airflow/example_dags/tutorial_taskflow_api_etl_virtualenv.py
[2024-09-19 16:23:30,716] {logging_mixin.py:115} INFO - [2024-09-19 16:23:30,716] {dag.py:2371} INFO - Sync 1 DAGs
[2024-09-19 16:23:30,729] {logging_mixin.py:115} INFO - [2024-09-19 16:23:30,729] {dag.py:2919} INFO - Setting next_dagrun for tutorial_taskflow_api_etl_virtualenv to None, run_after=None
[2024-09-19 16:23:30,740] {processor.py:161} INFO - Processing /home/airflow/.local/lib/python3.7/site-packages/airflow/example_dags/tutorial_taskflow_api_etl_virtualenv.py took 0.159 seconds
[2024-09-19 16:24:01,195] {processor.py:153} INFO - Started process (PID=430) to work on /home/airflow/.local/lib/python3.7/site-packages/airflow/example_dags/tutorial_taskflow_api_etl_virtualenv.py
[2024-09-19 16:24:01,195] {processor.py:641} INFO - Processing file /home/airflow/.local/lib/python3.7/site-packages/airflow/example_dags/tutorial_taskflow_api_etl_virtualenv.py for tasks to queue
[2024-09-19 16:24:01,196] {logging_mixin.py:115} INFO - [2024-09-19 16:24:01,196] {dagbag.py:507} INFO - Filling up the DagBag from /home/airflow/.local/lib/python3.7/site-packages/airflow/example_dags/tutorial_taskflow_api_etl_virtualenv.py
[2024-09-19 16:24:01,209] {processor.py:651} INFO - DAG(s) dict_keys(['tutorial_taskflow_api_etl_virtualenv']) retrieved from /home/airflow/.local/lib/python3.7/site-packages/airflow/example_dags/tutorial_taskflow_api_etl_virtualenv.py
[2024-09-19 16:24:01,231] {logging_mixin.py:115} INFO - [2024-09-19 16:24:01,231] {dag.py:2371} INFO - Sync 1 DAGs
[2024-09-19 16:24:01,374] {logging_mixin.py:115} INFO - [2024-09-19 16:24:01,374] {dag.py:2919} INFO - Setting next_dagrun for tutorial_taskflow_api_etl_virtualenv to None, run_after=None
[2024-09-19 16:24:01,389] {processor.py:161} INFO - Processing /home/airflow/.local/lib/python3.7/site-packages/airflow/example_dags/tutorial_taskflow_api_etl_virtualenv.py took 0.196 seconds
[2024-09-19 16:24:31,743] {processor.py:153} INFO - Started process (PID=482) to work on /home/airflow/.local/lib/python3.7/site-packages/airflow/example_dags/tutorial_taskflow_api_etl_virtualenv.py
[2024-09-19 16:24:31,743] {processor.py:641} INFO - Processing file /home/airflow/.local/lib/python3.7/site-packages/airflow/example_dags/tutorial_taskflow_api_etl_virtualenv.py for tasks to queue
[2024-09-19 16:24:31,743] {logging_mixin.py:115} INFO - [2024-09-19 16:24:31,743] {dagbag.py:507} INFO - Filling up the DagBag from /home/airflow/.local/lib/python3.7/site-packages/airflow/example_dags/tutorial_taskflow_api_etl_virtualenv.py
[2024-09-19 16:24:31,753] {processor.py:651} INFO - DAG(s) dict_keys(['tutorial_taskflow_api_etl_virtualenv']) retrieved from /home/airflow/.local/lib/python3.7/site-packages/airflow/example_dags/tutorial_taskflow_api_etl_virtualenv.py
[2024-09-19 16:24:31,890] {logging_mixin.py:115} INFO - [2024-09-19 16:24:31,890] {dag.py:2371} INFO - Sync 1 DAGs
[2024-09-19 16:24:31,902] {logging_mixin.py:115} INFO - [2024-09-19 16:24:31,902] {dag.py:2919} INFO - Setting next_dagrun for tutorial_taskflow_api_etl_virtualenv to None, run_after=None
[2024-09-19 16:24:31,910] {processor.py:161} INFO - Processing /home/airflow/.local/lib/python3.7/site-packages/airflow/example_dags/tutorial_taskflow_api_etl_virtualenv.py took 0.169 seconds
