[2024-09-19 16:16:14,280] {processor.py:153} INFO - Started process (PID=72) to work on /home/airflow/.local/lib/python3.7/site-packages/airflow/example_dags/tutorial_etl_dag.py
[2024-09-19 16:16:14,280] {processor.py:641} INFO - Processing file /home/airflow/.local/lib/python3.7/site-packages/airflow/example_dags/tutorial_etl_dag.py for tasks to queue
[2024-09-19 16:16:14,280] {logging_mixin.py:115} INFO - [2024-09-19 16:16:14,280] {dagbag.py:507} INFO - Filling up the DagBag from /home/airflow/.local/lib/python3.7/site-packages/airflow/example_dags/tutorial_etl_dag.py
[2024-09-19 16:16:14,285] {processor.py:651} INFO - DAG(s) dict_keys(['tutorial_etl_dag']) retrieved from /home/airflow/.local/lib/python3.7/site-packages/airflow/example_dags/tutorial_etl_dag.py
[2024-09-19 16:16:14,445] {logging_mixin.py:115} INFO - [2024-09-19 16:16:14,445] {manager.py:508} INFO - Created Permission View: can read on DAG:tutorial_etl_dag
[2024-09-19 16:16:14,452] {logging_mixin.py:115} INFO - [2024-09-19 16:16:14,452] {manager.py:508} INFO - Created Permission View: can edit on DAG:tutorial_etl_dag
[2024-09-19 16:16:14,459] {logging_mixin.py:115} INFO - [2024-09-19 16:16:14,459] {manager.py:508} INFO - Created Permission View: can delete on DAG:tutorial_etl_dag
[2024-09-19 16:16:14,459] {logging_mixin.py:115} INFO - [2024-09-19 16:16:14,459] {dag.py:2371} INFO - Sync 1 DAGs
[2024-09-19 16:16:14,466] {logging_mixin.py:115} INFO - [2024-09-19 16:16:14,466] {dag.py:2390} INFO - Creating ORM DAG for tutorial_etl_dag
[2024-09-19 16:16:14,478] {logging_mixin.py:115} INFO - [2024-09-19 16:16:14,478] {dag.py:2919} INFO - Setting next_dagrun for tutorial_etl_dag to None, run_after=None
[2024-09-19 16:16:14,491] {processor.py:161} INFO - Processing /home/airflow/.local/lib/python3.7/site-packages/airflow/example_dags/tutorial_etl_dag.py took 0.213 seconds
[2024-09-19 16:16:44,877] {processor.py:153} INFO - Started process (PID=133) to work on /home/airflow/.local/lib/python3.7/site-packages/airflow/example_dags/tutorial_etl_dag.py
[2024-09-19 16:16:44,878] {processor.py:641} INFO - Processing file /home/airflow/.local/lib/python3.7/site-packages/airflow/example_dags/tutorial_etl_dag.py for tasks to queue
[2024-09-19 16:16:44,878] {logging_mixin.py:115} INFO - [2024-09-19 16:16:44,878] {dagbag.py:507} INFO - Filling up the DagBag from /home/airflow/.local/lib/python3.7/site-packages/airflow/example_dags/tutorial_etl_dag.py
[2024-09-19 16:16:44,882] {processor.py:651} INFO - DAG(s) dict_keys(['tutorial_etl_dag']) retrieved from /home/airflow/.local/lib/python3.7/site-packages/airflow/example_dags/tutorial_etl_dag.py
[2024-09-19 16:16:44,900] {logging_mixin.py:115} INFO - [2024-09-19 16:16:44,900] {dag.py:2371} INFO - Sync 1 DAGs
[2024-09-19 16:16:45,011] {logging_mixin.py:115} INFO - [2024-09-19 16:16:45,011] {dag.py:2919} INFO - Setting next_dagrun for tutorial_etl_dag to None, run_after=None
[2024-09-19 16:16:45,020] {processor.py:161} INFO - Processing /home/airflow/.local/lib/python3.7/site-packages/airflow/example_dags/tutorial_etl_dag.py took 0.144 seconds
[2024-09-19 16:17:15,576] {processor.py:153} INFO - Started process (PID=185) to work on /home/airflow/.local/lib/python3.7/site-packages/airflow/example_dags/tutorial_etl_dag.py
[2024-09-19 16:17:15,577] {processor.py:641} INFO - Processing file /home/airflow/.local/lib/python3.7/site-packages/airflow/example_dags/tutorial_etl_dag.py for tasks to queue
[2024-09-19 16:17:15,577] {logging_mixin.py:115} INFO - [2024-09-19 16:17:15,577] {dagbag.py:507} INFO - Filling up the DagBag from /home/airflow/.local/lib/python3.7/site-packages/airflow/example_dags/tutorial_etl_dag.py
[2024-09-19 16:17:15,581] {processor.py:651} INFO - DAG(s) dict_keys(['tutorial_etl_dag']) retrieved from /home/airflow/.local/lib/python3.7/site-packages/airflow/example_dags/tutorial_etl_dag.py
[2024-09-19 16:17:15,595] {logging_mixin.py:115} INFO - [2024-09-19 16:17:15,595] {dag.py:2371} INFO - Sync 1 DAGs
[2024-09-19 16:17:15,701] {logging_mixin.py:115} INFO - [2024-09-19 16:17:15,701] {dag.py:2919} INFO - Setting next_dagrun for tutorial_etl_dag to None, run_after=None
[2024-09-19 16:17:15,712] {processor.py:161} INFO - Processing /home/airflow/.local/lib/python3.7/site-packages/airflow/example_dags/tutorial_etl_dag.py took 0.138 seconds
[2024-09-19 16:17:46,541] {processor.py:153} INFO - Started process (PID=245) to work on /home/airflow/.local/lib/python3.7/site-packages/airflow/example_dags/tutorial_etl_dag.py
[2024-09-19 16:17:46,542] {processor.py:641} INFO - Processing file /home/airflow/.local/lib/python3.7/site-packages/airflow/example_dags/tutorial_etl_dag.py for tasks to queue
[2024-09-19 16:17:46,542] {logging_mixin.py:115} INFO - [2024-09-19 16:17:46,542] {dagbag.py:507} INFO - Filling up the DagBag from /home/airflow/.local/lib/python3.7/site-packages/airflow/example_dags/tutorial_etl_dag.py
[2024-09-19 16:17:46,546] {processor.py:651} INFO - DAG(s) dict_keys(['tutorial_etl_dag']) retrieved from /home/airflow/.local/lib/python3.7/site-packages/airflow/example_dags/tutorial_etl_dag.py
[2024-09-19 16:17:46,562] {logging_mixin.py:115} INFO - [2024-09-19 16:17:46,562] {dag.py:2371} INFO - Sync 1 DAGs
[2024-09-19 16:17:46,664] {logging_mixin.py:115} INFO - [2024-09-19 16:17:46,664] {dag.py:2919} INFO - Setting next_dagrun for tutorial_etl_dag to None, run_after=None
[2024-09-19 16:17:46,672] {processor.py:161} INFO - Processing /home/airflow/.local/lib/python3.7/site-packages/airflow/example_dags/tutorial_etl_dag.py took 0.133 seconds
[2024-09-19 16:18:17,419] {processor.py:153} INFO - Started process (PID=306) to work on /home/airflow/.local/lib/python3.7/site-packages/airflow/example_dags/tutorial_etl_dag.py
[2024-09-19 16:18:17,420] {processor.py:641} INFO - Processing file /home/airflow/.local/lib/python3.7/site-packages/airflow/example_dags/tutorial_etl_dag.py for tasks to queue
[2024-09-19 16:18:17,420] {logging_mixin.py:115} INFO - [2024-09-19 16:18:17,420] {dagbag.py:507} INFO - Filling up the DagBag from /home/airflow/.local/lib/python3.7/site-packages/airflow/example_dags/tutorial_etl_dag.py
[2024-09-19 16:18:17,424] {processor.py:651} INFO - DAG(s) dict_keys(['tutorial_etl_dag']) retrieved from /home/airflow/.local/lib/python3.7/site-packages/airflow/example_dags/tutorial_etl_dag.py
[2024-09-19 16:18:17,443] {logging_mixin.py:115} INFO - [2024-09-19 16:18:17,443] {dag.py:2371} INFO - Sync 1 DAGs
[2024-09-19 16:18:17,544] {logging_mixin.py:115} INFO - [2024-09-19 16:18:17,544] {dag.py:2919} INFO - Setting next_dagrun for tutorial_etl_dag to None, run_after=None
[2024-09-19 16:18:17,551] {processor.py:161} INFO - Processing /home/airflow/.local/lib/python3.7/site-packages/airflow/example_dags/tutorial_etl_dag.py took 0.134 seconds
[2024-09-19 16:20:57,911] {processor.py:153} INFO - Started process (PID=72) to work on /home/airflow/.local/lib/python3.7/site-packages/airflow/example_dags/tutorial_etl_dag.py
[2024-09-19 16:20:57,912] {processor.py:641} INFO - Processing file /home/airflow/.local/lib/python3.7/site-packages/airflow/example_dags/tutorial_etl_dag.py for tasks to queue
[2024-09-19 16:20:57,913] {logging_mixin.py:115} INFO - [2024-09-19 16:20:57,913] {dagbag.py:507} INFO - Filling up the DagBag from /home/airflow/.local/lib/python3.7/site-packages/airflow/example_dags/tutorial_etl_dag.py
[2024-09-19 16:20:57,920] {processor.py:651} INFO - DAG(s) dict_keys(['tutorial_etl_dag']) retrieved from /home/airflow/.local/lib/python3.7/site-packages/airflow/example_dags/tutorial_etl_dag.py
[2024-09-19 16:20:57,947] {logging_mixin.py:115} INFO - [2024-09-19 16:20:57,947] {dag.py:2371} INFO - Sync 1 DAGs
[2024-09-19 16:20:58,104] {logging_mixin.py:115} INFO - [2024-09-19 16:20:58,104] {dag.py:2919} INFO - Setting next_dagrun for tutorial_etl_dag to None, run_after=None
[2024-09-19 16:20:58,116] {processor.py:161} INFO - Processing /home/airflow/.local/lib/python3.7/site-packages/airflow/example_dags/tutorial_etl_dag.py took 0.207 seconds
[2024-09-19 16:21:28,283] {processor.py:153} INFO - Started process (PID=132) to work on /home/airflow/.local/lib/python3.7/site-packages/airflow/example_dags/tutorial_etl_dag.py
[2024-09-19 16:21:28,283] {processor.py:641} INFO - Processing file /home/airflow/.local/lib/python3.7/site-packages/airflow/example_dags/tutorial_etl_dag.py for tasks to queue
[2024-09-19 16:21:28,283] {logging_mixin.py:115} INFO - [2024-09-19 16:21:28,283] {dagbag.py:507} INFO - Filling up the DagBag from /home/airflow/.local/lib/python3.7/site-packages/airflow/example_dags/tutorial_etl_dag.py
[2024-09-19 16:21:28,287] {processor.py:651} INFO - DAG(s) dict_keys(['tutorial_etl_dag']) retrieved from /home/airflow/.local/lib/python3.7/site-packages/airflow/example_dags/tutorial_etl_dag.py
[2024-09-19 16:21:28,308] {logging_mixin.py:115} INFO - [2024-09-19 16:21:28,308] {dag.py:2371} INFO - Sync 1 DAGs
[2024-09-19 16:21:28,419] {logging_mixin.py:115} INFO - [2024-09-19 16:21:28,419] {dag.py:2919} INFO - Setting next_dagrun for tutorial_etl_dag to None, run_after=None
[2024-09-19 16:21:28,428] {processor.py:161} INFO - Processing /home/airflow/.local/lib/python3.7/site-packages/airflow/example_dags/tutorial_etl_dag.py took 0.147 seconds
[2024-09-19 16:21:58,476] {processor.py:153} INFO - Started process (PID=184) to work on /home/airflow/.local/lib/python3.7/site-packages/airflow/example_dags/tutorial_etl_dag.py
[2024-09-19 16:21:58,476] {processor.py:641} INFO - Processing file /home/airflow/.local/lib/python3.7/site-packages/airflow/example_dags/tutorial_etl_dag.py for tasks to queue
[2024-09-19 16:21:58,476] {logging_mixin.py:115} INFO - [2024-09-19 16:21:58,476] {dagbag.py:507} INFO - Filling up the DagBag from /home/airflow/.local/lib/python3.7/site-packages/airflow/example_dags/tutorial_etl_dag.py
[2024-09-19 16:21:58,480] {processor.py:651} INFO - DAG(s) dict_keys(['tutorial_etl_dag']) retrieved from /home/airflow/.local/lib/python3.7/site-packages/airflow/example_dags/tutorial_etl_dag.py
[2024-09-19 16:21:58,495] {logging_mixin.py:115} INFO - [2024-09-19 16:21:58,495] {dag.py:2371} INFO - Sync 1 DAGs
[2024-09-19 16:21:58,601] {logging_mixin.py:115} INFO - [2024-09-19 16:21:58,601] {dag.py:2919} INFO - Setting next_dagrun for tutorial_etl_dag to None, run_after=None
[2024-09-19 16:21:58,609] {processor.py:161} INFO - Processing /home/airflow/.local/lib/python3.7/site-packages/airflow/example_dags/tutorial_etl_dag.py took 0.135 seconds
[2024-09-19 16:22:29,804] {processor.py:153} INFO - Started process (PID=245) to work on /home/airflow/.local/lib/python3.7/site-packages/airflow/example_dags/tutorial_etl_dag.py
[2024-09-19 16:22:29,804] {processor.py:641} INFO - Processing file /home/airflow/.local/lib/python3.7/site-packages/airflow/example_dags/tutorial_etl_dag.py for tasks to queue
[2024-09-19 16:22:29,804] {logging_mixin.py:115} INFO - [2024-09-19 16:22:29,804] {dagbag.py:507} INFO - Filling up the DagBag from /home/airflow/.local/lib/python3.7/site-packages/airflow/example_dags/tutorial_etl_dag.py
[2024-09-19 16:22:29,810] {processor.py:651} INFO - DAG(s) dict_keys(['tutorial_etl_dag']) retrieved from /home/airflow/.local/lib/python3.7/site-packages/airflow/example_dags/tutorial_etl_dag.py
[2024-09-19 16:22:29,828] {logging_mixin.py:115} INFO - [2024-09-19 16:22:29,828] {dag.py:2371} INFO - Sync 1 DAGs
[2024-09-19 16:22:29,937] {logging_mixin.py:115} INFO - [2024-09-19 16:22:29,937] {dag.py:2919} INFO - Setting next_dagrun for tutorial_etl_dag to None, run_after=None
[2024-09-19 16:22:29,944] {processor.py:161} INFO - Processing /home/airflow/.local/lib/python3.7/site-packages/airflow/example_dags/tutorial_etl_dag.py took 0.142 seconds
[2024-09-19 16:23:00,162] {processor.py:153} INFO - Started process (PID=306) to work on /home/airflow/.local/lib/python3.7/site-packages/airflow/example_dags/tutorial_etl_dag.py
[2024-09-19 16:23:00,162] {processor.py:641} INFO - Processing file /home/airflow/.local/lib/python3.7/site-packages/airflow/example_dags/tutorial_etl_dag.py for tasks to queue
[2024-09-19 16:23:00,162] {logging_mixin.py:115} INFO - [2024-09-19 16:23:00,162] {dagbag.py:507} INFO - Filling up the DagBag from /home/airflow/.local/lib/python3.7/site-packages/airflow/example_dags/tutorial_etl_dag.py
[2024-09-19 16:23:00,166] {processor.py:651} INFO - DAG(s) dict_keys(['tutorial_etl_dag']) retrieved from /home/airflow/.local/lib/python3.7/site-packages/airflow/example_dags/tutorial_etl_dag.py
[2024-09-19 16:23:00,181] {logging_mixin.py:115} INFO - [2024-09-19 16:23:00,181] {dag.py:2371} INFO - Sync 1 DAGs
[2024-09-19 16:23:00,285] {logging_mixin.py:115} INFO - [2024-09-19 16:23:00,285] {dag.py:2919} INFO - Setting next_dagrun for tutorial_etl_dag to None, run_after=None
[2024-09-19 16:23:00,294] {processor.py:161} INFO - Processing /home/airflow/.local/lib/python3.7/site-packages/airflow/example_dags/tutorial_etl_dag.py took 0.134 seconds
[2024-09-19 16:23:30,444] {processor.py:153} INFO - Started process (PID=367) to work on /home/airflow/.local/lib/python3.7/site-packages/airflow/example_dags/tutorial_etl_dag.py
[2024-09-19 16:23:30,445] {processor.py:641} INFO - Processing file /home/airflow/.local/lib/python3.7/site-packages/airflow/example_dags/tutorial_etl_dag.py for tasks to queue
[2024-09-19 16:23:30,445] {logging_mixin.py:115} INFO - [2024-09-19 16:23:30,445] {dagbag.py:507} INFO - Filling up the DagBag from /home/airflow/.local/lib/python3.7/site-packages/airflow/example_dags/tutorial_etl_dag.py
[2024-09-19 16:23:30,449] {processor.py:651} INFO - DAG(s) dict_keys(['tutorial_etl_dag']) retrieved from /home/airflow/.local/lib/python3.7/site-packages/airflow/example_dags/tutorial_etl_dag.py
[2024-09-19 16:23:30,463] {logging_mixin.py:115} INFO - [2024-09-19 16:23:30,463] {dag.py:2371} INFO - Sync 1 DAGs
[2024-09-19 16:23:30,562] {logging_mixin.py:115} INFO - [2024-09-19 16:23:30,562] {dag.py:2919} INFO - Setting next_dagrun for tutorial_etl_dag to None, run_after=None
[2024-09-19 16:23:30,568] {processor.py:161} INFO - Processing /home/airflow/.local/lib/python3.7/site-packages/airflow/example_dags/tutorial_etl_dag.py took 0.126 seconds
[2024-09-19 16:24:01,011] {processor.py:153} INFO - Started process (PID=428) to work on /home/airflow/.local/lib/python3.7/site-packages/airflow/example_dags/tutorial_etl_dag.py
[2024-09-19 16:24:01,012] {processor.py:641} INFO - Processing file /home/airflow/.local/lib/python3.7/site-packages/airflow/example_dags/tutorial_etl_dag.py for tasks to queue
[2024-09-19 16:24:01,012] {logging_mixin.py:115} INFO - [2024-09-19 16:24:01,012] {dagbag.py:507} INFO - Filling up the DagBag from /home/airflow/.local/lib/python3.7/site-packages/airflow/example_dags/tutorial_etl_dag.py
[2024-09-19 16:24:01,017] {processor.py:651} INFO - DAG(s) dict_keys(['tutorial_etl_dag']) retrieved from /home/airflow/.local/lib/python3.7/site-packages/airflow/example_dags/tutorial_etl_dag.py
[2024-09-19 16:24:01,036] {logging_mixin.py:115} INFO - [2024-09-19 16:24:01,036] {dag.py:2371} INFO - Sync 1 DAGs
[2024-09-19 16:24:01,163] {logging_mixin.py:115} INFO - [2024-09-19 16:24:01,163] {dag.py:2919} INFO - Setting next_dagrun for tutorial_etl_dag to None, run_after=None
[2024-09-19 16:24:01,177] {processor.py:161} INFO - Processing /home/airflow/.local/lib/python3.7/site-packages/airflow/example_dags/tutorial_etl_dag.py took 0.168 seconds
[2024-09-19 16:24:31,580] {processor.py:153} INFO - Started process (PID=480) to work on /home/airflow/.local/lib/python3.7/site-packages/airflow/example_dags/tutorial_etl_dag.py
[2024-09-19 16:24:31,580] {processor.py:641} INFO - Processing file /home/airflow/.local/lib/python3.7/site-packages/airflow/example_dags/tutorial_etl_dag.py for tasks to queue
[2024-09-19 16:24:31,581] {logging_mixin.py:115} INFO - [2024-09-19 16:24:31,581] {dagbag.py:507} INFO - Filling up the DagBag from /home/airflow/.local/lib/python3.7/site-packages/airflow/example_dags/tutorial_etl_dag.py
[2024-09-19 16:24:31,585] {processor.py:651} INFO - DAG(s) dict_keys(['tutorial_etl_dag']) retrieved from /home/airflow/.local/lib/python3.7/site-packages/airflow/example_dags/tutorial_etl_dag.py
[2024-09-19 16:24:31,600] {logging_mixin.py:115} INFO - [2024-09-19 16:24:31,600] {dag.py:2371} INFO - Sync 1 DAGs
[2024-09-19 16:24:31,722] {logging_mixin.py:115} INFO - [2024-09-19 16:24:31,722] {dag.py:2919} INFO - Setting next_dagrun for tutorial_etl_dag to None, run_after=None
[2024-09-19 16:24:31,729] {processor.py:161} INFO - Processing /home/airflow/.local/lib/python3.7/site-packages/airflow/example_dags/tutorial_etl_dag.py took 0.150 seconds
