[2024-09-24T11:19:05.462+0000] {local_task_job_runner.py:123} INFO - ::group::Pre task execution logs
[2024-09-24T11:19:05.511+0000] {taskinstance.py:2612} INFO - Dependencies all met for dep_context=non-requeueable deps ti=<TaskInstance: dbt_dag.dbt_seed manual__2024-09-24T11:19:04.622875+00:00 [queued]>
[2024-09-24T11:19:05.533+0000] {taskinstance.py:2612} INFO - Dependencies all met for dep_context=requeueable deps ti=<TaskInstance: dbt_dag.dbt_seed manual__2024-09-24T11:19:04.622875+00:00 [queued]>
[2024-09-24T11:19:05.534+0000] {taskinstance.py:2865} INFO - Starting attempt 1 of 1
[2024-09-24T11:19:05.567+0000] {taskinstance.py:2888} INFO - Executing <Task(BashOperator): dbt_seed> on 2024-09-24 11:19:04.622875+00:00
[2024-09-24T11:19:05.583+0000] {logging_mixin.py:190} WARNING - /home/***/.local/lib/python3.12/site-packages/***/task/task_runner/standard_task_runner.py:70 DeprecationWarning: This process (pid=563) is multi-threaded, use of fork() may lead to deadlocks in the child.
[2024-09-24T11:19:05.584+0000] {standard_task_runner.py:72} INFO - Started process 564 to run task
[2024-09-24T11:19:05.583+0000] {standard_task_runner.py:104} INFO - Running: ['***', 'tasks', 'run', 'dbt_dag', 'dbt_seed', 'manual__2024-09-24T11:19:04.622875+00:00', '--job-id', '37', '--raw', '--subdir', 'DAGS_FOLDER/dbt_snowflake_dag.py', '--cfg-path', '/tmp/tmphob_rokl']
[2024-09-24T11:19:05.587+0000] {standard_task_runner.py:105} INFO - Job 37: Subtask dbt_seed
[2024-09-24T11:19:05.615+0000] {logging_mixin.py:190} WARNING - /home/***/.local/lib/python3.12/site-packages/***/settings.py:209 DeprecationWarning: The sql_alchemy_conn option in [core] has been moved to the sql_alchemy_conn option in [database] - the old setting has been used, but please update your config.
[2024-09-24T11:19:05.675+0000] {task_command.py:467} INFO - Running <TaskInstance: dbt_dag.dbt_seed manual__2024-09-24T11:19:04.622875+00:00 [running]> on host cb04601716d3
[2024-09-24T11:19:05.822+0000] {taskinstance.py:3131} INFO - Exporting env vars: AIRFLOW_CTX_DAG_OWNER='Amir' AIRFLOW_CTX_DAG_ID='dbt_dag' AIRFLOW_CTX_TASK_ID='dbt_seed' AIRFLOW_CTX_EXECUTION_DATE='2024-09-24T11:19:04.622875+00:00' AIRFLOW_CTX_TRY_NUMBER='1' AIRFLOW_CTX_DAG_RUN_ID='manual__2024-09-24T11:19:04.622875+00:00'
[2024-09-24T11:19:05.824+0000] {taskinstance.py:731} INFO - ::endgroup::
[2024-09-24T11:19:05.865+0000] {subprocess.py:63} INFO - Tmp dir root location: /tmp
[2024-09-24T11:19:05.866+0000] {subprocess.py:75} INFO - Running command: ['/usr/bin/bash', '-c', 'cd /opt/***/code/sales_dbt && dbt seed']
[2024-09-24T11:19:05.885+0000] {subprocess.py:86} INFO - Output:
[2024-09-24T11:19:09.982+0000] {subprocess.py:93} INFO - [0m11:19:09  Running with dbt=1.8.6
[2024-09-24T11:19:11.882+0000] {subprocess.py:93} INFO - [0m11:19:11  Registered adapter: snowflake=1.8.3
[2024-09-24T11:19:12.703+0000] {subprocess.py:93} INFO - [0m11:19:12  Found 10 models, 1 seed, 1 operation, 12 data tests, 1 source, 656 macros
[2024-09-24T11:19:12.709+0000] {subprocess.py:93} INFO - [0m11:19:12
[2024-09-24T11:19:16.877+0000] {subprocess.py:93} INFO - [0m11:19:16  Concurrency: 1 threads (target='dev')
[2024-09-24T11:19:16.878+0000] {subprocess.py:93} INFO - [0m11:19:16
[2024-09-24T11:19:16.896+0000] {subprocess.py:93} INFO - [0m11:19:16  1 of 1 START seed file RAW_DATA.superStore ..................................... [RUN]
[2024-09-24T11:20:39.444+0000] {subprocess.py:93} INFO - [0m11:20:39  1 of 1 OK loaded seed file RAW_DATA.superStore ................................. [[32mINSERT 9994[0m in 82.54s]
[2024-09-24T11:20:39.449+0000] {subprocess.py:93} INFO - [0m11:20:39
[2024-09-24T11:20:39.450+0000] {subprocess.py:93} INFO - [0m11:20:39  Running 1 on-run-end hook
[2024-09-24T11:20:39.492+0000] {subprocess.py:93} INFO - [0m11:20:39  1 of 1 START hook: dbt_constraints.on-run-end.0 ................................ [RUN]
[2024-09-24T11:20:39.493+0000] {subprocess.py:93} INFO - [0m11:20:39  1 of 1 OK hook: dbt_constraints.on-run-end.0 ................................... [[32mOK[0m in 0.00s]
[2024-09-24T11:20:39.494+0000] {subprocess.py:93} INFO - [0m11:20:39
[2024-09-24T11:20:39.496+0000] {subprocess.py:93} INFO - [0m11:20:39
[2024-09-24T11:20:39.497+0000] {subprocess.py:93} INFO - [0m11:20:39  Finished running 1 seed, 1 project hook in 0 hours 1 minutes and 26.79 seconds (86.79s).
[2024-09-24T11:20:39.572+0000] {subprocess.py:93} INFO - [0m11:20:39
[2024-09-24T11:20:39.572+0000] {subprocess.py:93} INFO - [0m11:20:39  [32mCompleted successfully[0m
[2024-09-24T11:20:39.573+0000] {subprocess.py:93} INFO - [0m11:20:39
[2024-09-24T11:20:39.574+0000] {subprocess.py:93} INFO - [0m11:20:39  Done. PASS=1 WARN=0 ERROR=0 SKIP=0 TOTAL=1
[2024-09-24T11:20:41.107+0000] {subprocess.py:97} INFO - Command exited with return code 0
[2024-09-24T11:20:41.144+0000] {taskinstance.py:340} INFO - ::group::Post task execution logs
[2024-09-24T11:20:41.145+0000] {taskinstance.py:352} INFO - Marking task as SUCCESS. dag_id=dbt_dag, task_id=dbt_seed, run_id=manual__2024-09-24T11:19:04.622875+00:00, execution_date=20240924T111904, start_date=20240924T111905, end_date=20240924T112041
[2024-09-24T11:20:41.168+0000] {local_task_job_runner.py:266} INFO - Task exited with return code 0
[2024-09-24T11:20:41.189+0000] {taskinstance.py:3900} INFO - 0 downstream tasks scheduled from follow-on schedule check
[2024-09-24T11:20:41.191+0000] {local_task_job_runner.py:245} INFO - ::endgroup::
