[2024-09-24T18:31:02.584+0000] {local_task_job_runner.py:123} INFO - ::group::Pre task execution logs
[2024-09-24T18:31:02.614+0000] {taskinstance.py:2612} INFO - Dependencies all met for dep_context=non-requeueable deps ti=<TaskInstance: dbt_dag.dbt_run manual__2024-09-24T18:29:01.210605+00:00 [queued]>
[2024-09-24T18:31:02.634+0000] {taskinstance.py:2612} INFO - Dependencies all met for dep_context=requeueable deps ti=<TaskInstance: dbt_dag.dbt_run manual__2024-09-24T18:29:01.210605+00:00 [queued]>
[2024-09-24T18:31:02.635+0000] {taskinstance.py:2865} INFO - Starting attempt 1 of 1
[2024-09-24T18:31:02.663+0000] {taskinstance.py:2888} INFO - Executing <Task(BashOperator): dbt_run> on 2024-09-24 18:29:01.210605+00:00
[2024-09-24T18:31:02.675+0000] {logging_mixin.py:190} WARNING - /home/***/.local/lib/python3.12/site-packages/***/task/task_runner/standard_task_runner.py:70 DeprecationWarning: This process (pid=223) is multi-threaded, use of fork() may lead to deadlocks in the child.
[2024-09-24T18:31:02.677+0000] {standard_task_runner.py:72} INFO - Started process 224 to run task
[2024-09-24T18:31:02.676+0000] {standard_task_runner.py:104} INFO - Running: ['***', 'tasks', 'run', 'dbt_dag', 'dbt_run', 'manual__2024-09-24T18:29:01.210605+00:00', '--job-id', '43', '--raw', '--subdir', 'DAGS_FOLDER/dbt_snowflake_dag.py', '--cfg-path', '/tmp/tmpqibob976']
[2024-09-24T18:31:02.680+0000] {standard_task_runner.py:105} INFO - Job 43: Subtask dbt_run
[2024-09-24T18:31:02.704+0000] {logging_mixin.py:190} WARNING - /home/***/.local/lib/python3.12/site-packages/***/settings.py:209 DeprecationWarning: The sql_alchemy_conn option in [core] has been moved to the sql_alchemy_conn option in [database] - the old setting has been used, but please update your config.
[2024-09-24T18:31:02.756+0000] {task_command.py:467} INFO - Running <TaskInstance: dbt_dag.dbt_run manual__2024-09-24T18:29:01.210605+00:00 [running]> on host cb04601716d3
[2024-09-24T18:31:02.905+0000] {taskinstance.py:3131} INFO - Exporting env vars: AIRFLOW_CTX_DAG_OWNER='Amir' AIRFLOW_CTX_DAG_ID='dbt_dag' AIRFLOW_CTX_TASK_ID='dbt_run' AIRFLOW_CTX_EXECUTION_DATE='2024-09-24T18:29:01.210605+00:00' AIRFLOW_CTX_TRY_NUMBER='1' AIRFLOW_CTX_DAG_RUN_ID='manual__2024-09-24T18:29:01.210605+00:00'
[2024-09-24T18:31:02.906+0000] {taskinstance.py:731} INFO - ::endgroup::
[2024-09-24T18:31:02.948+0000] {subprocess.py:63} INFO - Tmp dir root location: /tmp
[2024-09-24T18:31:02.949+0000] {subprocess.py:75} INFO - Running command: ['/usr/bin/bash', '-c', 'cd /opt/***/code/sales_dbt && dbt run']
[2024-09-24T18:31:02.963+0000] {subprocess.py:86} INFO - Output:
[2024-09-24T18:31:08.119+0000] {subprocess.py:93} INFO - [0m18:31:08  Running with dbt=1.8.6
[2024-09-24T18:31:10.325+0000] {subprocess.py:93} INFO - [0m18:31:10  Registered adapter: snowflake=1.8.3
[2024-09-24T18:31:11.209+0000] {subprocess.py:93} INFO - [0m18:31:11  Found 10 models, 1 seed, 1 operation, 12 data tests, 1 source, 656 macros
[2024-09-24T18:31:11.215+0000] {subprocess.py:93} INFO - [0m18:31:11
[2024-09-24T18:31:18.585+0000] {subprocess.py:93} INFO - [0m18:31:18  Concurrency: 1 threads (target='dev')
[2024-09-24T18:31:18.586+0000] {subprocess.py:93} INFO - [0m18:31:18
[2024-09-24T18:31:18.606+0000] {subprocess.py:93} INFO - [0m18:31:18  1 of 10 START sql view model SALES_SCHEMA.stg_customer ......................... [RUN]
[2024-09-24T18:31:20.714+0000] {subprocess.py:93} INFO - [0m18:31:20  1 of 10 OK created sql view model SALES_SCHEMA.stg_customer .................... [[32mSUCCESS 1[0m in 2.10s]
[2024-09-24T18:31:20.720+0000] {subprocess.py:93} INFO - [0m18:31:20  2 of 10 START sql view model SALES_SCHEMA.stg_date ............................. [RUN]
[2024-09-24T18:31:23.469+0000] {subprocess.py:93} INFO - [0m18:31:23  2 of 10 OK created sql view model SALES_SCHEMA.stg_date ........................ [[32mSUCCESS 1[0m in 2.75s]
[2024-09-24T18:31:23.474+0000] {subprocess.py:93} INFO - [0m18:31:23  3 of 10 START sql view model SALES_SCHEMA.stg_fact ............................. [RUN]
[2024-09-24T18:31:25.703+0000] {subprocess.py:93} INFO - [0m18:31:25  3 of 10 OK created sql view model SALES_SCHEMA.stg_fact ........................ [[32mSUCCESS 1[0m in 2.22s]
[2024-09-24T18:31:25.707+0000] {subprocess.py:93} INFO - [0m18:31:25  4 of 10 START sql view model SALES_SCHEMA.stg_location ......................... [RUN]
[2024-09-24T18:31:28.044+0000] {subprocess.py:93} INFO - [0m18:31:28  4 of 10 OK created sql view model SALES_SCHEMA.stg_location .................... [[32mSUCCESS 1[0m in 2.33s]
[2024-09-24T18:31:28.051+0000] {subprocess.py:93} INFO - [0m18:31:28  5 of 10 START sql view model SALES_SCHEMA.stg_product .......................... [RUN]
[2024-09-24T18:31:33.625+0000] {subprocess.py:93} INFO - [0m18:31:33  5 of 10 OK created sql view model SALES_SCHEMA.stg_product ..................... [[32mSUCCESS 1[0m in 5.57s]
[2024-09-24T18:31:33.631+0000] {subprocess.py:93} INFO - [0m18:31:33  6 of 10 START sql table model SALES_SCHEMA.dim_customer ........................ [RUN]
[2024-09-24T18:31:36.492+0000] {subprocess.py:93} INFO - [0m18:31:36  6 of 10 OK created sql table model SALES_SCHEMA.dim_customer ................... [[32mSUCCESS 1[0m in 2.86s]
[2024-09-24T18:31:36.497+0000] {subprocess.py:93} INFO - [0m18:31:36  7 of 10 START sql table model SALES_SCHEMA.dim_date ............................ [RUN]
[2024-09-24T18:31:39.630+0000] {subprocess.py:93} INFO - [0m18:31:39  7 of 10 OK created sql table model SALES_SCHEMA.dim_date ....................... [[32mSUCCESS 1[0m in 3.13s]
[2024-09-24T18:31:39.635+0000] {subprocess.py:93} INFO - [0m18:31:39  8 of 10 START sql table model SALES_SCHEMA.dim_location ........................ [RUN]
[2024-09-24T18:31:42.877+0000] {subprocess.py:93} INFO - [0m18:31:42  8 of 10 OK created sql table model SALES_SCHEMA.dim_location ................... [[32mSUCCESS 1[0m in 3.24s]
[2024-09-24T18:31:42.882+0000] {subprocess.py:93} INFO - [0m18:31:42  9 of 10 START sql table model SALES_SCHEMA.dim_product ......................... [RUN]
[2024-09-24T18:31:45.657+0000] {subprocess.py:93} INFO - [0m18:31:45  9 of 10 OK created sql table model SALES_SCHEMA.dim_product .................... [[32mSUCCESS 1[0m in 2.77s]
[2024-09-24T18:31:45.662+0000] {subprocess.py:93} INFO - [0m18:31:45  10 of 10 START sql table model SALES_SCHEMA.fact ............................... [RUN]
[2024-09-24T18:31:48.409+0000] {subprocess.py:93} INFO - [0m18:31:48  10 of 10 OK created sql table model SALES_SCHEMA.fact .......................... [[32mSUCCESS 1[0m in 2.74s]
[2024-09-24T18:31:48.414+0000] {subprocess.py:93} INFO - [0m18:31:48
[2024-09-24T18:31:48.415+0000] {subprocess.py:93} INFO - [0m18:31:48  Running 1 on-run-end hook
[2024-09-24T18:31:48.451+0000] {subprocess.py:93} INFO - [0m18:31:48  1 of 1 START hook: dbt_constraints.on-run-end.0 ................................ [RUN]
[2024-09-24T18:31:48.452+0000] {subprocess.py:93} INFO - [0m18:31:48  1 of 1 OK hook: dbt_constraints.on-run-end.0 ................................... [[32mOK[0m in 0.00s]
[2024-09-24T18:31:48.453+0000] {subprocess.py:93} INFO - [0m18:31:48
[2024-09-24T18:31:48.456+0000] {subprocess.py:93} INFO - [0m18:31:48
[2024-09-24T18:31:48.457+0000] {subprocess.py:93} INFO - [0m18:31:48  Finished running 5 view models, 5 table models, 1 project hook in 0 hours 0 minutes and 37.24 seconds (37.24s).
[2024-09-24T18:31:48.681+0000] {subprocess.py:93} INFO - [0m18:31:48
[2024-09-24T18:31:48.682+0000] {subprocess.py:93} INFO - [0m18:31:48  [32mCompleted successfully[0m
[2024-09-24T18:31:48.683+0000] {subprocess.py:93} INFO - [0m18:31:48
[2024-09-24T18:31:48.684+0000] {subprocess.py:93} INFO - [0m18:31:48  Done. PASS=10 WARN=0 ERROR=0 SKIP=0 TOTAL=10
[2024-09-24T18:31:51.673+0000] {subprocess.py:97} INFO - Command exited with return code 0
[2024-09-24T18:31:51.729+0000] {taskinstance.py:340} INFO - ::group::Post task execution logs
[2024-09-24T18:31:51.730+0000] {taskinstance.py:352} INFO - Marking task as SUCCESS. dag_id=dbt_dag, task_id=dbt_run, run_id=manual__2024-09-24T18:29:01.210605+00:00, execution_date=20240924T182901, start_date=20240924T183102, end_date=20240924T183151
[2024-09-24T18:31:51.795+0000] {local_task_job_runner.py:266} INFO - Task exited with return code 0
[2024-09-24T18:31:51.835+0000] {taskinstance.py:3900} INFO - 1 downstream tasks scheduled from follow-on schedule check
[2024-09-24T18:31:51.837+0000] {local_task_job_runner.py:245} INFO - ::endgroup::
