[2024-09-24T11:32:30.804+0000] {local_task_job_runner.py:123} INFO - ::group::Pre task execution logs
[2024-09-24T11:32:30.841+0000] {taskinstance.py:2612} INFO - Dependencies all met for dep_context=non-requeueable deps ti=<TaskInstance: dbt_dag.dbt_seed manual__2024-09-24T11:32:30.300237+00:00 [queued]>
[2024-09-24T11:32:30.864+0000] {taskinstance.py:2612} INFO - Dependencies all met for dep_context=requeueable deps ti=<TaskInstance: dbt_dag.dbt_seed manual__2024-09-24T11:32:30.300237+00:00 [queued]>
[2024-09-24T11:32:30.865+0000] {taskinstance.py:2865} INFO - Starting attempt 1 of 1
[2024-09-24T11:32:30.912+0000] {taskinstance.py:2888} INFO - Executing <Task(BashOperator): dbt_seed> on 2024-09-24 11:32:30.300237+00:00
[2024-09-24T11:32:30.930+0000] {logging_mixin.py:190} WARNING - /home/***/.local/lib/python3.12/site-packages/***/task/task_runner/standard_task_runner.py:70 DeprecationWarning: This process (pid=748) is multi-threaded, use of fork() may lead to deadlocks in the child.
[2024-09-24T11:32:30.932+0000] {standard_task_runner.py:72} INFO - Started process 749 to run task
[2024-09-24T11:32:30.930+0000] {standard_task_runner.py:104} INFO - Running: ['***', 'tasks', 'run', 'dbt_dag', 'dbt_seed', 'manual__2024-09-24T11:32:30.300237+00:00', '--job-id', '38', '--raw', '--subdir', 'DAGS_FOLDER/dbt_snowflake_dag.py', '--cfg-path', '/tmp/tmprkibtgpg']
[2024-09-24T11:32:30.935+0000] {standard_task_runner.py:105} INFO - Job 38: Subtask dbt_seed
[2024-09-24T11:32:30.963+0000] {logging_mixin.py:190} WARNING - /home/***/.local/lib/python3.12/site-packages/***/settings.py:209 DeprecationWarning: The sql_alchemy_conn option in [core] has been moved to the sql_alchemy_conn option in [database] - the old setting has been used, but please update your config.
[2024-09-24T11:32:31.032+0000] {task_command.py:467} INFO - Running <TaskInstance: dbt_dag.dbt_seed manual__2024-09-24T11:32:30.300237+00:00 [running]> on host cb04601716d3
[2024-09-24T11:32:31.232+0000] {taskinstance.py:3131} INFO - Exporting env vars: AIRFLOW_CTX_DAG_OWNER='Amir' AIRFLOW_CTX_DAG_ID='dbt_dag' AIRFLOW_CTX_TASK_ID='dbt_seed' AIRFLOW_CTX_EXECUTION_DATE='2024-09-24T11:32:30.300237+00:00' AIRFLOW_CTX_TRY_NUMBER='1' AIRFLOW_CTX_DAG_RUN_ID='manual__2024-09-24T11:32:30.300237+00:00'
[2024-09-24T11:32:31.233+0000] {taskinstance.py:731} INFO - ::endgroup::
[2024-09-24T11:32:31.283+0000] {subprocess.py:63} INFO - Tmp dir root location: /tmp
[2024-09-24T11:32:31.285+0000] {subprocess.py:75} INFO - Running command: ['/usr/bin/bash', '-c', 'cd /opt/***/code/sales_dbt && dbt seed']
[2024-09-24T11:32:31.307+0000] {subprocess.py:86} INFO - Output:
[2024-09-24T11:32:36.782+0000] {subprocess.py:93} INFO - [0m11:32:36  Running with dbt=1.8.6
[2024-09-24T11:32:39.160+0000] {subprocess.py:93} INFO - [0m11:32:39  Registered adapter: snowflake=1.8.3
[2024-09-24T11:32:40.095+0000] {subprocess.py:93} INFO - [0m11:32:40  Found 10 models, 1 seed, 1 operation, 12 data tests, 1 source, 656 macros
[2024-09-24T11:32:40.102+0000] {subprocess.py:93} INFO - [0m11:32:40
[2024-09-24T11:32:43.943+0000] {subprocess.py:93} INFO - [0m11:32:43  Concurrency: 1 threads (target='dev')
[2024-09-24T11:32:43.944+0000] {subprocess.py:93} INFO - [0m11:32:43
[2024-09-24T11:32:43.964+0000] {subprocess.py:93} INFO - [0m11:32:43  1 of 1 START seed file RAW_DATA.superStore ..................................... [RUN]
[2024-09-24T11:34:01.426+0000] {subprocess.py:93} INFO - [0m11:34:01  1 of 1 OK loaded seed file RAW_DATA.superStore ................................. [[32mINSERT 9994[0m in 77.46s]
[2024-09-24T11:34:01.430+0000] {subprocess.py:93} INFO - [0m11:34:01
[2024-09-24T11:34:01.431+0000] {subprocess.py:93} INFO - [0m11:34:01  Running 1 on-run-end hook
[2024-09-24T11:34:01.473+0000] {subprocess.py:93} INFO - [0m11:34:01  1 of 1 START hook: dbt_constraints.on-run-end.0 ................................ [RUN]
[2024-09-24T11:34:01.475+0000] {subprocess.py:93} INFO - [0m11:34:01  1 of 1 OK hook: dbt_constraints.on-run-end.0 ................................... [[32mOK[0m in 0.00s]
[2024-09-24T11:34:01.476+0000] {subprocess.py:93} INFO - [0m11:34:01
[2024-09-24T11:34:01.478+0000] {subprocess.py:93} INFO - [0m11:34:01
[2024-09-24T11:34:01.479+0000] {subprocess.py:93} INFO - [0m11:34:01  Finished running 1 seed, 1 project hook in 0 hours 1 minutes and 21.37 seconds (81.37s).
[2024-09-24T11:34:01.561+0000] {subprocess.py:93} INFO - [0m11:34:01
[2024-09-24T11:34:01.562+0000] {subprocess.py:93} INFO - [0m11:34:01  [32mCompleted successfully[0m
[2024-09-24T11:34:01.562+0000] {subprocess.py:93} INFO - [0m11:34:01
[2024-09-24T11:34:01.563+0000] {subprocess.py:93} INFO - [0m11:34:01  Done. PASS=1 WARN=0 ERROR=0 SKIP=0 TOTAL=1
[2024-09-24T11:34:03.007+0000] {subprocess.py:97} INFO - Command exited with return code 0
[2024-09-24T11:34:03.052+0000] {taskinstance.py:340} INFO - ::group::Post task execution logs
[2024-09-24T11:34:03.053+0000] {taskinstance.py:352} INFO - Marking task as SUCCESS. dag_id=dbt_dag, task_id=dbt_seed, run_id=manual__2024-09-24T11:32:30.300237+00:00, execution_date=20240924T113230, start_date=20240924T113230, end_date=20240924T113403
[2024-09-24T11:34:03.100+0000] {local_task_job_runner.py:266} INFO - Task exited with return code 0
[2024-09-24T11:34:03.142+0000] {taskinstance.py:3900} INFO - 1 downstream tasks scheduled from follow-on schedule check
[2024-09-24T11:34:03.143+0000] {local_task_job_runner.py:245} INFO - ::endgroup::
