[2024-09-25T07:00:01.351+0000] {local_task_job_runner.py:123} INFO - ::group::Pre task execution logs
[2024-09-25T07:00:01.383+0000] {taskinstance.py:2612} INFO - Dependencies all met for dep_context=non-requeueable deps ti=<TaskInstance: dbt_dag.dbt_run manual__2024-09-25T06:57:54.134915+00:00 [queued]>
[2024-09-25T07:00:01.399+0000] {taskinstance.py:2612} INFO - Dependencies all met for dep_context=requeueable deps ti=<TaskInstance: dbt_dag.dbt_run manual__2024-09-25T06:57:54.134915+00:00 [queued]>
[2024-09-25T07:00:01.399+0000] {taskinstance.py:2865} INFO - Starting attempt 1 of 1
[2024-09-25T07:00:01.430+0000] {taskinstance.py:2888} INFO - Executing <Task(BashOperator): dbt_run> on 2024-09-25 06:57:54.134915+00:00
[2024-09-25T07:00:01.447+0000] {logging_mixin.py:190} WARNING - /home/***/.local/lib/python3.12/site-packages/***/task/task_runner/standard_task_runner.py:70 DeprecationWarning: This process (pid=544) is multi-threaded, use of fork() may lead to deadlocks in the child.
[2024-09-25T07:00:01.446+0000] {standard_task_runner.py:104} INFO - Running: ['***', 'tasks', 'run', 'dbt_dag', 'dbt_run', 'manual__2024-09-25T06:57:54.134915+00:00', '--job-id', '47', '--raw', '--subdir', 'DAGS_FOLDER/dbt_snowflake_dag.py', '--cfg-path', '/tmp/tmp6i_y_163']
[2024-09-25T07:00:01.449+0000] {standard_task_runner.py:72} INFO - Started process 545 to run task
[2024-09-25T07:00:01.449+0000] {standard_task_runner.py:105} INFO - Job 47: Subtask dbt_run
[2024-09-25T07:00:01.471+0000] {logging_mixin.py:190} WARNING - /home/***/.local/lib/python3.12/site-packages/***/settings.py:209 DeprecationWarning: The sql_alchemy_conn option in [core] has been moved to the sql_alchemy_conn option in [database] - the old setting has been used, but please update your config.
[2024-09-25T07:00:01.536+0000] {task_command.py:467} INFO - Running <TaskInstance: dbt_dag.dbt_run manual__2024-09-25T06:57:54.134915+00:00 [running]> on host cb04601716d3
[2024-09-25T07:00:01.739+0000] {taskinstance.py:3131} INFO - Exporting env vars: AIRFLOW_CTX_DAG_OWNER='Amir' AIRFLOW_CTX_DAG_ID='dbt_dag' AIRFLOW_CTX_TASK_ID='dbt_run' AIRFLOW_CTX_EXECUTION_DATE='2024-09-25T06:57:54.134915+00:00' AIRFLOW_CTX_TRY_NUMBER='1' AIRFLOW_CTX_DAG_RUN_ID='manual__2024-09-25T06:57:54.134915+00:00'
[2024-09-25T07:00:01.741+0000] {taskinstance.py:731} INFO - ::endgroup::
[2024-09-25T07:00:01.776+0000] {subprocess.py:63} INFO - Tmp dir root location: /tmp
[2024-09-25T07:00:01.777+0000] {subprocess.py:75} INFO - Running command: ['/usr/bin/bash', '-c', 'cd /opt/***/code/sales_dbt && dbt run']
[2024-09-25T07:00:01.791+0000] {subprocess.py:86} INFO - Output:
[2024-09-25T07:00:06.251+0000] {subprocess.py:93} INFO - [0m07:00:06  Running with dbt=1.8.6
[2024-09-25T07:00:08.703+0000] {subprocess.py:93} INFO - [0m07:00:08  Registered adapter: snowflake=1.8.3
[2024-09-25T07:00:09.665+0000] {subprocess.py:93} INFO - [0m07:00:09  Found 10 models, 1 seed, 1 operation, 12 data tests, 1 source, 656 macros
[2024-09-25T07:00:09.671+0000] {subprocess.py:93} INFO - [0m07:00:09
[2024-09-25T07:00:14.414+0000] {subprocess.py:93} INFO - [0m07:00:14  Concurrency: 1 threads (target='dev')
[2024-09-25T07:00:14.415+0000] {subprocess.py:93} INFO - [0m07:00:14
[2024-09-25T07:00:14.436+0000] {subprocess.py:93} INFO - [0m07:00:14  1 of 10 START sql view model SALES_SCHEMA.stg_customer ......................... [RUN]
[2024-09-25T07:00:15.893+0000] {subprocess.py:93} INFO - [0m07:00:15  1 of 10 OK created sql view model SALES_SCHEMA.stg_customer .................... [[32mSUCCESS 1[0m in 1.45s]
[2024-09-25T07:00:15.897+0000] {subprocess.py:93} INFO - [0m07:00:15  2 of 10 START sql view model SALES_SCHEMA.stg_date ............................. [RUN]
[2024-09-25T07:00:17.700+0000] {subprocess.py:93} INFO - [0m07:00:17  2 of 10 OK created sql view model SALES_SCHEMA.stg_date ........................ [[32mSUCCESS 1[0m in 1.80s]
[2024-09-25T07:00:17.706+0000] {subprocess.py:93} INFO - [0m07:00:17  3 of 10 START sql view model SALES_SCHEMA.stg_fact ............................. [RUN]
[2024-09-25T07:00:19.436+0000] {subprocess.py:93} INFO - [0m07:00:19  3 of 10 OK created sql view model SALES_SCHEMA.stg_fact ........................ [[32mSUCCESS 1[0m in 1.73s]
[2024-09-25T07:00:19.441+0000] {subprocess.py:93} INFO - [0m07:00:19  4 of 10 START sql view model SALES_SCHEMA.stg_location ......................... [RUN]
[2024-09-25T07:00:20.906+0000] {subprocess.py:93} INFO - [0m07:00:20  4 of 10 OK created sql view model SALES_SCHEMA.stg_location .................... [[32mSUCCESS 1[0m in 1.46s]
[2024-09-25T07:00:20.911+0000] {subprocess.py:93} INFO - [0m07:00:20  5 of 10 START sql view model SALES_SCHEMA.stg_product .......................... [RUN]
[2024-09-25T07:00:22.189+0000] {subprocess.py:93} INFO - [0m07:00:22  5 of 10 OK created sql view model SALES_SCHEMA.stg_product ..................... [[32mSUCCESS 1[0m in 1.27s]
[2024-09-25T07:00:22.194+0000] {subprocess.py:93} INFO - [0m07:00:22  6 of 10 START sql table model SALES_SCHEMA.dim_customer ........................ [RUN]
[2024-09-25T07:00:24.253+0000] {subprocess.py:93} INFO - [0m07:00:24  6 of 10 OK created sql table model SALES_SCHEMA.dim_customer ................... [[32mSUCCESS 1[0m in 2.05s]
[2024-09-25T07:00:24.257+0000] {subprocess.py:93} INFO - [0m07:00:24  7 of 10 START sql table model SALES_SCHEMA.dim_date ............................ [RUN]
[2024-09-25T07:00:25.959+0000] {subprocess.py:93} INFO - [0m07:00:25  7 of 10 OK created sql table model SALES_SCHEMA.dim_date ....................... [[32mSUCCESS 1[0m in 1.70s]
[2024-09-25T07:00:25.964+0000] {subprocess.py:93} INFO - [0m07:00:25  8 of 10 START sql table model SALES_SCHEMA.dim_location ........................ [RUN]
[2024-09-25T07:00:27.943+0000] {subprocess.py:93} INFO - [0m07:00:27  8 of 10 OK created sql table model SALES_SCHEMA.dim_location ................... [[32mSUCCESS 1[0m in 1.97s]
[2024-09-25T07:00:27.949+0000] {subprocess.py:93} INFO - [0m07:00:27  9 of 10 START sql table model SALES_SCHEMA.dim_product ......................... [RUN]
[2024-09-25T07:00:30.374+0000] {subprocess.py:93} INFO - [0m07:00:30  9 of 10 OK created sql table model SALES_SCHEMA.dim_product .................... [[32mSUCCESS 1[0m in 2.42s]
[2024-09-25T07:00:30.379+0000] {subprocess.py:93} INFO - [0m07:00:30  10 of 10 START sql table model SALES_SCHEMA.fact ............................... [RUN]
[2024-09-25T07:00:32.878+0000] {subprocess.py:93} INFO - [0m07:00:32  10 of 10 OK created sql table model SALES_SCHEMA.fact .......................... [[32mSUCCESS 1[0m in 2.50s]
[2024-09-25T07:00:32.884+0000] {subprocess.py:93} INFO - [0m07:00:32
[2024-09-25T07:00:32.885+0000] {subprocess.py:93} INFO - [0m07:00:32  Running 1 on-run-end hook
[2024-09-25T07:00:32.928+0000] {subprocess.py:93} INFO - [0m07:00:32  1 of 1 START hook: dbt_constraints.on-run-end.0 ................................ [RUN]
[2024-09-25T07:00:32.930+0000] {subprocess.py:93} INFO - [0m07:00:32  1 of 1 OK hook: dbt_constraints.on-run-end.0 ................................... [[32mOK[0m in 0.00s]
[2024-09-25T07:00:32.931+0000] {subprocess.py:93} INFO - [0m07:00:32
[2024-09-25T07:00:32.935+0000] {subprocess.py:93} INFO - [0m07:00:32
[2024-09-25T07:00:32.935+0000] {subprocess.py:93} INFO - [0m07:00:32  Finished running 5 view models, 5 table models, 1 project hook in 0 hours 0 minutes and 23.26 seconds (23.26s).
[2024-09-25T07:00:33.190+0000] {subprocess.py:93} INFO - [0m07:00:33
[2024-09-25T07:00:33.191+0000] {subprocess.py:93} INFO - [0m07:00:33  [32mCompleted successfully[0m
[2024-09-25T07:00:33.192+0000] {subprocess.py:93} INFO - [0m07:00:33
[2024-09-25T07:00:33.193+0000] {subprocess.py:93} INFO - [0m07:00:33  Done. PASS=10 WARN=0 ERROR=0 SKIP=0 TOTAL=10
[2024-09-25T07:00:34.790+0000] {subprocess.py:97} INFO - Command exited with return code 0
[2024-09-25T07:00:34.848+0000] {taskinstance.py:340} INFO - ::group::Post task execution logs
[2024-09-25T07:00:34.849+0000] {taskinstance.py:352} INFO - Marking task as SUCCESS. dag_id=dbt_dag, task_id=dbt_run, run_id=manual__2024-09-25T06:57:54.134915+00:00, execution_date=20240925T065754, start_date=20240925T070001, end_date=20240925T070034
[2024-09-25T07:00:34.914+0000] {local_task_job_runner.py:266} INFO - Task exited with return code 0
[2024-09-25T07:00:34.956+0000] {taskinstance.py:3900} INFO - 1 downstream tasks scheduled from follow-on schedule check
[2024-09-25T07:00:34.960+0000] {local_task_job_runner.py:245} INFO - ::endgroup::
